2024-03-05 18:02:25,976 - Trainlog - INFO - 

2024-03-05 18:02:25,976 - Trainlog - INFO - ==================================================
2024-03-05 18:02:25,976 - Trainlog - INFO - ==================================================
2024-03-05 18:02:25,976 - Trainlog - INFO - hsi_height=400,hsi_width=500,hsi_band=30
2024-03-05 18:02:25,976 - Trainlog - INFO - lidar_height=400,lidar_width=500,lidar_band=1
2024-03-05 18:02:26,055 - Trainlog - INFO - start training
2024-03-05 18:02:26,377 - Trainlog - INFO - Epoch: 001 | train_loss: 2.1906 | train_OA: 0.2222 | train_AA: 0.2222 | train_Kappa: 0.1250
2024-03-05 18:02:26,448 - Trainlog - INFO - Epoch: 002 | train_loss: 2.1680 | train_OA: 0.5000 | train_AA: 0.5000 | train_Kappa: 0.4375
2024-03-05 18:02:26,503 - Trainlog - INFO - Epoch: 003 | train_loss: 2.1445 | train_OA: 0.5389 | train_AA: 0.5389 | train_Kappa: 0.4813
2024-03-05 18:02:26,559 - Trainlog - INFO - Epoch: 004 | train_loss: 2.1175 | train_OA: 0.6111 | train_AA: 0.6111 | train_Kappa: 0.5625
2024-03-05 18:02:26,616 - Trainlog - INFO - Epoch: 005 | train_loss: 2.0914 | train_OA: 0.6611 | train_AA: 0.6611 | train_Kappa: 0.6188
2024-03-05 18:02:26,672 - Trainlog - INFO - Epoch: 006 | train_loss: 2.0617 | train_OA: 0.6889 | train_AA: 0.6889 | train_Kappa: 0.6500
2024-03-05 18:02:26,727 - Trainlog - INFO - Epoch: 007 | train_loss: 2.0355 | train_OA: 0.7056 | train_AA: 0.7056 | train_Kappa: 0.6688
2024-03-05 18:02:26,782 - Trainlog - INFO - Epoch: 008 | train_loss: 2.0102 | train_OA: 0.7444 | train_AA: 0.7444 | train_Kappa: 0.7125
2024-03-05 18:02:26,838 - Trainlog - INFO - Epoch: 009 | train_loss: 1.9826 | train_OA: 0.7389 | train_AA: 0.7389 | train_Kappa: 0.7063
2024-03-05 18:02:26,894 - Trainlog - INFO - Epoch: 010 | train_loss: 1.9638 | train_OA: 0.7889 | train_AA: 0.7889 | train_Kappa: 0.7625
2024-03-05 18:02:26,949 - Trainlog - INFO - Epoch: 011 | train_loss: 1.9379 | train_OA: 0.8278 | train_AA: 0.8278 | train_Kappa: 0.8062
2024-03-05 18:02:27,005 - Trainlog - INFO - Epoch: 012 | train_loss: 1.9143 | train_OA: 0.8111 | train_AA: 0.8111 | train_Kappa: 0.7875
2024-03-05 18:02:27,060 - Trainlog - INFO - Epoch: 013 | train_loss: 1.8963 | train_OA: 0.8278 | train_AA: 0.8278 | train_Kappa: 0.8062
2024-03-05 18:02:27,116 - Trainlog - INFO - Epoch: 014 | train_loss: 1.8730 | train_OA: 0.8444 | train_AA: 0.8444 | train_Kappa: 0.8250
2024-03-05 18:02:27,171 - Trainlog - INFO - Epoch: 015 | train_loss: 1.8601 | train_OA: 0.8333 | train_AA: 0.8333 | train_Kappa: 0.8125
2024-03-05 18:02:27,226 - Trainlog - INFO - Epoch: 016 | train_loss: 1.8356 | train_OA: 0.8500 | train_AA: 0.8500 | train_Kappa: 0.8313
2024-03-05 18:02:27,282 - Trainlog - INFO - Epoch: 017 | train_loss: 1.8144 | train_OA: 0.8611 | train_AA: 0.8611 | train_Kappa: 0.8438
2024-03-05 18:02:27,338 - Trainlog - INFO - Epoch: 018 | train_loss: 1.7924 | train_OA: 0.8722 | train_AA: 0.8722 | train_Kappa: 0.8562
2024-03-05 18:02:27,393 - Trainlog - INFO - Epoch: 019 | train_loss: 1.7750 | train_OA: 0.8611 | train_AA: 0.8611 | train_Kappa: 0.8438
2024-03-05 18:02:27,447 - Trainlog - INFO - Epoch: 020 | train_loss: 1.7537 | train_OA: 0.8556 | train_AA: 0.8556 | train_Kappa: 0.8375
2024-03-05 18:02:27,503 - Trainlog - INFO - Epoch: 021 | train_loss: 1.7350 | train_OA: 0.8611 | train_AA: 0.8611 | train_Kappa: 0.8438
2024-03-05 18:02:27,559 - Trainlog - INFO - Epoch: 022 | train_loss: 1.7148 | train_OA: 0.8833 | train_AA: 0.8833 | train_Kappa: 0.8687
2024-03-05 18:02:27,615 - Trainlog - INFO - Epoch: 023 | train_loss: 1.6992 | train_OA: 0.8667 | train_AA: 0.8667 | train_Kappa: 0.8500
2024-03-05 18:02:27,670 - Trainlog - INFO - Epoch: 024 | train_loss: 1.6761 | train_OA: 0.8889 | train_AA: 0.8889 | train_Kappa: 0.8750
2024-03-05 18:02:27,726 - Trainlog - INFO - Epoch: 025 | train_loss: 1.6646 | train_OA: 0.8778 | train_AA: 0.8778 | train_Kappa: 0.8625
2024-03-05 18:02:27,781 - Trainlog - INFO - Epoch: 026 | train_loss: 1.6462 | train_OA: 0.8833 | train_AA: 0.8833 | train_Kappa: 0.8687
2024-03-05 18:02:27,836 - Trainlog - INFO - Epoch: 027 | train_loss: 1.6335 | train_OA: 0.9111 | train_AA: 0.9111 | train_Kappa: 0.9000
2024-03-05 18:02:27,891 - Trainlog - INFO - Epoch: 028 | train_loss: 1.6218 | train_OA: 0.9056 | train_AA: 0.9056 | train_Kappa: 0.8938
2024-03-05 18:02:27,946 - Trainlog - INFO - Epoch: 029 | train_loss: 1.6060 | train_OA: 0.9333 | train_AA: 0.9333 | train_Kappa: 0.9250
2024-03-05 18:02:28,002 - Trainlog - INFO - Epoch: 030 | train_loss: 1.5986 | train_OA: 0.9222 | train_AA: 0.9222 | train_Kappa: 0.9125
2024-03-05 18:02:28,058 - Trainlog - INFO - Epoch: 031 | train_loss: 1.5787 | train_OA: 0.9333 | train_AA: 0.9333 | train_Kappa: 0.9250
2024-03-05 18:02:28,112 - Trainlog - INFO - Epoch: 032 | train_loss: 1.5845 | train_OA: 0.9389 | train_AA: 0.9389 | train_Kappa: 0.9313
2024-03-05 18:02:28,167 - Trainlog - INFO - Epoch: 033 | train_loss: 1.5589 | train_OA: 0.9556 | train_AA: 0.9556 | train_Kappa: 0.9500
2024-03-05 18:02:28,223 - Trainlog - INFO - Epoch: 034 | train_loss: 1.5550 | train_OA: 0.9389 | train_AA: 0.9389 | train_Kappa: 0.9313
2024-03-05 18:02:28,278 - Trainlog - INFO - Epoch: 035 | train_loss: 1.5525 | train_OA: 0.9444 | train_AA: 0.9444 | train_Kappa: 0.9375
2024-03-05 18:02:28,332 - Trainlog - INFO - Epoch: 036 | train_loss: 1.5419 | train_OA: 0.9556 | train_AA: 0.9556 | train_Kappa: 0.9500
2024-03-05 18:02:28,387 - Trainlog - INFO - Epoch: 037 | train_loss: 1.5318 | train_OA: 0.9611 | train_AA: 0.9611 | train_Kappa: 0.9563
2024-03-05 18:02:28,445 - Trainlog - INFO - Epoch: 038 | train_loss: 1.5210 | train_OA: 0.9667 | train_AA: 0.9667 | train_Kappa: 0.9625
2024-03-05 18:02:28,501 - Trainlog - INFO - Epoch: 039 | train_loss: 1.5145 | train_OA: 0.9667 | train_AA: 0.9667 | train_Kappa: 0.9625
2024-03-05 18:02:28,558 - Trainlog - INFO - Epoch: 040 | train_loss: 1.5209 | train_OA: 0.9778 | train_AA: 0.9778 | train_Kappa: 0.9750
2024-03-05 18:02:28,614 - Trainlog - INFO - Epoch: 041 | train_loss: 1.4983 | train_OA: 0.9722 | train_AA: 0.9722 | train_Kappa: 0.9688
2024-03-05 18:02:28,669 - Trainlog - INFO - Epoch: 042 | train_loss: 1.4927 | train_OA: 0.9833 | train_AA: 0.9833 | train_Kappa: 0.9813
2024-03-05 18:02:28,724 - Trainlog - INFO - Epoch: 043 | train_loss: 1.4825 | train_OA: 0.9889 | train_AA: 0.9889 | train_Kappa: 0.9875
2024-03-05 18:02:28,778 - Trainlog - INFO - Epoch: 044 | train_loss: 1.4758 | train_OA: 0.9889 | train_AA: 0.9889 | train_Kappa: 0.9875
2024-03-05 18:02:28,833 - Trainlog - INFO - Epoch: 045 | train_loss: 1.4743 | train_OA: 0.9889 | train_AA: 0.9889 | train_Kappa: 0.9875
2024-03-05 18:02:28,888 - Trainlog - INFO - Epoch: 046 | train_loss: 1.4658 | train_OA: 1.0000 | train_AA: 1.0000 | train_Kappa: 1.0000
2024-03-05 18:02:28,944 - Trainlog - INFO - Epoch: 047 | train_loss: 1.4576 | train_OA: 1.0000 | train_AA: 1.0000 | train_Kappa: 1.0000
2024-03-05 18:02:28,999 - Trainlog - INFO - Epoch: 048 | train_loss: 1.4493 | train_OA: 1.0000 | train_AA: 1.0000 | train_Kappa: 1.0000
2024-03-05 18:02:29,056 - Trainlog - INFO - Epoch: 049 | train_loss: 1.4412 | train_OA: 1.0000 | train_AA: 1.0000 | train_Kappa: 1.0000
2024-03-05 18:02:29,112 - Trainlog - INFO - Epoch: 050 | train_loss: 1.4345 | train_OA: 1.0000 | train_AA: 1.0000 | train_Kappa: 1.0000
2024-03-05 18:02:29,168 - Trainlog - INFO - Epoch: 051 | train_loss: 1.4312 | train_OA: 1.0000 | train_AA: 1.0000 | train_Kappa: 1.0000
2024-03-05 18:02:29,224 - Trainlog - INFO - Epoch: 052 | train_loss: 1.4270 | train_OA: 1.0000 | train_AA: 1.0000 | train_Kappa: 1.0000
2024-03-05 18:02:29,282 - Trainlog - INFO - Epoch: 053 | train_loss: 1.4212 | train_OA: 1.0000 | train_AA: 1.0000 | train_Kappa: 1.0000
2024-03-05 18:02:29,337 - Trainlog - INFO - Epoch: 054 | train_loss: 1.4268 | train_OA: 1.0000 | train_AA: 1.0000 | train_Kappa: 1.0000
2024-03-05 18:02:29,393 - Trainlog - INFO - Epoch: 055 | train_loss: 1.4183 | train_OA: 1.0000 | train_AA: 1.0000 | train_Kappa: 1.0000
2024-03-05 18:02:29,449 - Trainlog - INFO - Epoch: 056 | train_loss: 1.4151 | train_OA: 1.0000 | train_AA: 1.0000 | train_Kappa: 1.0000
2024-03-05 18:02:29,503 - Trainlog - INFO - Epoch: 057 | train_loss: 1.4128 | train_OA: 1.0000 | train_AA: 1.0000 | train_Kappa: 1.0000
2024-03-05 18:02:29,559 - Trainlog - INFO - Epoch: 058 | train_loss: 1.4127 | train_OA: 1.0000 | train_AA: 1.0000 | train_Kappa: 1.0000
2024-03-05 18:02:29,614 - Trainlog - INFO - Epoch: 059 | train_loss: 1.4046 | train_OA: 1.0000 | train_AA: 1.0000 | train_Kappa: 1.0000
2024-03-05 18:02:29,670 - Trainlog - INFO - Epoch: 060 | train_loss: 1.4097 | train_OA: 1.0000 | train_AA: 1.0000 | train_Kappa: 1.0000
2024-03-05 18:02:29,724 - Trainlog - INFO - Epoch: 061 | train_loss: 1.4033 | train_OA: 1.0000 | train_AA: 1.0000 | train_Kappa: 1.0000
2024-03-05 18:02:29,780 - Trainlog - INFO - Epoch: 062 | train_loss: 1.4016 | train_OA: 1.0000 | train_AA: 1.0000 | train_Kappa: 1.0000
2024-03-05 18:02:29,834 - Trainlog - INFO - Epoch: 063 | train_loss: 1.4011 | train_OA: 1.0000 | train_AA: 1.0000 | train_Kappa: 1.0000
2024-03-05 18:02:29,890 - Trainlog - INFO - Epoch: 064 | train_loss: 1.4018 | train_OA: 1.0000 | train_AA: 1.0000 | train_Kappa: 1.0000
2024-03-05 18:02:29,946 - Trainlog - INFO - Epoch: 065 | train_loss: 1.3983 | train_OA: 1.0000 | train_AA: 1.0000 | train_Kappa: 1.0000
2024-03-05 18:02:30,002 - Trainlog - INFO - Epoch: 066 | train_loss: 1.3981 | train_OA: 1.0000 | train_AA: 1.0000 | train_Kappa: 1.0000
2024-03-05 18:02:30,058 - Trainlog - INFO - Epoch: 067 | train_loss: 1.3987 | train_OA: 1.0000 | train_AA: 1.0000 | train_Kappa: 1.0000
2024-03-05 18:02:30,114 - Trainlog - INFO - Epoch: 068 | train_loss: 1.3948 | train_OA: 1.0000 | train_AA: 1.0000 | train_Kappa: 1.0000
2024-03-05 18:02:30,169 - Trainlog - INFO - Epoch: 069 | train_loss: 1.4000 | train_OA: 1.0000 | train_AA: 1.0000 | train_Kappa: 1.0000
2024-03-05 18:02:30,226 - Trainlog - INFO - Epoch: 070 | train_loss: 1.3966 | train_OA: 1.0000 | train_AA: 1.0000 | train_Kappa: 1.0000
2024-03-05 18:02:30,281 - Trainlog - INFO - Epoch: 071 | train_loss: 1.3960 | train_OA: 1.0000 | train_AA: 1.0000 | train_Kappa: 1.0000
2024-03-05 18:02:30,336 - Trainlog - INFO - Epoch: 072 | train_loss: 1.3939 | train_OA: 1.0000 | train_AA: 1.0000 | train_Kappa: 1.0000
2024-03-05 18:02:30,392 - Trainlog - INFO - Epoch: 073 | train_loss: 1.3942 | train_OA: 1.0000 | train_AA: 1.0000 | train_Kappa: 1.0000
2024-03-05 18:02:30,447 - Trainlog - INFO - Epoch: 074 | train_loss: 1.3949 | train_OA: 1.0000 | train_AA: 1.0000 | train_Kappa: 1.0000
2024-03-05 18:02:30,503 - Trainlog - INFO - Epoch: 075 | train_loss: 1.3940 | train_OA: 1.0000 | train_AA: 1.0000 | train_Kappa: 1.0000
2024-03-05 18:02:30,558 - Trainlog - INFO - Epoch: 076 | train_loss: 1.3912 | train_OA: 1.0000 | train_AA: 1.0000 | train_Kappa: 1.0000
2024-03-05 18:02:30,615 - Trainlog - INFO - Epoch: 077 | train_loss: 1.3939 | train_OA: 1.0000 | train_AA: 1.0000 | train_Kappa: 1.0000
2024-03-05 18:02:30,671 - Trainlog - INFO - Epoch: 078 | train_loss: 1.3946 | train_OA: 1.0000 | train_AA: 1.0000 | train_Kappa: 1.0000
2024-03-05 18:02:30,724 - Trainlog - INFO - Epoch: 079 | train_loss: 1.3890 | train_OA: 1.0000 | train_AA: 1.0000 | train_Kappa: 1.0000
2024-03-05 18:02:30,777 - Trainlog - INFO - Epoch: 080 | train_loss: 1.3892 | train_OA: 1.0000 | train_AA: 1.0000 | train_Kappa: 1.0000
2024-03-05 18:02:30,832 - Trainlog - INFO - Epoch: 081 | train_loss: 1.3905 | train_OA: 1.0000 | train_AA: 1.0000 | train_Kappa: 1.0000
2024-03-05 18:02:30,887 - Trainlog - INFO - Epoch: 082 | train_loss: 1.3894 | train_OA: 1.0000 | train_AA: 1.0000 | train_Kappa: 1.0000
2024-03-05 18:02:30,940 - Trainlog - INFO - Epoch: 083 | train_loss: 1.3890 | train_OA: 1.0000 | train_AA: 1.0000 | train_Kappa: 1.0000
2024-03-05 18:02:30,992 - Trainlog - INFO - Epoch: 084 | train_loss: 1.3871 | train_OA: 1.0000 | train_AA: 1.0000 | train_Kappa: 1.0000
2024-03-05 18:02:31,047 - Trainlog - INFO - Epoch: 085 | train_loss: 1.3861 | train_OA: 1.0000 | train_AA: 1.0000 | train_Kappa: 1.0000
2024-03-05 18:02:31,103 - Trainlog - INFO - Epoch: 086 | train_loss: 1.3874 | train_OA: 1.0000 | train_AA: 1.0000 | train_Kappa: 1.0000
2024-03-05 18:02:31,158 - Trainlog - INFO - Epoch: 087 | train_loss: 1.3871 | train_OA: 1.0000 | train_AA: 1.0000 | train_Kappa: 1.0000
2024-03-05 18:02:31,213 - Trainlog - INFO - Epoch: 088 | train_loss: 1.3854 | train_OA: 1.0000 | train_AA: 1.0000 | train_Kappa: 1.0000
2024-03-05 18:02:31,270 - Trainlog - INFO - Epoch: 089 | train_loss: 1.3863 | train_OA: 1.0000 | train_AA: 1.0000 | train_Kappa: 1.0000
2024-03-05 18:02:31,325 - Trainlog - INFO - Epoch: 090 | train_loss: 1.3875 | train_OA: 1.0000 | train_AA: 1.0000 | train_Kappa: 1.0000
2024-03-05 18:02:31,381 - Trainlog - INFO - Epoch: 091 | train_loss: 1.3857 | train_OA: 1.0000 | train_AA: 1.0000 | train_Kappa: 1.0000
2024-03-05 18:02:31,436 - Trainlog - INFO - Epoch: 092 | train_loss: 1.3853 | train_OA: 1.0000 | train_AA: 1.0000 | train_Kappa: 1.0000
2024-03-05 18:02:31,493 - Trainlog - INFO - Epoch: 093 | train_loss: 1.3840 | train_OA: 1.0000 | train_AA: 1.0000 | train_Kappa: 1.0000
2024-03-05 18:02:31,549 - Trainlog - INFO - Epoch: 094 | train_loss: 1.3845 | train_OA: 1.0000 | train_AA: 1.0000 | train_Kappa: 1.0000
2024-03-05 18:02:31,605 - Trainlog - INFO - Epoch: 095 | train_loss: 1.3838 | train_OA: 1.0000 | train_AA: 1.0000 | train_Kappa: 1.0000
2024-03-05 18:02:31,660 - Trainlog - INFO - Epoch: 096 | train_loss: 1.3854 | train_OA: 1.0000 | train_AA: 1.0000 | train_Kappa: 1.0000
2024-03-05 18:02:31,715 - Trainlog - INFO - Epoch: 097 | train_loss: 1.3829 | train_OA: 1.0000 | train_AA: 1.0000 | train_Kappa: 1.0000
2024-03-05 18:02:31,771 - Trainlog - INFO - Epoch: 098 | train_loss: 1.3847 | train_OA: 1.0000 | train_AA: 1.0000 | train_Kappa: 1.0000
2024-03-05 18:02:31,826 - Trainlog - INFO - Epoch: 099 | train_loss: 1.3824 | train_OA: 1.0000 | train_AA: 1.0000 | train_Kappa: 1.0000
2024-03-05 18:02:31,881 - Trainlog - INFO - Epoch: 100 | train_loss: 1.3827 | train_OA: 1.0000 | train_AA: 1.0000 | train_Kappa: 1.0000
2024-03-05 18:02:31,936 - Trainlog - INFO - Epoch: 101 | train_loss: 1.3820 | train_OA: 1.0000 | train_AA: 1.0000 | train_Kappa: 1.0000
2024-03-05 18:02:31,992 - Trainlog - INFO - Epoch: 102 | train_loss: 1.3828 | train_OA: 1.0000 | train_AA: 1.0000 | train_Kappa: 1.0000
2024-03-05 18:02:32,047 - Trainlog - INFO - Epoch: 103 | train_loss: 1.3845 | train_OA: 1.0000 | train_AA: 1.0000 | train_Kappa: 1.0000
2024-03-05 18:02:32,103 - Trainlog - INFO - Epoch: 104 | train_loss: 1.3817 | train_OA: 1.0000 | train_AA: 1.0000 | train_Kappa: 1.0000
2024-03-05 18:02:32,159 - Trainlog - INFO - Epoch: 105 | train_loss: 1.3830 | train_OA: 1.0000 | train_AA: 1.0000 | train_Kappa: 1.0000
2024-03-05 18:02:32,214 - Trainlog - INFO - Epoch: 106 | train_loss: 1.3813 | train_OA: 1.0000 | train_AA: 1.0000 | train_Kappa: 1.0000
2024-03-05 18:02:32,270 - Trainlog - INFO - Epoch: 107 | train_loss: 1.3827 | train_OA: 1.0000 | train_AA: 1.0000 | train_Kappa: 1.0000
2024-03-05 18:02:32,326 - Trainlog - INFO - Epoch: 108 | train_loss: 1.3807 | train_OA: 1.0000 | train_AA: 1.0000 | train_Kappa: 1.0000
2024-03-05 18:02:32,381 - Trainlog - INFO - Epoch: 109 | train_loss: 1.3797 | train_OA: 1.0000 | train_AA: 1.0000 | train_Kappa: 1.0000
2024-03-05 18:02:32,460 - Trainlog - INFO - Epoch: 110 | train_loss: 1.3812 | train_OA: 1.0000 | train_AA: 1.0000 | train_Kappa: 1.0000
2024-03-05 18:02:32,516 - Trainlog - INFO - Epoch: 111 | train_loss: 1.3799 | train_OA: 1.0000 | train_AA: 1.0000 | train_Kappa: 1.0000
2024-03-05 18:02:32,572 - Trainlog - INFO - Epoch: 112 | train_loss: 1.3809 | train_OA: 1.0000 | train_AA: 1.0000 | train_Kappa: 1.0000
2024-03-05 18:02:32,628 - Trainlog - INFO - Epoch: 113 | train_loss: 1.3810 | train_OA: 1.0000 | train_AA: 1.0000 | train_Kappa: 1.0000
2024-03-05 18:02:32,683 - Trainlog - INFO - Epoch: 114 | train_loss: 1.3795 | train_OA: 1.0000 | train_AA: 1.0000 | train_Kappa: 1.0000
2024-03-05 18:02:32,738 - Trainlog - INFO - Epoch: 115 | train_loss: 1.3791 | train_OA: 1.0000 | train_AA: 1.0000 | train_Kappa: 1.0000
2024-03-05 18:02:32,793 - Trainlog - INFO - Epoch: 116 | train_loss: 1.3809 | train_OA: 1.0000 | train_AA: 1.0000 | train_Kappa: 1.0000
2024-03-05 18:02:32,848 - Trainlog - INFO - Epoch: 117 | train_loss: 1.3791 | train_OA: 1.0000 | train_AA: 1.0000 | train_Kappa: 1.0000
2024-03-05 18:02:32,905 - Trainlog - INFO - Epoch: 118 | train_loss: 1.3799 | train_OA: 1.0000 | train_AA: 1.0000 | train_Kappa: 1.0000
2024-03-05 18:02:32,960 - Trainlog - INFO - Epoch: 119 | train_loss: 1.3798 | train_OA: 1.0000 | train_AA: 1.0000 | train_Kappa: 1.0000
2024-03-05 18:02:33,016 - Trainlog - INFO - Epoch: 120 | train_loss: 1.3792 | train_OA: 1.0000 | train_AA: 1.0000 | train_Kappa: 1.0000
2024-03-05 18:02:33,072 - Trainlog - INFO - Epoch: 121 | train_loss: 1.3796 | train_OA: 1.0000 | train_AA: 1.0000 | train_Kappa: 1.0000
2024-03-05 18:02:33,127 - Trainlog - INFO - Epoch: 122 | train_loss: 1.3789 | train_OA: 1.0000 | train_AA: 1.0000 | train_Kappa: 1.0000
2024-03-05 18:02:33,183 - Trainlog - INFO - Epoch: 123 | train_loss: 1.3810 | train_OA: 1.0000 | train_AA: 1.0000 | train_Kappa: 1.0000
2024-03-05 18:02:33,238 - Trainlog - INFO - Epoch: 124 | train_loss: 1.3794 | train_OA: 1.0000 | train_AA: 1.0000 | train_Kappa: 1.0000
2024-03-05 18:02:33,294 - Trainlog - INFO - Epoch: 125 | train_loss: 1.3783 | train_OA: 1.0000 | train_AA: 1.0000 | train_Kappa: 1.0000
2024-03-05 18:02:33,349 - Trainlog - INFO - Epoch: 126 | train_loss: 1.3791 | train_OA: 1.0000 | train_AA: 1.0000 | train_Kappa: 1.0000
2024-03-05 18:02:33,404 - Trainlog - INFO - Epoch: 127 | train_loss: 1.3805 | train_OA: 1.0000 | train_AA: 1.0000 | train_Kappa: 1.0000
2024-03-05 18:02:33,460 - Trainlog - INFO - Epoch: 128 | train_loss: 1.3793 | train_OA: 1.0000 | train_AA: 1.0000 | train_Kappa: 1.0000
2024-03-05 18:02:33,515 - Trainlog - INFO - Epoch: 129 | train_loss: 1.3783 | train_OA: 1.0000 | train_AA: 1.0000 | train_Kappa: 1.0000
2024-03-05 18:02:33,571 - Trainlog - INFO - Epoch: 130 | train_loss: 1.3803 | train_OA: 1.0000 | train_AA: 1.0000 | train_Kappa: 1.0000
2024-03-05 18:02:33,626 - Trainlog - INFO - Epoch: 131 | train_loss: 1.3778 | train_OA: 1.0000 | train_AA: 1.0000 | train_Kappa: 1.0000
2024-03-05 18:02:33,681 - Trainlog - INFO - Epoch: 132 | train_loss: 1.3786 | train_OA: 1.0000 | train_AA: 1.0000 | train_Kappa: 1.0000
2024-03-05 18:02:33,736 - Trainlog - INFO - Epoch: 133 | train_loss: 1.3787 | train_OA: 1.0000 | train_AA: 1.0000 | train_Kappa: 1.0000
2024-03-05 18:02:33,792 - Trainlog - INFO - Epoch: 134 | train_loss: 1.3776 | train_OA: 1.0000 | train_AA: 1.0000 | train_Kappa: 1.0000
2024-03-05 18:02:33,847 - Trainlog - INFO - Epoch: 135 | train_loss: 1.3776 | train_OA: 1.0000 | train_AA: 1.0000 | train_Kappa: 1.0000
2024-03-05 18:02:33,900 - Trainlog - INFO - Epoch: 136 | train_loss: 1.3790 | train_OA: 1.0000 | train_AA: 1.0000 | train_Kappa: 1.0000
2024-03-05 18:02:33,958 - Trainlog - INFO - Epoch: 137 | train_loss: 1.3786 | train_OA: 1.0000 | train_AA: 1.0000 | train_Kappa: 1.0000
2024-03-05 18:02:34,014 - Trainlog - INFO - Epoch: 138 | train_loss: 1.3774 | train_OA: 1.0000 | train_AA: 1.0000 | train_Kappa: 1.0000
2024-03-05 18:02:34,071 - Trainlog - INFO - Epoch: 139 | train_loss: 1.3779 | train_OA: 1.0000 | train_AA: 1.0000 | train_Kappa: 1.0000
2024-03-05 18:02:34,126 - Trainlog - INFO - Epoch: 140 | train_loss: 1.3782 | train_OA: 1.0000 | train_AA: 1.0000 | train_Kappa: 1.0000
2024-03-05 18:02:34,181 - Trainlog - INFO - Epoch: 141 | train_loss: 1.3781 | train_OA: 1.0000 | train_AA: 1.0000 | train_Kappa: 1.0000
2024-03-05 18:02:34,237 - Trainlog - INFO - Epoch: 142 | train_loss: 1.3790 | train_OA: 1.0000 | train_AA: 1.0000 | train_Kappa: 1.0000
2024-03-05 18:02:34,291 - Trainlog - INFO - Epoch: 143 | train_loss: 1.3771 | train_OA: 1.0000 | train_AA: 1.0000 | train_Kappa: 1.0000
2024-03-05 18:02:34,345 - Trainlog - INFO - Epoch: 144 | train_loss: 1.3773 | train_OA: 1.0000 | train_AA: 1.0000 | train_Kappa: 1.0000
2024-03-05 18:02:34,400 - Trainlog - INFO - Epoch: 145 | train_loss: 1.3774 | train_OA: 1.0000 | train_AA: 1.0000 | train_Kappa: 1.0000
2024-03-05 18:02:34,457 - Trainlog - INFO - Epoch: 146 | train_loss: 1.3777 | train_OA: 1.0000 | train_AA: 1.0000 | train_Kappa: 1.0000
2024-03-05 18:02:34,514 - Trainlog - INFO - Epoch: 147 | train_loss: 1.3769 | train_OA: 1.0000 | train_AA: 1.0000 | train_Kappa: 1.0000
2024-03-05 18:02:34,571 - Trainlog - INFO - Epoch: 148 | train_loss: 1.3769 | train_OA: 1.0000 | train_AA: 1.0000 | train_Kappa: 1.0000
2024-03-05 18:02:34,628 - Trainlog - INFO - Epoch: 149 | train_loss: 1.3773 | train_OA: 1.0000 | train_AA: 1.0000 | train_Kappa: 1.0000
2024-03-05 18:02:34,684 - Trainlog - INFO - Epoch: 150 | train_loss: 1.3768 | train_OA: 1.0000 | train_AA: 1.0000 | train_Kappa: 1.0000
2024-03-05 18:02:34,739 - Trainlog - INFO - Epoch: 151 | train_loss: 1.3765 | train_OA: 1.0000 | train_AA: 1.0000 | train_Kappa: 1.0000
2024-03-05 18:02:34,794 - Trainlog - INFO - Epoch: 152 | train_loss: 1.3765 | train_OA: 1.0000 | train_AA: 1.0000 | train_Kappa: 1.0000
2024-03-05 18:02:34,849 - Trainlog - INFO - Epoch: 153 | train_loss: 1.3779 | train_OA: 1.0000 | train_AA: 1.0000 | train_Kappa: 1.0000
2024-03-05 18:02:34,905 - Trainlog - INFO - Epoch: 154 | train_loss: 1.3767 | train_OA: 1.0000 | train_AA: 1.0000 | train_Kappa: 1.0000
2024-03-05 18:02:34,961 - Trainlog - INFO - Epoch: 155 | train_loss: 1.3774 | train_OA: 1.0000 | train_AA: 1.0000 | train_Kappa: 1.0000
2024-03-05 18:02:35,016 - Trainlog - INFO - Epoch: 156 | train_loss: 1.3767 | train_OA: 1.0000 | train_AA: 1.0000 | train_Kappa: 1.0000
2024-03-05 18:02:35,072 - Trainlog - INFO - Epoch: 157 | train_loss: 1.3766 | train_OA: 1.0000 | train_AA: 1.0000 | train_Kappa: 1.0000
2024-03-05 18:02:35,128 - Trainlog - INFO - Epoch: 158 | train_loss: 1.3764 | train_OA: 1.0000 | train_AA: 1.0000 | train_Kappa: 1.0000
2024-03-05 18:02:35,183 - Trainlog - INFO - Epoch: 159 | train_loss: 1.3762 | train_OA: 1.0000 | train_AA: 1.0000 | train_Kappa: 1.0000
2024-03-05 18:02:35,238 - Trainlog - INFO - Epoch: 160 | train_loss: 1.3763 | train_OA: 1.0000 | train_AA: 1.0000 | train_Kappa: 1.0000
2024-03-05 18:02:35,294 - Trainlog - INFO - Epoch: 161 | train_loss: 1.3763 | train_OA: 1.0000 | train_AA: 1.0000 | train_Kappa: 1.0000
2024-03-05 18:02:35,349 - Trainlog - INFO - Epoch: 162 | train_loss: 1.3761 | train_OA: 1.0000 | train_AA: 1.0000 | train_Kappa: 1.0000
2024-03-05 18:02:35,405 - Trainlog - INFO - Epoch: 163 | train_loss: 1.3767 | train_OA: 1.0000 | train_AA: 1.0000 | train_Kappa: 1.0000
2024-03-05 18:02:35,460 - Trainlog - INFO - Epoch: 164 | train_loss: 1.3758 | train_OA: 1.0000 | train_AA: 1.0000 | train_Kappa: 1.0000
2024-03-05 18:02:35,515 - Trainlog - INFO - Epoch: 165 | train_loss: 1.3765 | train_OA: 1.0000 | train_AA: 1.0000 | train_Kappa: 1.0000
2024-03-05 18:02:35,571 - Trainlog - INFO - Epoch: 166 | train_loss: 1.3767 | train_OA: 1.0000 | train_AA: 1.0000 | train_Kappa: 1.0000
2024-03-05 18:02:35,626 - Trainlog - INFO - Epoch: 167 | train_loss: 1.3762 | train_OA: 1.0000 | train_AA: 1.0000 | train_Kappa: 1.0000
2024-03-05 18:02:35,681 - Trainlog - INFO - Epoch: 168 | train_loss: 1.3766 | train_OA: 1.0000 | train_AA: 1.0000 | train_Kappa: 1.0000
2024-03-05 18:02:35,737 - Trainlog - INFO - Epoch: 169 | train_loss: 1.3760 | train_OA: 1.0000 | train_AA: 1.0000 | train_Kappa: 1.0000
2024-03-05 18:02:35,793 - Trainlog - INFO - Epoch: 170 | train_loss: 1.3762 | train_OA: 1.0000 | train_AA: 1.0000 | train_Kappa: 1.0000
2024-03-05 18:02:35,848 - Trainlog - INFO - Epoch: 171 | train_loss: 1.3762 | train_OA: 1.0000 | train_AA: 1.0000 | train_Kappa: 1.0000
2024-03-05 18:02:35,903 - Trainlog - INFO - Epoch: 172 | train_loss: 1.3764 | train_OA: 1.0000 | train_AA: 1.0000 | train_Kappa: 1.0000
2024-03-05 18:02:35,959 - Trainlog - INFO - Epoch: 173 | train_loss: 1.3762 | train_OA: 1.0000 | train_AA: 1.0000 | train_Kappa: 1.0000
2024-03-05 18:02:36,015 - Trainlog - INFO - Epoch: 174 | train_loss: 1.3767 | train_OA: 1.0000 | train_AA: 1.0000 | train_Kappa: 1.0000
2024-03-05 18:02:36,071 - Trainlog - INFO - Epoch: 175 | train_loss: 1.3759 | train_OA: 1.0000 | train_AA: 1.0000 | train_Kappa: 1.0000
2024-03-05 18:02:36,126 - Trainlog - INFO - Epoch: 176 | train_loss: 1.3761 | train_OA: 1.0000 | train_AA: 1.0000 | train_Kappa: 1.0000
2024-03-05 18:02:36,182 - Trainlog - INFO - Epoch: 177 | train_loss: 1.3769 | train_OA: 1.0000 | train_AA: 1.0000 | train_Kappa: 1.0000
2024-03-05 18:02:36,238 - Trainlog - INFO - Epoch: 178 | train_loss: 1.3757 | train_OA: 1.0000 | train_AA: 1.0000 | train_Kappa: 1.0000
2024-03-05 18:02:36,293 - Trainlog - INFO - Epoch: 179 | train_loss: 1.3760 | train_OA: 1.0000 | train_AA: 1.0000 | train_Kappa: 1.0000
2024-03-05 18:02:36,348 - Trainlog - INFO - Epoch: 180 | train_loss: 1.3769 | train_OA: 1.0000 | train_AA: 1.0000 | train_Kappa: 1.0000
2024-03-05 18:02:36,403 - Trainlog - INFO - Epoch: 181 | train_loss: 1.3759 | train_OA: 1.0000 | train_AA: 1.0000 | train_Kappa: 1.0000
2024-03-05 18:02:36,459 - Trainlog - INFO - Epoch: 182 | train_loss: 1.3755 | train_OA: 1.0000 | train_AA: 1.0000 | train_Kappa: 1.0000
2024-03-05 18:02:36,515 - Trainlog - INFO - Epoch: 183 | train_loss: 1.3762 | train_OA: 1.0000 | train_AA: 1.0000 | train_Kappa: 1.0000
2024-03-05 18:02:36,570 - Trainlog - INFO - Epoch: 184 | train_loss: 1.3755 | train_OA: 1.0000 | train_AA: 1.0000 | train_Kappa: 1.0000
2024-03-05 18:02:36,626 - Trainlog - INFO - Epoch: 185 | train_loss: 1.3760 | train_OA: 1.0000 | train_AA: 1.0000 | train_Kappa: 1.0000
2024-03-05 18:02:36,681 - Trainlog - INFO - Epoch: 186 | train_loss: 1.3755 | train_OA: 1.0000 | train_AA: 1.0000 | train_Kappa: 1.0000
2024-03-05 18:02:36,736 - Trainlog - INFO - Epoch: 187 | train_loss: 1.3755 | train_OA: 1.0000 | train_AA: 1.0000 | train_Kappa: 1.0000
2024-03-05 18:02:36,792 - Trainlog - INFO - Epoch: 188 | train_loss: 1.3758 | train_OA: 1.0000 | train_AA: 1.0000 | train_Kappa: 1.0000
2024-03-05 18:02:36,848 - Trainlog - INFO - Epoch: 189 | train_loss: 1.3757 | train_OA: 1.0000 | train_AA: 1.0000 | train_Kappa: 1.0000
2024-03-05 18:02:36,903 - Trainlog - INFO - Epoch: 190 | train_loss: 1.3757 | train_OA: 1.0000 | train_AA: 1.0000 | train_Kappa: 1.0000
2024-03-05 18:02:36,959 - Trainlog - INFO - Epoch: 191 | train_loss: 1.3755 | train_OA: 1.0000 | train_AA: 1.0000 | train_Kappa: 1.0000
2024-03-05 18:02:37,014 - Trainlog - INFO - Epoch: 192 | train_loss: 1.3750 | train_OA: 1.0000 | train_AA: 1.0000 | train_Kappa: 1.0000
2024-03-05 18:02:37,070 - Trainlog - INFO - Epoch: 193 | train_loss: 1.3752 | train_OA: 1.0000 | train_AA: 1.0000 | train_Kappa: 1.0000
2024-03-05 18:02:37,126 - Trainlog - INFO - Epoch: 194 | train_loss: 1.3752 | train_OA: 1.0000 | train_AA: 1.0000 | train_Kappa: 1.0000
2024-03-05 18:02:37,181 - Trainlog - INFO - Epoch: 195 | train_loss: 1.3752 | train_OA: 1.0000 | train_AA: 1.0000 | train_Kappa: 1.0000
2024-03-05 18:02:37,236 - Trainlog - INFO - Epoch: 196 | train_loss: 1.3748 | train_OA: 1.0000 | train_AA: 1.0000 | train_Kappa: 1.0000
2024-03-05 18:02:37,291 - Trainlog - INFO - Epoch: 197 | train_loss: 1.3757 | train_OA: 1.0000 | train_AA: 1.0000 | train_Kappa: 1.0000
2024-03-05 18:02:37,347 - Trainlog - INFO - Epoch: 198 | train_loss: 1.3751 | train_OA: 1.0000 | train_AA: 1.0000 | train_Kappa: 1.0000
2024-03-05 18:02:37,402 - Trainlog - INFO - Epoch: 199 | train_loss: 1.3752 | train_OA: 1.0000 | train_AA: 1.0000 | train_Kappa: 1.0000
2024-03-05 18:02:37,457 - Trainlog - INFO - Epoch: 200 | train_loss: 1.3751 | train_OA: 1.0000 | train_AA: 1.0000 | train_Kappa: 1.0000
2024-03-05 18:02:37,513 - Trainlog - INFO - Epoch: 201 | train_loss: 1.3749 | train_OA: 1.0000 | train_AA: 1.0000 | train_Kappa: 1.0000
2024-03-05 18:02:37,570 - Trainlog - INFO - Epoch: 202 | train_loss: 1.3771 | train_OA: 1.0000 | train_AA: 1.0000 | train_Kappa: 1.0000
2024-03-05 18:02:37,625 - Trainlog - INFO - Epoch: 203 | train_loss: 1.3755 | train_OA: 1.0000 | train_AA: 1.0000 | train_Kappa: 1.0000
2024-03-05 18:02:37,680 - Trainlog - INFO - Epoch: 204 | train_loss: 1.3749 | train_OA: 1.0000 | train_AA: 1.0000 | train_Kappa: 1.0000
2024-03-05 18:02:37,735 - Trainlog - INFO - Epoch: 205 | train_loss: 1.3750 | train_OA: 1.0000 | train_AA: 1.0000 | train_Kappa: 1.0000
2024-03-05 18:02:37,791 - Trainlog - INFO - Epoch: 206 | train_loss: 1.3752 | train_OA: 1.0000 | train_AA: 1.0000 | train_Kappa: 1.0000
2024-03-05 18:02:37,847 - Trainlog - INFO - Epoch: 207 | train_loss: 1.3749 | train_OA: 1.0000 | train_AA: 1.0000 | train_Kappa: 1.0000
2024-03-05 18:02:37,903 - Trainlog - INFO - Epoch: 208 | train_loss: 1.3754 | train_OA: 1.0000 | train_AA: 1.0000 | train_Kappa: 1.0000
2024-03-05 18:02:37,959 - Trainlog - INFO - Epoch: 209 | train_loss: 1.3750 | train_OA: 1.0000 | train_AA: 1.0000 | train_Kappa: 1.0000
2024-03-05 18:02:38,015 - Trainlog - INFO - Epoch: 210 | train_loss: 1.3750 | train_OA: 1.0000 | train_AA: 1.0000 | train_Kappa: 1.0000
2024-03-05 18:02:38,071 - Trainlog - INFO - Epoch: 211 | train_loss: 1.3748 | train_OA: 1.0000 | train_AA: 1.0000 | train_Kappa: 1.0000
2024-03-05 18:02:38,127 - Trainlog - INFO - Epoch: 212 | train_loss: 1.3748 | train_OA: 1.0000 | train_AA: 1.0000 | train_Kappa: 1.0000
2024-03-05 18:02:38,182 - Trainlog - INFO - Epoch: 213 | train_loss: 1.3746 | train_OA: 1.0000 | train_AA: 1.0000 | train_Kappa: 1.0000
2024-03-05 18:02:38,238 - Trainlog - INFO - Epoch: 214 | train_loss: 1.3750 | train_OA: 1.0000 | train_AA: 1.0000 | train_Kappa: 1.0000
2024-03-05 18:02:38,293 - Trainlog - INFO - Epoch: 215 | train_loss: 1.3751 | train_OA: 1.0000 | train_AA: 1.0000 | train_Kappa: 1.0000
2024-03-05 18:02:38,348 - Trainlog - INFO - Epoch: 216 | train_loss: 1.3752 | train_OA: 1.0000 | train_AA: 1.0000 | train_Kappa: 1.0000
2024-03-05 18:02:38,404 - Trainlog - INFO - Epoch: 217 | train_loss: 1.3753 | train_OA: 1.0000 | train_AA: 1.0000 | train_Kappa: 1.0000
2024-03-05 18:02:38,460 - Trainlog - INFO - Epoch: 218 | train_loss: 1.3747 | train_OA: 1.0000 | train_AA: 1.0000 | train_Kappa: 1.0000
2024-03-05 18:02:38,515 - Trainlog - INFO - Epoch: 219 | train_loss: 1.3749 | train_OA: 1.0000 | train_AA: 1.0000 | train_Kappa: 1.0000
2024-03-05 18:02:38,570 - Trainlog - INFO - Epoch: 220 | train_loss: 1.3747 | train_OA: 1.0000 | train_AA: 1.0000 | train_Kappa: 1.0000
2024-03-05 18:02:38,628 - Trainlog - INFO - Epoch: 221 | train_loss: 1.3747 | train_OA: 1.0000 | train_AA: 1.0000 | train_Kappa: 1.0000
2024-03-05 18:02:38,683 - Trainlog - INFO - Epoch: 222 | train_loss: 1.3746 | train_OA: 1.0000 | train_AA: 1.0000 | train_Kappa: 1.0000
2024-03-05 18:02:38,737 - Trainlog - INFO - Epoch: 223 | train_loss: 1.3747 | train_OA: 1.0000 | train_AA: 1.0000 | train_Kappa: 1.0000
2024-03-05 18:02:38,790 - Trainlog - INFO - Epoch: 224 | train_loss: 1.3748 | train_OA: 1.0000 | train_AA: 1.0000 | train_Kappa: 1.0000
2024-03-05 18:02:38,845 - Trainlog - INFO - Epoch: 225 | train_loss: 1.3745 | train_OA: 1.0000 | train_AA: 1.0000 | train_Kappa: 1.0000
2024-03-05 18:02:38,901 - Trainlog - INFO - Epoch: 226 | train_loss: 1.3746 | train_OA: 1.0000 | train_AA: 1.0000 | train_Kappa: 1.0000
2024-03-05 18:02:38,956 - Trainlog - INFO - Epoch: 227 | train_loss: 1.3743 | train_OA: 1.0000 | train_AA: 1.0000 | train_Kappa: 1.0000
2024-03-05 18:02:39,011 - Trainlog - INFO - Epoch: 228 | train_loss: 1.3750 | train_OA: 1.0000 | train_AA: 1.0000 | train_Kappa: 1.0000
2024-03-05 18:02:39,067 - Trainlog - INFO - Epoch: 229 | train_loss: 1.3747 | train_OA: 1.0000 | train_AA: 1.0000 | train_Kappa: 1.0000
2024-03-05 18:02:39,123 - Trainlog - INFO - Epoch: 230 | train_loss: 1.3756 | train_OA: 1.0000 | train_AA: 1.0000 | train_Kappa: 1.0000
2024-03-05 18:02:39,178 - Trainlog - INFO - Epoch: 231 | train_loss: 1.3749 | train_OA: 1.0000 | train_AA: 1.0000 | train_Kappa: 1.0000
2024-03-05 18:02:39,234 - Trainlog - INFO - Epoch: 232 | train_loss: 1.3749 | train_OA: 1.0000 | train_AA: 1.0000 | train_Kappa: 1.0000
2024-03-05 18:02:39,289 - Trainlog - INFO - Epoch: 233 | train_loss: 1.3751 | train_OA: 1.0000 | train_AA: 1.0000 | train_Kappa: 1.0000
2024-03-05 18:02:39,345 - Trainlog - INFO - Epoch: 234 | train_loss: 1.3742 | train_OA: 1.0000 | train_AA: 1.0000 | train_Kappa: 1.0000
2024-03-05 18:02:39,400 - Trainlog - INFO - Epoch: 235 | train_loss: 1.3748 | train_OA: 1.0000 | train_AA: 1.0000 | train_Kappa: 1.0000
2024-03-05 18:02:39,455 - Trainlog - INFO - Epoch: 236 | train_loss: 1.3744 | train_OA: 1.0000 | train_AA: 1.0000 | train_Kappa: 1.0000
2024-03-05 18:02:39,511 - Trainlog - INFO - Epoch: 237 | train_loss: 1.3746 | train_OA: 1.0000 | train_AA: 1.0000 | train_Kappa: 1.0000
2024-03-05 18:02:39,567 - Trainlog - INFO - Epoch: 238 | train_loss: 1.3747 | train_OA: 1.0000 | train_AA: 1.0000 | train_Kappa: 1.0000
2024-03-05 18:02:39,623 - Trainlog - INFO - Epoch: 239 | train_loss: 1.3744 | train_OA: 1.0000 | train_AA: 1.0000 | train_Kappa: 1.0000
2024-03-05 18:02:39,678 - Trainlog - INFO - Epoch: 240 | train_loss: 1.3744 | train_OA: 1.0000 | train_AA: 1.0000 | train_Kappa: 1.0000
2024-03-05 18:02:39,734 - Trainlog - INFO - Epoch: 241 | train_loss: 1.3743 | train_OA: 1.0000 | train_AA: 1.0000 | train_Kappa: 1.0000
2024-03-05 18:02:39,790 - Trainlog - INFO - Epoch: 242 | train_loss: 1.3746 | train_OA: 1.0000 | train_AA: 1.0000 | train_Kappa: 1.0000
2024-03-05 18:02:39,846 - Trainlog - INFO - Epoch: 243 | train_loss: 1.3742 | train_OA: 1.0000 | train_AA: 1.0000 | train_Kappa: 1.0000
2024-03-05 18:02:39,900 - Trainlog - INFO - Epoch: 244 | train_loss: 1.3744 | train_OA: 1.0000 | train_AA: 1.0000 | train_Kappa: 1.0000
2024-03-05 18:02:39,956 - Trainlog - INFO - Epoch: 245 | train_loss: 1.3742 | train_OA: 1.0000 | train_AA: 1.0000 | train_Kappa: 1.0000
2024-03-05 18:02:40,012 - Trainlog - INFO - Epoch: 246 | train_loss: 1.3745 | train_OA: 1.0000 | train_AA: 1.0000 | train_Kappa: 1.0000
2024-03-05 18:02:40,067 - Trainlog - INFO - Epoch: 247 | train_loss: 1.3751 | train_OA: 1.0000 | train_AA: 1.0000 | train_Kappa: 1.0000
2024-03-05 18:02:40,123 - Trainlog - INFO - Epoch: 248 | train_loss: 1.3744 | train_OA: 1.0000 | train_AA: 1.0000 | train_Kappa: 1.0000
2024-03-05 18:02:40,178 - Trainlog - INFO - Epoch: 249 | train_loss: 1.3743 | train_OA: 1.0000 | train_AA: 1.0000 | train_Kappa: 1.0000
2024-03-05 18:02:40,234 - Trainlog - INFO - Epoch: 250 | train_loss: 1.3746 | train_OA: 1.0000 | train_AA: 1.0000 | train_Kappa: 1.0000
2024-03-05 18:02:40,289 - Trainlog - INFO - Epoch: 251 | train_loss: 1.3741 | train_OA: 1.0000 | train_AA: 1.0000 | train_Kappa: 1.0000
2024-03-05 18:02:40,344 - Trainlog - INFO - Epoch: 252 | train_loss: 1.3742 | train_OA: 1.0000 | train_AA: 1.0000 | train_Kappa: 1.0000
2024-03-05 18:02:40,399 - Trainlog - INFO - Epoch: 253 | train_loss: 1.3743 | train_OA: 1.0000 | train_AA: 1.0000 | train_Kappa: 1.0000
2024-03-05 18:02:40,455 - Trainlog - INFO - Epoch: 254 | train_loss: 1.3746 | train_OA: 1.0000 | train_AA: 1.0000 | train_Kappa: 1.0000
2024-03-05 18:02:40,510 - Trainlog - INFO - Epoch: 255 | train_loss: 1.3741 | train_OA: 1.0000 | train_AA: 1.0000 | train_Kappa: 1.0000
2024-03-05 18:02:40,565 - Trainlog - INFO - Epoch: 256 | train_loss: 1.3740 | train_OA: 1.0000 | train_AA: 1.0000 | train_Kappa: 1.0000
2024-03-05 18:02:40,620 - Trainlog - INFO - Epoch: 257 | train_loss: 1.3743 | train_OA: 1.0000 | train_AA: 1.0000 | train_Kappa: 1.0000
2024-03-05 18:02:40,676 - Trainlog - INFO - Epoch: 258 | train_loss: 1.3742 | train_OA: 1.0000 | train_AA: 1.0000 | train_Kappa: 1.0000
2024-03-05 18:02:40,731 - Trainlog - INFO - Epoch: 259 | train_loss: 1.3749 | train_OA: 1.0000 | train_AA: 1.0000 | train_Kappa: 1.0000
2024-03-05 18:02:40,785 - Trainlog - INFO - Epoch: 260 | train_loss: 1.3745 | train_OA: 1.0000 | train_AA: 1.0000 | train_Kappa: 1.0000
2024-03-05 18:02:40,841 - Trainlog - INFO - Epoch: 261 | train_loss: 1.3740 | train_OA: 1.0000 | train_AA: 1.0000 | train_Kappa: 1.0000
2024-03-05 18:02:40,897 - Trainlog - INFO - Epoch: 262 | train_loss: 1.3743 | train_OA: 1.0000 | train_AA: 1.0000 | train_Kappa: 1.0000
2024-03-05 18:02:40,952 - Trainlog - INFO - Epoch: 263 | train_loss: 1.3740 | train_OA: 1.0000 | train_AA: 1.0000 | train_Kappa: 1.0000
2024-03-05 18:02:41,007 - Trainlog - INFO - Epoch: 264 | train_loss: 1.3743 | train_OA: 1.0000 | train_AA: 1.0000 | train_Kappa: 1.0000
2024-03-05 18:02:41,063 - Trainlog - INFO - Epoch: 265 | train_loss: 1.3740 | train_OA: 1.0000 | train_AA: 1.0000 | train_Kappa: 1.0000
2024-03-05 18:02:41,118 - Trainlog - INFO - Epoch: 266 | train_loss: 1.3741 | train_OA: 1.0000 | train_AA: 1.0000 | train_Kappa: 1.0000
2024-03-05 18:02:41,174 - Trainlog - INFO - Epoch: 267 | train_loss: 1.3742 | train_OA: 1.0000 | train_AA: 1.0000 | train_Kappa: 1.0000
2024-03-05 18:02:41,229 - Trainlog - INFO - Epoch: 268 | train_loss: 1.3741 | train_OA: 1.0000 | train_AA: 1.0000 | train_Kappa: 1.0000
2024-03-05 18:02:41,284 - Trainlog - INFO - Epoch: 269 | train_loss: 1.3741 | train_OA: 1.0000 | train_AA: 1.0000 | train_Kappa: 1.0000
2024-03-05 18:02:41,340 - Trainlog - INFO - Epoch: 270 | train_loss: 1.3741 | train_OA: 1.0000 | train_AA: 1.0000 | train_Kappa: 1.0000
2024-03-05 18:02:41,395 - Trainlog - INFO - Epoch: 271 | train_loss: 1.3743 | train_OA: 1.0000 | train_AA: 1.0000 | train_Kappa: 1.0000
2024-03-05 18:02:41,449 - Trainlog - INFO - Epoch: 272 | train_loss: 1.3741 | train_OA: 1.0000 | train_AA: 1.0000 | train_Kappa: 1.0000
2024-03-05 18:02:41,505 - Trainlog - INFO - Epoch: 273 | train_loss: 1.3744 | train_OA: 1.0000 | train_AA: 1.0000 | train_Kappa: 1.0000
2024-03-05 18:02:41,561 - Trainlog - INFO - Epoch: 274 | train_loss: 1.3740 | train_OA: 1.0000 | train_AA: 1.0000 | train_Kappa: 1.0000
2024-03-05 18:02:41,616 - Trainlog - INFO - Epoch: 275 | train_loss: 1.3740 | train_OA: 1.0000 | train_AA: 1.0000 | train_Kappa: 1.0000
2024-03-05 18:02:41,670 - Trainlog - INFO - Epoch: 276 | train_loss: 1.3738 | train_OA: 1.0000 | train_AA: 1.0000 | train_Kappa: 1.0000
2024-03-05 18:02:41,726 - Trainlog - INFO - Epoch: 277 | train_loss: 1.3739 | train_OA: 1.0000 | train_AA: 1.0000 | train_Kappa: 1.0000
2024-03-05 18:02:41,782 - Trainlog - INFO - Epoch: 278 | train_loss: 1.3741 | train_OA: 1.0000 | train_AA: 1.0000 | train_Kappa: 1.0000
2024-03-05 18:02:41,838 - Trainlog - INFO - Epoch: 279 | train_loss: 1.3741 | train_OA: 1.0000 | train_AA: 1.0000 | train_Kappa: 1.0000
2024-03-05 18:02:41,892 - Trainlog - INFO - Epoch: 280 | train_loss: 1.3739 | train_OA: 1.0000 | train_AA: 1.0000 | train_Kappa: 1.0000
2024-03-05 18:02:41,948 - Trainlog - INFO - Epoch: 281 | train_loss: 1.3745 | train_OA: 1.0000 | train_AA: 1.0000 | train_Kappa: 1.0000
2024-03-05 18:02:42,004 - Trainlog - INFO - Epoch: 282 | train_loss: 1.3742 | train_OA: 1.0000 | train_AA: 1.0000 | train_Kappa: 1.0000
2024-03-05 18:02:42,060 - Trainlog - INFO - Epoch: 283 | train_loss: 1.3739 | train_OA: 1.0000 | train_AA: 1.0000 | train_Kappa: 1.0000
2024-03-05 18:02:42,115 - Trainlog - INFO - Epoch: 284 | train_loss: 1.3741 | train_OA: 1.0000 | train_AA: 1.0000 | train_Kappa: 1.0000
2024-03-05 18:02:42,171 - Trainlog - INFO - Epoch: 285 | train_loss: 1.3742 | train_OA: 1.0000 | train_AA: 1.0000 | train_Kappa: 1.0000
2024-03-05 18:02:42,227 - Trainlog - INFO - Epoch: 286 | train_loss: 1.3743 | train_OA: 1.0000 | train_AA: 1.0000 | train_Kappa: 1.0000
2024-03-05 18:02:42,281 - Trainlog - INFO - Epoch: 287 | train_loss: 1.3738 | train_OA: 1.0000 | train_AA: 1.0000 | train_Kappa: 1.0000
2024-03-05 18:02:42,336 - Trainlog - INFO - Epoch: 288 | train_loss: 1.3739 | train_OA: 1.0000 | train_AA: 1.0000 | train_Kappa: 1.0000
2024-03-05 18:02:42,391 - Trainlog - INFO - Epoch: 289 | train_loss: 1.3742 | train_OA: 1.0000 | train_AA: 1.0000 | train_Kappa: 1.0000
2024-03-05 18:02:42,447 - Trainlog - INFO - Epoch: 290 | train_loss: 1.3744 | train_OA: 1.0000 | train_AA: 1.0000 | train_Kappa: 1.0000
2024-03-05 18:02:42,502 - Trainlog - INFO - Epoch: 291 | train_loss: 1.3741 | train_OA: 1.0000 | train_AA: 1.0000 | train_Kappa: 1.0000
2024-03-05 18:02:42,558 - Trainlog - INFO - Epoch: 292 | train_loss: 1.3739 | train_OA: 1.0000 | train_AA: 1.0000 | train_Kappa: 1.0000
2024-03-05 18:02:42,614 - Trainlog - INFO - Epoch: 293 | train_loss: 1.3739 | train_OA: 1.0000 | train_AA: 1.0000 | train_Kappa: 1.0000
2024-03-05 18:02:42,670 - Trainlog - INFO - Epoch: 294 | train_loss: 1.3739 | train_OA: 1.0000 | train_AA: 1.0000 | train_Kappa: 1.0000
2024-03-05 18:02:42,726 - Trainlog - INFO - Epoch: 295 | train_loss: 1.3740 | train_OA: 1.0000 | train_AA: 1.0000 | train_Kappa: 1.0000
2024-03-05 18:02:42,781 - Trainlog - INFO - Epoch: 296 | train_loss: 1.3743 | train_OA: 1.0000 | train_AA: 1.0000 | train_Kappa: 1.0000
2024-03-05 18:02:42,838 - Trainlog - INFO - Epoch: 297 | train_loss: 1.3741 | train_OA: 1.0000 | train_AA: 1.0000 | train_Kappa: 1.0000
2024-03-05 18:02:42,894 - Trainlog - INFO - Epoch: 298 | train_loss: 1.3737 | train_OA: 1.0000 | train_AA: 1.0000 | train_Kappa: 1.0000
2024-03-05 18:02:42,948 - Trainlog - INFO - Epoch: 299 | train_loss: 1.3742 | train_OA: 1.0000 | train_AA: 1.0000 | train_Kappa: 1.0000
2024-03-05 18:02:43,004 - Trainlog - INFO - Epoch: 300 | train_loss: 1.3737 | train_OA: 1.0000 | train_AA: 1.0000 | train_Kappa: 1.0000
2024-03-05 18:02:43,060 - Trainlog - INFO - Epoch: 301 | train_loss: 1.3737 | train_OA: 1.0000 | train_AA: 1.0000 | train_Kappa: 1.0000
2024-03-05 18:02:43,115 - Trainlog - INFO - Epoch: 302 | train_loss: 1.3738 | train_OA: 1.0000 | train_AA: 1.0000 | train_Kappa: 1.0000
2024-03-05 18:02:43,170 - Trainlog - INFO - Epoch: 303 | train_loss: 1.3738 | train_OA: 1.0000 | train_AA: 1.0000 | train_Kappa: 1.0000
2024-03-05 18:02:43,226 - Trainlog - INFO - Epoch: 304 | train_loss: 1.3747 | train_OA: 1.0000 | train_AA: 1.0000 | train_Kappa: 1.0000
2024-03-05 18:02:43,282 - Trainlog - INFO - Epoch: 305 | train_loss: 1.3738 | train_OA: 1.0000 | train_AA: 1.0000 | train_Kappa: 1.0000
2024-03-05 18:02:43,339 - Trainlog - INFO - Epoch: 306 | train_loss: 1.3738 | train_OA: 1.0000 | train_AA: 1.0000 | train_Kappa: 1.0000
2024-03-05 18:02:43,394 - Trainlog - INFO - Epoch: 307 | train_loss: 1.3738 | train_OA: 1.0000 | train_AA: 1.0000 | train_Kappa: 1.0000
2024-03-05 18:02:43,449 - Trainlog - INFO - Epoch: 308 | train_loss: 1.3737 | train_OA: 1.0000 | train_AA: 1.0000 | train_Kappa: 1.0000
2024-03-05 18:02:43,506 - Trainlog - INFO - Epoch: 309 | train_loss: 1.3739 | train_OA: 1.0000 | train_AA: 1.0000 | train_Kappa: 1.0000
2024-03-05 18:02:43,562 - Trainlog - INFO - Epoch: 310 | train_loss: 1.3739 | train_OA: 1.0000 | train_AA: 1.0000 | train_Kappa: 1.0000
2024-03-05 18:02:43,617 - Trainlog - INFO - Epoch: 311 | train_loss: 1.3744 | train_OA: 1.0000 | train_AA: 1.0000 | train_Kappa: 1.0000
2024-03-05 18:02:43,672 - Trainlog - INFO - Epoch: 312 | train_loss: 1.3737 | train_OA: 1.0000 | train_AA: 1.0000 | train_Kappa: 1.0000
2024-03-05 18:02:43,728 - Trainlog - INFO - Epoch: 313 | train_loss: 1.3740 | train_OA: 1.0000 | train_AA: 1.0000 | train_Kappa: 1.0000
2024-03-05 18:02:43,783 - Trainlog - INFO - Epoch: 314 | train_loss: 1.3740 | train_OA: 1.0000 | train_AA: 1.0000 | train_Kappa: 1.0000
2024-03-05 18:02:43,838 - Trainlog - INFO - Epoch: 315 | train_loss: 1.3741 | train_OA: 1.0000 | train_AA: 1.0000 | train_Kappa: 1.0000
2024-03-05 18:02:43,894 - Trainlog - INFO - Epoch: 316 | train_loss: 1.3739 | train_OA: 1.0000 | train_AA: 1.0000 | train_Kappa: 1.0000
2024-03-05 18:02:43,949 - Trainlog - INFO - Epoch: 317 | train_loss: 1.3738 | train_OA: 1.0000 | train_AA: 1.0000 | train_Kappa: 1.0000
2024-03-05 18:02:44,005 - Trainlog - INFO - Epoch: 318 | train_loss: 1.3737 | train_OA: 1.0000 | train_AA: 1.0000 | train_Kappa: 1.0000
2024-03-05 18:02:44,061 - Trainlog - INFO - Epoch: 319 | train_loss: 1.3738 | train_OA: 1.0000 | train_AA: 1.0000 | train_Kappa: 1.0000
2024-03-05 18:02:44,116 - Trainlog - INFO - Epoch: 320 | train_loss: 1.3737 | train_OA: 1.0000 | train_AA: 1.0000 | train_Kappa: 1.0000
2024-03-05 18:02:44,171 - Trainlog - INFO - Epoch: 321 | train_loss: 1.3738 | train_OA: 1.0000 | train_AA: 1.0000 | train_Kappa: 1.0000
2024-03-05 18:02:44,227 - Trainlog - INFO - Epoch: 322 | train_loss: 1.3737 | train_OA: 1.0000 | train_AA: 1.0000 | train_Kappa: 1.0000
2024-03-05 18:02:44,281 - Trainlog - INFO - Epoch: 323 | train_loss: 1.3738 | train_OA: 1.0000 | train_AA: 1.0000 | train_Kappa: 1.0000
2024-03-05 18:02:44,336 - Trainlog - INFO - Epoch: 324 | train_loss: 1.3737 | train_OA: 1.0000 | train_AA: 1.0000 | train_Kappa: 1.0000
2024-03-05 18:02:44,392 - Trainlog - INFO - Epoch: 325 | train_loss: 1.3738 | train_OA: 1.0000 | train_AA: 1.0000 | train_Kappa: 1.0000
2024-03-05 18:02:44,448 - Trainlog - INFO - Epoch: 326 | train_loss: 1.3737 | train_OA: 1.0000 | train_AA: 1.0000 | train_Kappa: 1.0000
2024-03-05 18:02:44,503 - Trainlog - INFO - Epoch: 327 | train_loss: 1.3741 | train_OA: 1.0000 | train_AA: 1.0000 | train_Kappa: 1.0000
2024-03-05 18:02:44,559 - Trainlog - INFO - Epoch: 328 | train_loss: 1.3738 | train_OA: 1.0000 | train_AA: 1.0000 | train_Kappa: 1.0000
2024-03-05 18:02:44,615 - Trainlog - INFO - Epoch: 329 | train_loss: 1.3739 | train_OA: 1.0000 | train_AA: 1.0000 | train_Kappa: 1.0000
2024-03-05 18:02:44,671 - Trainlog - INFO - Epoch: 330 | train_loss: 1.3737 | train_OA: 1.0000 | train_AA: 1.0000 | train_Kappa: 1.0000
2024-03-05 18:02:44,727 - Trainlog - INFO - Epoch: 331 | train_loss: 1.3738 | train_OA: 1.0000 | train_AA: 1.0000 | train_Kappa: 1.0000
2024-03-05 18:02:44,782 - Trainlog - INFO - Epoch: 332 | train_loss: 1.3740 | train_OA: 1.0000 | train_AA: 1.0000 | train_Kappa: 1.0000
2024-03-05 18:02:44,838 - Trainlog - INFO - Epoch: 333 | train_loss: 1.3736 | train_OA: 1.0000 | train_AA: 1.0000 | train_Kappa: 1.0000
2024-03-05 18:02:44,894 - Trainlog - INFO - Epoch: 334 | train_loss: 1.3739 | train_OA: 1.0000 | train_AA: 1.0000 | train_Kappa: 1.0000
2024-03-05 18:02:44,949 - Trainlog - INFO - Epoch: 335 | train_loss: 1.3736 | train_OA: 1.0000 | train_AA: 1.0000 | train_Kappa: 1.0000
2024-03-05 18:02:45,004 - Trainlog - INFO - Epoch: 336 | train_loss: 1.3740 | train_OA: 1.0000 | train_AA: 1.0000 | train_Kappa: 1.0000
2024-03-05 18:02:45,059 - Trainlog - INFO - Epoch: 337 | train_loss: 1.3737 | train_OA: 1.0000 | train_AA: 1.0000 | train_Kappa: 1.0000
2024-03-05 18:02:45,115 - Trainlog - INFO - Epoch: 338 | train_loss: 1.3739 | train_OA: 1.0000 | train_AA: 1.0000 | train_Kappa: 1.0000
2024-03-05 18:02:45,170 - Trainlog - INFO - Epoch: 339 | train_loss: 1.3739 | train_OA: 1.0000 | train_AA: 1.0000 | train_Kappa: 1.0000
2024-03-05 18:02:45,225 - Trainlog - INFO - Epoch: 340 | train_loss: 1.3737 | train_OA: 1.0000 | train_AA: 1.0000 | train_Kappa: 1.0000
2024-03-05 18:02:45,280 - Trainlog - INFO - Epoch: 341 | train_loss: 1.3737 | train_OA: 1.0000 | train_AA: 1.0000 | train_Kappa: 1.0000
2024-03-05 18:02:45,336 - Trainlog - INFO - Epoch: 342 | train_loss: 1.3736 | train_OA: 1.0000 | train_AA: 1.0000 | train_Kappa: 1.0000
2024-03-05 18:02:45,391 - Trainlog - INFO - Epoch: 343 | train_loss: 1.3736 | train_OA: 1.0000 | train_AA: 1.0000 | train_Kappa: 1.0000
2024-03-05 18:02:45,446 - Trainlog - INFO - Epoch: 344 | train_loss: 1.3735 | train_OA: 1.0000 | train_AA: 1.0000 | train_Kappa: 1.0000
2024-03-05 18:02:45,502 - Trainlog - INFO - Epoch: 345 | train_loss: 1.3736 | train_OA: 1.0000 | train_AA: 1.0000 | train_Kappa: 1.0000
2024-03-05 18:02:45,558 - Trainlog - INFO - Epoch: 346 | train_loss: 1.3737 | train_OA: 1.0000 | train_AA: 1.0000 | train_Kappa: 1.0000
2024-03-05 18:02:45,613 - Trainlog - INFO - Epoch: 347 | train_loss: 1.3738 | train_OA: 1.0000 | train_AA: 1.0000 | train_Kappa: 1.0000
2024-03-05 18:02:45,668 - Trainlog - INFO - Epoch: 348 | train_loss: 1.3737 | train_OA: 1.0000 | train_AA: 1.0000 | train_Kappa: 1.0000
2024-03-05 18:02:45,723 - Trainlog - INFO - Epoch: 349 | train_loss: 1.3739 | train_OA: 1.0000 | train_AA: 1.0000 | train_Kappa: 1.0000
2024-03-05 18:02:45,779 - Trainlog - INFO - Epoch: 350 | train_loss: 1.3739 | train_OA: 1.0000 | train_AA: 1.0000 | train_Kappa: 1.0000
2024-03-05 18:02:45,834 - Trainlog - INFO - Epoch: 351 | train_loss: 1.3739 | train_OA: 1.0000 | train_AA: 1.0000 | train_Kappa: 1.0000
2024-03-05 18:02:45,889 - Trainlog - INFO - Epoch: 352 | train_loss: 1.3737 | train_OA: 1.0000 | train_AA: 1.0000 | train_Kappa: 1.0000
2024-03-05 18:02:45,945 - Trainlog - INFO - Epoch: 353 | train_loss: 1.3737 | train_OA: 1.0000 | train_AA: 1.0000 | train_Kappa: 1.0000
2024-03-05 18:02:46,000 - Trainlog - INFO - Epoch: 354 | train_loss: 1.3735 | train_OA: 1.0000 | train_AA: 1.0000 | train_Kappa: 1.0000
2024-03-05 18:02:46,056 - Trainlog - INFO - Epoch: 355 | train_loss: 1.3736 | train_OA: 1.0000 | train_AA: 1.0000 | train_Kappa: 1.0000
2024-03-05 18:02:46,110 - Trainlog - INFO - Epoch: 356 | train_loss: 1.3739 | train_OA: 1.0000 | train_AA: 1.0000 | train_Kappa: 1.0000
2024-03-05 18:02:46,166 - Trainlog - INFO - Epoch: 357 | train_loss: 1.3737 | train_OA: 1.0000 | train_AA: 1.0000 | train_Kappa: 1.0000
2024-03-05 18:02:46,222 - Trainlog - INFO - Epoch: 358 | train_loss: 1.3737 | train_OA: 1.0000 | train_AA: 1.0000 | train_Kappa: 1.0000
2024-03-05 18:02:46,277 - Trainlog - INFO - Epoch: 359 | train_loss: 1.3738 | train_OA: 1.0000 | train_AA: 1.0000 | train_Kappa: 1.0000
2024-03-05 18:02:46,332 - Trainlog - INFO - Epoch: 360 | train_loss: 1.3740 | train_OA: 1.0000 | train_AA: 1.0000 | train_Kappa: 1.0000
2024-03-05 18:02:46,387 - Trainlog - INFO - Epoch: 361 | train_loss: 1.3735 | train_OA: 1.0000 | train_AA: 1.0000 | train_Kappa: 1.0000
2024-03-05 18:02:46,443 - Trainlog - INFO - Epoch: 362 | train_loss: 1.3735 | train_OA: 1.0000 | train_AA: 1.0000 | train_Kappa: 1.0000
2024-03-05 18:02:46,498 - Trainlog - INFO - Epoch: 363 | train_loss: 1.3737 | train_OA: 1.0000 | train_AA: 1.0000 | train_Kappa: 1.0000
2024-03-05 18:02:46,554 - Trainlog - INFO - Epoch: 364 | train_loss: 1.3737 | train_OA: 1.0000 | train_AA: 1.0000 | train_Kappa: 1.0000
2024-03-05 18:02:46,610 - Trainlog - INFO - Epoch: 365 | train_loss: 1.3736 | train_OA: 1.0000 | train_AA: 1.0000 | train_Kappa: 1.0000
2024-03-05 18:02:46,665 - Trainlog - INFO - Epoch: 366 | train_loss: 1.3735 | train_OA: 1.0000 | train_AA: 1.0000 | train_Kappa: 1.0000
2024-03-05 18:02:46,721 - Trainlog - INFO - Epoch: 367 | train_loss: 1.3735 | train_OA: 1.0000 | train_AA: 1.0000 | train_Kappa: 1.0000
2024-03-05 18:02:46,776 - Trainlog - INFO - Epoch: 368 | train_loss: 1.3738 | train_OA: 1.0000 | train_AA: 1.0000 | train_Kappa: 1.0000
2024-03-05 18:02:46,832 - Trainlog - INFO - Epoch: 369 | train_loss: 1.3742 | train_OA: 1.0000 | train_AA: 1.0000 | train_Kappa: 1.0000
2024-03-05 18:02:46,887 - Trainlog - INFO - Epoch: 370 | train_loss: 1.3735 | train_OA: 1.0000 | train_AA: 1.0000 | train_Kappa: 1.0000
2024-03-05 18:02:46,942 - Trainlog - INFO - Epoch: 371 | train_loss: 1.3736 | train_OA: 1.0000 | train_AA: 1.0000 | train_Kappa: 1.0000
2024-03-05 18:02:46,997 - Trainlog - INFO - Epoch: 372 | train_loss: 1.3735 | train_OA: 1.0000 | train_AA: 1.0000 | train_Kappa: 1.0000
2024-03-05 18:02:47,053 - Trainlog - INFO - Epoch: 373 | train_loss: 1.3736 | train_OA: 1.0000 | train_AA: 1.0000 | train_Kappa: 1.0000
2024-03-05 18:02:47,109 - Trainlog - INFO - Epoch: 374 | train_loss: 1.3736 | train_OA: 1.0000 | train_AA: 1.0000 | train_Kappa: 1.0000
2024-03-05 18:02:47,164 - Trainlog - INFO - Epoch: 375 | train_loss: 1.3736 | train_OA: 1.0000 | train_AA: 1.0000 | train_Kappa: 1.0000
2024-03-05 18:02:47,219 - Trainlog - INFO - Epoch: 376 | train_loss: 1.3739 | train_OA: 1.0000 | train_AA: 1.0000 | train_Kappa: 1.0000
2024-03-05 18:02:47,274 - Trainlog - INFO - Epoch: 377 | train_loss: 1.3736 | train_OA: 1.0000 | train_AA: 1.0000 | train_Kappa: 1.0000
2024-03-05 18:02:47,330 - Trainlog - INFO - Epoch: 378 | train_loss: 1.3739 | train_OA: 1.0000 | train_AA: 1.0000 | train_Kappa: 1.0000
2024-03-05 18:02:47,385 - Trainlog - INFO - Epoch: 379 | train_loss: 1.3735 | train_OA: 1.0000 | train_AA: 1.0000 | train_Kappa: 1.0000
2024-03-05 18:02:47,440 - Trainlog - INFO - Epoch: 380 | train_loss: 1.3734 | train_OA: 1.0000 | train_AA: 1.0000 | train_Kappa: 1.0000
2024-03-05 18:02:47,495 - Trainlog - INFO - Epoch: 381 | train_loss: 1.3736 | train_OA: 1.0000 | train_AA: 1.0000 | train_Kappa: 1.0000
2024-03-05 18:02:47,551 - Trainlog - INFO - Epoch: 382 | train_loss: 1.3736 | train_OA: 1.0000 | train_AA: 1.0000 | train_Kappa: 1.0000
2024-03-05 18:02:47,606 - Trainlog - INFO - Epoch: 383 | train_loss: 1.3735 | train_OA: 1.0000 | train_AA: 1.0000 | train_Kappa: 1.0000
2024-03-05 18:02:47,661 - Trainlog - INFO - Epoch: 384 | train_loss: 1.3735 | train_OA: 1.0000 | train_AA: 1.0000 | train_Kappa: 1.0000
2024-03-05 18:02:47,716 - Trainlog - INFO - Epoch: 385 | train_loss: 1.3736 | train_OA: 1.0000 | train_AA: 1.0000 | train_Kappa: 1.0000
2024-03-05 18:02:47,773 - Trainlog - INFO - Epoch: 386 | train_loss: 1.3737 | train_OA: 1.0000 | train_AA: 1.0000 | train_Kappa: 1.0000
2024-03-05 18:02:47,828 - Trainlog - INFO - Epoch: 387 | train_loss: 1.3738 | train_OA: 1.0000 | train_AA: 1.0000 | train_Kappa: 1.0000
2024-03-05 18:02:47,883 - Trainlog - INFO - Epoch: 388 | train_loss: 1.3736 | train_OA: 1.0000 | train_AA: 1.0000 | train_Kappa: 1.0000
2024-03-05 18:02:47,938 - Trainlog - INFO - Epoch: 389 | train_loss: 1.3736 | train_OA: 1.0000 | train_AA: 1.0000 | train_Kappa: 1.0000
2024-03-05 18:02:47,994 - Trainlog - INFO - Epoch: 390 | train_loss: 1.3736 | train_OA: 1.0000 | train_AA: 1.0000 | train_Kappa: 1.0000
2024-03-05 18:02:48,049 - Trainlog - INFO - Epoch: 391 | train_loss: 1.3738 | train_OA: 1.0000 | train_AA: 1.0000 | train_Kappa: 1.0000
2024-03-05 18:02:48,107 - Trainlog - INFO - Epoch: 392 | train_loss: 1.3736 | train_OA: 1.0000 | train_AA: 1.0000 | train_Kappa: 1.0000
2024-03-05 18:02:48,163 - Trainlog - INFO - Epoch: 393 | train_loss: 1.3735 | train_OA: 1.0000 | train_AA: 1.0000 | train_Kappa: 1.0000
2024-03-05 18:02:48,218 - Trainlog - INFO - Epoch: 394 | train_loss: 1.3738 | train_OA: 1.0000 | train_AA: 1.0000 | train_Kappa: 1.0000
2024-03-05 18:02:48,273 - Trainlog - INFO - Epoch: 395 | train_loss: 1.3735 | train_OA: 1.0000 | train_AA: 1.0000 | train_Kappa: 1.0000
2024-03-05 18:02:48,328 - Trainlog - INFO - Epoch: 396 | train_loss: 1.3738 | train_OA: 1.0000 | train_AA: 1.0000 | train_Kappa: 1.0000
2024-03-05 18:02:48,384 - Trainlog - INFO - Epoch: 397 | train_loss: 1.3735 | train_OA: 1.0000 | train_AA: 1.0000 | train_Kappa: 1.0000
2024-03-05 18:02:48,439 - Trainlog - INFO - Epoch: 398 | train_loss: 1.3738 | train_OA: 1.0000 | train_AA: 1.0000 | train_Kappa: 1.0000
2024-03-05 18:02:48,495 - Trainlog - INFO - Epoch: 399 | train_loss: 1.3741 | train_OA: 1.0000 | train_AA: 1.0000 | train_Kappa: 1.0000
2024-03-05 18:02:48,551 - Trainlog - INFO - Epoch: 400 | train_loss: 1.3736 | train_OA: 1.0000 | train_AA: 1.0000 | train_Kappa: 1.0000
2024-03-05 18:02:48,607 - Trainlog - INFO - Epoch: 401 | train_loss: 1.3736 | train_OA: 1.0000 | train_AA: 1.0000 | train_Kappa: 1.0000
2024-03-05 18:02:48,663 - Trainlog - INFO - Epoch: 402 | train_loss: 1.3738 | train_OA: 1.0000 | train_AA: 1.0000 | train_Kappa: 1.0000
2024-03-05 18:02:48,718 - Trainlog - INFO - Epoch: 403 | train_loss: 1.3737 | train_OA: 1.0000 | train_AA: 1.0000 | train_Kappa: 1.0000
2024-03-05 18:02:48,773 - Trainlog - INFO - Epoch: 404 | train_loss: 1.3734 | train_OA: 1.0000 | train_AA: 1.0000 | train_Kappa: 1.0000
2024-03-05 18:02:48,828 - Trainlog - INFO - Epoch: 405 | train_loss: 1.3735 | train_OA: 1.0000 | train_AA: 1.0000 | train_Kappa: 1.0000
2024-03-05 18:02:48,884 - Trainlog - INFO - Epoch: 406 | train_loss: 1.3736 | train_OA: 1.0000 | train_AA: 1.0000 | train_Kappa: 1.0000
2024-03-05 18:02:48,940 - Trainlog - INFO - Epoch: 407 | train_loss: 1.3735 | train_OA: 1.0000 | train_AA: 1.0000 | train_Kappa: 1.0000
2024-03-05 18:02:48,995 - Trainlog - INFO - Epoch: 408 | train_loss: 1.3737 | train_OA: 1.0000 | train_AA: 1.0000 | train_Kappa: 1.0000
2024-03-05 18:02:49,051 - Trainlog - INFO - Epoch: 409 | train_loss: 1.3736 | train_OA: 1.0000 | train_AA: 1.0000 | train_Kappa: 1.0000
2024-03-05 18:02:49,107 - Trainlog - INFO - Epoch: 410 | train_loss: 1.3735 | train_OA: 1.0000 | train_AA: 1.0000 | train_Kappa: 1.0000
2024-03-05 18:02:49,162 - Trainlog - INFO - Epoch: 411 | train_loss: 1.3739 | train_OA: 1.0000 | train_AA: 1.0000 | train_Kappa: 1.0000
2024-03-05 18:02:49,217 - Trainlog - INFO - Epoch: 412 | train_loss: 1.3734 | train_OA: 1.0000 | train_AA: 1.0000 | train_Kappa: 1.0000
2024-03-05 18:02:49,274 - Trainlog - INFO - Epoch: 413 | train_loss: 1.3734 | train_OA: 1.0000 | train_AA: 1.0000 | train_Kappa: 1.0000
2024-03-05 18:02:49,329 - Trainlog - INFO - Epoch: 414 | train_loss: 1.3736 | train_OA: 1.0000 | train_AA: 1.0000 | train_Kappa: 1.0000
2024-03-05 18:02:49,384 - Trainlog - INFO - Epoch: 415 | train_loss: 1.3738 | train_OA: 1.0000 | train_AA: 1.0000 | train_Kappa: 1.0000
2024-03-05 18:02:49,439 - Trainlog - INFO - Epoch: 416 | train_loss: 1.3739 | train_OA: 1.0000 | train_AA: 1.0000 | train_Kappa: 1.0000
2024-03-05 18:02:49,494 - Trainlog - INFO - Epoch: 417 | train_loss: 1.3737 | train_OA: 1.0000 | train_AA: 1.0000 | train_Kappa: 1.0000
2024-03-05 18:02:49,550 - Trainlog - INFO - Epoch: 418 | train_loss: 1.3735 | train_OA: 1.0000 | train_AA: 1.0000 | train_Kappa: 1.0000
2024-03-05 18:02:49,606 - Trainlog - INFO - Epoch: 419 | train_loss: 1.3735 | train_OA: 1.0000 | train_AA: 1.0000 | train_Kappa: 1.0000
2024-03-05 18:02:49,661 - Trainlog - INFO - Epoch: 420 | train_loss: 1.3738 | train_OA: 1.0000 | train_AA: 1.0000 | train_Kappa: 1.0000
2024-03-05 18:02:49,717 - Trainlog - INFO - Epoch: 421 | train_loss: 1.3735 | train_OA: 1.0000 | train_AA: 1.0000 | train_Kappa: 1.0000
2024-03-05 18:02:49,772 - Trainlog - INFO - Epoch: 422 | train_loss: 1.3736 | train_OA: 1.0000 | train_AA: 1.0000 | train_Kappa: 1.0000
2024-03-05 18:02:49,828 - Trainlog - INFO - Epoch: 423 | train_loss: 1.3734 | train_OA: 1.0000 | train_AA: 1.0000 | train_Kappa: 1.0000
2024-03-05 18:02:49,882 - Trainlog - INFO - Epoch: 424 | train_loss: 1.3736 | train_OA: 1.0000 | train_AA: 1.0000 | train_Kappa: 1.0000
2024-03-05 18:02:49,938 - Trainlog - INFO - Epoch: 425 | train_loss: 1.3735 | train_OA: 1.0000 | train_AA: 1.0000 | train_Kappa: 1.0000
2024-03-05 18:02:49,994 - Trainlog - INFO - Epoch: 426 | train_loss: 1.3737 | train_OA: 1.0000 | train_AA: 1.0000 | train_Kappa: 1.0000
2024-03-05 18:02:50,049 - Trainlog - INFO - Epoch: 427 | train_loss: 1.3736 | train_OA: 1.0000 | train_AA: 1.0000 | train_Kappa: 1.0000
2024-03-05 18:02:50,104 - Trainlog - INFO - Epoch: 428 | train_loss: 1.3734 | train_OA: 1.0000 | train_AA: 1.0000 | train_Kappa: 1.0000
2024-03-05 18:02:50,160 - Trainlog - INFO - Epoch: 429 | train_loss: 1.3735 | train_OA: 1.0000 | train_AA: 1.0000 | train_Kappa: 1.0000
2024-03-05 18:02:50,217 - Trainlog - INFO - Epoch: 430 | train_loss: 1.3736 | train_OA: 1.0000 | train_AA: 1.0000 | train_Kappa: 1.0000
2024-03-05 18:02:50,272 - Trainlog - INFO - Epoch: 431 | train_loss: 1.3734 | train_OA: 1.0000 | train_AA: 1.0000 | train_Kappa: 1.0000
2024-03-05 18:02:50,327 - Trainlog - INFO - Epoch: 432 | train_loss: 1.3737 | train_OA: 1.0000 | train_AA: 1.0000 | train_Kappa: 1.0000
2024-03-05 18:02:50,383 - Trainlog - INFO - Epoch: 433 | train_loss: 1.3734 | train_OA: 1.0000 | train_AA: 1.0000 | train_Kappa: 1.0000
2024-03-05 18:02:50,439 - Trainlog - INFO - Epoch: 434 | train_loss: 1.3734 | train_OA: 1.0000 | train_AA: 1.0000 | train_Kappa: 1.0000
2024-03-05 18:02:50,494 - Trainlog - INFO - Epoch: 435 | train_loss: 1.3734 | train_OA: 1.0000 | train_AA: 1.0000 | train_Kappa: 1.0000
2024-03-05 18:02:50,550 - Trainlog - INFO - Epoch: 436 | train_loss: 1.3736 | train_OA: 1.0000 | train_AA: 1.0000 | train_Kappa: 1.0000
2024-03-05 18:02:50,606 - Trainlog - INFO - Epoch: 437 | train_loss: 1.3736 | train_OA: 1.0000 | train_AA: 1.0000 | train_Kappa: 1.0000
2024-03-05 18:02:50,662 - Trainlog - INFO - Epoch: 438 | train_loss: 1.3736 | train_OA: 1.0000 | train_AA: 1.0000 | train_Kappa: 1.0000
2024-03-05 18:02:50,717 - Trainlog - INFO - Epoch: 439 | train_loss: 1.3735 | train_OA: 1.0000 | train_AA: 1.0000 | train_Kappa: 1.0000
2024-03-05 18:02:50,773 - Trainlog - INFO - Epoch: 440 | train_loss: 1.3735 | train_OA: 1.0000 | train_AA: 1.0000 | train_Kappa: 1.0000
2024-03-05 18:02:50,828 - Trainlog - INFO - Epoch: 441 | train_loss: 1.3735 | train_OA: 1.0000 | train_AA: 1.0000 | train_Kappa: 1.0000
2024-03-05 18:02:50,884 - Trainlog - INFO - Epoch: 442 | train_loss: 1.3737 | train_OA: 1.0000 | train_AA: 1.0000 | train_Kappa: 1.0000
2024-03-05 18:02:50,939 - Trainlog - INFO - Epoch: 443 | train_loss: 1.3738 | train_OA: 1.0000 | train_AA: 1.0000 | train_Kappa: 1.0000
2024-03-05 18:02:50,993 - Trainlog - INFO - Epoch: 444 | train_loss: 1.3735 | train_OA: 1.0000 | train_AA: 1.0000 | train_Kappa: 1.0000
2024-03-05 18:02:51,048 - Trainlog - INFO - Epoch: 445 | train_loss: 1.3735 | train_OA: 1.0000 | train_AA: 1.0000 | train_Kappa: 1.0000
2024-03-05 18:02:51,104 - Trainlog - INFO - Epoch: 446 | train_loss: 1.3735 | train_OA: 1.0000 | train_AA: 1.0000 | train_Kappa: 1.0000
2024-03-05 18:02:51,160 - Trainlog - INFO - Epoch: 447 | train_loss: 1.3735 | train_OA: 1.0000 | train_AA: 1.0000 | train_Kappa: 1.0000
2024-03-05 18:02:51,215 - Trainlog - INFO - Epoch: 448 | train_loss: 1.3735 | train_OA: 1.0000 | train_AA: 1.0000 | train_Kappa: 1.0000
2024-03-05 18:02:51,270 - Trainlog - INFO - Epoch: 449 | train_loss: 1.3733 | train_OA: 1.0000 | train_AA: 1.0000 | train_Kappa: 1.0000
2024-03-05 18:02:51,326 - Trainlog - INFO - Epoch: 450 | train_loss: 1.3734 | train_OA: 1.0000 | train_AA: 1.0000 | train_Kappa: 1.0000
2024-03-05 18:02:51,381 - Trainlog - INFO - Epoch: 451 | train_loss: 1.3733 | train_OA: 1.0000 | train_AA: 1.0000 | train_Kappa: 1.0000
2024-03-05 18:02:51,436 - Trainlog - INFO - Epoch: 452 | train_loss: 1.3736 | train_OA: 1.0000 | train_AA: 1.0000 | train_Kappa: 1.0000
2024-03-05 18:02:51,491 - Trainlog - INFO - Epoch: 453 | train_loss: 1.3734 | train_OA: 1.0000 | train_AA: 1.0000 | train_Kappa: 1.0000
2024-03-05 18:02:51,548 - Trainlog - INFO - Epoch: 454 | train_loss: 1.3735 | train_OA: 1.0000 | train_AA: 1.0000 | train_Kappa: 1.0000
2024-03-05 18:02:51,603 - Trainlog - INFO - Epoch: 455 | train_loss: 1.3734 | train_OA: 1.0000 | train_AA: 1.0000 | train_Kappa: 1.0000
2024-03-05 18:02:51,658 - Trainlog - INFO - Epoch: 456 | train_loss: 1.3736 | train_OA: 1.0000 | train_AA: 1.0000 | train_Kappa: 1.0000
2024-03-05 18:02:51,712 - Trainlog - INFO - Epoch: 457 | train_loss: 1.3735 | train_OA: 1.0000 | train_AA: 1.0000 | train_Kappa: 1.0000
2024-03-05 18:02:51,767 - Trainlog - INFO - Epoch: 458 | train_loss: 1.3733 | train_OA: 1.0000 | train_AA: 1.0000 | train_Kappa: 1.0000
2024-03-05 18:02:51,821 - Trainlog - INFO - Epoch: 459 | train_loss: 1.3740 | train_OA: 1.0000 | train_AA: 1.0000 | train_Kappa: 1.0000
2024-03-05 18:02:51,875 - Trainlog - INFO - Epoch: 460 | train_loss: 1.3735 | train_OA: 1.0000 | train_AA: 1.0000 | train_Kappa: 1.0000
2024-03-05 18:02:51,928 - Trainlog - INFO - Epoch: 461 | train_loss: 1.3736 | train_OA: 1.0000 | train_AA: 1.0000 | train_Kappa: 1.0000
2024-03-05 18:02:51,985 - Trainlog - INFO - Epoch: 462 | train_loss: 1.3736 | train_OA: 1.0000 | train_AA: 1.0000 | train_Kappa: 1.0000
2024-03-05 18:02:52,039 - Trainlog - INFO - Epoch: 463 | train_loss: 1.3741 | train_OA: 1.0000 | train_AA: 1.0000 | train_Kappa: 1.0000
2024-03-05 18:02:52,094 - Trainlog - INFO - Epoch: 464 | train_loss: 1.3734 | train_OA: 1.0000 | train_AA: 1.0000 | train_Kappa: 1.0000
2024-03-05 18:02:52,149 - Trainlog - INFO - Epoch: 465 | train_loss: 1.3736 | train_OA: 1.0000 | train_AA: 1.0000 | train_Kappa: 1.0000
2024-03-05 18:02:52,206 - Trainlog - INFO - Epoch: 466 | train_loss: 1.3736 | train_OA: 1.0000 | train_AA: 1.0000 | train_Kappa: 1.0000
2024-03-05 18:02:52,261 - Trainlog - INFO - Epoch: 467 | train_loss: 1.3733 | train_OA: 1.0000 | train_AA: 1.0000 | train_Kappa: 1.0000
2024-03-05 18:02:52,316 - Trainlog - INFO - Epoch: 468 | train_loss: 1.3737 | train_OA: 1.0000 | train_AA: 1.0000 | train_Kappa: 1.0000
2024-03-05 18:02:52,372 - Trainlog - INFO - Epoch: 469 | train_loss: 1.3734 | train_OA: 1.0000 | train_AA: 1.0000 | train_Kappa: 1.0000
2024-03-05 18:02:52,428 - Trainlog - INFO - Epoch: 470 | train_loss: 1.3736 | train_OA: 1.0000 | train_AA: 1.0000 | train_Kappa: 1.0000
2024-03-05 18:02:52,481 - Trainlog - INFO - Epoch: 471 | train_loss: 1.3735 | train_OA: 1.0000 | train_AA: 1.0000 | train_Kappa: 1.0000
2024-03-05 18:02:52,534 - Trainlog - INFO - Epoch: 472 | train_loss: 1.3736 | train_OA: 1.0000 | train_AA: 1.0000 | train_Kappa: 1.0000
2024-03-05 18:02:52,590 - Trainlog - INFO - Epoch: 473 | train_loss: 1.3737 | train_OA: 1.0000 | train_AA: 1.0000 | train_Kappa: 1.0000
2024-03-05 18:02:52,647 - Trainlog - INFO - Epoch: 474 | train_loss: 1.3736 | train_OA: 1.0000 | train_AA: 1.0000 | train_Kappa: 1.0000
2024-03-05 18:02:52,699 - Trainlog - INFO - Epoch: 475 | train_loss: 1.3736 | train_OA: 1.0000 | train_AA: 1.0000 | train_Kappa: 1.0000
2024-03-05 18:02:52,752 - Trainlog - INFO - Epoch: 476 | train_loss: 1.3737 | train_OA: 1.0000 | train_AA: 1.0000 | train_Kappa: 1.0000
2024-03-05 18:02:52,805 - Trainlog - INFO - Epoch: 477 | train_loss: 1.3736 | train_OA: 1.0000 | train_AA: 1.0000 | train_Kappa: 1.0000
2024-03-05 18:02:52,861 - Trainlog - INFO - Epoch: 478 | train_loss: 1.3735 | train_OA: 1.0000 | train_AA: 1.0000 | train_Kappa: 1.0000
2024-03-05 18:02:52,914 - Trainlog - INFO - Epoch: 479 | train_loss: 1.3735 | train_OA: 1.0000 | train_AA: 1.0000 | train_Kappa: 1.0000
2024-03-05 18:02:52,966 - Trainlog - INFO - Epoch: 480 | train_loss: 1.3735 | train_OA: 1.0000 | train_AA: 1.0000 | train_Kappa: 1.0000
2024-03-05 18:02:53,019 - Trainlog - INFO - Epoch: 481 | train_loss: 1.3736 | train_OA: 1.0000 | train_AA: 1.0000 | train_Kappa: 1.0000
2024-03-05 18:02:53,077 - Trainlog - INFO - Epoch: 482 | train_loss: 1.3736 | train_OA: 1.0000 | train_AA: 1.0000 | train_Kappa: 1.0000
2024-03-05 18:02:53,132 - Trainlog - INFO - Epoch: 483 | train_loss: 1.3734 | train_OA: 1.0000 | train_AA: 1.0000 | train_Kappa: 1.0000
2024-03-05 18:02:53,187 - Trainlog - INFO - Epoch: 484 | train_loss: 1.3735 | train_OA: 1.0000 | train_AA: 1.0000 | train_Kappa: 1.0000
2024-03-05 18:02:53,243 - Trainlog - INFO - Epoch: 485 | train_loss: 1.3738 | train_OA: 1.0000 | train_AA: 1.0000 | train_Kappa: 1.0000
2024-03-05 18:02:53,299 - Trainlog - INFO - Epoch: 486 | train_loss: 1.3738 | train_OA: 1.0000 | train_AA: 1.0000 | train_Kappa: 1.0000
2024-03-05 18:02:53,354 - Trainlog - INFO - Epoch: 487 | train_loss: 1.3735 | train_OA: 1.0000 | train_AA: 1.0000 | train_Kappa: 1.0000
2024-03-05 18:02:53,409 - Trainlog - INFO - Epoch: 488 | train_loss: 1.3734 | train_OA: 1.0000 | train_AA: 1.0000 | train_Kappa: 1.0000
2024-03-05 18:02:53,465 - Trainlog - INFO - Epoch: 489 | train_loss: 1.3740 | train_OA: 1.0000 | train_AA: 1.0000 | train_Kappa: 1.0000
2024-03-05 18:02:53,521 - Trainlog - INFO - Epoch: 490 | train_loss: 1.3735 | train_OA: 1.0000 | train_AA: 1.0000 | train_Kappa: 1.0000
2024-03-05 18:02:53,576 - Trainlog - INFO - Epoch: 491 | train_loss: 1.3736 | train_OA: 1.0000 | train_AA: 1.0000 | train_Kappa: 1.0000
2024-03-05 18:02:53,631 - Trainlog - INFO - Epoch: 492 | train_loss: 1.3738 | train_OA: 1.0000 | train_AA: 1.0000 | train_Kappa: 1.0000
2024-03-05 18:02:53,687 - Trainlog - INFO - Epoch: 493 | train_loss: 1.3738 | train_OA: 1.0000 | train_AA: 1.0000 | train_Kappa: 1.0000
2024-03-05 18:02:53,742 - Trainlog - INFO - Epoch: 494 | train_loss: 1.3735 | train_OA: 1.0000 | train_AA: 1.0000 | train_Kappa: 1.0000
2024-03-05 18:02:53,797 - Trainlog - INFO - Epoch: 495 | train_loss: 1.3735 | train_OA: 1.0000 | train_AA: 1.0000 | train_Kappa: 1.0000
2024-03-05 18:02:53,852 - Trainlog - INFO - Epoch: 496 | train_loss: 1.3738 | train_OA: 1.0000 | train_AA: 1.0000 | train_Kappa: 1.0000
2024-03-05 18:02:53,908 - Trainlog - INFO - Epoch: 497 | train_loss: 1.3739 | train_OA: 1.0000 | train_AA: 1.0000 | train_Kappa: 1.0000
2024-03-05 18:02:53,963 - Trainlog - INFO - Epoch: 498 | train_loss: 1.3736 | train_OA: 1.0000 | train_AA: 1.0000 | train_Kappa: 1.0000
2024-03-05 18:02:54,019 - Trainlog - INFO - Epoch: 499 | train_loss: 1.3736 | train_OA: 1.0000 | train_AA: 1.0000 | train_Kappa: 1.0000
2024-03-05 18:02:54,074 - Trainlog - INFO - Epoch: 500 | train_loss: 1.3733 | train_OA: 1.0000 | train_AA: 1.0000 | train_Kappa: 1.0000
2024-03-05 18:03:14,699 - Trainlog - INFO - Final records:
2024-03-05 18:03:14,699 - Trainlog - INFO - Maximal Accuracy: 0.766515
2024-03-05 18:03:14,699 - Trainlog - INFO - OA: 0.7665 | AA: 0.8315 | Kappa: 0.7103
2024-03-05 18:03:14,699 - Trainlog - INFO - [0.98253968 0.71646573 0.81224628 1.         0.88181837 0.68966415
 0.73797554 0.94942108 0.71378505]
2024-03-05 18:03:14,699 - Trainlog - INFO - Running Time: 28.02
