2024-02-02 15:32:35,248 - Trainlog - INFO - 

2024-02-02 15:32:35,248 - Trainlog - INFO - ==================================================
2024-02-02 15:32:35,248 - Trainlog - INFO - ==================================================
2024-02-02 15:32:35,249 - Trainlog - INFO - hsi_height=349,hsi_width=1905,hsi_band=144
2024-02-02 15:32:35,249 - Trainlog - INFO - lidar_height=349,lidar_width=1905,lidar_band=1
2024-02-02 15:32:35,329 - Trainlog - INFO - start training
2024-02-02 15:32:35,692 - Trainlog - INFO - Epoch: 001 | train_loss: 2.6973 | train_OA: 0.0900 | train_AA: 0.0900 | train_Kappa: 0.0250
2024-02-02 15:32:35,787 - Trainlog - INFO - Epoch: 002 | train_loss: 2.6777 | train_OA: 0.1533 | train_AA: 0.1533 | train_Kappa: 0.0929
2024-02-02 15:32:35,881 - Trainlog - INFO - Epoch: 003 | train_loss: 2.6595 | train_OA: 0.1933 | train_AA: 0.1933 | train_Kappa: 0.1357
2024-02-02 15:32:35,976 - Trainlog - INFO - Epoch: 004 | train_loss: 2.6414 | train_OA: 0.2000 | train_AA: 0.2000 | train_Kappa: 0.1429
2024-02-02 15:32:36,069 - Trainlog - INFO - Epoch: 005 | train_loss: 2.6193 | train_OA: 0.2067 | train_AA: 0.2067 | train_Kappa: 0.1500
2024-02-02 15:32:36,163 - Trainlog - INFO - Epoch: 006 | train_loss: 2.6032 | train_OA: 0.2233 | train_AA: 0.2233 | train_Kappa: 0.1679
2024-02-02 15:32:36,258 - Trainlog - INFO - Epoch: 007 | train_loss: 2.5820 | train_OA: 0.3133 | train_AA: 0.3133 | train_Kappa: 0.2643
2024-02-02 15:32:36,352 - Trainlog - INFO - Epoch: 008 | train_loss: 2.5703 | train_OA: 0.3400 | train_AA: 0.3400 | train_Kappa: 0.2929
2024-02-02 15:32:36,447 - Trainlog - INFO - Epoch: 009 | train_loss: 2.5597 | train_OA: 0.3700 | train_AA: 0.3700 | train_Kappa: 0.3250
2024-02-02 15:32:36,541 - Trainlog - INFO - Epoch: 010 | train_loss: 2.5458 | train_OA: 0.3667 | train_AA: 0.3667 | train_Kappa: 0.3214
2024-02-02 15:32:36,636 - Trainlog - INFO - Epoch: 011 | train_loss: 2.5246 | train_OA: 0.4033 | train_AA: 0.4033 | train_Kappa: 0.3607
2024-02-02 15:32:36,730 - Trainlog - INFO - Epoch: 012 | train_loss: 2.5114 | train_OA: 0.4400 | train_AA: 0.4400 | train_Kappa: 0.4000
2024-02-02 15:32:36,825 - Trainlog - INFO - Epoch: 013 | train_loss: 2.4944 | train_OA: 0.4400 | train_AA: 0.4400 | train_Kappa: 0.4000
2024-02-02 15:32:36,919 - Trainlog - INFO - Epoch: 014 | train_loss: 2.4751 | train_OA: 0.4467 | train_AA: 0.4467 | train_Kappa: 0.4071
2024-02-02 15:32:37,013 - Trainlog - INFO - Epoch: 015 | train_loss: 2.4589 | train_OA: 0.4600 | train_AA: 0.4600 | train_Kappa: 0.4214
2024-02-02 15:32:37,108 - Trainlog - INFO - Epoch: 016 | train_loss: 2.4329 | train_OA: 0.4800 | train_AA: 0.4800 | train_Kappa: 0.4429
2024-02-02 15:32:37,202 - Trainlog - INFO - Epoch: 017 | train_loss: 2.4141 | train_OA: 0.4933 | train_AA: 0.4933 | train_Kappa: 0.4571
2024-02-02 15:32:37,303 - Trainlog - INFO - Epoch: 018 | train_loss: 2.3981 | train_OA: 0.4900 | train_AA: 0.4900 | train_Kappa: 0.4536
2024-02-02 15:32:37,398 - Trainlog - INFO - Epoch: 019 | train_loss: 2.3772 | train_OA: 0.5100 | train_AA: 0.5100 | train_Kappa: 0.4750
2024-02-02 15:32:37,492 - Trainlog - INFO - Epoch: 020 | train_loss: 2.3634 | train_OA: 0.5167 | train_AA: 0.5167 | train_Kappa: 0.4821
2024-02-02 15:32:37,586 - Trainlog - INFO - Epoch: 021 | train_loss: 2.3441 | train_OA: 0.5200 | train_AA: 0.5200 | train_Kappa: 0.4857
2024-02-02 15:32:37,680 - Trainlog - INFO - Epoch: 022 | train_loss: 2.3279 | train_OA: 0.5200 | train_AA: 0.5200 | train_Kappa: 0.4857
2024-02-02 15:32:37,775 - Trainlog - INFO - Epoch: 023 | train_loss: 2.3152 | train_OA: 0.5400 | train_AA: 0.5400 | train_Kappa: 0.5071
2024-02-02 15:32:37,869 - Trainlog - INFO - Epoch: 024 | train_loss: 2.3035 | train_OA: 0.5467 | train_AA: 0.5467 | train_Kappa: 0.5143
2024-02-02 15:32:37,964 - Trainlog - INFO - Epoch: 025 | train_loss: 2.2997 | train_OA: 0.5500 | train_AA: 0.5500 | train_Kappa: 0.5179
2024-02-02 15:32:38,058 - Trainlog - INFO - Epoch: 026 | train_loss: 2.2844 | train_OA: 0.6000 | train_AA: 0.6000 | train_Kappa: 0.5714
2024-02-02 15:32:38,153 - Trainlog - INFO - Epoch: 027 | train_loss: 2.2717 | train_OA: 0.6233 | train_AA: 0.6233 | train_Kappa: 0.5964
2024-02-02 15:32:38,247 - Trainlog - INFO - Epoch: 028 | train_loss: 2.2648 | train_OA: 0.6600 | train_AA: 0.6600 | train_Kappa: 0.6357
2024-02-02 15:32:38,341 - Trainlog - INFO - Epoch: 029 | train_loss: 2.2574 | train_OA: 0.7000 | train_AA: 0.7000 | train_Kappa: 0.6786
2024-02-02 15:32:38,435 - Trainlog - INFO - Epoch: 030 | train_loss: 2.2478 | train_OA: 0.7167 | train_AA: 0.7167 | train_Kappa: 0.6964
2024-02-02 15:32:38,530 - Trainlog - INFO - Epoch: 031 | train_loss: 2.2273 | train_OA: 0.7333 | train_AA: 0.7333 | train_Kappa: 0.7143
2024-02-02 15:32:38,624 - Trainlog - INFO - Epoch: 032 | train_loss: 2.2166 | train_OA: 0.7533 | train_AA: 0.7533 | train_Kappa: 0.7357
2024-02-02 15:32:38,717 - Trainlog - INFO - Epoch: 033 | train_loss: 2.2032 | train_OA: 0.7700 | train_AA: 0.7700 | train_Kappa: 0.7536
2024-02-02 15:32:38,811 - Trainlog - INFO - Epoch: 034 | train_loss: 2.1765 | train_OA: 0.7800 | train_AA: 0.7800 | train_Kappa: 0.7643
2024-02-02 15:32:38,906 - Trainlog - INFO - Epoch: 035 | train_loss: 2.1645 | train_OA: 0.7800 | train_AA: 0.7800 | train_Kappa: 0.7643
2024-02-02 15:32:38,999 - Trainlog - INFO - Epoch: 036 | train_loss: 2.1576 | train_OA: 0.7767 | train_AA: 0.7767 | train_Kappa: 0.7607
2024-02-02 15:32:39,101 - Trainlog - INFO - Epoch: 037 | train_loss: 2.1368 | train_OA: 0.7833 | train_AA: 0.7833 | train_Kappa: 0.7679
2024-02-02 15:32:39,195 - Trainlog - INFO - Epoch: 038 | train_loss: 2.1147 | train_OA: 0.7800 | train_AA: 0.7800 | train_Kappa: 0.7643
2024-02-02 15:32:39,288 - Trainlog - INFO - Epoch: 039 | train_loss: 2.1029 | train_OA: 0.7900 | train_AA: 0.7900 | train_Kappa: 0.7750
2024-02-02 15:32:39,385 - Trainlog - INFO - Epoch: 040 | train_loss: 2.0859 | train_OA: 0.7933 | train_AA: 0.7933 | train_Kappa: 0.7786
2024-02-02 15:32:39,482 - Trainlog - INFO - Epoch: 041 | train_loss: 2.0796 | train_OA: 0.7967 | train_AA: 0.7967 | train_Kappa: 0.7821
2024-02-02 15:32:39,577 - Trainlog - INFO - Epoch: 042 | train_loss: 2.0702 | train_OA: 0.7933 | train_AA: 0.7933 | train_Kappa: 0.7786
2024-02-02 15:32:39,674 - Trainlog - INFO - Epoch: 043 | train_loss: 2.0746 | train_OA: 0.8000 | train_AA: 0.8000 | train_Kappa: 0.7857
2024-02-02 15:32:39,771 - Trainlog - INFO - Epoch: 044 | train_loss: 2.0581 | train_OA: 0.7967 | train_AA: 0.7967 | train_Kappa: 0.7821
2024-02-02 15:32:39,866 - Trainlog - INFO - Epoch: 045 | train_loss: 2.0610 | train_OA: 0.8000 | train_AA: 0.8000 | train_Kappa: 0.7857
2024-02-02 15:32:39,962 - Trainlog - INFO - Epoch: 046 | train_loss: 2.0415 | train_OA: 0.8333 | train_AA: 0.8333 | train_Kappa: 0.8214
2024-02-02 15:32:40,071 - Trainlog - INFO - Epoch: 047 | train_loss: 2.0400 | train_OA: 0.8433 | train_AA: 0.8433 | train_Kappa: 0.8321
2024-02-02 15:32:40,166 - Trainlog - INFO - Epoch: 048 | train_loss: 2.0403 | train_OA: 0.8700 | train_AA: 0.8700 | train_Kappa: 0.8607
2024-02-02 15:32:40,261 - Trainlog - INFO - Epoch: 049 | train_loss: 2.0254 | train_OA: 0.9067 | train_AA: 0.9067 | train_Kappa: 0.9000
2024-02-02 15:32:40,355 - Trainlog - INFO - Epoch: 050 | train_loss: 2.0171 | train_OA: 0.9233 | train_AA: 0.9233 | train_Kappa: 0.9179
2024-02-02 15:32:40,450 - Trainlog - INFO - Epoch: 051 | train_loss: 2.0105 | train_OA: 0.9167 | train_AA: 0.9167 | train_Kappa: 0.9107
2024-02-02 15:32:40,543 - Trainlog - INFO - Epoch: 052 | train_loss: 2.0028 | train_OA: 0.9267 | train_AA: 0.9267 | train_Kappa: 0.9214
2024-02-02 15:32:40,637 - Trainlog - INFO - Epoch: 053 | train_loss: 1.9891 | train_OA: 0.9233 | train_AA: 0.9233 | train_Kappa: 0.9179
2024-02-02 15:32:40,731 - Trainlog - INFO - Epoch: 054 | train_loss: 1.9763 | train_OA: 0.9200 | train_AA: 0.9200 | train_Kappa: 0.9143
2024-02-02 15:32:40,825 - Trainlog - INFO - Epoch: 055 | train_loss: 1.9672 | train_OA: 0.9200 | train_AA: 0.9200 | train_Kappa: 0.9143
2024-02-02 15:32:40,920 - Trainlog - INFO - Epoch: 056 | train_loss: 1.9456 | train_OA: 0.9233 | train_AA: 0.9233 | train_Kappa: 0.9179
2024-02-02 15:32:41,016 - Trainlog - INFO - Epoch: 057 | train_loss: 1.9411 | train_OA: 0.9233 | train_AA: 0.9233 | train_Kappa: 0.9179
2024-02-02 15:32:41,110 - Trainlog - INFO - Epoch: 058 | train_loss: 1.9386 | train_OA: 0.9300 | train_AA: 0.9300 | train_Kappa: 0.9250
2024-02-02 15:32:41,227 - Trainlog - INFO - Epoch: 059 | train_loss: 1.9356 | train_OA: 0.9267 | train_AA: 0.9267 | train_Kappa: 0.9214
2024-02-02 15:32:41,321 - Trainlog - INFO - Epoch: 060 | train_loss: 1.9288 | train_OA: 0.9300 | train_AA: 0.9300 | train_Kappa: 0.9250
2024-02-02 15:32:41,417 - Trainlog - INFO - Epoch: 061 | train_loss: 1.9203 | train_OA: 0.9267 | train_AA: 0.9267 | train_Kappa: 0.9214
2024-02-02 15:32:41,515 - Trainlog - INFO - Epoch: 062 | train_loss: 1.9169 | train_OA: 0.9333 | train_AA: 0.9333 | train_Kappa: 0.9286
2024-02-02 15:32:41,609 - Trainlog - INFO - Epoch: 063 | train_loss: 1.9121 | train_OA: 0.9300 | train_AA: 0.9300 | train_Kappa: 0.9250
2024-02-02 15:32:41,702 - Trainlog - INFO - Epoch: 064 | train_loss: 1.9149 | train_OA: 0.9300 | train_AA: 0.9300 | train_Kappa: 0.9250
2024-02-02 15:32:41,797 - Trainlog - INFO - Epoch: 065 | train_loss: 1.9129 | train_OA: 0.9333 | train_AA: 0.9333 | train_Kappa: 0.9286
2024-02-02 15:32:41,892 - Trainlog - INFO - Epoch: 066 | train_loss: 1.9088 | train_OA: 0.9333 | train_AA: 0.9333 | train_Kappa: 0.9286
2024-02-02 15:32:41,988 - Trainlog - INFO - Epoch: 067 | train_loss: 1.9083 | train_OA: 0.9333 | train_AA: 0.9333 | train_Kappa: 0.9286
2024-02-02 15:32:42,083 - Trainlog - INFO - Epoch: 068 | train_loss: 1.9070 | train_OA: 0.9333 | train_AA: 0.9333 | train_Kappa: 0.9286
2024-02-02 15:32:42,177 - Trainlog - INFO - Epoch: 069 | train_loss: 1.9063 | train_OA: 0.9333 | train_AA: 0.9333 | train_Kappa: 0.9286
2024-02-02 15:32:42,270 - Trainlog - INFO - Epoch: 070 | train_loss: 1.9002 | train_OA: 0.9333 | train_AA: 0.9333 | train_Kappa: 0.9286
2024-02-02 15:32:42,367 - Trainlog - INFO - Epoch: 071 | train_loss: 1.9042 | train_OA: 0.9300 | train_AA: 0.9300 | train_Kappa: 0.9250
2024-02-02 15:32:42,462 - Trainlog - INFO - Epoch: 072 | train_loss: 1.9034 | train_OA: 0.9333 | train_AA: 0.9333 | train_Kappa: 0.9286
2024-02-02 15:32:42,556 - Trainlog - INFO - Epoch: 073 | train_loss: 1.9034 | train_OA: 0.9367 | train_AA: 0.9367 | train_Kappa: 0.9321
2024-02-02 15:32:42,651 - Trainlog - INFO - Epoch: 074 | train_loss: 1.9074 | train_OA: 0.9333 | train_AA: 0.9333 | train_Kappa: 0.9286
2024-02-02 15:32:42,745 - Trainlog - INFO - Epoch: 075 | train_loss: 1.8933 | train_OA: 0.9533 | train_AA: 0.9533 | train_Kappa: 0.9500
2024-02-02 15:32:42,839 - Trainlog - INFO - Epoch: 076 | train_loss: 1.9008 | train_OA: 0.9467 | train_AA: 0.9467 | train_Kappa: 0.9429
2024-02-02 15:32:42,934 - Trainlog - INFO - Epoch: 077 | train_loss: 1.8949 | train_OA: 0.9533 | train_AA: 0.9533 | train_Kappa: 0.9500
2024-02-02 15:32:43,028 - Trainlog - INFO - Epoch: 078 | train_loss: 1.8879 | train_OA: 0.9700 | train_AA: 0.9700 | train_Kappa: 0.9679
2024-02-02 15:32:43,121 - Trainlog - INFO - Epoch: 079 | train_loss: 1.8833 | train_OA: 0.9667 | train_AA: 0.9667 | train_Kappa: 0.9643
2024-02-02 15:32:43,216 - Trainlog - INFO - Epoch: 080 | train_loss: 1.8786 | train_OA: 0.9767 | train_AA: 0.9767 | train_Kappa: 0.9750
2024-02-02 15:32:43,311 - Trainlog - INFO - Epoch: 081 | train_loss: 1.8718 | train_OA: 0.9800 | train_AA: 0.9800 | train_Kappa: 0.9786
2024-02-02 15:32:43,405 - Trainlog - INFO - Epoch: 082 | train_loss: 1.8648 | train_OA: 0.9800 | train_AA: 0.9800 | train_Kappa: 0.9786
2024-02-02 15:32:43,500 - Trainlog - INFO - Epoch: 083 | train_loss: 1.8674 | train_OA: 0.9800 | train_AA: 0.9800 | train_Kappa: 0.9786
2024-02-02 15:32:43,594 - Trainlog - INFO - Epoch: 084 | train_loss: 1.8629 | train_OA: 0.9767 | train_AA: 0.9767 | train_Kappa: 0.9750
2024-02-02 15:32:43,687 - Trainlog - INFO - Epoch: 085 | train_loss: 1.8625 | train_OA: 0.9833 | train_AA: 0.9833 | train_Kappa: 0.9821
2024-02-02 15:32:43,781 - Trainlog - INFO - Epoch: 086 | train_loss: 1.8637 | train_OA: 0.9800 | train_AA: 0.9800 | train_Kappa: 0.9786
2024-02-02 15:32:43,873 - Trainlog - INFO - Epoch: 087 | train_loss: 1.8554 | train_OA: 1.0000 | train_AA: 1.0000 | train_Kappa: 1.0000
2024-02-02 15:32:43,967 - Trainlog - INFO - Epoch: 088 | train_loss: 1.8581 | train_OA: 0.9933 | train_AA: 0.9933 | train_Kappa: 0.9929
2024-02-02 15:32:44,062 - Trainlog - INFO - Epoch: 089 | train_loss: 1.8561 | train_OA: 0.9967 | train_AA: 0.9967 | train_Kappa: 0.9964
2024-02-02 15:32:44,157 - Trainlog - INFO - Epoch: 090 | train_loss: 1.8640 | train_OA: 0.9867 | train_AA: 0.9867 | train_Kappa: 0.9857
2024-02-02 15:32:44,249 - Trainlog - INFO - Epoch: 091 | train_loss: 1.8575 | train_OA: 1.0000 | train_AA: 1.0000 | train_Kappa: 1.0000
2024-02-02 15:32:44,343 - Trainlog - INFO - Epoch: 092 | train_loss: 1.8490 | train_OA: 0.9967 | train_AA: 0.9967 | train_Kappa: 0.9964
2024-02-02 15:32:44,435 - Trainlog - INFO - Epoch: 093 | train_loss: 1.8412 | train_OA: 1.0000 | train_AA: 1.0000 | train_Kappa: 1.0000
2024-02-02 15:32:44,528 - Trainlog - INFO - Epoch: 094 | train_loss: 1.8451 | train_OA: 0.9933 | train_AA: 0.9933 | train_Kappa: 0.9929
2024-02-02 15:32:44,622 - Trainlog - INFO - Epoch: 095 | train_loss: 1.8428 | train_OA: 1.0000 | train_AA: 1.0000 | train_Kappa: 1.0000
2024-02-02 15:32:44,716 - Trainlog - INFO - Epoch: 096 | train_loss: 1.8425 | train_OA: 1.0000 | train_AA: 1.0000 | train_Kappa: 1.0000
2024-02-02 15:32:44,807 - Trainlog - INFO - Epoch: 097 | train_loss: 1.8400 | train_OA: 1.0000 | train_AA: 1.0000 | train_Kappa: 1.0000
2024-02-02 15:32:44,901 - Trainlog - INFO - Epoch: 098 | train_loss: 1.8411 | train_OA: 0.9967 | train_AA: 0.9967 | train_Kappa: 0.9964
2024-02-02 15:32:44,995 - Trainlog - INFO - Epoch: 099 | train_loss: 1.8419 | train_OA: 0.9933 | train_AA: 0.9933 | train_Kappa: 0.9929
2024-02-02 15:32:45,090 - Trainlog - INFO - Epoch: 100 | train_loss: 1.8449 | train_OA: 0.9933 | train_AA: 0.9933 | train_Kappa: 0.9929
2024-02-02 15:32:45,185 - Trainlog - INFO - Epoch: 101 | train_loss: 1.8404 | train_OA: 0.9933 | train_AA: 0.9933 | train_Kappa: 0.9929
2024-02-02 15:32:45,279 - Trainlog - INFO - Epoch: 102 | train_loss: 1.8356 | train_OA: 1.0000 | train_AA: 1.0000 | train_Kappa: 1.0000
2024-02-02 15:32:45,373 - Trainlog - INFO - Epoch: 103 | train_loss: 1.8347 | train_OA: 1.0000 | train_AA: 1.0000 | train_Kappa: 1.0000
2024-02-02 15:32:45,468 - Trainlog - INFO - Epoch: 104 | train_loss: 1.8336 | train_OA: 1.0000 | train_AA: 1.0000 | train_Kappa: 1.0000
2024-02-02 15:32:45,562 - Trainlog - INFO - Epoch: 105 | train_loss: 1.8289 | train_OA: 1.0000 | train_AA: 1.0000 | train_Kappa: 1.0000
2024-02-02 15:32:45,656 - Trainlog - INFO - Epoch: 106 | train_loss: 1.8309 | train_OA: 1.0000 | train_AA: 1.0000 | train_Kappa: 1.0000
2024-02-02 15:32:45,750 - Trainlog - INFO - Epoch: 107 | train_loss: 1.8441 | train_OA: 0.9833 | train_AA: 0.9833 | train_Kappa: 0.9821
2024-02-02 15:32:45,844 - Trainlog - INFO - Epoch: 108 | train_loss: 1.8320 | train_OA: 0.9967 | train_AA: 0.9967 | train_Kappa: 0.9964
2024-02-02 15:32:45,938 - Trainlog - INFO - Epoch: 109 | train_loss: 1.8355 | train_OA: 0.9933 | train_AA: 0.9933 | train_Kappa: 0.9929
2024-02-02 15:32:46,032 - Trainlog - INFO - Epoch: 110 | train_loss: 1.8420 | train_OA: 0.9833 | train_AA: 0.9833 | train_Kappa: 0.9821
2024-02-02 15:32:46,126 - Trainlog - INFO - Epoch: 111 | train_loss: 1.8387 | train_OA: 0.9867 | train_AA: 0.9867 | train_Kappa: 0.9857
2024-02-02 15:32:46,220 - Trainlog - INFO - Epoch: 112 | train_loss: 1.8314 | train_OA: 0.9933 | train_AA: 0.9933 | train_Kappa: 0.9929
2024-02-02 15:32:46,315 - Trainlog - INFO - Epoch: 113 | train_loss: 1.8381 | train_OA: 0.9900 | train_AA: 0.9900 | train_Kappa: 0.9893
2024-02-02 15:32:46,408 - Trainlog - INFO - Epoch: 114 | train_loss: 1.8286 | train_OA: 1.0000 | train_AA: 1.0000 | train_Kappa: 1.0000
2024-02-02 15:32:46,503 - Trainlog - INFO - Epoch: 115 | train_loss: 1.8316 | train_OA: 1.0000 | train_AA: 1.0000 | train_Kappa: 1.0000
2024-02-02 15:32:46,598 - Trainlog - INFO - Epoch: 116 | train_loss: 1.8292 | train_OA: 1.0000 | train_AA: 1.0000 | train_Kappa: 1.0000
2024-02-02 15:32:46,692 - Trainlog - INFO - Epoch: 117 | train_loss: 1.8280 | train_OA: 1.0000 | train_AA: 1.0000 | train_Kappa: 1.0000
2024-02-02 15:32:46,785 - Trainlog - INFO - Epoch: 118 | train_loss: 1.8256 | train_OA: 1.0000 | train_AA: 1.0000 | train_Kappa: 1.0000
2024-02-02 15:32:46,879 - Trainlog - INFO - Epoch: 119 | train_loss: 1.8261 | train_OA: 1.0000 | train_AA: 1.0000 | train_Kappa: 1.0000
2024-02-02 15:32:46,973 - Trainlog - INFO - Epoch: 120 | train_loss: 1.8248 | train_OA: 1.0000 | train_AA: 1.0000 | train_Kappa: 1.0000
2024-02-02 15:32:47,067 - Trainlog - INFO - Epoch: 121 | train_loss: 1.8241 | train_OA: 1.0000 | train_AA: 1.0000 | train_Kappa: 1.0000
2024-02-02 15:32:47,162 - Trainlog - INFO - Epoch: 122 | train_loss: 1.8246 | train_OA: 1.0000 | train_AA: 1.0000 | train_Kappa: 1.0000
2024-02-02 15:32:47,255 - Trainlog - INFO - Epoch: 123 | train_loss: 1.8246 | train_OA: 1.0000 | train_AA: 1.0000 | train_Kappa: 1.0000
2024-02-02 15:32:47,350 - Trainlog - INFO - Epoch: 124 | train_loss: 1.8232 | train_OA: 1.0000 | train_AA: 1.0000 | train_Kappa: 1.0000
2024-02-02 15:32:47,444 - Trainlog - INFO - Epoch: 125 | train_loss: 1.8221 | train_OA: 1.0000 | train_AA: 1.0000 | train_Kappa: 1.0000
2024-02-02 15:32:47,536 - Trainlog - INFO - Epoch: 126 | train_loss: 1.8235 | train_OA: 1.0000 | train_AA: 1.0000 | train_Kappa: 1.0000
2024-02-02 15:32:47,629 - Trainlog - INFO - Epoch: 127 | train_loss: 1.8241 | train_OA: 1.0000 | train_AA: 1.0000 | train_Kappa: 1.0000
2024-02-02 15:32:47,724 - Trainlog - INFO - Epoch: 128 | train_loss: 1.8215 | train_OA: 1.0000 | train_AA: 1.0000 | train_Kappa: 1.0000
2024-02-02 15:32:47,818 - Trainlog - INFO - Epoch: 129 | train_loss: 1.8221 | train_OA: 1.0000 | train_AA: 1.0000 | train_Kappa: 1.0000
2024-02-02 15:32:47,911 - Trainlog - INFO - Epoch: 130 | train_loss: 1.8235 | train_OA: 1.0000 | train_AA: 1.0000 | train_Kappa: 1.0000
2024-02-02 15:32:48,005 - Trainlog - INFO - Epoch: 131 | train_loss: 1.8229 | train_OA: 1.0000 | train_AA: 1.0000 | train_Kappa: 1.0000
2024-02-02 15:32:48,099 - Trainlog - INFO - Epoch: 132 | train_loss: 1.8218 | train_OA: 1.0000 | train_AA: 1.0000 | train_Kappa: 1.0000
2024-02-02 15:32:48,194 - Trainlog - INFO - Epoch: 133 | train_loss: 1.8229 | train_OA: 1.0000 | train_AA: 1.0000 | train_Kappa: 1.0000
2024-02-02 15:32:48,289 - Trainlog - INFO - Epoch: 134 | train_loss: 1.8213 | train_OA: 1.0000 | train_AA: 1.0000 | train_Kappa: 1.0000
2024-02-02 15:32:48,383 - Trainlog - INFO - Epoch: 135 | train_loss: 1.8212 | train_OA: 1.0000 | train_AA: 1.0000 | train_Kappa: 1.0000
2024-02-02 15:32:48,476 - Trainlog - INFO - Epoch: 136 | train_loss: 1.8210 | train_OA: 1.0000 | train_AA: 1.0000 | train_Kappa: 1.0000
2024-02-02 15:32:48,572 - Trainlog - INFO - Epoch: 137 | train_loss: 1.8202 | train_OA: 1.0000 | train_AA: 1.0000 | train_Kappa: 1.0000
2024-02-02 15:32:48,667 - Trainlog - INFO - Epoch: 138 | train_loss: 1.8249 | train_OA: 0.9967 | train_AA: 0.9967 | train_Kappa: 0.9964
2024-02-02 15:32:48,760 - Trainlog - INFO - Epoch: 139 | train_loss: 1.8300 | train_OA: 0.9933 | train_AA: 0.9933 | train_Kappa: 0.9929
2024-02-02 15:32:48,855 - Trainlog - INFO - Epoch: 140 | train_loss: 1.8408 | train_OA: 0.9900 | train_AA: 0.9900 | train_Kappa: 0.9893
2024-02-02 15:32:48,949 - Trainlog - INFO - Epoch: 141 | train_loss: 1.8337 | train_OA: 0.9900 | train_AA: 0.9900 | train_Kappa: 0.9893
2024-02-02 15:32:49,043 - Trainlog - INFO - Epoch: 142 | train_loss: 1.8291 | train_OA: 0.9933 | train_AA: 0.9933 | train_Kappa: 0.9929
2024-02-02 15:32:49,142 - Trainlog - INFO - Epoch: 143 | train_loss: 1.8276 | train_OA: 0.9967 | train_AA: 0.9967 | train_Kappa: 0.9964
2024-02-02 15:32:49,238 - Trainlog - INFO - Epoch: 144 | train_loss: 1.8276 | train_OA: 1.0000 | train_AA: 1.0000 | train_Kappa: 1.0000
2024-02-02 15:32:49,333 - Trainlog - INFO - Epoch: 145 | train_loss: 1.8236 | train_OA: 1.0000 | train_AA: 1.0000 | train_Kappa: 1.0000
2024-02-02 15:32:49,428 - Trainlog - INFO - Epoch: 146 | train_loss: 1.8236 | train_OA: 1.0000 | train_AA: 1.0000 | train_Kappa: 1.0000
2024-02-02 15:32:49,523 - Trainlog - INFO - Epoch: 147 | train_loss: 1.8224 | train_OA: 1.0000 | train_AA: 1.0000 | train_Kappa: 1.0000
2024-02-02 15:32:49,617 - Trainlog - INFO - Epoch: 148 | train_loss: 1.8210 | train_OA: 1.0000 | train_AA: 1.0000 | train_Kappa: 1.0000
2024-02-02 15:32:49,713 - Trainlog - INFO - Epoch: 149 | train_loss: 1.8207 | train_OA: 1.0000 | train_AA: 1.0000 | train_Kappa: 1.0000
2024-02-02 15:32:49,807 - Trainlog - INFO - Epoch: 150 | train_loss: 1.8239 | train_OA: 1.0000 | train_AA: 1.0000 | train_Kappa: 1.0000
2024-02-02 15:32:49,901 - Trainlog - INFO - Epoch: 151 | train_loss: 1.8216 | train_OA: 1.0000 | train_AA: 1.0000 | train_Kappa: 1.0000
2024-02-02 15:32:49,997 - Trainlog - INFO - Epoch: 152 | train_loss: 1.8207 | train_OA: 1.0000 | train_AA: 1.0000 | train_Kappa: 1.0000
2024-02-02 15:32:50,091 - Trainlog - INFO - Epoch: 153 | train_loss: 1.8217 | train_OA: 1.0000 | train_AA: 1.0000 | train_Kappa: 1.0000
2024-02-02 15:32:50,187 - Trainlog - INFO - Epoch: 154 | train_loss: 1.8199 | train_OA: 1.0000 | train_AA: 1.0000 | train_Kappa: 1.0000
2024-02-02 15:32:50,282 - Trainlog - INFO - Epoch: 155 | train_loss: 1.8211 | train_OA: 1.0000 | train_AA: 1.0000 | train_Kappa: 1.0000
2024-02-02 15:32:50,376 - Trainlog - INFO - Epoch: 156 | train_loss: 1.8212 | train_OA: 1.0000 | train_AA: 1.0000 | train_Kappa: 1.0000
2024-02-02 15:32:50,470 - Trainlog - INFO - Epoch: 157 | train_loss: 1.8193 | train_OA: 1.0000 | train_AA: 1.0000 | train_Kappa: 1.0000
2024-02-02 15:32:50,565 - Trainlog - INFO - Epoch: 158 | train_loss: 1.8221 | train_OA: 1.0000 | train_AA: 1.0000 | train_Kappa: 1.0000
2024-02-02 15:32:50,659 - Trainlog - INFO - Epoch: 159 | train_loss: 1.8203 | train_OA: 1.0000 | train_AA: 1.0000 | train_Kappa: 1.0000
2024-02-02 15:32:50,753 - Trainlog - INFO - Epoch: 160 | train_loss: 1.8205 | train_OA: 1.0000 | train_AA: 1.0000 | train_Kappa: 1.0000
2024-02-02 15:32:50,847 - Trainlog - INFO - Epoch: 161 | train_loss: 1.8192 | train_OA: 1.0000 | train_AA: 1.0000 | train_Kappa: 1.0000
2024-02-02 15:32:50,941 - Trainlog - INFO - Epoch: 162 | train_loss: 1.8199 | train_OA: 1.0000 | train_AA: 1.0000 | train_Kappa: 1.0000
2024-02-02 15:32:51,035 - Trainlog - INFO - Epoch: 163 | train_loss: 1.8199 | train_OA: 1.0000 | train_AA: 1.0000 | train_Kappa: 1.0000
2024-02-02 15:32:51,130 - Trainlog - INFO - Epoch: 164 | train_loss: 1.8194 | train_OA: 1.0000 | train_AA: 1.0000 | train_Kappa: 1.0000
2024-02-02 15:32:51,226 - Trainlog - INFO - Epoch: 165 | train_loss: 1.8197 | train_OA: 1.0000 | train_AA: 1.0000 | train_Kappa: 1.0000
2024-02-02 15:32:51,320 - Trainlog - INFO - Epoch: 166 | train_loss: 1.8191 | train_OA: 1.0000 | train_AA: 1.0000 | train_Kappa: 1.0000
2024-02-02 15:32:51,415 - Trainlog - INFO - Epoch: 167 | train_loss: 1.8189 | train_OA: 1.0000 | train_AA: 1.0000 | train_Kappa: 1.0000
2024-02-02 15:32:51,511 - Trainlog - INFO - Epoch: 168 | train_loss: 1.8191 | train_OA: 1.0000 | train_AA: 1.0000 | train_Kappa: 1.0000
2024-02-02 15:32:51,604 - Trainlog - INFO - Epoch: 169 | train_loss: 1.8193 | train_OA: 1.0000 | train_AA: 1.0000 | train_Kappa: 1.0000
2024-02-02 15:32:51,699 - Trainlog - INFO - Epoch: 170 | train_loss: 1.8201 | train_OA: 1.0000 | train_AA: 1.0000 | train_Kappa: 1.0000
2024-02-02 15:32:51,793 - Trainlog - INFO - Epoch: 171 | train_loss: 1.8186 | train_OA: 1.0000 | train_AA: 1.0000 | train_Kappa: 1.0000
2024-02-02 15:32:51,886 - Trainlog - INFO - Epoch: 172 | train_loss: 1.8191 | train_OA: 1.0000 | train_AA: 1.0000 | train_Kappa: 1.0000
2024-02-02 15:32:51,982 - Trainlog - INFO - Epoch: 173 | train_loss: 1.8192 | train_OA: 1.0000 | train_AA: 1.0000 | train_Kappa: 1.0000
2024-02-02 15:32:52,076 - Trainlog - INFO - Epoch: 174 | train_loss: 1.8190 | train_OA: 1.0000 | train_AA: 1.0000 | train_Kappa: 1.0000
2024-02-02 15:32:52,170 - Trainlog - INFO - Epoch: 175 | train_loss: 1.8196 | train_OA: 1.0000 | train_AA: 1.0000 | train_Kappa: 1.0000
2024-02-02 15:32:52,265 - Trainlog - INFO - Epoch: 176 | train_loss: 1.8187 | train_OA: 1.0000 | train_AA: 1.0000 | train_Kappa: 1.0000
2024-02-02 15:32:52,359 - Trainlog - INFO - Epoch: 177 | train_loss: 1.8191 | train_OA: 1.0000 | train_AA: 1.0000 | train_Kappa: 1.0000
2024-02-02 15:32:52,452 - Trainlog - INFO - Epoch: 178 | train_loss: 1.8186 | train_OA: 1.0000 | train_AA: 1.0000 | train_Kappa: 1.0000
2024-02-02 15:32:52,547 - Trainlog - INFO - Epoch: 179 | train_loss: 1.8189 | train_OA: 1.0000 | train_AA: 1.0000 | train_Kappa: 1.0000
2024-02-02 15:32:52,642 - Trainlog - INFO - Epoch: 180 | train_loss: 1.8184 | train_OA: 1.0000 | train_AA: 1.0000 | train_Kappa: 1.0000
2024-02-02 15:32:52,736 - Trainlog - INFO - Epoch: 181 | train_loss: 1.8186 | train_OA: 1.0000 | train_AA: 1.0000 | train_Kappa: 1.0000
2024-02-02 15:32:52,830 - Trainlog - INFO - Epoch: 182 | train_loss: 1.8187 | train_OA: 1.0000 | train_AA: 1.0000 | train_Kappa: 1.0000
2024-02-02 15:32:52,924 - Trainlog - INFO - Epoch: 183 | train_loss: 1.8185 | train_OA: 1.0000 | train_AA: 1.0000 | train_Kappa: 1.0000
2024-02-02 15:32:53,018 - Trainlog - INFO - Epoch: 184 | train_loss: 1.8185 | train_OA: 1.0000 | train_AA: 1.0000 | train_Kappa: 1.0000
2024-02-02 15:32:53,114 - Trainlog - INFO - Epoch: 185 | train_loss: 1.8183 | train_OA: 1.0000 | train_AA: 1.0000 | train_Kappa: 1.0000
2024-02-02 15:32:53,207 - Trainlog - INFO - Epoch: 186 | train_loss: 1.8190 | train_OA: 1.0000 | train_AA: 1.0000 | train_Kappa: 1.0000
2024-02-02 15:32:53,303 - Trainlog - INFO - Epoch: 187 | train_loss: 1.8186 | train_OA: 1.0000 | train_AA: 1.0000 | train_Kappa: 1.0000
2024-02-02 15:32:53,399 - Trainlog - INFO - Epoch: 188 | train_loss: 1.8189 | train_OA: 1.0000 | train_AA: 1.0000 | train_Kappa: 1.0000
2024-02-02 15:32:53,494 - Trainlog - INFO - Epoch: 189 | train_loss: 1.8184 | train_OA: 1.0000 | train_AA: 1.0000 | train_Kappa: 1.0000
2024-02-02 15:32:53,588 - Trainlog - INFO - Epoch: 190 | train_loss: 1.8200 | train_OA: 1.0000 | train_AA: 1.0000 | train_Kappa: 1.0000
2024-02-02 15:32:53,684 - Trainlog - INFO - Epoch: 191 | train_loss: 1.8185 | train_OA: 1.0000 | train_AA: 1.0000 | train_Kappa: 1.0000
2024-02-02 15:32:53,778 - Trainlog - INFO - Epoch: 192 | train_loss: 1.8191 | train_OA: 1.0000 | train_AA: 1.0000 | train_Kappa: 1.0000
2024-02-02 15:32:53,872 - Trainlog - INFO - Epoch: 193 | train_loss: 1.8186 | train_OA: 1.0000 | train_AA: 1.0000 | train_Kappa: 1.0000
2024-02-02 15:32:54,025 - Trainlog - INFO - Epoch: 194 | train_loss: 1.8185 | train_OA: 1.0000 | train_AA: 1.0000 | train_Kappa: 1.0000
2024-02-02 15:32:54,119 - Trainlog - INFO - Epoch: 195 | train_loss: 1.8186 | train_OA: 1.0000 | train_AA: 1.0000 | train_Kappa: 1.0000
2024-02-02 15:32:54,214 - Trainlog - INFO - Epoch: 196 | train_loss: 1.8182 | train_OA: 1.0000 | train_AA: 1.0000 | train_Kappa: 1.0000
2024-02-02 15:32:54,310 - Trainlog - INFO - Epoch: 197 | train_loss: 1.8184 | train_OA: 1.0000 | train_AA: 1.0000 | train_Kappa: 1.0000
2024-02-02 15:32:54,405 - Trainlog - INFO - Epoch: 198 | train_loss: 1.8183 | train_OA: 1.0000 | train_AA: 1.0000 | train_Kappa: 1.0000
2024-02-02 15:32:54,500 - Trainlog - INFO - Epoch: 199 | train_loss: 1.8183 | train_OA: 1.0000 | train_AA: 1.0000 | train_Kappa: 1.0000
2024-02-02 15:32:54,595 - Trainlog - INFO - Epoch: 200 | train_loss: 1.8190 | train_OA: 1.0000 | train_AA: 1.0000 | train_Kappa: 1.0000
2024-02-02 15:32:54,688 - Trainlog - INFO - Epoch: 201 | train_loss: 1.8182 | train_OA: 1.0000 | train_AA: 1.0000 | train_Kappa: 1.0000
2024-02-02 15:32:54,782 - Trainlog - INFO - Epoch: 202 | train_loss: 1.8182 | train_OA: 1.0000 | train_AA: 1.0000 | train_Kappa: 1.0000
2024-02-02 15:32:54,877 - Trainlog - INFO - Epoch: 203 | train_loss: 1.8182 | train_OA: 1.0000 | train_AA: 1.0000 | train_Kappa: 1.0000
2024-02-02 15:32:54,974 - Trainlog - INFO - Epoch: 204 | train_loss: 1.8183 | train_OA: 1.0000 | train_AA: 1.0000 | train_Kappa: 1.0000
2024-02-02 15:32:55,069 - Trainlog - INFO - Epoch: 205 | train_loss: 1.8183 | train_OA: 1.0000 | train_AA: 1.0000 | train_Kappa: 1.0000
2024-02-02 15:32:55,164 - Trainlog - INFO - Epoch: 206 | train_loss: 1.8190 | train_OA: 1.0000 | train_AA: 1.0000 | train_Kappa: 1.0000
2024-02-02 15:32:55,258 - Trainlog - INFO - Epoch: 207 | train_loss: 1.8193 | train_OA: 1.0000 | train_AA: 1.0000 | train_Kappa: 1.0000
2024-02-02 15:32:55,352 - Trainlog - INFO - Epoch: 208 | train_loss: 1.8188 | train_OA: 1.0000 | train_AA: 1.0000 | train_Kappa: 1.0000
2024-02-02 15:32:55,447 - Trainlog - INFO - Epoch: 209 | train_loss: 1.8191 | train_OA: 1.0000 | train_AA: 1.0000 | train_Kappa: 1.0000
2024-02-02 15:32:55,542 - Trainlog - INFO - Epoch: 210 | train_loss: 1.8183 | train_OA: 1.0000 | train_AA: 1.0000 | train_Kappa: 1.0000
2024-02-02 15:32:55,638 - Trainlog - INFO - Epoch: 211 | train_loss: 1.8188 | train_OA: 1.0000 | train_AA: 1.0000 | train_Kappa: 1.0000
2024-02-02 15:32:55,734 - Trainlog - INFO - Epoch: 212 | train_loss: 1.8185 | train_OA: 1.0000 | train_AA: 1.0000 | train_Kappa: 1.0000
2024-02-02 15:32:55,829 - Trainlog - INFO - Epoch: 213 | train_loss: 1.8183 | train_OA: 1.0000 | train_AA: 1.0000 | train_Kappa: 1.0000
2024-02-02 15:32:55,922 - Trainlog - INFO - Epoch: 214 | train_loss: 1.8183 | train_OA: 1.0000 | train_AA: 1.0000 | train_Kappa: 1.0000
2024-02-02 15:32:56,017 - Trainlog - INFO - Epoch: 215 | train_loss: 1.8180 | train_OA: 1.0000 | train_AA: 1.0000 | train_Kappa: 1.0000
2024-02-02 15:32:56,111 - Trainlog - INFO - Epoch: 216 | train_loss: 1.8183 | train_OA: 1.0000 | train_AA: 1.0000 | train_Kappa: 1.0000
2024-02-02 15:32:56,205 - Trainlog - INFO - Epoch: 217 | train_loss: 1.8183 | train_OA: 1.0000 | train_AA: 1.0000 | train_Kappa: 1.0000
2024-02-02 15:32:56,301 - Trainlog - INFO - Epoch: 218 | train_loss: 1.8180 | train_OA: 1.0000 | train_AA: 1.0000 | train_Kappa: 1.0000
2024-02-02 15:32:56,395 - Trainlog - INFO - Epoch: 219 | train_loss: 1.8184 | train_OA: 1.0000 | train_AA: 1.0000 | train_Kappa: 1.0000
2024-02-02 15:32:56,488 - Trainlog - INFO - Epoch: 220 | train_loss: 1.8182 | train_OA: 1.0000 | train_AA: 1.0000 | train_Kappa: 1.0000
2024-02-02 15:32:56,582 - Trainlog - INFO - Epoch: 221 | train_loss: 1.8182 | train_OA: 1.0000 | train_AA: 1.0000 | train_Kappa: 1.0000
2024-02-02 15:32:56,676 - Trainlog - INFO - Epoch: 222 | train_loss: 1.8180 | train_OA: 1.0000 | train_AA: 1.0000 | train_Kappa: 1.0000
2024-02-02 15:32:56,769 - Trainlog - INFO - Epoch: 223 | train_loss: 1.8186 | train_OA: 1.0000 | train_AA: 1.0000 | train_Kappa: 1.0000
2024-02-02 15:32:56,864 - Trainlog - INFO - Epoch: 224 | train_loss: 1.8179 | train_OA: 1.0000 | train_AA: 1.0000 | train_Kappa: 1.0000
2024-02-02 15:32:56,960 - Trainlog - INFO - Epoch: 225 | train_loss: 1.8179 | train_OA: 1.0000 | train_AA: 1.0000 | train_Kappa: 1.0000
2024-02-02 15:32:57,057 - Trainlog - INFO - Epoch: 226 | train_loss: 1.8183 | train_OA: 1.0000 | train_AA: 1.0000 | train_Kappa: 1.0000
2024-02-02 15:32:57,151 - Trainlog - INFO - Epoch: 227 | train_loss: 1.8180 | train_OA: 1.0000 | train_AA: 1.0000 | train_Kappa: 1.0000
2024-02-02 15:32:57,245 - Trainlog - INFO - Epoch: 228 | train_loss: 1.8181 | train_OA: 1.0000 | train_AA: 1.0000 | train_Kappa: 1.0000
2024-02-02 15:32:57,339 - Trainlog - INFO - Epoch: 229 | train_loss: 1.8180 | train_OA: 1.0000 | train_AA: 1.0000 | train_Kappa: 1.0000
2024-02-02 15:32:57,433 - Trainlog - INFO - Epoch: 230 | train_loss: 1.8182 | train_OA: 1.0000 | train_AA: 1.0000 | train_Kappa: 1.0000
2024-02-02 15:32:57,527 - Trainlog - INFO - Epoch: 231 | train_loss: 1.8185 | train_OA: 1.0000 | train_AA: 1.0000 | train_Kappa: 1.0000
2024-02-02 15:32:57,621 - Trainlog - INFO - Epoch: 232 | train_loss: 1.8187 | train_OA: 1.0000 | train_AA: 1.0000 | train_Kappa: 1.0000
2024-02-02 15:32:57,715 - Trainlog - INFO - Epoch: 233 | train_loss: 1.8181 | train_OA: 1.0000 | train_AA: 1.0000 | train_Kappa: 1.0000
2024-02-02 15:32:57,809 - Trainlog - INFO - Epoch: 234 | train_loss: 1.8180 | train_OA: 1.0000 | train_AA: 1.0000 | train_Kappa: 1.0000
2024-02-02 15:32:57,902 - Trainlog - INFO - Epoch: 235 | train_loss: 1.8177 | train_OA: 1.0000 | train_AA: 1.0000 | train_Kappa: 1.0000
2024-02-02 15:32:57,996 - Trainlog - INFO - Epoch: 236 | train_loss: 1.8177 | train_OA: 1.0000 | train_AA: 1.0000 | train_Kappa: 1.0000
2024-02-02 15:32:58,089 - Trainlog - INFO - Epoch: 237 | train_loss: 1.8177 | train_OA: 1.0000 | train_AA: 1.0000 | train_Kappa: 1.0000
2024-02-02 15:32:58,183 - Trainlog - INFO - Epoch: 238 | train_loss: 1.8178 | train_OA: 1.0000 | train_AA: 1.0000 | train_Kappa: 1.0000
2024-02-02 15:32:58,277 - Trainlog - INFO - Epoch: 239 | train_loss: 1.8178 | train_OA: 1.0000 | train_AA: 1.0000 | train_Kappa: 1.0000
2024-02-02 15:32:58,370 - Trainlog - INFO - Epoch: 240 | train_loss: 1.8181 | train_OA: 1.0000 | train_AA: 1.0000 | train_Kappa: 1.0000
2024-02-02 15:32:58,464 - Trainlog - INFO - Epoch: 241 | train_loss: 1.8177 | train_OA: 1.0000 | train_AA: 1.0000 | train_Kappa: 1.0000
2024-02-02 15:32:58,558 - Trainlog - INFO - Epoch: 242 | train_loss: 1.8178 | train_OA: 1.0000 | train_AA: 1.0000 | train_Kappa: 1.0000
2024-02-02 15:32:58,652 - Trainlog - INFO - Epoch: 243 | train_loss: 1.8179 | train_OA: 1.0000 | train_AA: 1.0000 | train_Kappa: 1.0000
2024-02-02 15:32:58,746 - Trainlog - INFO - Epoch: 244 | train_loss: 1.8179 | train_OA: 1.0000 | train_AA: 1.0000 | train_Kappa: 1.0000
2024-02-02 15:32:58,841 - Trainlog - INFO - Epoch: 245 | train_loss: 1.8178 | train_OA: 1.0000 | train_AA: 1.0000 | train_Kappa: 1.0000
2024-02-02 15:32:58,935 - Trainlog - INFO - Epoch: 246 | train_loss: 1.8178 | train_OA: 1.0000 | train_AA: 1.0000 | train_Kappa: 1.0000
2024-02-02 15:32:59,029 - Trainlog - INFO - Epoch: 247 | train_loss: 1.8179 | train_OA: 1.0000 | train_AA: 1.0000 | train_Kappa: 1.0000
2024-02-02 15:32:59,124 - Trainlog - INFO - Epoch: 248 | train_loss: 1.8181 | train_OA: 1.0000 | train_AA: 1.0000 | train_Kappa: 1.0000
2024-02-02 15:32:59,220 - Trainlog - INFO - Epoch: 249 | train_loss: 1.8176 | train_OA: 1.0000 | train_AA: 1.0000 | train_Kappa: 1.0000
2024-02-02 15:32:59,313 - Trainlog - INFO - Epoch: 250 | train_loss: 1.8179 | train_OA: 1.0000 | train_AA: 1.0000 | train_Kappa: 1.0000
2024-02-02 15:32:59,408 - Trainlog - INFO - Epoch: 251 | train_loss: 1.8180 | train_OA: 1.0000 | train_AA: 1.0000 | train_Kappa: 1.0000
2024-02-02 15:32:59,502 - Trainlog - INFO - Epoch: 252 | train_loss: 1.8178 | train_OA: 1.0000 | train_AA: 1.0000 | train_Kappa: 1.0000
2024-02-02 15:32:59,596 - Trainlog - INFO - Epoch: 253 | train_loss: 1.8182 | train_OA: 1.0000 | train_AA: 1.0000 | train_Kappa: 1.0000
2024-02-02 15:32:59,692 - Trainlog - INFO - Epoch: 254 | train_loss: 1.8176 | train_OA: 1.0000 | train_AA: 1.0000 | train_Kappa: 1.0000
2024-02-02 15:32:59,785 - Trainlog - INFO - Epoch: 255 | train_loss: 1.8178 | train_OA: 1.0000 | train_AA: 1.0000 | train_Kappa: 1.0000
2024-02-02 15:32:59,879 - Trainlog - INFO - Epoch: 256 | train_loss: 1.8178 | train_OA: 1.0000 | train_AA: 1.0000 | train_Kappa: 1.0000
2024-02-02 15:32:59,973 - Trainlog - INFO - Epoch: 257 | train_loss: 1.8191 | train_OA: 1.0000 | train_AA: 1.0000 | train_Kappa: 1.0000
2024-02-02 15:33:00,067 - Trainlog - INFO - Epoch: 258 | train_loss: 1.8179 | train_OA: 1.0000 | train_AA: 1.0000 | train_Kappa: 1.0000
2024-02-02 15:33:00,161 - Trainlog - INFO - Epoch: 259 | train_loss: 1.8178 | train_OA: 1.0000 | train_AA: 1.0000 | train_Kappa: 1.0000
2024-02-02 15:33:00,256 - Trainlog - INFO - Epoch: 260 | train_loss: 1.8178 | train_OA: 1.0000 | train_AA: 1.0000 | train_Kappa: 1.0000
2024-02-02 15:33:00,349 - Trainlog - INFO - Epoch: 261 | train_loss: 1.8206 | train_OA: 0.9967 | train_AA: 0.9967 | train_Kappa: 0.9964
2024-02-02 15:33:00,443 - Trainlog - INFO - Epoch: 262 | train_loss: 1.8180 | train_OA: 1.0000 | train_AA: 1.0000 | train_Kappa: 1.0000
2024-02-02 15:33:00,537 - Trainlog - INFO - Epoch: 263 | train_loss: 1.8180 | train_OA: 1.0000 | train_AA: 1.0000 | train_Kappa: 1.0000
2024-02-02 15:33:00,631 - Trainlog - INFO - Epoch: 264 | train_loss: 1.8179 | train_OA: 1.0000 | train_AA: 1.0000 | train_Kappa: 1.0000
2024-02-02 15:33:00,723 - Trainlog - INFO - Epoch: 265 | train_loss: 1.8181 | train_OA: 1.0000 | train_AA: 1.0000 | train_Kappa: 1.0000
2024-02-02 15:33:00,817 - Trainlog - INFO - Epoch: 266 | train_loss: 1.8180 | train_OA: 1.0000 | train_AA: 1.0000 | train_Kappa: 1.0000
2024-02-02 15:33:00,910 - Trainlog - INFO - Epoch: 267 | train_loss: 1.8179 | train_OA: 1.0000 | train_AA: 1.0000 | train_Kappa: 1.0000
2024-02-02 15:33:01,004 - Trainlog - INFO - Epoch: 268 | train_loss: 1.8177 | train_OA: 1.0000 | train_AA: 1.0000 | train_Kappa: 1.0000
2024-02-02 15:33:01,099 - Trainlog - INFO - Epoch: 269 | train_loss: 1.8177 | train_OA: 1.0000 | train_AA: 1.0000 | train_Kappa: 1.0000
2024-02-02 15:33:01,193 - Trainlog - INFO - Epoch: 270 | train_loss: 1.8176 | train_OA: 1.0000 | train_AA: 1.0000 | train_Kappa: 1.0000
2024-02-02 15:33:01,287 - Trainlog - INFO - Epoch: 271 | train_loss: 1.8182 | train_OA: 1.0000 | train_AA: 1.0000 | train_Kappa: 1.0000
2024-02-02 15:33:01,382 - Trainlog - INFO - Epoch: 272 | train_loss: 1.8178 | train_OA: 1.0000 | train_AA: 1.0000 | train_Kappa: 1.0000
2024-02-02 15:33:01,477 - Trainlog - INFO - Epoch: 273 | train_loss: 1.8178 | train_OA: 1.0000 | train_AA: 1.0000 | train_Kappa: 1.0000
2024-02-02 15:33:01,576 - Trainlog - INFO - Epoch: 274 | train_loss: 1.8178 | train_OA: 1.0000 | train_AA: 1.0000 | train_Kappa: 1.0000
2024-02-02 15:33:01,672 - Trainlog - INFO - Epoch: 275 | train_loss: 1.8175 | train_OA: 1.0000 | train_AA: 1.0000 | train_Kappa: 1.0000
2024-02-02 15:33:01,767 - Trainlog - INFO - Epoch: 276 | train_loss: 1.8180 | train_OA: 1.0000 | train_AA: 1.0000 | train_Kappa: 1.0000
2024-02-02 15:33:01,861 - Trainlog - INFO - Epoch: 277 | train_loss: 1.8177 | train_OA: 1.0000 | train_AA: 1.0000 | train_Kappa: 1.0000
2024-02-02 15:33:01,956 - Trainlog - INFO - Epoch: 278 | train_loss: 1.8175 | train_OA: 1.0000 | train_AA: 1.0000 | train_Kappa: 1.0000
2024-02-02 15:33:02,050 - Trainlog - INFO - Epoch: 279 | train_loss: 1.8176 | train_OA: 1.0000 | train_AA: 1.0000 | train_Kappa: 1.0000
2024-02-02 15:33:02,145 - Trainlog - INFO - Epoch: 280 | train_loss: 1.8177 | train_OA: 1.0000 | train_AA: 1.0000 | train_Kappa: 1.0000
2024-02-02 15:33:02,240 - Trainlog - INFO - Epoch: 281 | train_loss: 1.8178 | train_OA: 1.0000 | train_AA: 1.0000 | train_Kappa: 1.0000
2024-02-02 15:33:02,335 - Trainlog - INFO - Epoch: 282 | train_loss: 1.8176 | train_OA: 1.0000 | train_AA: 1.0000 | train_Kappa: 1.0000
2024-02-02 15:33:02,429 - Trainlog - INFO - Epoch: 283 | train_loss: 1.8177 | train_OA: 1.0000 | train_AA: 1.0000 | train_Kappa: 1.0000
2024-02-02 15:33:02,524 - Trainlog - INFO - Epoch: 284 | train_loss: 1.8175 | train_OA: 1.0000 | train_AA: 1.0000 | train_Kappa: 1.0000
2024-02-02 15:33:02,618 - Trainlog - INFO - Epoch: 285 | train_loss: 1.8177 | train_OA: 1.0000 | train_AA: 1.0000 | train_Kappa: 1.0000
2024-02-02 15:33:02,711 - Trainlog - INFO - Epoch: 286 | train_loss: 1.8177 | train_OA: 1.0000 | train_AA: 1.0000 | train_Kappa: 1.0000
2024-02-02 15:33:02,806 - Trainlog - INFO - Epoch: 287 | train_loss: 1.8175 | train_OA: 1.0000 | train_AA: 1.0000 | train_Kappa: 1.0000
2024-02-02 15:33:02,899 - Trainlog - INFO - Epoch: 288 | train_loss: 1.8176 | train_OA: 1.0000 | train_AA: 1.0000 | train_Kappa: 1.0000
2024-02-02 15:33:02,993 - Trainlog - INFO - Epoch: 289 | train_loss: 1.8176 | train_OA: 1.0000 | train_AA: 1.0000 | train_Kappa: 1.0000
2024-02-02 15:33:03,087 - Trainlog - INFO - Epoch: 290 | train_loss: 1.8178 | train_OA: 1.0000 | train_AA: 1.0000 | train_Kappa: 1.0000
2024-02-02 15:33:03,181 - Trainlog - INFO - Epoch: 291 | train_loss: 1.8181 | train_OA: 1.0000 | train_AA: 1.0000 | train_Kappa: 1.0000
2024-02-02 15:33:03,275 - Trainlog - INFO - Epoch: 292 | train_loss: 1.8180 | train_OA: 1.0000 | train_AA: 1.0000 | train_Kappa: 1.0000
2024-02-02 15:33:03,369 - Trainlog - INFO - Epoch: 293 | train_loss: 1.8175 | train_OA: 1.0000 | train_AA: 1.0000 | train_Kappa: 1.0000
2024-02-02 15:33:03,464 - Trainlog - INFO - Epoch: 294 | train_loss: 1.8178 | train_OA: 1.0000 | train_AA: 1.0000 | train_Kappa: 1.0000
2024-02-02 15:33:03,560 - Trainlog - INFO - Epoch: 295 | train_loss: 1.8176 | train_OA: 1.0000 | train_AA: 1.0000 | train_Kappa: 1.0000
2024-02-02 15:33:03,655 - Trainlog - INFO - Epoch: 296 | train_loss: 1.8175 | train_OA: 1.0000 | train_AA: 1.0000 | train_Kappa: 1.0000
2024-02-02 15:33:03,749 - Trainlog - INFO - Epoch: 297 | train_loss: 1.8178 | train_OA: 1.0000 | train_AA: 1.0000 | train_Kappa: 1.0000
2024-02-02 15:33:03,841 - Trainlog - INFO - Epoch: 298 | train_loss: 1.8176 | train_OA: 1.0000 | train_AA: 1.0000 | train_Kappa: 1.0000
2024-02-02 15:33:03,936 - Trainlog - INFO - Epoch: 299 | train_loss: 1.8175 | train_OA: 1.0000 | train_AA: 1.0000 | train_Kappa: 1.0000
2024-02-02 15:33:04,029 - Trainlog - INFO - Epoch: 300 | train_loss: 1.8175 | train_OA: 1.0000 | train_AA: 1.0000 | train_Kappa: 1.0000
2024-02-02 15:33:04,123 - Trainlog - INFO - Epoch: 301 | train_loss: 1.8176 | train_OA: 1.0000 | train_AA: 1.0000 | train_Kappa: 1.0000
2024-02-02 15:33:04,217 - Trainlog - INFO - Epoch: 302 | train_loss: 1.8184 | train_OA: 1.0000 | train_AA: 1.0000 | train_Kappa: 1.0000
2024-02-02 15:33:04,311 - Trainlog - INFO - Epoch: 303 | train_loss: 1.8175 | train_OA: 1.0000 | train_AA: 1.0000 | train_Kappa: 1.0000
2024-02-02 15:33:04,405 - Trainlog - INFO - Epoch: 304 | train_loss: 1.8181 | train_OA: 1.0000 | train_AA: 1.0000 | train_Kappa: 1.0000
2024-02-02 15:33:04,501 - Trainlog - INFO - Epoch: 305 | train_loss: 1.8177 | train_OA: 1.0000 | train_AA: 1.0000 | train_Kappa: 1.0000
2024-02-02 15:33:04,595 - Trainlog - INFO - Epoch: 306 | train_loss: 1.8174 | train_OA: 1.0000 | train_AA: 1.0000 | train_Kappa: 1.0000
2024-02-02 15:33:04,689 - Trainlog - INFO - Epoch: 307 | train_loss: 1.8174 | train_OA: 1.0000 | train_AA: 1.0000 | train_Kappa: 1.0000
2024-02-02 15:33:04,785 - Trainlog - INFO - Epoch: 308 | train_loss: 1.8175 | train_OA: 1.0000 | train_AA: 1.0000 | train_Kappa: 1.0000
2024-02-02 15:33:04,879 - Trainlog - INFO - Epoch: 309 | train_loss: 1.8177 | train_OA: 1.0000 | train_AA: 1.0000 | train_Kappa: 1.0000
2024-02-02 15:33:04,973 - Trainlog - INFO - Epoch: 310 | train_loss: 1.8175 | train_OA: 1.0000 | train_AA: 1.0000 | train_Kappa: 1.0000
2024-02-02 15:33:05,069 - Trainlog - INFO - Epoch: 311 | train_loss: 1.8174 | train_OA: 1.0000 | train_AA: 1.0000 | train_Kappa: 1.0000
2024-02-02 15:33:05,163 - Trainlog - INFO - Epoch: 312 | train_loss: 1.8175 | train_OA: 1.0000 | train_AA: 1.0000 | train_Kappa: 1.0000
2024-02-02 15:33:05,258 - Trainlog - INFO - Epoch: 313 | train_loss: 1.8174 | train_OA: 1.0000 | train_AA: 1.0000 | train_Kappa: 1.0000
2024-02-02 15:33:05,354 - Trainlog - INFO - Epoch: 314 | train_loss: 1.8198 | train_OA: 1.0000 | train_AA: 1.0000 | train_Kappa: 1.0000
2024-02-02 15:33:05,448 - Trainlog - INFO - Epoch: 315 | train_loss: 1.8187 | train_OA: 1.0000 | train_AA: 1.0000 | train_Kappa: 1.0000
2024-02-02 15:33:05,542 - Trainlog - INFO - Epoch: 316 | train_loss: 1.8185 | train_OA: 1.0000 | train_AA: 1.0000 | train_Kappa: 1.0000
2024-02-02 15:33:05,638 - Trainlog - INFO - Epoch: 317 | train_loss: 1.8185 | train_OA: 1.0000 | train_AA: 1.0000 | train_Kappa: 1.0000
2024-02-02 15:33:05,732 - Trainlog - INFO - Epoch: 318 | train_loss: 1.8178 | train_OA: 1.0000 | train_AA: 1.0000 | train_Kappa: 1.0000
2024-02-02 15:33:05,825 - Trainlog - INFO - Epoch: 319 | train_loss: 1.8177 | train_OA: 1.0000 | train_AA: 1.0000 | train_Kappa: 1.0000
2024-02-02 15:33:05,920 - Trainlog - INFO - Epoch: 320 | train_loss: 1.8178 | train_OA: 1.0000 | train_AA: 1.0000 | train_Kappa: 1.0000
2024-02-02 15:33:06,014 - Trainlog - INFO - Epoch: 321 | train_loss: 1.8195 | train_OA: 1.0000 | train_AA: 1.0000 | train_Kappa: 1.0000
2024-02-02 15:33:06,108 - Trainlog - INFO - Epoch: 322 | train_loss: 1.8180 | train_OA: 1.0000 | train_AA: 1.0000 | train_Kappa: 1.0000
2024-02-02 15:33:06,203 - Trainlog - INFO - Epoch: 323 | train_loss: 1.8184 | train_OA: 1.0000 | train_AA: 1.0000 | train_Kappa: 1.0000
2024-02-02 15:33:06,297 - Trainlog - INFO - Epoch: 324 | train_loss: 1.8179 | train_OA: 1.0000 | train_AA: 1.0000 | train_Kappa: 1.0000
2024-02-02 15:33:06,390 - Trainlog - INFO - Epoch: 325 | train_loss: 1.8177 | train_OA: 1.0000 | train_AA: 1.0000 | train_Kappa: 1.0000
2024-02-02 15:33:06,484 - Trainlog - INFO - Epoch: 326 | train_loss: 1.8176 | train_OA: 1.0000 | train_AA: 1.0000 | train_Kappa: 1.0000
2024-02-02 15:33:06,578 - Trainlog - INFO - Epoch: 327 | train_loss: 1.8176 | train_OA: 1.0000 | train_AA: 1.0000 | train_Kappa: 1.0000
2024-02-02 15:33:06,671 - Trainlog - INFO - Epoch: 328 | train_loss: 1.8175 | train_OA: 1.0000 | train_AA: 1.0000 | train_Kappa: 1.0000
2024-02-02 15:33:06,766 - Trainlog - INFO - Epoch: 329 | train_loss: 1.8174 | train_OA: 1.0000 | train_AA: 1.0000 | train_Kappa: 1.0000
2024-02-02 15:33:06,860 - Trainlog - INFO - Epoch: 330 | train_loss: 1.8175 | train_OA: 1.0000 | train_AA: 1.0000 | train_Kappa: 1.0000
2024-02-02 15:33:06,953 - Trainlog - INFO - Epoch: 331 | train_loss: 1.8175 | train_OA: 1.0000 | train_AA: 1.0000 | train_Kappa: 1.0000
2024-02-02 15:33:07,048 - Trainlog - INFO - Epoch: 332 | train_loss: 1.8177 | train_OA: 1.0000 | train_AA: 1.0000 | train_Kappa: 1.0000
2024-02-02 15:33:07,142 - Trainlog - INFO - Epoch: 333 | train_loss: 1.8175 | train_OA: 1.0000 | train_AA: 1.0000 | train_Kappa: 1.0000
2024-02-02 15:33:07,235 - Trainlog - INFO - Epoch: 334 | train_loss: 1.8176 | train_OA: 1.0000 | train_AA: 1.0000 | train_Kappa: 1.0000
2024-02-02 15:33:07,329 - Trainlog - INFO - Epoch: 335 | train_loss: 1.8176 | train_OA: 1.0000 | train_AA: 1.0000 | train_Kappa: 1.0000
2024-02-02 15:33:07,422 - Trainlog - INFO - Epoch: 336 | train_loss: 1.8173 | train_OA: 1.0000 | train_AA: 1.0000 | train_Kappa: 1.0000
2024-02-02 15:33:07,516 - Trainlog - INFO - Epoch: 337 | train_loss: 1.8175 | train_OA: 1.0000 | train_AA: 1.0000 | train_Kappa: 1.0000
2024-02-02 15:33:07,610 - Trainlog - INFO - Epoch: 338 | train_loss: 1.8176 | train_OA: 1.0000 | train_AA: 1.0000 | train_Kappa: 1.0000
2024-02-02 15:33:07,704 - Trainlog - INFO - Epoch: 339 | train_loss: 1.8176 | train_OA: 1.0000 | train_AA: 1.0000 | train_Kappa: 1.0000
2024-02-02 15:33:07,798 - Trainlog - INFO - Epoch: 340 | train_loss: 1.8175 | train_OA: 1.0000 | train_AA: 1.0000 | train_Kappa: 1.0000
2024-02-02 15:33:07,892 - Trainlog - INFO - Epoch: 341 | train_loss: 1.8175 | train_OA: 1.0000 | train_AA: 1.0000 | train_Kappa: 1.0000
2024-02-02 15:33:07,985 - Trainlog - INFO - Epoch: 342 | train_loss: 1.8176 | train_OA: 1.0000 | train_AA: 1.0000 | train_Kappa: 1.0000
2024-02-02 15:33:08,080 - Trainlog - INFO - Epoch: 343 | train_loss: 1.8175 | train_OA: 1.0000 | train_AA: 1.0000 | train_Kappa: 1.0000
2024-02-02 15:33:08,174 - Trainlog - INFO - Epoch: 344 | train_loss: 1.8173 | train_OA: 1.0000 | train_AA: 1.0000 | train_Kappa: 1.0000
2024-02-02 15:33:08,268 - Trainlog - INFO - Epoch: 345 | train_loss: 1.8175 | train_OA: 1.0000 | train_AA: 1.0000 | train_Kappa: 1.0000
2024-02-02 15:33:08,362 - Trainlog - INFO - Epoch: 346 | train_loss: 1.8175 | train_OA: 1.0000 | train_AA: 1.0000 | train_Kappa: 1.0000
2024-02-02 15:33:08,458 - Trainlog - INFO - Epoch: 347 | train_loss: 1.8175 | train_OA: 1.0000 | train_AA: 1.0000 | train_Kappa: 1.0000
2024-02-02 15:33:08,552 - Trainlog - INFO - Epoch: 348 | train_loss: 1.8176 | train_OA: 1.0000 | train_AA: 1.0000 | train_Kappa: 1.0000
2024-02-02 15:33:08,646 - Trainlog - INFO - Epoch: 349 | train_loss: 1.8175 | train_OA: 1.0000 | train_AA: 1.0000 | train_Kappa: 1.0000
2024-02-02 15:33:08,740 - Trainlog - INFO - Epoch: 350 | train_loss: 1.8175 | train_OA: 1.0000 | train_AA: 1.0000 | train_Kappa: 1.0000
2024-02-02 15:33:08,834 - Trainlog - INFO - Epoch: 351 | train_loss: 1.8173 | train_OA: 1.0000 | train_AA: 1.0000 | train_Kappa: 1.0000
2024-02-02 15:33:08,929 - Trainlog - INFO - Epoch: 352 | train_loss: 1.8174 | train_OA: 1.0000 | train_AA: 1.0000 | train_Kappa: 1.0000
2024-02-02 15:33:09,023 - Trainlog - INFO - Epoch: 353 | train_loss: 1.8173 | train_OA: 1.0000 | train_AA: 1.0000 | train_Kappa: 1.0000
2024-02-02 15:33:09,117 - Trainlog - INFO - Epoch: 354 | train_loss: 1.8174 | train_OA: 1.0000 | train_AA: 1.0000 | train_Kappa: 1.0000
2024-02-02 15:33:09,211 - Trainlog - INFO - Epoch: 355 | train_loss: 1.8179 | train_OA: 1.0000 | train_AA: 1.0000 | train_Kappa: 1.0000
2024-02-02 15:33:09,305 - Trainlog - INFO - Epoch: 356 | train_loss: 1.8173 | train_OA: 1.0000 | train_AA: 1.0000 | train_Kappa: 1.0000
2024-02-02 15:33:09,399 - Trainlog - INFO - Epoch: 357 | train_loss: 1.8175 | train_OA: 1.0000 | train_AA: 1.0000 | train_Kappa: 1.0000
2024-02-02 15:33:09,492 - Trainlog - INFO - Epoch: 358 | train_loss: 1.8174 | train_OA: 1.0000 | train_AA: 1.0000 | train_Kappa: 1.0000
2024-02-02 15:33:09,587 - Trainlog - INFO - Epoch: 359 | train_loss: 1.8175 | train_OA: 1.0000 | train_AA: 1.0000 | train_Kappa: 1.0000
2024-02-02 15:33:09,681 - Trainlog - INFO - Epoch: 360 | train_loss: 1.8173 | train_OA: 1.0000 | train_AA: 1.0000 | train_Kappa: 1.0000
2024-02-02 15:33:09,775 - Trainlog - INFO - Epoch: 361 | train_loss: 1.8173 | train_OA: 1.0000 | train_AA: 1.0000 | train_Kappa: 1.0000
2024-02-02 15:33:09,870 - Trainlog - INFO - Epoch: 362 | train_loss: 1.8176 | train_OA: 1.0000 | train_AA: 1.0000 | train_Kappa: 1.0000
2024-02-02 15:33:09,964 - Trainlog - INFO - Epoch: 363 | train_loss: 1.8179 | train_OA: 1.0000 | train_AA: 1.0000 | train_Kappa: 1.0000
2024-02-02 15:33:10,058 - Trainlog - INFO - Epoch: 364 | train_loss: 1.8172 | train_OA: 1.0000 | train_AA: 1.0000 | train_Kappa: 1.0000
2024-02-02 15:33:10,153 - Trainlog - INFO - Epoch: 365 | train_loss: 1.8175 | train_OA: 1.0000 | train_AA: 1.0000 | train_Kappa: 1.0000
2024-02-02 15:33:10,247 - Trainlog - INFO - Epoch: 366 | train_loss: 1.8175 | train_OA: 1.0000 | train_AA: 1.0000 | train_Kappa: 1.0000
2024-02-02 15:33:10,341 - Trainlog - INFO - Epoch: 367 | train_loss: 1.8173 | train_OA: 1.0000 | train_AA: 1.0000 | train_Kappa: 1.0000
2024-02-02 15:33:10,436 - Trainlog - INFO - Epoch: 368 | train_loss: 1.8174 | train_OA: 1.0000 | train_AA: 1.0000 | train_Kappa: 1.0000
2024-02-02 15:33:10,530 - Trainlog - INFO - Epoch: 369 | train_loss: 1.8174 | train_OA: 1.0000 | train_AA: 1.0000 | train_Kappa: 1.0000
2024-02-02 15:33:10,624 - Trainlog - INFO - Epoch: 370 | train_loss: 1.8174 | train_OA: 1.0000 | train_AA: 1.0000 | train_Kappa: 1.0000
2024-02-02 15:33:10,719 - Trainlog - INFO - Epoch: 371 | train_loss: 1.8174 | train_OA: 1.0000 | train_AA: 1.0000 | train_Kappa: 1.0000
2024-02-02 15:33:10,812 - Trainlog - INFO - Epoch: 372 | train_loss: 1.8180 | train_OA: 1.0000 | train_AA: 1.0000 | train_Kappa: 1.0000
2024-02-02 15:33:10,906 - Trainlog - INFO - Epoch: 373 | train_loss: 1.8175 | train_OA: 1.0000 | train_AA: 1.0000 | train_Kappa: 1.0000
2024-02-02 15:33:11,000 - Trainlog - INFO - Epoch: 374 | train_loss: 1.8174 | train_OA: 1.0000 | train_AA: 1.0000 | train_Kappa: 1.0000
2024-02-02 15:33:11,108 - Trainlog - INFO - Epoch: 375 | train_loss: 1.8173 | train_OA: 1.0000 | train_AA: 1.0000 | train_Kappa: 1.0000
2024-02-02 15:33:11,202 - Trainlog - INFO - Epoch: 376 | train_loss: 1.8173 | train_OA: 1.0000 | train_AA: 1.0000 | train_Kappa: 1.0000
2024-02-02 15:33:11,296 - Trainlog - INFO - Epoch: 377 | train_loss: 1.8173 | train_OA: 1.0000 | train_AA: 1.0000 | train_Kappa: 1.0000
2024-02-02 15:33:11,390 - Trainlog - INFO - Epoch: 378 | train_loss: 1.8174 | train_OA: 1.0000 | train_AA: 1.0000 | train_Kappa: 1.0000
2024-02-02 15:33:11,484 - Trainlog - INFO - Epoch: 379 | train_loss: 1.8173 | train_OA: 1.0000 | train_AA: 1.0000 | train_Kappa: 1.0000
2024-02-02 15:33:11,577 - Trainlog - INFO - Epoch: 380 | train_loss: 1.8174 | train_OA: 1.0000 | train_AA: 1.0000 | train_Kappa: 1.0000
2024-02-02 15:33:11,671 - Trainlog - INFO - Epoch: 381 | train_loss: 1.8173 | train_OA: 1.0000 | train_AA: 1.0000 | train_Kappa: 1.0000
2024-02-02 15:33:11,765 - Trainlog - INFO - Epoch: 382 | train_loss: 1.8175 | train_OA: 1.0000 | train_AA: 1.0000 | train_Kappa: 1.0000
2024-02-02 15:33:11,858 - Trainlog - INFO - Epoch: 383 | train_loss: 1.8174 | train_OA: 1.0000 | train_AA: 1.0000 | train_Kappa: 1.0000
2024-02-02 15:33:11,958 - Trainlog - INFO - Epoch: 384 | train_loss: 1.8174 | train_OA: 1.0000 | train_AA: 1.0000 | train_Kappa: 1.0000
2024-02-02 15:33:12,052 - Trainlog - INFO - Epoch: 385 | train_loss: 1.8173 | train_OA: 1.0000 | train_AA: 1.0000 | train_Kappa: 1.0000
2024-02-02 15:33:12,146 - Trainlog - INFO - Epoch: 386 | train_loss: 1.8175 | train_OA: 1.0000 | train_AA: 1.0000 | train_Kappa: 1.0000
2024-02-02 15:33:12,240 - Trainlog - INFO - Epoch: 387 | train_loss: 1.8172 | train_OA: 1.0000 | train_AA: 1.0000 | train_Kappa: 1.0000
2024-02-02 15:33:12,334 - Trainlog - INFO - Epoch: 388 | train_loss: 1.8174 | train_OA: 1.0000 | train_AA: 1.0000 | train_Kappa: 1.0000
2024-02-02 15:33:12,428 - Trainlog - INFO - Epoch: 389 | train_loss: 1.8176 | train_OA: 1.0000 | train_AA: 1.0000 | train_Kappa: 1.0000
2024-02-02 15:33:12,521 - Trainlog - INFO - Epoch: 390 | train_loss: 1.8174 | train_OA: 1.0000 | train_AA: 1.0000 | train_Kappa: 1.0000
2024-02-02 15:33:12,616 - Trainlog - INFO - Epoch: 391 | train_loss: 1.8174 | train_OA: 1.0000 | train_AA: 1.0000 | train_Kappa: 1.0000
2024-02-02 15:33:12,711 - Trainlog - INFO - Epoch: 392 | train_loss: 1.8174 | train_OA: 1.0000 | train_AA: 1.0000 | train_Kappa: 1.0000
2024-02-02 15:33:12,804 - Trainlog - INFO - Epoch: 393 | train_loss: 1.8172 | train_OA: 1.0000 | train_AA: 1.0000 | train_Kappa: 1.0000
2024-02-02 15:33:12,899 - Trainlog - INFO - Epoch: 394 | train_loss: 1.8173 | train_OA: 1.0000 | train_AA: 1.0000 | train_Kappa: 1.0000
2024-02-02 15:33:12,993 - Trainlog - INFO - Epoch: 395 | train_loss: 1.8174 | train_OA: 1.0000 | train_AA: 1.0000 | train_Kappa: 1.0000
2024-02-02 15:33:13,086 - Trainlog - INFO - Epoch: 396 | train_loss: 1.8173 | train_OA: 1.0000 | train_AA: 1.0000 | train_Kappa: 1.0000
2024-02-02 15:33:13,180 - Trainlog - INFO - Epoch: 397 | train_loss: 1.8175 | train_OA: 1.0000 | train_AA: 1.0000 | train_Kappa: 1.0000
2024-02-02 15:33:13,274 - Trainlog - INFO - Epoch: 398 | train_loss: 1.8173 | train_OA: 1.0000 | train_AA: 1.0000 | train_Kappa: 1.0000
2024-02-02 15:33:13,369 - Trainlog - INFO - Epoch: 399 | train_loss: 1.8173 | train_OA: 1.0000 | train_AA: 1.0000 | train_Kappa: 1.0000
2024-02-02 15:33:13,463 - Trainlog - INFO - Epoch: 400 | train_loss: 1.8171 | train_OA: 1.0000 | train_AA: 1.0000 | train_Kappa: 1.0000
2024-02-02 15:33:13,557 - Trainlog - INFO - Epoch: 401 | train_loss: 1.8174 | train_OA: 1.0000 | train_AA: 1.0000 | train_Kappa: 1.0000
2024-02-02 15:33:13,651 - Trainlog - INFO - Epoch: 402 | train_loss: 1.8174 | train_OA: 1.0000 | train_AA: 1.0000 | train_Kappa: 1.0000
2024-02-02 15:33:13,746 - Trainlog - INFO - Epoch: 403 | train_loss: 1.8175 | train_OA: 1.0000 | train_AA: 1.0000 | train_Kappa: 1.0000
2024-02-02 15:33:13,839 - Trainlog - INFO - Epoch: 404 | train_loss: 1.8174 | train_OA: 1.0000 | train_AA: 1.0000 | train_Kappa: 1.0000
2024-02-02 15:33:13,933 - Trainlog - INFO - Epoch: 405 | train_loss: 1.8173 | train_OA: 1.0000 | train_AA: 1.0000 | train_Kappa: 1.0000
2024-02-02 15:33:14,028 - Trainlog - INFO - Epoch: 406 | train_loss: 1.8173 | train_OA: 1.0000 | train_AA: 1.0000 | train_Kappa: 1.0000
2024-02-02 15:33:14,124 - Trainlog - INFO - Epoch: 407 | train_loss: 1.8173 | train_OA: 1.0000 | train_AA: 1.0000 | train_Kappa: 1.0000
2024-02-02 15:33:14,217 - Trainlog - INFO - Epoch: 408 | train_loss: 1.8173 | train_OA: 1.0000 | train_AA: 1.0000 | train_Kappa: 1.0000
2024-02-02 15:33:14,313 - Trainlog - INFO - Epoch: 409 | train_loss: 1.8175 | train_OA: 1.0000 | train_AA: 1.0000 | train_Kappa: 1.0000
2024-02-02 15:33:14,409 - Trainlog - INFO - Epoch: 410 | train_loss: 1.8172 | train_OA: 1.0000 | train_AA: 1.0000 | train_Kappa: 1.0000
2024-02-02 15:33:14,505 - Trainlog - INFO - Epoch: 411 | train_loss: 1.8172 | train_OA: 1.0000 | train_AA: 1.0000 | train_Kappa: 1.0000
2024-02-02 15:33:14,601 - Trainlog - INFO - Epoch: 412 | train_loss: 1.8174 | train_OA: 1.0000 | train_AA: 1.0000 | train_Kappa: 1.0000
2024-02-02 15:33:14,695 - Trainlog - INFO - Epoch: 413 | train_loss: 1.8174 | train_OA: 1.0000 | train_AA: 1.0000 | train_Kappa: 1.0000
2024-02-02 15:33:14,789 - Trainlog - INFO - Epoch: 414 | train_loss: 1.8174 | train_OA: 1.0000 | train_AA: 1.0000 | train_Kappa: 1.0000
2024-02-02 15:33:14,883 - Trainlog - INFO - Epoch: 415 | train_loss: 1.8175 | train_OA: 1.0000 | train_AA: 1.0000 | train_Kappa: 1.0000
2024-02-02 15:33:14,978 - Trainlog - INFO - Epoch: 416 | train_loss: 1.8173 | train_OA: 1.0000 | train_AA: 1.0000 | train_Kappa: 1.0000
2024-02-02 15:33:15,072 - Trainlog - INFO - Epoch: 417 | train_loss: 1.8173 | train_OA: 1.0000 | train_AA: 1.0000 | train_Kappa: 1.0000
2024-02-02 15:33:15,167 - Trainlog - INFO - Epoch: 418 | train_loss: 1.8172 | train_OA: 1.0000 | train_AA: 1.0000 | train_Kappa: 1.0000
2024-02-02 15:33:15,261 - Trainlog - INFO - Epoch: 419 | train_loss: 1.8174 | train_OA: 1.0000 | train_AA: 1.0000 | train_Kappa: 1.0000
2024-02-02 15:33:15,354 - Trainlog - INFO - Epoch: 420 | train_loss: 1.8173 | train_OA: 1.0000 | train_AA: 1.0000 | train_Kappa: 1.0000
2024-02-02 15:33:15,450 - Trainlog - INFO - Epoch: 421 | train_loss: 1.8173 | train_OA: 1.0000 | train_AA: 1.0000 | train_Kappa: 1.0000
2024-02-02 15:33:15,544 - Trainlog - INFO - Epoch: 422 | train_loss: 1.8174 | train_OA: 1.0000 | train_AA: 1.0000 | train_Kappa: 1.0000
2024-02-02 15:33:15,638 - Trainlog - INFO - Epoch: 423 | train_loss: 1.8174 | train_OA: 1.0000 | train_AA: 1.0000 | train_Kappa: 1.0000
2024-02-02 15:33:15,733 - Trainlog - INFO - Epoch: 424 | train_loss: 1.8174 | train_OA: 1.0000 | train_AA: 1.0000 | train_Kappa: 1.0000
2024-02-02 15:33:15,827 - Trainlog - INFO - Epoch: 425 | train_loss: 1.8173 | train_OA: 1.0000 | train_AA: 1.0000 | train_Kappa: 1.0000
2024-02-02 15:33:15,921 - Trainlog - INFO - Epoch: 426 | train_loss: 1.8173 | train_OA: 1.0000 | train_AA: 1.0000 | train_Kappa: 1.0000
2024-02-02 15:33:16,016 - Trainlog - INFO - Epoch: 427 | train_loss: 1.8171 | train_OA: 1.0000 | train_AA: 1.0000 | train_Kappa: 1.0000
2024-02-02 15:33:16,110 - Trainlog - INFO - Epoch: 428 | train_loss: 1.8174 | train_OA: 1.0000 | train_AA: 1.0000 | train_Kappa: 1.0000
2024-02-02 15:33:16,203 - Trainlog - INFO - Epoch: 429 | train_loss: 1.8175 | train_OA: 1.0000 | train_AA: 1.0000 | train_Kappa: 1.0000
2024-02-02 15:33:16,297 - Trainlog - INFO - Epoch: 430 | train_loss: 1.8173 | train_OA: 1.0000 | train_AA: 1.0000 | train_Kappa: 1.0000
2024-02-02 15:33:16,391 - Trainlog - INFO - Epoch: 431 | train_loss: 1.8173 | train_OA: 1.0000 | train_AA: 1.0000 | train_Kappa: 1.0000
2024-02-02 15:33:16,487 - Trainlog - INFO - Epoch: 432 | train_loss: 1.8172 | train_OA: 1.0000 | train_AA: 1.0000 | train_Kappa: 1.0000
2024-02-02 15:33:16,581 - Trainlog - INFO - Epoch: 433 | train_loss: 1.8174 | train_OA: 1.0000 | train_AA: 1.0000 | train_Kappa: 1.0000
2024-02-02 15:33:16,674 - Trainlog - INFO - Epoch: 434 | train_loss: 1.8173 | train_OA: 1.0000 | train_AA: 1.0000 | train_Kappa: 1.0000
2024-02-02 15:33:16,768 - Trainlog - INFO - Epoch: 435 | train_loss: 1.8171 | train_OA: 1.0000 | train_AA: 1.0000 | train_Kappa: 1.0000
2024-02-02 15:33:16,863 - Trainlog - INFO - Epoch: 436 | train_loss: 1.8175 | train_OA: 1.0000 | train_AA: 1.0000 | train_Kappa: 1.0000
2024-02-02 15:33:16,957 - Trainlog - INFO - Epoch: 437 | train_loss: 1.8174 | train_OA: 1.0000 | train_AA: 1.0000 | train_Kappa: 1.0000
2024-02-02 15:33:17,051 - Trainlog - INFO - Epoch: 438 | train_loss: 1.8174 | train_OA: 1.0000 | train_AA: 1.0000 | train_Kappa: 1.0000
2024-02-02 15:33:17,146 - Trainlog - INFO - Epoch: 439 | train_loss: 1.8174 | train_OA: 1.0000 | train_AA: 1.0000 | train_Kappa: 1.0000
2024-02-02 15:33:17,240 - Trainlog - INFO - Epoch: 440 | train_loss: 1.8173 | train_OA: 1.0000 | train_AA: 1.0000 | train_Kappa: 1.0000
2024-02-02 15:33:17,334 - Trainlog - INFO - Epoch: 441 | train_loss: 1.8172 | train_OA: 1.0000 | train_AA: 1.0000 | train_Kappa: 1.0000
2024-02-02 15:33:17,429 - Trainlog - INFO - Epoch: 442 | train_loss: 1.8172 | train_OA: 1.0000 | train_AA: 1.0000 | train_Kappa: 1.0000
2024-02-02 15:33:17,523 - Trainlog - INFO - Epoch: 443 | train_loss: 1.8173 | train_OA: 1.0000 | train_AA: 1.0000 | train_Kappa: 1.0000
2024-02-02 15:33:17,617 - Trainlog - INFO - Epoch: 444 | train_loss: 1.8173 | train_OA: 1.0000 | train_AA: 1.0000 | train_Kappa: 1.0000
2024-02-02 15:33:17,712 - Trainlog - INFO - Epoch: 445 | train_loss: 1.8172 | train_OA: 1.0000 | train_AA: 1.0000 | train_Kappa: 1.0000
2024-02-02 15:33:17,806 - Trainlog - INFO - Epoch: 446 | train_loss: 1.8173 | train_OA: 1.0000 | train_AA: 1.0000 | train_Kappa: 1.0000
2024-02-02 15:33:17,901 - Trainlog - INFO - Epoch: 447 | train_loss: 1.8172 | train_OA: 1.0000 | train_AA: 1.0000 | train_Kappa: 1.0000
2024-02-02 15:33:17,996 - Trainlog - INFO - Epoch: 448 | train_loss: 1.8174 | train_OA: 1.0000 | train_AA: 1.0000 | train_Kappa: 1.0000
2024-02-02 15:33:18,090 - Trainlog - INFO - Epoch: 449 | train_loss: 1.8172 | train_OA: 1.0000 | train_AA: 1.0000 | train_Kappa: 1.0000
2024-02-02 15:33:18,184 - Trainlog - INFO - Epoch: 450 | train_loss: 1.8173 | train_OA: 1.0000 | train_AA: 1.0000 | train_Kappa: 1.0000
2024-02-02 15:33:18,278 - Trainlog - INFO - Epoch: 451 | train_loss: 1.8172 | train_OA: 1.0000 | train_AA: 1.0000 | train_Kappa: 1.0000
2024-02-02 15:33:18,372 - Trainlog - INFO - Epoch: 452 | train_loss: 1.8173 | train_OA: 1.0000 | train_AA: 1.0000 | train_Kappa: 1.0000
2024-02-02 15:33:18,466 - Trainlog - INFO - Epoch: 453 | train_loss: 1.8172 | train_OA: 1.0000 | train_AA: 1.0000 | train_Kappa: 1.0000
2024-02-02 15:33:18,561 - Trainlog - INFO - Epoch: 454 | train_loss: 1.8173 | train_OA: 1.0000 | train_AA: 1.0000 | train_Kappa: 1.0000
2024-02-02 15:33:18,654 - Trainlog - INFO - Epoch: 455 | train_loss: 1.8175 | train_OA: 1.0000 | train_AA: 1.0000 | train_Kappa: 1.0000
2024-02-02 15:33:18,746 - Trainlog - INFO - Epoch: 456 | train_loss: 1.8174 | train_OA: 1.0000 | train_AA: 1.0000 | train_Kappa: 1.0000
2024-02-02 15:33:18,840 - Trainlog - INFO - Epoch: 457 | train_loss: 1.8172 | train_OA: 1.0000 | train_AA: 1.0000 | train_Kappa: 1.0000
2024-02-02 15:33:18,934 - Trainlog - INFO - Epoch: 458 | train_loss: 1.8172 | train_OA: 1.0000 | train_AA: 1.0000 | train_Kappa: 1.0000
2024-02-02 15:33:19,028 - Trainlog - INFO - Epoch: 459 | train_loss: 1.8174 | train_OA: 1.0000 | train_AA: 1.0000 | train_Kappa: 1.0000
2024-02-02 15:33:19,123 - Trainlog - INFO - Epoch: 460 | train_loss: 1.8173 | train_OA: 1.0000 | train_AA: 1.0000 | train_Kappa: 1.0000
2024-02-02 15:33:19,217 - Trainlog - INFO - Epoch: 461 | train_loss: 1.8173 | train_OA: 1.0000 | train_AA: 1.0000 | train_Kappa: 1.0000
2024-02-02 15:33:19,310 - Trainlog - INFO - Epoch: 462 | train_loss: 1.8173 | train_OA: 1.0000 | train_AA: 1.0000 | train_Kappa: 1.0000
2024-02-02 15:33:19,408 - Trainlog - INFO - Epoch: 463 | train_loss: 1.8176 | train_OA: 1.0000 | train_AA: 1.0000 | train_Kappa: 1.0000
2024-02-02 15:33:19,502 - Trainlog - INFO - Epoch: 464 | train_loss: 1.8174 | train_OA: 1.0000 | train_AA: 1.0000 | train_Kappa: 1.0000
2024-02-02 15:33:19,595 - Trainlog - INFO - Epoch: 465 | train_loss: 1.8176 | train_OA: 1.0000 | train_AA: 1.0000 | train_Kappa: 1.0000
2024-02-02 15:33:19,689 - Trainlog - INFO - Epoch: 466 | train_loss: 1.8173 | train_OA: 1.0000 | train_AA: 1.0000 | train_Kappa: 1.0000
2024-02-02 15:33:19,782 - Trainlog - INFO - Epoch: 467 | train_loss: 1.8173 | train_OA: 1.0000 | train_AA: 1.0000 | train_Kappa: 1.0000
2024-02-02 15:33:19,875 - Trainlog - INFO - Epoch: 468 | train_loss: 1.8172 | train_OA: 1.0000 | train_AA: 1.0000 | train_Kappa: 1.0000
2024-02-02 15:33:19,971 - Trainlog - INFO - Epoch: 469 | train_loss: 1.8172 | train_OA: 1.0000 | train_AA: 1.0000 | train_Kappa: 1.0000
2024-02-02 15:33:20,065 - Trainlog - INFO - Epoch: 470 | train_loss: 1.8172 | train_OA: 1.0000 | train_AA: 1.0000 | train_Kappa: 1.0000
2024-02-02 15:33:20,160 - Trainlog - INFO - Epoch: 471 | train_loss: 1.8174 | train_OA: 1.0000 | train_AA: 1.0000 | train_Kappa: 1.0000
2024-02-02 15:33:20,254 - Trainlog - INFO - Epoch: 472 | train_loss: 1.8173 | train_OA: 1.0000 | train_AA: 1.0000 | train_Kappa: 1.0000
2024-02-02 15:33:20,348 - Trainlog - INFO - Epoch: 473 | train_loss: 1.8175 | train_OA: 1.0000 | train_AA: 1.0000 | train_Kappa: 1.0000
2024-02-02 15:33:20,442 - Trainlog - INFO - Epoch: 474 | train_loss: 1.8172 | train_OA: 1.0000 | train_AA: 1.0000 | train_Kappa: 1.0000
2024-02-02 15:33:20,538 - Trainlog - INFO - Epoch: 475 | train_loss: 1.8173 | train_OA: 1.0000 | train_AA: 1.0000 | train_Kappa: 1.0000
2024-02-02 15:33:20,633 - Trainlog - INFO - Epoch: 476 | train_loss: 1.8173 | train_OA: 1.0000 | train_AA: 1.0000 | train_Kappa: 1.0000
2024-02-02 15:33:20,726 - Trainlog - INFO - Epoch: 477 | train_loss: 1.8172 | train_OA: 1.0000 | train_AA: 1.0000 | train_Kappa: 1.0000
2024-02-02 15:33:20,821 - Trainlog - INFO - Epoch: 478 | train_loss: 1.8172 | train_OA: 1.0000 | train_AA: 1.0000 | train_Kappa: 1.0000
2024-02-02 15:33:20,914 - Trainlog - INFO - Epoch: 479 | train_loss: 1.8172 | train_OA: 1.0000 | train_AA: 1.0000 | train_Kappa: 1.0000
2024-02-02 15:33:21,007 - Trainlog - INFO - Epoch: 480 | train_loss: 1.8173 | train_OA: 1.0000 | train_AA: 1.0000 | train_Kappa: 1.0000
2024-02-02 15:33:21,102 - Trainlog - INFO - Epoch: 481 | train_loss: 1.8172 | train_OA: 1.0000 | train_AA: 1.0000 | train_Kappa: 1.0000
2024-02-02 15:33:21,196 - Trainlog - INFO - Epoch: 482 | train_loss: 1.8173 | train_OA: 1.0000 | train_AA: 1.0000 | train_Kappa: 1.0000
2024-02-02 15:33:21,290 - Trainlog - INFO - Epoch: 483 | train_loss: 1.8174 | train_OA: 1.0000 | train_AA: 1.0000 | train_Kappa: 1.0000
2024-02-02 15:33:21,385 - Trainlog - INFO - Epoch: 484 | train_loss: 1.8173 | train_OA: 1.0000 | train_AA: 1.0000 | train_Kappa: 1.0000
2024-02-02 15:33:21,479 - Trainlog - INFO - Epoch: 485 | train_loss: 1.8174 | train_OA: 1.0000 | train_AA: 1.0000 | train_Kappa: 1.0000
2024-02-02 15:33:21,574 - Trainlog - INFO - Epoch: 486 | train_loss: 1.8171 | train_OA: 1.0000 | train_AA: 1.0000 | train_Kappa: 1.0000
2024-02-02 15:33:21,669 - Trainlog - INFO - Epoch: 487 | train_loss: 1.8174 | train_OA: 1.0000 | train_AA: 1.0000 | train_Kappa: 1.0000
2024-02-02 15:33:21,763 - Trainlog - INFO - Epoch: 488 | train_loss: 1.8172 | train_OA: 1.0000 | train_AA: 1.0000 | train_Kappa: 1.0000
2024-02-02 15:33:21,857 - Trainlog - INFO - Epoch: 489 | train_loss: 1.8173 | train_OA: 1.0000 | train_AA: 1.0000 | train_Kappa: 1.0000
2024-02-02 15:33:21,952 - Trainlog - INFO - Epoch: 490 | train_loss: 1.8172 | train_OA: 1.0000 | train_AA: 1.0000 | train_Kappa: 1.0000
2024-02-02 15:33:22,047 - Trainlog - INFO - Epoch: 491 | train_loss: 1.8175 | train_OA: 1.0000 | train_AA: 1.0000 | train_Kappa: 1.0000
2024-02-02 15:33:22,140 - Trainlog - INFO - Epoch: 492 | train_loss: 1.8174 | train_OA: 1.0000 | train_AA: 1.0000 | train_Kappa: 1.0000
2024-02-02 15:33:22,235 - Trainlog - INFO - Epoch: 493 | train_loss: 1.8172 | train_OA: 1.0000 | train_AA: 1.0000 | train_Kappa: 1.0000
2024-02-02 15:33:22,329 - Trainlog - INFO - Epoch: 494 | train_loss: 1.8172 | train_OA: 1.0000 | train_AA: 1.0000 | train_Kappa: 1.0000
2024-02-02 15:33:22,423 - Trainlog - INFO - Epoch: 495 | train_loss: 1.8172 | train_OA: 1.0000 | train_AA: 1.0000 | train_Kappa: 1.0000
2024-02-02 15:33:22,518 - Trainlog - INFO - Epoch: 496 | train_loss: 1.8172 | train_OA: 1.0000 | train_AA: 1.0000 | train_Kappa: 1.0000
2024-02-02 15:33:22,612 - Trainlog - INFO - Epoch: 497 | train_loss: 1.8174 | train_OA: 1.0000 | train_AA: 1.0000 | train_Kappa: 1.0000
2024-02-02 15:33:22,705 - Trainlog - INFO - Epoch: 498 | train_loss: 1.8173 | train_OA: 1.0000 | train_AA: 1.0000 | train_Kappa: 1.0000
2024-02-02 15:33:22,799 - Trainlog - INFO - Epoch: 499 | train_loss: 1.8174 | train_OA: 1.0000 | train_AA: 1.0000 | train_Kappa: 1.0000
2024-02-02 15:33:22,893 - Trainlog - INFO - Epoch: 500 | train_loss: 1.8173 | train_OA: 1.0000 | train_AA: 1.0000 | train_Kappa: 1.0000
2024-02-02 15:33:24,506 - Trainlog - INFO - Final records:
2024-02-02 15:33:24,506 - Trainlog - INFO - Maximal Accuracy: 0.959128
2024-02-02 15:33:24,506 - Trainlog - INFO - OA: 0.9591 | AA: 0.9613 | Kappa: 0.9558
2024-02-02 15:33:24,506 - Trainlog - INFO - [0.97319253 0.98784441 0.97488922 0.99836601 1.         0.96393443
 0.96233974 0.89542484 0.84496753 0.98177299 0.96296296 0.95465787
 0.91982183 1.         1.        ]
2024-02-02 15:33:24,507 - Trainlog - INFO - Running Time: 47.57
