2024-03-05 18:10:52,042 - Trainlog - INFO - 

2024-03-05 18:10:52,042 - Trainlog - INFO - ==================================================
2024-03-05 18:10:52,042 - Trainlog - INFO - ==================================================
2024-03-05 18:10:52,042 - Trainlog - INFO - hsi_height=332,hsi_width=485,hsi_band=180
2024-03-05 18:10:52,042 - Trainlog - INFO - lidar_height=332,lidar_width=485,lidar_band=1
2024-03-05 18:10:52,130 - Trainlog - INFO - start training
2024-03-05 18:10:52,453 - Trainlog - INFO - Epoch: 001 | train_loss: 1.9381 | train_OA: 0.1714 | train_AA: 0.1714 | train_Kappa: 0.0333
2024-03-05 18:10:52,505 - Trainlog - INFO - Epoch: 002 | train_loss: 1.9004 | train_OA: 0.3571 | train_AA: 0.3571 | train_Kappa: 0.2500
2024-03-05 18:10:52,555 - Trainlog - INFO - Epoch: 003 | train_loss: 1.8768 | train_OA: 0.3500 | train_AA: 0.3500 | train_Kappa: 0.2417
2024-03-05 18:10:52,606 - Trainlog - INFO - Epoch: 004 | train_loss: 1.8619 | train_OA: 0.3429 | train_AA: 0.3429 | train_Kappa: 0.2333
2024-03-05 18:10:52,656 - Trainlog - INFO - Epoch: 005 | train_loss: 1.8493 | train_OA: 0.3571 | train_AA: 0.3571 | train_Kappa: 0.2500
2024-03-05 18:10:52,707 - Trainlog - INFO - Epoch: 006 | train_loss: 1.8336 | train_OA: 0.3786 | train_AA: 0.3786 | train_Kappa: 0.2750
2024-03-05 18:10:52,757 - Trainlog - INFO - Epoch: 007 | train_loss: 1.8199 | train_OA: 0.3643 | train_AA: 0.3643 | train_Kappa: 0.2583
2024-03-05 18:10:52,807 - Trainlog - INFO - Epoch: 008 | train_loss: 1.8068 | train_OA: 0.3857 | train_AA: 0.3857 | train_Kappa: 0.2833
2024-03-05 18:10:52,857 - Trainlog - INFO - Epoch: 009 | train_loss: 1.7954 | train_OA: 0.3857 | train_AA: 0.3857 | train_Kappa: 0.2833
2024-03-05 18:10:52,908 - Trainlog - INFO - Epoch: 010 | train_loss: 1.7797 | train_OA: 0.4714 | train_AA: 0.4714 | train_Kappa: 0.3833
2024-03-05 18:10:52,958 - Trainlog - INFO - Epoch: 011 | train_loss: 1.7678 | train_OA: 0.5143 | train_AA: 0.5143 | train_Kappa: 0.4333
2024-03-05 18:10:53,008 - Trainlog - INFO - Epoch: 012 | train_loss: 1.7497 | train_OA: 0.5643 | train_AA: 0.5643 | train_Kappa: 0.4917
2024-03-05 18:10:53,058 - Trainlog - INFO - Epoch: 013 | train_loss: 1.7382 | train_OA: 0.5786 | train_AA: 0.5786 | train_Kappa: 0.5083
2024-03-05 18:10:53,109 - Trainlog - INFO - Epoch: 014 | train_loss: 1.7242 | train_OA: 0.5714 | train_AA: 0.5714 | train_Kappa: 0.5000
2024-03-05 18:10:53,159 - Trainlog - INFO - Epoch: 015 | train_loss: 1.7197 | train_OA: 0.5500 | train_AA: 0.5500 | train_Kappa: 0.4750
2024-03-05 18:10:53,208 - Trainlog - INFO - Epoch: 016 | train_loss: 1.6953 | train_OA: 0.5857 | train_AA: 0.5857 | train_Kappa: 0.5167
2024-03-05 18:10:53,258 - Trainlog - INFO - Epoch: 017 | train_loss: 1.6956 | train_OA: 0.6143 | train_AA: 0.6143 | train_Kappa: 0.5500
2024-03-05 18:10:53,308 - Trainlog - INFO - Epoch: 018 | train_loss: 1.6745 | train_OA: 0.6643 | train_AA: 0.6643 | train_Kappa: 0.6083
2024-03-05 18:10:53,358 - Trainlog - INFO - Epoch: 019 | train_loss: 1.6657 | train_OA: 0.6286 | train_AA: 0.6286 | train_Kappa: 0.5667
2024-03-05 18:10:53,408 - Trainlog - INFO - Epoch: 020 | train_loss: 1.6533 | train_OA: 0.6500 | train_AA: 0.6500 | train_Kappa: 0.5917
2024-03-05 18:10:53,458 - Trainlog - INFO - Epoch: 021 | train_loss: 1.6363 | train_OA: 0.6929 | train_AA: 0.6929 | train_Kappa: 0.6417
2024-03-05 18:10:53,508 - Trainlog - INFO - Epoch: 022 | train_loss: 1.6351 | train_OA: 0.6571 | train_AA: 0.6571 | train_Kappa: 0.6000
2024-03-05 18:10:53,559 - Trainlog - INFO - Epoch: 023 | train_loss: 1.6099 | train_OA: 0.6929 | train_AA: 0.6929 | train_Kappa: 0.6417
2024-03-05 18:10:53,609 - Trainlog - INFO - Epoch: 024 | train_loss: 1.6000 | train_OA: 0.7857 | train_AA: 0.7857 | train_Kappa: 0.7500
2024-03-05 18:10:53,659 - Trainlog - INFO - Epoch: 025 | train_loss: 1.5878 | train_OA: 0.7786 | train_AA: 0.7786 | train_Kappa: 0.7417
2024-03-05 18:10:53,708 - Trainlog - INFO - Epoch: 026 | train_loss: 1.5707 | train_OA: 0.7929 | train_AA: 0.7929 | train_Kappa: 0.7583
2024-03-05 18:10:53,758 - Trainlog - INFO - Epoch: 027 | train_loss: 1.5709 | train_OA: 0.8071 | train_AA: 0.8071 | train_Kappa: 0.7750
2024-03-05 18:10:53,809 - Trainlog - INFO - Epoch: 028 | train_loss: 1.5541 | train_OA: 0.8071 | train_AA: 0.8071 | train_Kappa: 0.7750
2024-03-05 18:10:53,859 - Trainlog - INFO - Epoch: 029 | train_loss: 1.5500 | train_OA: 0.8000 | train_AA: 0.8000 | train_Kappa: 0.7667
2024-03-05 18:10:53,909 - Trainlog - INFO - Epoch: 030 | train_loss: 1.5299 | train_OA: 0.8286 | train_AA: 0.8286 | train_Kappa: 0.8000
2024-03-05 18:10:53,959 - Trainlog - INFO - Epoch: 031 | train_loss: 1.5100 | train_OA: 0.8286 | train_AA: 0.8286 | train_Kappa: 0.8000
2024-03-05 18:10:54,011 - Trainlog - INFO - Epoch: 032 | train_loss: 1.5040 | train_OA: 0.8357 | train_AA: 0.8357 | train_Kappa: 0.8083
2024-03-05 18:10:54,061 - Trainlog - INFO - Epoch: 033 | train_loss: 1.4915 | train_OA: 0.8286 | train_AA: 0.8286 | train_Kappa: 0.8000
2024-03-05 18:10:54,110 - Trainlog - INFO - Epoch: 034 | train_loss: 1.4815 | train_OA: 0.8357 | train_AA: 0.8357 | train_Kappa: 0.8083
2024-03-05 18:10:54,160 - Trainlog - INFO - Epoch: 035 | train_loss: 1.4614 | train_OA: 0.8429 | train_AA: 0.8429 | train_Kappa: 0.8167
2024-03-05 18:10:54,212 - Trainlog - INFO - Epoch: 036 | train_loss: 1.4651 | train_OA: 0.8286 | train_AA: 0.8286 | train_Kappa: 0.8000
2024-03-05 18:10:54,262 - Trainlog - INFO - Epoch: 037 | train_loss: 1.4381 | train_OA: 0.8500 | train_AA: 0.8500 | train_Kappa: 0.8250
2024-03-05 18:10:54,311 - Trainlog - INFO - Epoch: 038 | train_loss: 1.4277 | train_OA: 0.8357 | train_AA: 0.8357 | train_Kappa: 0.8083
2024-03-05 18:10:54,361 - Trainlog - INFO - Epoch: 039 | train_loss: 1.4174 | train_OA: 0.8500 | train_AA: 0.8500 | train_Kappa: 0.8250
2024-03-05 18:10:54,412 - Trainlog - INFO - Epoch: 040 | train_loss: 1.4242 | train_OA: 0.8500 | train_AA: 0.8500 | train_Kappa: 0.8250
2024-03-05 18:10:54,462 - Trainlog - INFO - Epoch: 041 | train_loss: 1.4115 | train_OA: 0.8500 | train_AA: 0.8500 | train_Kappa: 0.8250
2024-03-05 18:10:54,511 - Trainlog - INFO - Epoch: 042 | train_loss: 1.4251 | train_OA: 0.8286 | train_AA: 0.8286 | train_Kappa: 0.8000
2024-03-05 18:10:54,561 - Trainlog - INFO - Epoch: 043 | train_loss: 1.3897 | train_OA: 0.8571 | train_AA: 0.8571 | train_Kappa: 0.8333
2024-03-05 18:10:54,611 - Trainlog - INFO - Epoch: 044 | train_loss: 1.3848 | train_OA: 0.8571 | train_AA: 0.8571 | train_Kappa: 0.8333
2024-03-05 18:10:54,662 - Trainlog - INFO - Epoch: 045 | train_loss: 1.3738 | train_OA: 0.8643 | train_AA: 0.8643 | train_Kappa: 0.8417
2024-03-05 18:10:54,712 - Trainlog - INFO - Epoch: 046 | train_loss: 1.3791 | train_OA: 0.8714 | train_AA: 0.8714 | train_Kappa: 0.8500
2024-03-05 18:10:54,762 - Trainlog - INFO - Epoch: 047 | train_loss: 1.3680 | train_OA: 0.8786 | train_AA: 0.8786 | train_Kappa: 0.8583
2024-03-05 18:10:54,813 - Trainlog - INFO - Epoch: 048 | train_loss: 1.3628 | train_OA: 0.9000 | train_AA: 0.9000 | train_Kappa: 0.8833
2024-03-05 18:10:54,862 - Trainlog - INFO - Epoch: 049 | train_loss: 1.3536 | train_OA: 0.8714 | train_AA: 0.8714 | train_Kappa: 0.8500
2024-03-05 18:10:54,914 - Trainlog - INFO - Epoch: 050 | train_loss: 1.3520 | train_OA: 0.8714 | train_AA: 0.8714 | train_Kappa: 0.8500
2024-03-05 18:10:54,964 - Trainlog - INFO - Epoch: 051 | train_loss: 1.3538 | train_OA: 0.8786 | train_AA: 0.8786 | train_Kappa: 0.8583
2024-03-05 18:10:55,014 - Trainlog - INFO - Epoch: 052 | train_loss: 1.3421 | train_OA: 0.9000 | train_AA: 0.9000 | train_Kappa: 0.8833
2024-03-05 18:10:55,065 - Trainlog - INFO - Epoch: 053 | train_loss: 1.3395 | train_OA: 0.9286 | train_AA: 0.9286 | train_Kappa: 0.9167
2024-03-05 18:10:55,116 - Trainlog - INFO - Epoch: 054 | train_loss: 1.3332 | train_OA: 0.9429 | train_AA: 0.9429 | train_Kappa: 0.9333
2024-03-05 18:10:55,166 - Trainlog - INFO - Epoch: 055 | train_loss: 1.3264 | train_OA: 0.9143 | train_AA: 0.9143 | train_Kappa: 0.9000
2024-03-05 18:10:55,215 - Trainlog - INFO - Epoch: 056 | train_loss: 1.3299 | train_OA: 0.9143 | train_AA: 0.9143 | train_Kappa: 0.9000
2024-03-05 18:10:55,263 - Trainlog - INFO - Epoch: 057 | train_loss: 1.3258 | train_OA: 0.9429 | train_AA: 0.9429 | train_Kappa: 0.9333
2024-03-05 18:10:55,314 - Trainlog - INFO - Epoch: 058 | train_loss: 1.3121 | train_OA: 0.9429 | train_AA: 0.9429 | train_Kappa: 0.9333
2024-03-05 18:10:55,364 - Trainlog - INFO - Epoch: 059 | train_loss: 1.3133 | train_OA: 0.9786 | train_AA: 0.9786 | train_Kappa: 0.9750
2024-03-05 18:10:55,414 - Trainlog - INFO - Epoch: 060 | train_loss: 1.3017 | train_OA: 0.9929 | train_AA: 0.9929 | train_Kappa: 0.9917
2024-03-05 18:10:55,464 - Trainlog - INFO - Epoch: 061 | train_loss: 1.3066 | train_OA: 0.9786 | train_AA: 0.9786 | train_Kappa: 0.9750
2024-03-05 18:10:55,512 - Trainlog - INFO - Epoch: 062 | train_loss: 1.3049 | train_OA: 1.0000 | train_AA: 1.0000 | train_Kappa: 1.0000
2024-03-05 18:10:55,562 - Trainlog - INFO - Epoch: 063 | train_loss: 1.2905 | train_OA: 0.9929 | train_AA: 0.9929 | train_Kappa: 0.9917
2024-03-05 18:10:55,613 - Trainlog - INFO - Epoch: 064 | train_loss: 1.2884 | train_OA: 0.9857 | train_AA: 0.9857 | train_Kappa: 0.9833
2024-03-05 18:10:55,663 - Trainlog - INFO - Epoch: 065 | train_loss: 1.2730 | train_OA: 1.0000 | train_AA: 1.0000 | train_Kappa: 1.0000
2024-03-05 18:10:55,712 - Trainlog - INFO - Epoch: 066 | train_loss: 1.2752 | train_OA: 0.9929 | train_AA: 0.9929 | train_Kappa: 0.9917
2024-03-05 18:10:55,762 - Trainlog - INFO - Epoch: 067 | train_loss: 1.2584 | train_OA: 1.0000 | train_AA: 1.0000 | train_Kappa: 1.0000
2024-03-05 18:10:55,814 - Trainlog - INFO - Epoch: 068 | train_loss: 1.2515 | train_OA: 1.0000 | train_AA: 1.0000 | train_Kappa: 1.0000
2024-03-05 18:10:55,864 - Trainlog - INFO - Epoch: 069 | train_loss: 1.2379 | train_OA: 1.0000 | train_AA: 1.0000 | train_Kappa: 1.0000
2024-03-05 18:10:55,914 - Trainlog - INFO - Epoch: 070 | train_loss: 1.2403 | train_OA: 1.0000 | train_AA: 1.0000 | train_Kappa: 1.0000
2024-03-05 18:10:55,964 - Trainlog - INFO - Epoch: 071 | train_loss: 1.2421 | train_OA: 1.0000 | train_AA: 1.0000 | train_Kappa: 1.0000
2024-03-05 18:10:56,014 - Trainlog - INFO - Epoch: 072 | train_loss: 1.2305 | train_OA: 1.0000 | train_AA: 1.0000 | train_Kappa: 1.0000
2024-03-05 18:10:56,065 - Trainlog - INFO - Epoch: 073 | train_loss: 1.2256 | train_OA: 1.0000 | train_AA: 1.0000 | train_Kappa: 1.0000
2024-03-05 18:10:56,115 - Trainlog - INFO - Epoch: 074 | train_loss: 1.2265 | train_OA: 1.0000 | train_AA: 1.0000 | train_Kappa: 1.0000
2024-03-05 18:10:56,165 - Trainlog - INFO - Epoch: 075 | train_loss: 1.2332 | train_OA: 0.9929 | train_AA: 0.9929 | train_Kappa: 0.9917
2024-03-05 18:10:56,215 - Trainlog - INFO - Epoch: 076 | train_loss: 1.2176 | train_OA: 1.0000 | train_AA: 1.0000 | train_Kappa: 1.0000
2024-03-05 18:10:56,266 - Trainlog - INFO - Epoch: 077 | train_loss: 1.2204 | train_OA: 1.0000 | train_AA: 1.0000 | train_Kappa: 1.0000
2024-03-05 18:10:56,316 - Trainlog - INFO - Epoch: 078 | train_loss: 1.2220 | train_OA: 1.0000 | train_AA: 1.0000 | train_Kappa: 1.0000
2024-03-05 18:10:56,391 - Trainlog - INFO - Epoch: 079 | train_loss: 1.2143 | train_OA: 1.0000 | train_AA: 1.0000 | train_Kappa: 1.0000
2024-03-05 18:10:56,441 - Trainlog - INFO - Epoch: 080 | train_loss: 1.2191 | train_OA: 0.9929 | train_AA: 0.9929 | train_Kappa: 0.9917
2024-03-05 18:10:56,491 - Trainlog - INFO - Epoch: 081 | train_loss: 1.2119 | train_OA: 1.0000 | train_AA: 1.0000 | train_Kappa: 1.0000
2024-03-05 18:10:56,541 - Trainlog - INFO - Epoch: 082 | train_loss: 1.2105 | train_OA: 1.0000 | train_AA: 1.0000 | train_Kappa: 1.0000
2024-03-05 18:10:56,589 - Trainlog - INFO - Epoch: 083 | train_loss: 1.2110 | train_OA: 1.0000 | train_AA: 1.0000 | train_Kappa: 1.0000
2024-03-05 18:10:56,637 - Trainlog - INFO - Epoch: 084 | train_loss: 1.2052 | train_OA: 1.0000 | train_AA: 1.0000 | train_Kappa: 1.0000
2024-03-05 18:10:56,686 - Trainlog - INFO - Epoch: 085 | train_loss: 1.2139 | train_OA: 0.9929 | train_AA: 0.9929 | train_Kappa: 0.9917
2024-03-05 18:10:56,736 - Trainlog - INFO - Epoch: 086 | train_loss: 1.1980 | train_OA: 1.0000 | train_AA: 1.0000 | train_Kappa: 1.0000
2024-03-05 18:10:56,786 - Trainlog - INFO - Epoch: 087 | train_loss: 1.2020 | train_OA: 1.0000 | train_AA: 1.0000 | train_Kappa: 1.0000
2024-03-05 18:10:56,835 - Trainlog - INFO - Epoch: 088 | train_loss: 1.2034 | train_OA: 1.0000 | train_AA: 1.0000 | train_Kappa: 1.0000
2024-03-05 18:10:56,886 - Trainlog - INFO - Epoch: 089 | train_loss: 1.2000 | train_OA: 0.9929 | train_AA: 0.9929 | train_Kappa: 0.9917
2024-03-05 18:10:56,935 - Trainlog - INFO - Epoch: 090 | train_loss: 1.1991 | train_OA: 1.0000 | train_AA: 1.0000 | train_Kappa: 1.0000
2024-03-05 18:10:56,986 - Trainlog - INFO - Epoch: 091 | train_loss: 1.2049 | train_OA: 1.0000 | train_AA: 1.0000 | train_Kappa: 1.0000
2024-03-05 18:10:57,036 - Trainlog - INFO - Epoch: 092 | train_loss: 1.1976 | train_OA: 1.0000 | train_AA: 1.0000 | train_Kappa: 1.0000
2024-03-05 18:10:57,086 - Trainlog - INFO - Epoch: 093 | train_loss: 1.1993 | train_OA: 1.0000 | train_AA: 1.0000 | train_Kappa: 1.0000
2024-03-05 18:10:57,136 - Trainlog - INFO - Epoch: 094 | train_loss: 1.2116 | train_OA: 0.9857 | train_AA: 0.9857 | train_Kappa: 0.9833
2024-03-05 18:10:57,185 - Trainlog - INFO - Epoch: 095 | train_loss: 1.1930 | train_OA: 1.0000 | train_AA: 1.0000 | train_Kappa: 1.0000
2024-03-05 18:10:57,236 - Trainlog - INFO - Epoch: 096 | train_loss: 1.1972 | train_OA: 0.9929 | train_AA: 0.9929 | train_Kappa: 0.9917
2024-03-05 18:10:57,286 - Trainlog - INFO - Epoch: 097 | train_loss: 1.1952 | train_OA: 1.0000 | train_AA: 1.0000 | train_Kappa: 1.0000
2024-03-05 18:10:57,335 - Trainlog - INFO - Epoch: 098 | train_loss: 1.1939 | train_OA: 1.0000 | train_AA: 1.0000 | train_Kappa: 1.0000
2024-03-05 18:10:57,385 - Trainlog - INFO - Epoch: 099 | train_loss: 1.1917 | train_OA: 1.0000 | train_AA: 1.0000 | train_Kappa: 1.0000
2024-03-05 18:10:57,435 - Trainlog - INFO - Epoch: 100 | train_loss: 1.2004 | train_OA: 0.9929 | train_AA: 0.9929 | train_Kappa: 0.9917
2024-03-05 18:10:57,485 - Trainlog - INFO - Epoch: 101 | train_loss: 1.1888 | train_OA: 1.0000 | train_AA: 1.0000 | train_Kappa: 1.0000
2024-03-05 18:10:57,536 - Trainlog - INFO - Epoch: 102 | train_loss: 1.1917 | train_OA: 1.0000 | train_AA: 1.0000 | train_Kappa: 1.0000
2024-03-05 18:10:57,586 - Trainlog - INFO - Epoch: 103 | train_loss: 1.1945 | train_OA: 1.0000 | train_AA: 1.0000 | train_Kappa: 1.0000
2024-03-05 18:10:57,636 - Trainlog - INFO - Epoch: 104 | train_loss: 1.1865 | train_OA: 1.0000 | train_AA: 1.0000 | train_Kappa: 1.0000
2024-03-05 18:10:57,685 - Trainlog - INFO - Epoch: 105 | train_loss: 1.1826 | train_OA: 1.0000 | train_AA: 1.0000 | train_Kappa: 1.0000
2024-03-05 18:10:57,737 - Trainlog - INFO - Epoch: 106 | train_loss: 1.1852 | train_OA: 1.0000 | train_AA: 1.0000 | train_Kappa: 1.0000
2024-03-05 18:10:57,787 - Trainlog - INFO - Epoch: 107 | train_loss: 1.1814 | train_OA: 1.0000 | train_AA: 1.0000 | train_Kappa: 1.0000
2024-03-05 18:10:57,837 - Trainlog - INFO - Epoch: 108 | train_loss: 1.1833 | train_OA: 1.0000 | train_AA: 1.0000 | train_Kappa: 1.0000
2024-03-05 18:10:57,887 - Trainlog - INFO - Epoch: 109 | train_loss: 1.1836 | train_OA: 1.0000 | train_AA: 1.0000 | train_Kappa: 1.0000
2024-03-05 18:10:57,939 - Trainlog - INFO - Epoch: 110 | train_loss: 1.1818 | train_OA: 1.0000 | train_AA: 1.0000 | train_Kappa: 1.0000
2024-03-05 18:10:57,989 - Trainlog - INFO - Epoch: 111 | train_loss: 1.1808 | train_OA: 1.0000 | train_AA: 1.0000 | train_Kappa: 1.0000
2024-03-05 18:10:58,039 - Trainlog - INFO - Epoch: 112 | train_loss: 1.1795 | train_OA: 1.0000 | train_AA: 1.0000 | train_Kappa: 1.0000
2024-03-05 18:10:58,088 - Trainlog - INFO - Epoch: 113 | train_loss: 1.1876 | train_OA: 0.9929 | train_AA: 0.9929 | train_Kappa: 0.9917
2024-03-05 18:10:58,138 - Trainlog - INFO - Epoch: 114 | train_loss: 1.1933 | train_OA: 1.0000 | train_AA: 1.0000 | train_Kappa: 1.0000
2024-03-05 18:10:58,188 - Trainlog - INFO - Epoch: 115 | train_loss: 1.1800 | train_OA: 1.0000 | train_AA: 1.0000 | train_Kappa: 1.0000
2024-03-05 18:10:58,238 - Trainlog - INFO - Epoch: 116 | train_loss: 1.1873 | train_OA: 1.0000 | train_AA: 1.0000 | train_Kappa: 1.0000
2024-03-05 18:10:58,287 - Trainlog - INFO - Epoch: 117 | train_loss: 1.1885 | train_OA: 1.0000 | train_AA: 1.0000 | train_Kappa: 1.0000
2024-03-05 18:10:58,337 - Trainlog - INFO - Epoch: 118 | train_loss: 1.1836 | train_OA: 1.0000 | train_AA: 1.0000 | train_Kappa: 1.0000
2024-03-05 18:10:58,387 - Trainlog - INFO - Epoch: 119 | train_loss: 1.1791 | train_OA: 1.0000 | train_AA: 1.0000 | train_Kappa: 1.0000
2024-03-05 18:10:58,438 - Trainlog - INFO - Epoch: 120 | train_loss: 1.1786 | train_OA: 1.0000 | train_AA: 1.0000 | train_Kappa: 1.0000
2024-03-05 18:10:58,489 - Trainlog - INFO - Epoch: 121 | train_loss: 1.1786 | train_OA: 1.0000 | train_AA: 1.0000 | train_Kappa: 1.0000
2024-03-05 18:10:58,539 - Trainlog - INFO - Epoch: 122 | train_loss: 1.1779 | train_OA: 1.0000 | train_AA: 1.0000 | train_Kappa: 1.0000
2024-03-05 18:10:58,590 - Trainlog - INFO - Epoch: 123 | train_loss: 1.1813 | train_OA: 1.0000 | train_AA: 1.0000 | train_Kappa: 1.0000
2024-03-05 18:10:58,640 - Trainlog - INFO - Epoch: 124 | train_loss: 1.1768 | train_OA: 1.0000 | train_AA: 1.0000 | train_Kappa: 1.0000
2024-03-05 18:10:58,690 - Trainlog - INFO - Epoch: 125 | train_loss: 1.1779 | train_OA: 1.0000 | train_AA: 1.0000 | train_Kappa: 1.0000
2024-03-05 18:10:58,739 - Trainlog - INFO - Epoch: 126 | train_loss: 1.1792 | train_OA: 1.0000 | train_AA: 1.0000 | train_Kappa: 1.0000
2024-03-05 18:10:58,789 - Trainlog - INFO - Epoch: 127 | train_loss: 1.1823 | train_OA: 1.0000 | train_AA: 1.0000 | train_Kappa: 1.0000
2024-03-05 18:10:58,840 - Trainlog - INFO - Epoch: 128 | train_loss: 1.1851 | train_OA: 1.0000 | train_AA: 1.0000 | train_Kappa: 1.0000
2024-03-05 18:10:58,891 - Trainlog - INFO - Epoch: 129 | train_loss: 1.1769 | train_OA: 1.0000 | train_AA: 1.0000 | train_Kappa: 1.0000
2024-03-05 18:10:58,940 - Trainlog - INFO - Epoch: 130 | train_loss: 1.1759 | train_OA: 1.0000 | train_AA: 1.0000 | train_Kappa: 1.0000
2024-03-05 18:10:58,990 - Trainlog - INFO - Epoch: 131 | train_loss: 1.1807 | train_OA: 1.0000 | train_AA: 1.0000 | train_Kappa: 1.0000
2024-03-05 18:10:59,040 - Trainlog - INFO - Epoch: 132 | train_loss: 1.1822 | train_OA: 1.0000 | train_AA: 1.0000 | train_Kappa: 1.0000
2024-03-05 18:10:59,091 - Trainlog - INFO - Epoch: 133 | train_loss: 1.1791 | train_OA: 1.0000 | train_AA: 1.0000 | train_Kappa: 1.0000
2024-03-05 18:10:59,141 - Trainlog - INFO - Epoch: 134 | train_loss: 1.1778 | train_OA: 1.0000 | train_AA: 1.0000 | train_Kappa: 1.0000
2024-03-05 18:10:59,191 - Trainlog - INFO - Epoch: 135 | train_loss: 1.1759 | train_OA: 1.0000 | train_AA: 1.0000 | train_Kappa: 1.0000
2024-03-05 18:10:59,241 - Trainlog - INFO - Epoch: 136 | train_loss: 1.1778 | train_OA: 1.0000 | train_AA: 1.0000 | train_Kappa: 1.0000
2024-03-05 18:10:59,291 - Trainlog - INFO - Epoch: 137 | train_loss: 1.1749 | train_OA: 1.0000 | train_AA: 1.0000 | train_Kappa: 1.0000
2024-03-05 18:10:59,341 - Trainlog - INFO - Epoch: 138 | train_loss: 1.1745 | train_OA: 1.0000 | train_AA: 1.0000 | train_Kappa: 1.0000
2024-03-05 18:10:59,391 - Trainlog - INFO - Epoch: 139 | train_loss: 1.1753 | train_OA: 1.0000 | train_AA: 1.0000 | train_Kappa: 1.0000
2024-03-05 18:10:59,441 - Trainlog - INFO - Epoch: 140 | train_loss: 1.1757 | train_OA: 1.0000 | train_AA: 1.0000 | train_Kappa: 1.0000
2024-03-05 18:10:59,491 - Trainlog - INFO - Epoch: 141 | train_loss: 1.1757 | train_OA: 1.0000 | train_AA: 1.0000 | train_Kappa: 1.0000
2024-03-05 18:10:59,542 - Trainlog - INFO - Epoch: 142 | train_loss: 1.1742 | train_OA: 1.0000 | train_AA: 1.0000 | train_Kappa: 1.0000
2024-03-05 18:10:59,592 - Trainlog - INFO - Epoch: 143 | train_loss: 1.1764 | train_OA: 1.0000 | train_AA: 1.0000 | train_Kappa: 1.0000
2024-03-05 18:10:59,642 - Trainlog - INFO - Epoch: 144 | train_loss: 1.1726 | train_OA: 1.0000 | train_AA: 1.0000 | train_Kappa: 1.0000
2024-03-05 18:10:59,692 - Trainlog - INFO - Epoch: 145 | train_loss: 1.1763 | train_OA: 1.0000 | train_AA: 1.0000 | train_Kappa: 1.0000
2024-03-05 18:10:59,742 - Trainlog - INFO - Epoch: 146 | train_loss: 1.1730 | train_OA: 1.0000 | train_AA: 1.0000 | train_Kappa: 1.0000
2024-03-05 18:10:59,793 - Trainlog - INFO - Epoch: 147 | train_loss: 1.1744 | train_OA: 1.0000 | train_AA: 1.0000 | train_Kappa: 1.0000
2024-03-05 18:10:59,842 - Trainlog - INFO - Epoch: 148 | train_loss: 1.1734 | train_OA: 1.0000 | train_AA: 1.0000 | train_Kappa: 1.0000
2024-03-05 18:10:59,893 - Trainlog - INFO - Epoch: 149 | train_loss: 1.1745 | train_OA: 1.0000 | train_AA: 1.0000 | train_Kappa: 1.0000
2024-03-05 18:10:59,943 - Trainlog - INFO - Epoch: 150 | train_loss: 1.1750 | train_OA: 1.0000 | train_AA: 1.0000 | train_Kappa: 1.0000
2024-03-05 18:10:59,993 - Trainlog - INFO - Epoch: 151 | train_loss: 1.1736 | train_OA: 1.0000 | train_AA: 1.0000 | train_Kappa: 1.0000
2024-03-05 18:11:00,045 - Trainlog - INFO - Epoch: 152 | train_loss: 1.1734 | train_OA: 1.0000 | train_AA: 1.0000 | train_Kappa: 1.0000
2024-03-05 18:11:00,095 - Trainlog - INFO - Epoch: 153 | train_loss: 1.1767 | train_OA: 1.0000 | train_AA: 1.0000 | train_Kappa: 1.0000
2024-03-05 18:11:00,146 - Trainlog - INFO - Epoch: 154 | train_loss: 1.1731 | train_OA: 1.0000 | train_AA: 1.0000 | train_Kappa: 1.0000
2024-03-05 18:11:00,196 - Trainlog - INFO - Epoch: 155 | train_loss: 1.1767 | train_OA: 1.0000 | train_AA: 1.0000 | train_Kappa: 1.0000
2024-03-05 18:11:00,247 - Trainlog - INFO - Epoch: 156 | train_loss: 1.1721 | train_OA: 1.0000 | train_AA: 1.0000 | train_Kappa: 1.0000
2024-03-05 18:11:00,298 - Trainlog - INFO - Epoch: 157 | train_loss: 1.1729 | train_OA: 1.0000 | train_AA: 1.0000 | train_Kappa: 1.0000
2024-03-05 18:11:00,348 - Trainlog - INFO - Epoch: 158 | train_loss: 1.1740 | train_OA: 1.0000 | train_AA: 1.0000 | train_Kappa: 1.0000
2024-03-05 18:11:00,399 - Trainlog - INFO - Epoch: 159 | train_loss: 1.1723 | train_OA: 1.0000 | train_AA: 1.0000 | train_Kappa: 1.0000
2024-03-05 18:11:00,449 - Trainlog - INFO - Epoch: 160 | train_loss: 1.1710 | train_OA: 1.0000 | train_AA: 1.0000 | train_Kappa: 1.0000
2024-03-05 18:11:00,501 - Trainlog - INFO - Epoch: 161 | train_loss: 1.1720 | train_OA: 1.0000 | train_AA: 1.0000 | train_Kappa: 1.0000
2024-03-05 18:11:00,551 - Trainlog - INFO - Epoch: 162 | train_loss: 1.1768 | train_OA: 0.9929 | train_AA: 0.9929 | train_Kappa: 0.9917
2024-03-05 18:11:00,602 - Trainlog - INFO - Epoch: 163 | train_loss: 1.1829 | train_OA: 0.9857 | train_AA: 0.9857 | train_Kappa: 0.9833
2024-03-05 18:11:00,652 - Trainlog - INFO - Epoch: 164 | train_loss: 1.1770 | train_OA: 1.0000 | train_AA: 1.0000 | train_Kappa: 1.0000
2024-03-05 18:11:00,703 - Trainlog - INFO - Epoch: 165 | train_loss: 1.2039 | train_OA: 0.9786 | train_AA: 0.9786 | train_Kappa: 0.9750
2024-03-05 18:11:00,753 - Trainlog - INFO - Epoch: 166 | train_loss: 1.1940 | train_OA: 1.0000 | train_AA: 1.0000 | train_Kappa: 1.0000
2024-03-05 18:11:00,803 - Trainlog - INFO - Epoch: 167 | train_loss: 1.1869 | train_OA: 1.0000 | train_AA: 1.0000 | train_Kappa: 1.0000
2024-03-05 18:11:00,853 - Trainlog - INFO - Epoch: 168 | train_loss: 1.1836 | train_OA: 1.0000 | train_AA: 1.0000 | train_Kappa: 1.0000
2024-03-05 18:11:00,903 - Trainlog - INFO - Epoch: 169 | train_loss: 1.1822 | train_OA: 1.0000 | train_AA: 1.0000 | train_Kappa: 1.0000
2024-03-05 18:11:00,954 - Trainlog - INFO - Epoch: 170 | train_loss: 1.1780 | train_OA: 1.0000 | train_AA: 1.0000 | train_Kappa: 1.0000
2024-03-05 18:11:01,003 - Trainlog - INFO - Epoch: 171 | train_loss: 1.1776 | train_OA: 1.0000 | train_AA: 1.0000 | train_Kappa: 1.0000
2024-03-05 18:11:01,053 - Trainlog - INFO - Epoch: 172 | train_loss: 1.1738 | train_OA: 1.0000 | train_AA: 1.0000 | train_Kappa: 1.0000
2024-03-05 18:11:01,103 - Trainlog - INFO - Epoch: 173 | train_loss: 1.1743 | train_OA: 1.0000 | train_AA: 1.0000 | train_Kappa: 1.0000
2024-03-05 18:11:01,155 - Trainlog - INFO - Epoch: 174 | train_loss: 1.1768 | train_OA: 1.0000 | train_AA: 1.0000 | train_Kappa: 1.0000
2024-03-05 18:11:01,205 - Trainlog - INFO - Epoch: 175 | train_loss: 1.1743 | train_OA: 1.0000 | train_AA: 1.0000 | train_Kappa: 1.0000
2024-03-05 18:11:01,254 - Trainlog - INFO - Epoch: 176 | train_loss: 1.1724 | train_OA: 1.0000 | train_AA: 1.0000 | train_Kappa: 1.0000
2024-03-05 18:11:01,304 - Trainlog - INFO - Epoch: 177 | train_loss: 1.1724 | train_OA: 1.0000 | train_AA: 1.0000 | train_Kappa: 1.0000
2024-03-05 18:11:01,354 - Trainlog - INFO - Epoch: 178 | train_loss: 1.1741 | train_OA: 1.0000 | train_AA: 1.0000 | train_Kappa: 1.0000
2024-03-05 18:11:01,405 - Trainlog - INFO - Epoch: 179 | train_loss: 1.1729 | train_OA: 1.0000 | train_AA: 1.0000 | train_Kappa: 1.0000
2024-03-05 18:11:01,456 - Trainlog - INFO - Epoch: 180 | train_loss: 1.1734 | train_OA: 1.0000 | train_AA: 1.0000 | train_Kappa: 1.0000
2024-03-05 18:11:01,505 - Trainlog - INFO - Epoch: 181 | train_loss: 1.1729 | train_OA: 1.0000 | train_AA: 1.0000 | train_Kappa: 1.0000
2024-03-05 18:11:01,556 - Trainlog - INFO - Epoch: 182 | train_loss: 1.1719 | train_OA: 1.0000 | train_AA: 1.0000 | train_Kappa: 1.0000
2024-03-05 18:11:01,606 - Trainlog - INFO - Epoch: 183 | train_loss: 1.1762 | train_OA: 1.0000 | train_AA: 1.0000 | train_Kappa: 1.0000
2024-03-05 18:11:01,657 - Trainlog - INFO - Epoch: 184 | train_loss: 1.1725 | train_OA: 1.0000 | train_AA: 1.0000 | train_Kappa: 1.0000
2024-03-05 18:11:01,707 - Trainlog - INFO - Epoch: 185 | train_loss: 1.1750 | train_OA: 1.0000 | train_AA: 1.0000 | train_Kappa: 1.0000
2024-03-05 18:11:01,757 - Trainlog - INFO - Epoch: 186 | train_loss: 1.1729 | train_OA: 1.0000 | train_AA: 1.0000 | train_Kappa: 1.0000
2024-03-05 18:11:01,808 - Trainlog - INFO - Epoch: 187 | train_loss: 1.1736 | train_OA: 1.0000 | train_AA: 1.0000 | train_Kappa: 1.0000
2024-03-05 18:11:01,859 - Trainlog - INFO - Epoch: 188 | train_loss: 1.1721 | train_OA: 1.0000 | train_AA: 1.0000 | train_Kappa: 1.0000
2024-03-05 18:11:01,909 - Trainlog - INFO - Epoch: 189 | train_loss: 1.1721 | train_OA: 1.0000 | train_AA: 1.0000 | train_Kappa: 1.0000
2024-03-05 18:11:01,959 - Trainlog - INFO - Epoch: 190 | train_loss: 1.1713 | train_OA: 1.0000 | train_AA: 1.0000 | train_Kappa: 1.0000
2024-03-05 18:11:02,009 - Trainlog - INFO - Epoch: 191 | train_loss: 1.1724 | train_OA: 1.0000 | train_AA: 1.0000 | train_Kappa: 1.0000
2024-03-05 18:11:02,060 - Trainlog - INFO - Epoch: 192 | train_loss: 1.1787 | train_OA: 0.9929 | train_AA: 0.9929 | train_Kappa: 0.9917
2024-03-05 18:11:02,110 - Trainlog - INFO - Epoch: 193 | train_loss: 1.1737 | train_OA: 1.0000 | train_AA: 1.0000 | train_Kappa: 1.0000
2024-03-05 18:11:02,160 - Trainlog - INFO - Epoch: 194 | train_loss: 1.1770 | train_OA: 1.0000 | train_AA: 1.0000 | train_Kappa: 1.0000
2024-03-05 18:11:02,210 - Trainlog - INFO - Epoch: 195 | train_loss: 1.1739 | train_OA: 1.0000 | train_AA: 1.0000 | train_Kappa: 1.0000
2024-03-05 18:11:02,260 - Trainlog - INFO - Epoch: 196 | train_loss: 1.1729 | train_OA: 1.0000 | train_AA: 1.0000 | train_Kappa: 1.0000
2024-03-05 18:11:02,310 - Trainlog - INFO - Epoch: 197 | train_loss: 1.1727 | train_OA: 1.0000 | train_AA: 1.0000 | train_Kappa: 1.0000
2024-03-05 18:11:02,360 - Trainlog - INFO - Epoch: 198 | train_loss: 1.1723 | train_OA: 1.0000 | train_AA: 1.0000 | train_Kappa: 1.0000
2024-03-05 18:11:02,411 - Trainlog - INFO - Epoch: 199 | train_loss: 1.1729 | train_OA: 1.0000 | train_AA: 1.0000 | train_Kappa: 1.0000
2024-03-05 18:11:02,461 - Trainlog - INFO - Epoch: 200 | train_loss: 1.1711 | train_OA: 1.0000 | train_AA: 1.0000 | train_Kappa: 1.0000
2024-03-05 18:11:02,511 - Trainlog - INFO - Epoch: 201 | train_loss: 1.1732 | train_OA: 1.0000 | train_AA: 1.0000 | train_Kappa: 1.0000
2024-03-05 18:11:02,561 - Trainlog - INFO - Epoch: 202 | train_loss: 1.1760 | train_OA: 1.0000 | train_AA: 1.0000 | train_Kappa: 1.0000
2024-03-05 18:11:02,611 - Trainlog - INFO - Epoch: 203 | train_loss: 1.1721 | train_OA: 1.0000 | train_AA: 1.0000 | train_Kappa: 1.0000
2024-03-05 18:11:02,661 - Trainlog - INFO - Epoch: 204 | train_loss: 1.1750 | train_OA: 1.0000 | train_AA: 1.0000 | train_Kappa: 1.0000
2024-03-05 18:11:02,710 - Trainlog - INFO - Epoch: 205 | train_loss: 1.1740 | train_OA: 1.0000 | train_AA: 1.0000 | train_Kappa: 1.0000
2024-03-05 18:11:02,760 - Trainlog - INFO - Epoch: 206 | train_loss: 1.1755 | train_OA: 1.0000 | train_AA: 1.0000 | train_Kappa: 1.0000
2024-03-05 18:11:02,809 - Trainlog - INFO - Epoch: 207 | train_loss: 1.1727 | train_OA: 1.0000 | train_AA: 1.0000 | train_Kappa: 1.0000
2024-03-05 18:11:02,860 - Trainlog - INFO - Epoch: 208 | train_loss: 1.1733 | train_OA: 1.0000 | train_AA: 1.0000 | train_Kappa: 1.0000
2024-03-05 18:11:02,910 - Trainlog - INFO - Epoch: 209 | train_loss: 1.1707 | train_OA: 1.0000 | train_AA: 1.0000 | train_Kappa: 1.0000
2024-03-05 18:11:02,960 - Trainlog - INFO - Epoch: 210 | train_loss: 1.1713 | train_OA: 1.0000 | train_AA: 1.0000 | train_Kappa: 1.0000
2024-03-05 18:11:03,009 - Trainlog - INFO - Epoch: 211 | train_loss: 1.1708 | train_OA: 1.0000 | train_AA: 1.0000 | train_Kappa: 1.0000
2024-03-05 18:11:03,059 - Trainlog - INFO - Epoch: 212 | train_loss: 1.1702 | train_OA: 1.0000 | train_AA: 1.0000 | train_Kappa: 1.0000
2024-03-05 18:11:03,110 - Trainlog - INFO - Epoch: 213 | train_loss: 1.1693 | train_OA: 1.0000 | train_AA: 1.0000 | train_Kappa: 1.0000
2024-03-05 18:11:03,160 - Trainlog - INFO - Epoch: 214 | train_loss: 1.1700 | train_OA: 1.0000 | train_AA: 1.0000 | train_Kappa: 1.0000
2024-03-05 18:11:03,210 - Trainlog - INFO - Epoch: 215 | train_loss: 1.1690 | train_OA: 1.0000 | train_AA: 1.0000 | train_Kappa: 1.0000
2024-03-05 18:11:03,260 - Trainlog - INFO - Epoch: 216 | train_loss: 1.1688 | train_OA: 1.0000 | train_AA: 1.0000 | train_Kappa: 1.0000
2024-03-05 18:11:03,310 - Trainlog - INFO - Epoch: 217 | train_loss: 1.1707 | train_OA: 1.0000 | train_AA: 1.0000 | train_Kappa: 1.0000
2024-03-05 18:11:03,362 - Trainlog - INFO - Epoch: 218 | train_loss: 1.1688 | train_OA: 1.0000 | train_AA: 1.0000 | train_Kappa: 1.0000
2024-03-05 18:11:03,412 - Trainlog - INFO - Epoch: 219 | train_loss: 1.1692 | train_OA: 1.0000 | train_AA: 1.0000 | train_Kappa: 1.0000
2024-03-05 18:11:03,462 - Trainlog - INFO - Epoch: 220 | train_loss: 1.1697 | train_OA: 1.0000 | train_AA: 1.0000 | train_Kappa: 1.0000
2024-03-05 18:11:03,512 - Trainlog - INFO - Epoch: 221 | train_loss: 1.1684 | train_OA: 1.0000 | train_AA: 1.0000 | train_Kappa: 1.0000
2024-03-05 18:11:03,563 - Trainlog - INFO - Epoch: 222 | train_loss: 1.1708 | train_OA: 1.0000 | train_AA: 1.0000 | train_Kappa: 1.0000
2024-03-05 18:11:03,613 - Trainlog - INFO - Epoch: 223 | train_loss: 1.1698 | train_OA: 1.0000 | train_AA: 1.0000 | train_Kappa: 1.0000
2024-03-05 18:11:03,662 - Trainlog - INFO - Epoch: 224 | train_loss: 1.1685 | train_OA: 1.0000 | train_AA: 1.0000 | train_Kappa: 1.0000
2024-03-05 18:11:03,713 - Trainlog - INFO - Epoch: 225 | train_loss: 1.1689 | train_OA: 1.0000 | train_AA: 1.0000 | train_Kappa: 1.0000
2024-03-05 18:11:03,763 - Trainlog - INFO - Epoch: 226 | train_loss: 1.1730 | train_OA: 1.0000 | train_AA: 1.0000 | train_Kappa: 1.0000
2024-03-05 18:11:03,814 - Trainlog - INFO - Epoch: 227 | train_loss: 1.1704 | train_OA: 1.0000 | train_AA: 1.0000 | train_Kappa: 1.0000
2024-03-05 18:11:03,864 - Trainlog - INFO - Epoch: 228 | train_loss: 1.1708 | train_OA: 1.0000 | train_AA: 1.0000 | train_Kappa: 1.0000
2024-03-05 18:11:03,915 - Trainlog - INFO - Epoch: 229 | train_loss: 1.1728 | train_OA: 1.0000 | train_AA: 1.0000 | train_Kappa: 1.0000
2024-03-05 18:11:03,965 - Trainlog - INFO - Epoch: 230 | train_loss: 1.1717 | train_OA: 1.0000 | train_AA: 1.0000 | train_Kappa: 1.0000
2024-03-05 18:11:04,016 - Trainlog - INFO - Epoch: 231 | train_loss: 1.1724 | train_OA: 1.0000 | train_AA: 1.0000 | train_Kappa: 1.0000
2024-03-05 18:11:04,066 - Trainlog - INFO - Epoch: 232 | train_loss: 1.1701 | train_OA: 1.0000 | train_AA: 1.0000 | train_Kappa: 1.0000
2024-03-05 18:11:04,116 - Trainlog - INFO - Epoch: 233 | train_loss: 1.1717 | train_OA: 1.0000 | train_AA: 1.0000 | train_Kappa: 1.0000
2024-03-05 18:11:04,166 - Trainlog - INFO - Epoch: 234 | train_loss: 1.1702 | train_OA: 1.0000 | train_AA: 1.0000 | train_Kappa: 1.0000
2024-03-05 18:11:04,216 - Trainlog - INFO - Epoch: 235 | train_loss: 1.1693 | train_OA: 1.0000 | train_AA: 1.0000 | train_Kappa: 1.0000
2024-03-05 18:11:04,267 - Trainlog - INFO - Epoch: 236 | train_loss: 1.1722 | train_OA: 1.0000 | train_AA: 1.0000 | train_Kappa: 1.0000
2024-03-05 18:11:04,317 - Trainlog - INFO - Epoch: 237 | train_loss: 1.1693 | train_OA: 1.0000 | train_AA: 1.0000 | train_Kappa: 1.0000
2024-03-05 18:11:04,367 - Trainlog - INFO - Epoch: 238 | train_loss: 1.1688 | train_OA: 1.0000 | train_AA: 1.0000 | train_Kappa: 1.0000
2024-03-05 18:11:04,417 - Trainlog - INFO - Epoch: 239 | train_loss: 1.1692 | train_OA: 1.0000 | train_AA: 1.0000 | train_Kappa: 1.0000
2024-03-05 18:11:04,467 - Trainlog - INFO - Epoch: 240 | train_loss: 1.1696 | train_OA: 1.0000 | train_AA: 1.0000 | train_Kappa: 1.0000
2024-03-05 18:11:04,518 - Trainlog - INFO - Epoch: 241 | train_loss: 1.1698 | train_OA: 1.0000 | train_AA: 1.0000 | train_Kappa: 1.0000
2024-03-05 18:11:04,568 - Trainlog - INFO - Epoch: 242 | train_loss: 1.1710 | train_OA: 1.0000 | train_AA: 1.0000 | train_Kappa: 1.0000
2024-03-05 18:11:04,618 - Trainlog - INFO - Epoch: 243 | train_loss: 1.1696 | train_OA: 1.0000 | train_AA: 1.0000 | train_Kappa: 1.0000
2024-03-05 18:11:04,667 - Trainlog - INFO - Epoch: 244 | train_loss: 1.1692 | train_OA: 1.0000 | train_AA: 1.0000 | train_Kappa: 1.0000
2024-03-05 18:11:04,716 - Trainlog - INFO - Epoch: 245 | train_loss: 1.1683 | train_OA: 1.0000 | train_AA: 1.0000 | train_Kappa: 1.0000
2024-03-05 18:11:04,766 - Trainlog - INFO - Epoch: 246 | train_loss: 1.1686 | train_OA: 1.0000 | train_AA: 1.0000 | train_Kappa: 1.0000
2024-03-05 18:11:04,816 - Trainlog - INFO - Epoch: 247 | train_loss: 1.1692 | train_OA: 1.0000 | train_AA: 1.0000 | train_Kappa: 1.0000
2024-03-05 18:11:04,866 - Trainlog - INFO - Epoch: 248 | train_loss: 1.1714 | train_OA: 1.0000 | train_AA: 1.0000 | train_Kappa: 1.0000
2024-03-05 18:11:04,916 - Trainlog - INFO - Epoch: 249 | train_loss: 1.1682 | train_OA: 1.0000 | train_AA: 1.0000 | train_Kappa: 1.0000
2024-03-05 18:11:04,965 - Trainlog - INFO - Epoch: 250 | train_loss: 1.1683 | train_OA: 1.0000 | train_AA: 1.0000 | train_Kappa: 1.0000
2024-03-05 18:11:05,016 - Trainlog - INFO - Epoch: 251 | train_loss: 1.1734 | train_OA: 1.0000 | train_AA: 1.0000 | train_Kappa: 1.0000
2024-03-05 18:11:05,066 - Trainlog - INFO - Epoch: 252 | train_loss: 1.1714 | train_OA: 1.0000 | train_AA: 1.0000 | train_Kappa: 1.0000
2024-03-05 18:11:05,116 - Trainlog - INFO - Epoch: 253 | train_loss: 1.1692 | train_OA: 1.0000 | train_AA: 1.0000 | train_Kappa: 1.0000
2024-03-05 18:11:05,165 - Trainlog - INFO - Epoch: 254 | train_loss: 1.1696 | train_OA: 1.0000 | train_AA: 1.0000 | train_Kappa: 1.0000
2024-03-05 18:11:05,215 - Trainlog - INFO - Epoch: 255 | train_loss: 1.1679 | train_OA: 1.0000 | train_AA: 1.0000 | train_Kappa: 1.0000
2024-03-05 18:11:05,265 - Trainlog - INFO - Epoch: 256 | train_loss: 1.1678 | train_OA: 1.0000 | train_AA: 1.0000 | train_Kappa: 1.0000
2024-03-05 18:11:05,315 - Trainlog - INFO - Epoch: 257 | train_loss: 1.1676 | train_OA: 1.0000 | train_AA: 1.0000 | train_Kappa: 1.0000
2024-03-05 18:11:05,365 - Trainlog - INFO - Epoch: 258 | train_loss: 1.1681 | train_OA: 1.0000 | train_AA: 1.0000 | train_Kappa: 1.0000
2024-03-05 18:11:05,415 - Trainlog - INFO - Epoch: 259 | train_loss: 1.1683 | train_OA: 1.0000 | train_AA: 1.0000 | train_Kappa: 1.0000
2024-03-05 18:11:05,465 - Trainlog - INFO - Epoch: 260 | train_loss: 1.1707 | train_OA: 1.0000 | train_AA: 1.0000 | train_Kappa: 1.0000
2024-03-05 18:11:05,515 - Trainlog - INFO - Epoch: 261 | train_loss: 1.1682 | train_OA: 1.0000 | train_AA: 1.0000 | train_Kappa: 1.0000
2024-03-05 18:11:05,565 - Trainlog - INFO - Epoch: 262 | train_loss: 1.1685 | train_OA: 1.0000 | train_AA: 1.0000 | train_Kappa: 1.0000
2024-03-05 18:11:05,615 - Trainlog - INFO - Epoch: 263 | train_loss: 1.1674 | train_OA: 1.0000 | train_AA: 1.0000 | train_Kappa: 1.0000
2024-03-05 18:11:05,664 - Trainlog - INFO - Epoch: 264 | train_loss: 1.1677 | train_OA: 1.0000 | train_AA: 1.0000 | train_Kappa: 1.0000
2024-03-05 18:11:05,714 - Trainlog - INFO - Epoch: 265 | train_loss: 1.1681 | train_OA: 1.0000 | train_AA: 1.0000 | train_Kappa: 1.0000
2024-03-05 18:11:05,766 - Trainlog - INFO - Epoch: 266 | train_loss: 1.1686 | train_OA: 1.0000 | train_AA: 1.0000 | train_Kappa: 1.0000
2024-03-05 18:11:05,817 - Trainlog - INFO - Epoch: 267 | train_loss: 1.1687 | train_OA: 1.0000 | train_AA: 1.0000 | train_Kappa: 1.0000
2024-03-05 18:11:05,867 - Trainlog - INFO - Epoch: 268 | train_loss: 1.1684 | train_OA: 1.0000 | train_AA: 1.0000 | train_Kappa: 1.0000
2024-03-05 18:11:05,917 - Trainlog - INFO - Epoch: 269 | train_loss: 1.1678 | train_OA: 1.0000 | train_AA: 1.0000 | train_Kappa: 1.0000
2024-03-05 18:11:05,967 - Trainlog - INFO - Epoch: 270 | train_loss: 1.1717 | train_OA: 1.0000 | train_AA: 1.0000 | train_Kappa: 1.0000
2024-03-05 18:11:06,017 - Trainlog - INFO - Epoch: 271 | train_loss: 1.1701 | train_OA: 1.0000 | train_AA: 1.0000 | train_Kappa: 1.0000
2024-03-05 18:11:06,070 - Trainlog - INFO - Epoch: 272 | train_loss: 1.1678 | train_OA: 1.0000 | train_AA: 1.0000 | train_Kappa: 1.0000
2024-03-05 18:11:06,120 - Trainlog - INFO - Epoch: 273 | train_loss: 1.1677 | train_OA: 1.0000 | train_AA: 1.0000 | train_Kappa: 1.0000
2024-03-05 18:11:06,170 - Trainlog - INFO - Epoch: 274 | train_loss: 1.1683 | train_OA: 1.0000 | train_AA: 1.0000 | train_Kappa: 1.0000
2024-03-05 18:11:06,220 - Trainlog - INFO - Epoch: 275 | train_loss: 1.1683 | train_OA: 1.0000 | train_AA: 1.0000 | train_Kappa: 1.0000
2024-03-05 18:11:06,271 - Trainlog - INFO - Epoch: 276 | train_loss: 1.1690 | train_OA: 1.0000 | train_AA: 1.0000 | train_Kappa: 1.0000
2024-03-05 18:11:06,321 - Trainlog - INFO - Epoch: 277 | train_loss: 1.1678 | train_OA: 1.0000 | train_AA: 1.0000 | train_Kappa: 1.0000
2024-03-05 18:11:06,371 - Trainlog - INFO - Epoch: 278 | train_loss: 1.1685 | train_OA: 1.0000 | train_AA: 1.0000 | train_Kappa: 1.0000
2024-03-05 18:11:06,422 - Trainlog - INFO - Epoch: 279 | train_loss: 1.1690 | train_OA: 1.0000 | train_AA: 1.0000 | train_Kappa: 1.0000
2024-03-05 18:11:06,471 - Trainlog - INFO - Epoch: 280 | train_loss: 1.1682 | train_OA: 1.0000 | train_AA: 1.0000 | train_Kappa: 1.0000
2024-03-05 18:11:06,522 - Trainlog - INFO - Epoch: 281 | train_loss: 1.1678 | train_OA: 1.0000 | train_AA: 1.0000 | train_Kappa: 1.0000
2024-03-05 18:11:06,573 - Trainlog - INFO - Epoch: 282 | train_loss: 1.1739 | train_OA: 1.0000 | train_AA: 1.0000 | train_Kappa: 1.0000
2024-03-05 18:11:06,624 - Trainlog - INFO - Epoch: 283 | train_loss: 1.1693 | train_OA: 1.0000 | train_AA: 1.0000 | train_Kappa: 1.0000
2024-03-05 18:11:06,673 - Trainlog - INFO - Epoch: 284 | train_loss: 1.1683 | train_OA: 1.0000 | train_AA: 1.0000 | train_Kappa: 1.0000
2024-03-05 18:11:06,724 - Trainlog - INFO - Epoch: 285 | train_loss: 1.1680 | train_OA: 1.0000 | train_AA: 1.0000 | train_Kappa: 1.0000
2024-03-05 18:11:06,775 - Trainlog - INFO - Epoch: 286 | train_loss: 1.1686 | train_OA: 1.0000 | train_AA: 1.0000 | train_Kappa: 1.0000
2024-03-05 18:11:06,825 - Trainlog - INFO - Epoch: 287 | train_loss: 1.1681 | train_OA: 1.0000 | train_AA: 1.0000 | train_Kappa: 1.0000
2024-03-05 18:11:06,874 - Trainlog - INFO - Epoch: 288 | train_loss: 1.1679 | train_OA: 1.0000 | train_AA: 1.0000 | train_Kappa: 1.0000
2024-03-05 18:11:06,924 - Trainlog - INFO - Epoch: 289 | train_loss: 1.1685 | train_OA: 1.0000 | train_AA: 1.0000 | train_Kappa: 1.0000
2024-03-05 18:11:06,974 - Trainlog - INFO - Epoch: 290 | train_loss: 1.1690 | train_OA: 1.0000 | train_AA: 1.0000 | train_Kappa: 1.0000
2024-03-05 18:11:07,025 - Trainlog - INFO - Epoch: 291 | train_loss: 1.1681 | train_OA: 1.0000 | train_AA: 1.0000 | train_Kappa: 1.0000
2024-03-05 18:11:07,076 - Trainlog - INFO - Epoch: 292 | train_loss: 1.1689 | train_OA: 1.0000 | train_AA: 1.0000 | train_Kappa: 1.0000
2024-03-05 18:11:07,125 - Trainlog - INFO - Epoch: 293 | train_loss: 1.1677 | train_OA: 1.0000 | train_AA: 1.0000 | train_Kappa: 1.0000
2024-03-05 18:11:07,175 - Trainlog - INFO - Epoch: 294 | train_loss: 1.1759 | train_OA: 1.0000 | train_AA: 1.0000 | train_Kappa: 1.0000
2024-03-05 18:11:07,225 - Trainlog - INFO - Epoch: 295 | train_loss: 1.1681 | train_OA: 1.0000 | train_AA: 1.0000 | train_Kappa: 1.0000
2024-03-05 18:11:07,276 - Trainlog - INFO - Epoch: 296 | train_loss: 1.1711 | train_OA: 1.0000 | train_AA: 1.0000 | train_Kappa: 1.0000
2024-03-05 18:11:07,326 - Trainlog - INFO - Epoch: 297 | train_loss: 1.1678 | train_OA: 1.0000 | train_AA: 1.0000 | train_Kappa: 1.0000
2024-03-05 18:11:07,376 - Trainlog - INFO - Epoch: 298 | train_loss: 1.1685 | train_OA: 1.0000 | train_AA: 1.0000 | train_Kappa: 1.0000
2024-03-05 18:11:07,426 - Trainlog - INFO - Epoch: 299 | train_loss: 1.1683 | train_OA: 1.0000 | train_AA: 1.0000 | train_Kappa: 1.0000
2024-03-05 18:11:07,475 - Trainlog - INFO - Epoch: 300 | train_loss: 1.1682 | train_OA: 1.0000 | train_AA: 1.0000 | train_Kappa: 1.0000
2024-03-05 18:11:07,526 - Trainlog - INFO - Epoch: 301 | train_loss: 1.1681 | train_OA: 1.0000 | train_AA: 1.0000 | train_Kappa: 1.0000
2024-03-05 18:11:07,576 - Trainlog - INFO - Epoch: 302 | train_loss: 1.1684 | train_OA: 1.0000 | train_AA: 1.0000 | train_Kappa: 1.0000
2024-03-05 18:11:07,626 - Trainlog - INFO - Epoch: 303 | train_loss: 1.1718 | train_OA: 1.0000 | train_AA: 1.0000 | train_Kappa: 1.0000
2024-03-05 18:11:07,676 - Trainlog - INFO - Epoch: 304 | train_loss: 1.1687 | train_OA: 1.0000 | train_AA: 1.0000 | train_Kappa: 1.0000
2024-03-05 18:11:07,725 - Trainlog - INFO - Epoch: 305 | train_loss: 1.1674 | train_OA: 1.0000 | train_AA: 1.0000 | train_Kappa: 1.0000
2024-03-05 18:11:07,777 - Trainlog - INFO - Epoch: 306 | train_loss: 1.1682 | train_OA: 1.0000 | train_AA: 1.0000 | train_Kappa: 1.0000
2024-03-05 18:11:07,827 - Trainlog - INFO - Epoch: 307 | train_loss: 1.1691 | train_OA: 1.0000 | train_AA: 1.0000 | train_Kappa: 1.0000
2024-03-05 18:11:07,876 - Trainlog - INFO - Epoch: 308 | train_loss: 1.1694 | train_OA: 1.0000 | train_AA: 1.0000 | train_Kappa: 1.0000
2024-03-05 18:11:07,926 - Trainlog - INFO - Epoch: 309 | train_loss: 1.1677 | train_OA: 1.0000 | train_AA: 1.0000 | train_Kappa: 1.0000
2024-03-05 18:11:07,976 - Trainlog - INFO - Epoch: 310 | train_loss: 1.1677 | train_OA: 1.0000 | train_AA: 1.0000 | train_Kappa: 1.0000
2024-03-05 18:11:08,027 - Trainlog - INFO - Epoch: 311 | train_loss: 1.1685 | train_OA: 1.0000 | train_AA: 1.0000 | train_Kappa: 1.0000
2024-03-05 18:11:08,077 - Trainlog - INFO - Epoch: 312 | train_loss: 1.1716 | train_OA: 1.0000 | train_AA: 1.0000 | train_Kappa: 1.0000
2024-03-05 18:11:08,126 - Trainlog - INFO - Epoch: 313 | train_loss: 1.1674 | train_OA: 1.0000 | train_AA: 1.0000 | train_Kappa: 1.0000
2024-03-05 18:11:08,176 - Trainlog - INFO - Epoch: 314 | train_loss: 1.1699 | train_OA: 1.0000 | train_AA: 1.0000 | train_Kappa: 1.0000
2024-03-05 18:11:08,226 - Trainlog - INFO - Epoch: 315 | train_loss: 1.1688 | train_OA: 1.0000 | train_AA: 1.0000 | train_Kappa: 1.0000
2024-03-05 18:11:08,277 - Trainlog - INFO - Epoch: 316 | train_loss: 1.1683 | train_OA: 1.0000 | train_AA: 1.0000 | train_Kappa: 1.0000
2024-03-05 18:11:08,327 - Trainlog - INFO - Epoch: 317 | train_loss: 1.1691 | train_OA: 1.0000 | train_AA: 1.0000 | train_Kappa: 1.0000
2024-03-05 18:11:08,376 - Trainlog - INFO - Epoch: 318 | train_loss: 1.1682 | train_OA: 1.0000 | train_AA: 1.0000 | train_Kappa: 1.0000
2024-03-05 18:11:08,427 - Trainlog - INFO - Epoch: 319 | train_loss: 1.1686 | train_OA: 1.0000 | train_AA: 1.0000 | train_Kappa: 1.0000
2024-03-05 18:11:08,476 - Trainlog - INFO - Epoch: 320 | train_loss: 1.1685 | train_OA: 1.0000 | train_AA: 1.0000 | train_Kappa: 1.0000
2024-03-05 18:11:08,527 - Trainlog - INFO - Epoch: 321 | train_loss: 1.1676 | train_OA: 1.0000 | train_AA: 1.0000 | train_Kappa: 1.0000
2024-03-05 18:11:08,577 - Trainlog - INFO - Epoch: 322 | train_loss: 1.1719 | train_OA: 1.0000 | train_AA: 1.0000 | train_Kappa: 1.0000
2024-03-05 18:11:08,627 - Trainlog - INFO - Epoch: 323 | train_loss: 1.1688 | train_OA: 1.0000 | train_AA: 1.0000 | train_Kappa: 1.0000
2024-03-05 18:11:08,677 - Trainlog - INFO - Epoch: 324 | train_loss: 1.1776 | train_OA: 1.0000 | train_AA: 1.0000 | train_Kappa: 1.0000
2024-03-05 18:11:08,727 - Trainlog - INFO - Epoch: 325 | train_loss: 1.1680 | train_OA: 1.0000 | train_AA: 1.0000 | train_Kappa: 1.0000
2024-03-05 18:11:08,777 - Trainlog - INFO - Epoch: 326 | train_loss: 1.1698 | train_OA: 1.0000 | train_AA: 1.0000 | train_Kappa: 1.0000
2024-03-05 18:11:08,827 - Trainlog - INFO - Epoch: 327 | train_loss: 1.1704 | train_OA: 1.0000 | train_AA: 1.0000 | train_Kappa: 1.0000
2024-03-05 18:11:08,877 - Trainlog - INFO - Epoch: 328 | train_loss: 1.1683 | train_OA: 1.0000 | train_AA: 1.0000 | train_Kappa: 1.0000
2024-03-05 18:11:08,927 - Trainlog - INFO - Epoch: 329 | train_loss: 1.1685 | train_OA: 1.0000 | train_AA: 1.0000 | train_Kappa: 1.0000
2024-03-05 18:11:08,976 - Trainlog - INFO - Epoch: 330 | train_loss: 1.1681 | train_OA: 1.0000 | train_AA: 1.0000 | train_Kappa: 1.0000
2024-03-05 18:11:09,026 - Trainlog - INFO - Epoch: 331 | train_loss: 1.1677 | train_OA: 1.0000 | train_AA: 1.0000 | train_Kappa: 1.0000
2024-03-05 18:11:09,076 - Trainlog - INFO - Epoch: 332 | train_loss: 1.1690 | train_OA: 1.0000 | train_AA: 1.0000 | train_Kappa: 1.0000
2024-03-05 18:11:09,126 - Trainlog - INFO - Epoch: 333 | train_loss: 1.1683 | train_OA: 1.0000 | train_AA: 1.0000 | train_Kappa: 1.0000
2024-03-05 18:11:09,175 - Trainlog - INFO - Epoch: 334 | train_loss: 1.1693 | train_OA: 1.0000 | train_AA: 1.0000 | train_Kappa: 1.0000
2024-03-05 18:11:09,224 - Trainlog - INFO - Epoch: 335 | train_loss: 1.1678 | train_OA: 1.0000 | train_AA: 1.0000 | train_Kappa: 1.0000
2024-03-05 18:11:09,274 - Trainlog - INFO - Epoch: 336 | train_loss: 1.1704 | train_OA: 1.0000 | train_AA: 1.0000 | train_Kappa: 1.0000
2024-03-05 18:11:09,324 - Trainlog - INFO - Epoch: 337 | train_loss: 1.1787 | train_OA: 1.0000 | train_AA: 1.0000 | train_Kappa: 1.0000
2024-03-05 18:11:09,374 - Trainlog - INFO - Epoch: 338 | train_loss: 1.1675 | train_OA: 1.0000 | train_AA: 1.0000 | train_Kappa: 1.0000
2024-03-05 18:11:09,425 - Trainlog - INFO - Epoch: 339 | train_loss: 1.1681 | train_OA: 1.0000 | train_AA: 1.0000 | train_Kappa: 1.0000
2024-03-05 18:11:09,474 - Trainlog - INFO - Epoch: 340 | train_loss: 1.1687 | train_OA: 1.0000 | train_AA: 1.0000 | train_Kappa: 1.0000
2024-03-05 18:11:09,525 - Trainlog - INFO - Epoch: 341 | train_loss: 1.1691 | train_OA: 1.0000 | train_AA: 1.0000 | train_Kappa: 1.0000
2024-03-05 18:11:09,576 - Trainlog - INFO - Epoch: 342 | train_loss: 1.1689 | train_OA: 1.0000 | train_AA: 1.0000 | train_Kappa: 1.0000
2024-03-05 18:11:09,625 - Trainlog - INFO - Epoch: 343 | train_loss: 1.1692 | train_OA: 1.0000 | train_AA: 1.0000 | train_Kappa: 1.0000
2024-03-05 18:11:09,675 - Trainlog - INFO - Epoch: 344 | train_loss: 1.1721 | train_OA: 1.0000 | train_AA: 1.0000 | train_Kappa: 1.0000
2024-03-05 18:11:09,725 - Trainlog - INFO - Epoch: 345 | train_loss: 1.1697 | train_OA: 1.0000 | train_AA: 1.0000 | train_Kappa: 1.0000
2024-03-05 18:11:09,775 - Trainlog - INFO - Epoch: 346 | train_loss: 1.1681 | train_OA: 1.0000 | train_AA: 1.0000 | train_Kappa: 1.0000
2024-03-05 18:11:09,825 - Trainlog - INFO - Epoch: 347 | train_loss: 1.1682 | train_OA: 1.0000 | train_AA: 1.0000 | train_Kappa: 1.0000
2024-03-05 18:11:09,875 - Trainlog - INFO - Epoch: 348 | train_loss: 1.1695 | train_OA: 1.0000 | train_AA: 1.0000 | train_Kappa: 1.0000
2024-03-05 18:11:09,925 - Trainlog - INFO - Epoch: 349 | train_loss: 1.1680 | train_OA: 1.0000 | train_AA: 1.0000 | train_Kappa: 1.0000
2024-03-05 18:11:09,975 - Trainlog - INFO - Epoch: 350 | train_loss: 1.1704 | train_OA: 1.0000 | train_AA: 1.0000 | train_Kappa: 1.0000
2024-03-05 18:11:10,025 - Trainlog - INFO - Epoch: 351 | train_loss: 1.1684 | train_OA: 1.0000 | train_AA: 1.0000 | train_Kappa: 1.0000
2024-03-05 18:11:10,076 - Trainlog - INFO - Epoch: 352 | train_loss: 1.1680 | train_OA: 1.0000 | train_AA: 1.0000 | train_Kappa: 1.0000
2024-03-05 18:11:10,126 - Trainlog - INFO - Epoch: 353 | train_loss: 1.1677 | train_OA: 1.0000 | train_AA: 1.0000 | train_Kappa: 1.0000
2024-03-05 18:11:10,175 - Trainlog - INFO - Epoch: 354 | train_loss: 1.1830 | train_OA: 0.9929 | train_AA: 0.9929 | train_Kappa: 0.9917
2024-03-05 18:11:10,225 - Trainlog - INFO - Epoch: 355 | train_loss: 1.1728 | train_OA: 1.0000 | train_AA: 1.0000 | train_Kappa: 1.0000
2024-03-05 18:11:10,276 - Trainlog - INFO - Epoch: 356 | train_loss: 1.1682 | train_OA: 1.0000 | train_AA: 1.0000 | train_Kappa: 1.0000
2024-03-05 18:11:10,326 - Trainlog - INFO - Epoch: 357 | train_loss: 1.1678 | train_OA: 1.0000 | train_AA: 1.0000 | train_Kappa: 1.0000
2024-03-05 18:11:10,376 - Trainlog - INFO - Epoch: 358 | train_loss: 1.1679 | train_OA: 1.0000 | train_AA: 1.0000 | train_Kappa: 1.0000
2024-03-05 18:11:10,426 - Trainlog - INFO - Epoch: 359 | train_loss: 1.1699 | train_OA: 1.0000 | train_AA: 1.0000 | train_Kappa: 1.0000
2024-03-05 18:11:10,476 - Trainlog - INFO - Epoch: 360 | train_loss: 1.1677 | train_OA: 1.0000 | train_AA: 1.0000 | train_Kappa: 1.0000
2024-03-05 18:11:10,526 - Trainlog - INFO - Epoch: 361 | train_loss: 1.1675 | train_OA: 1.0000 | train_AA: 1.0000 | train_Kappa: 1.0000
2024-03-05 18:11:10,577 - Trainlog - INFO - Epoch: 362 | train_loss: 1.1753 | train_OA: 0.9929 | train_AA: 0.9929 | train_Kappa: 0.9917
2024-03-05 18:11:10,628 - Trainlog - INFO - Epoch: 363 | train_loss: 1.1672 | train_OA: 1.0000 | train_AA: 1.0000 | train_Kappa: 1.0000
2024-03-05 18:11:10,677 - Trainlog - INFO - Epoch: 364 | train_loss: 1.1677 | train_OA: 1.0000 | train_AA: 1.0000 | train_Kappa: 1.0000
2024-03-05 18:11:10,728 - Trainlog - INFO - Epoch: 365 | train_loss: 1.1675 | train_OA: 1.0000 | train_AA: 1.0000 | train_Kappa: 1.0000
2024-03-05 18:11:10,778 - Trainlog - INFO - Epoch: 366 | train_loss: 1.1690 | train_OA: 1.0000 | train_AA: 1.0000 | train_Kappa: 1.0000
2024-03-05 18:11:10,828 - Trainlog - INFO - Epoch: 367 | train_loss: 1.1677 | train_OA: 1.0000 | train_AA: 1.0000 | train_Kappa: 1.0000
2024-03-05 18:11:10,877 - Trainlog - INFO - Epoch: 368 | train_loss: 1.1676 | train_OA: 1.0000 | train_AA: 1.0000 | train_Kappa: 1.0000
2024-03-05 18:11:10,927 - Trainlog - INFO - Epoch: 369 | train_loss: 1.1679 | train_OA: 1.0000 | train_AA: 1.0000 | train_Kappa: 1.0000
2024-03-05 18:11:10,978 - Trainlog - INFO - Epoch: 370 | train_loss: 1.1677 | train_OA: 1.0000 | train_AA: 1.0000 | train_Kappa: 1.0000
2024-03-05 18:11:11,028 - Trainlog - INFO - Epoch: 371 | train_loss: 1.1673 | train_OA: 1.0000 | train_AA: 1.0000 | train_Kappa: 1.0000
2024-03-05 18:11:11,078 - Trainlog - INFO - Epoch: 372 | train_loss: 1.1700 | train_OA: 1.0000 | train_AA: 1.0000 | train_Kappa: 1.0000
2024-03-05 18:11:11,128 - Trainlog - INFO - Epoch: 373 | train_loss: 1.1699 | train_OA: 1.0000 | train_AA: 1.0000 | train_Kappa: 1.0000
2024-03-05 18:11:11,178 - Trainlog - INFO - Epoch: 374 | train_loss: 1.1673 | train_OA: 1.0000 | train_AA: 1.0000 | train_Kappa: 1.0000
2024-03-05 18:11:11,230 - Trainlog - INFO - Epoch: 375 | train_loss: 1.1692 | train_OA: 1.0000 | train_AA: 1.0000 | train_Kappa: 1.0000
2024-03-05 18:11:11,280 - Trainlog - INFO - Epoch: 376 | train_loss: 1.1678 | train_OA: 1.0000 | train_AA: 1.0000 | train_Kappa: 1.0000
2024-03-05 18:11:11,329 - Trainlog - INFO - Epoch: 377 | train_loss: 1.1673 | train_OA: 1.0000 | train_AA: 1.0000 | train_Kappa: 1.0000
2024-03-05 18:11:11,379 - Trainlog - INFO - Epoch: 378 | train_loss: 1.1669 | train_OA: 1.0000 | train_AA: 1.0000 | train_Kappa: 1.0000
2024-03-05 18:11:11,430 - Trainlog - INFO - Epoch: 379 | train_loss: 1.1672 | train_OA: 1.0000 | train_AA: 1.0000 | train_Kappa: 1.0000
2024-03-05 18:11:11,479 - Trainlog - INFO - Epoch: 380 | train_loss: 1.1678 | train_OA: 1.0000 | train_AA: 1.0000 | train_Kappa: 1.0000
2024-03-05 18:11:11,529 - Trainlog - INFO - Epoch: 381 | train_loss: 1.1683 | train_OA: 1.0000 | train_AA: 1.0000 | train_Kappa: 1.0000
2024-03-05 18:11:11,579 - Trainlog - INFO - Epoch: 382 | train_loss: 1.1678 | train_OA: 1.0000 | train_AA: 1.0000 | train_Kappa: 1.0000
2024-03-05 18:11:11,629 - Trainlog - INFO - Epoch: 383 | train_loss: 1.1681 | train_OA: 1.0000 | train_AA: 1.0000 | train_Kappa: 1.0000
2024-03-05 18:11:11,680 - Trainlog - INFO - Epoch: 384 | train_loss: 1.1670 | train_OA: 1.0000 | train_AA: 1.0000 | train_Kappa: 1.0000
2024-03-05 18:11:11,730 - Trainlog - INFO - Epoch: 385 | train_loss: 1.1676 | train_OA: 1.0000 | train_AA: 1.0000 | train_Kappa: 1.0000
2024-03-05 18:11:11,780 - Trainlog - INFO - Epoch: 386 | train_loss: 1.1677 | train_OA: 1.0000 | train_AA: 1.0000 | train_Kappa: 1.0000
2024-03-05 18:11:11,830 - Trainlog - INFO - Epoch: 387 | train_loss: 1.1669 | train_OA: 1.0000 | train_AA: 1.0000 | train_Kappa: 1.0000
2024-03-05 18:11:11,880 - Trainlog - INFO - Epoch: 388 | train_loss: 1.1674 | train_OA: 1.0000 | train_AA: 1.0000 | train_Kappa: 1.0000
2024-03-05 18:11:11,930 - Trainlog - INFO - Epoch: 389 | train_loss: 1.1672 | train_OA: 1.0000 | train_AA: 1.0000 | train_Kappa: 1.0000
2024-03-05 18:11:11,980 - Trainlog - INFO - Epoch: 390 | train_loss: 1.1681 | train_OA: 1.0000 | train_AA: 1.0000 | train_Kappa: 1.0000
2024-03-05 18:11:12,030 - Trainlog - INFO - Epoch: 391 | train_loss: 1.1695 | train_OA: 1.0000 | train_AA: 1.0000 | train_Kappa: 1.0000
2024-03-05 18:11:12,080 - Trainlog - INFO - Epoch: 392 | train_loss: 1.1668 | train_OA: 1.0000 | train_AA: 1.0000 | train_Kappa: 1.0000
2024-03-05 18:11:12,129 - Trainlog - INFO - Epoch: 393 | train_loss: 1.1684 | train_OA: 1.0000 | train_AA: 1.0000 | train_Kappa: 1.0000
2024-03-05 18:11:12,180 - Trainlog - INFO - Epoch: 394 | train_loss: 1.1671 | train_OA: 1.0000 | train_AA: 1.0000 | train_Kappa: 1.0000
2024-03-05 18:11:12,230 - Trainlog - INFO - Epoch: 395 | train_loss: 1.1670 | train_OA: 1.0000 | train_AA: 1.0000 | train_Kappa: 1.0000
2024-03-05 18:11:12,281 - Trainlog - INFO - Epoch: 396 | train_loss: 1.1668 | train_OA: 1.0000 | train_AA: 1.0000 | train_Kappa: 1.0000
2024-03-05 18:11:12,331 - Trainlog - INFO - Epoch: 397 | train_loss: 1.1672 | train_OA: 1.0000 | train_AA: 1.0000 | train_Kappa: 1.0000
2024-03-05 18:11:12,382 - Trainlog - INFO - Epoch: 398 | train_loss: 1.1671 | train_OA: 1.0000 | train_AA: 1.0000 | train_Kappa: 1.0000
2024-03-05 18:11:12,432 - Trainlog - INFO - Epoch: 399 | train_loss: 1.1668 | train_OA: 1.0000 | train_AA: 1.0000 | train_Kappa: 1.0000
2024-03-05 18:11:12,482 - Trainlog - INFO - Epoch: 400 | train_loss: 1.1671 | train_OA: 1.0000 | train_AA: 1.0000 | train_Kappa: 1.0000
2024-03-05 18:11:12,533 - Trainlog - INFO - Epoch: 401 | train_loss: 1.1684 | train_OA: 1.0000 | train_AA: 1.0000 | train_Kappa: 1.0000
2024-03-05 18:11:12,583 - Trainlog - INFO - Epoch: 402 | train_loss: 1.1669 | train_OA: 1.0000 | train_AA: 1.0000 | train_Kappa: 1.0000
2024-03-05 18:11:12,632 - Trainlog - INFO - Epoch: 403 | train_loss: 1.1668 | train_OA: 1.0000 | train_AA: 1.0000 | train_Kappa: 1.0000
2024-03-05 18:11:12,683 - Trainlog - INFO - Epoch: 404 | train_loss: 1.1685 | train_OA: 1.0000 | train_AA: 1.0000 | train_Kappa: 1.0000
2024-03-05 18:11:12,733 - Trainlog - INFO - Epoch: 405 | train_loss: 1.1677 | train_OA: 1.0000 | train_AA: 1.0000 | train_Kappa: 1.0000
2024-03-05 18:11:12,783 - Trainlog - INFO - Epoch: 406 | train_loss: 1.1670 | train_OA: 1.0000 | train_AA: 1.0000 | train_Kappa: 1.0000
2024-03-05 18:11:12,833 - Trainlog - INFO - Epoch: 407 | train_loss: 1.1671 | train_OA: 1.0000 | train_AA: 1.0000 | train_Kappa: 1.0000
2024-03-05 18:11:12,883 - Trainlog - INFO - Epoch: 408 | train_loss: 1.1669 | train_OA: 1.0000 | train_AA: 1.0000 | train_Kappa: 1.0000
2024-03-05 18:11:12,933 - Trainlog - INFO - Epoch: 409 | train_loss: 1.1671 | train_OA: 1.0000 | train_AA: 1.0000 | train_Kappa: 1.0000
2024-03-05 18:11:12,983 - Trainlog - INFO - Epoch: 410 | train_loss: 1.1676 | train_OA: 1.0000 | train_AA: 1.0000 | train_Kappa: 1.0000
2024-03-05 18:11:13,033 - Trainlog - INFO - Epoch: 411 | train_loss: 1.1684 | train_OA: 1.0000 | train_AA: 1.0000 | train_Kappa: 1.0000
2024-03-05 18:11:13,082 - Trainlog - INFO - Epoch: 412 | train_loss: 1.1667 | train_OA: 1.0000 | train_AA: 1.0000 | train_Kappa: 1.0000
2024-03-05 18:11:13,132 - Trainlog - INFO - Epoch: 413 | train_loss: 1.1671 | train_OA: 1.0000 | train_AA: 1.0000 | train_Kappa: 1.0000
2024-03-05 18:11:13,183 - Trainlog - INFO - Epoch: 414 | train_loss: 1.1681 | train_OA: 1.0000 | train_AA: 1.0000 | train_Kappa: 1.0000
2024-03-05 18:11:13,232 - Trainlog - INFO - Epoch: 415 | train_loss: 1.1679 | train_OA: 1.0000 | train_AA: 1.0000 | train_Kappa: 1.0000
2024-03-05 18:11:13,282 - Trainlog - INFO - Epoch: 416 | train_loss: 1.1673 | train_OA: 1.0000 | train_AA: 1.0000 | train_Kappa: 1.0000
2024-03-05 18:11:13,332 - Trainlog - INFO - Epoch: 417 | train_loss: 1.1670 | train_OA: 1.0000 | train_AA: 1.0000 | train_Kappa: 1.0000
2024-03-05 18:11:13,381 - Trainlog - INFO - Epoch: 418 | train_loss: 1.1668 | train_OA: 1.0000 | train_AA: 1.0000 | train_Kappa: 1.0000
2024-03-05 18:11:13,439 - Trainlog - INFO - Epoch: 419 | train_loss: 1.1669 | train_OA: 1.0000 | train_AA: 1.0000 | train_Kappa: 1.0000
2024-03-05 18:11:13,489 - Trainlog - INFO - Epoch: 420 | train_loss: 1.1670 | train_OA: 1.0000 | train_AA: 1.0000 | train_Kappa: 1.0000
2024-03-05 18:11:13,539 - Trainlog - INFO - Epoch: 421 | train_loss: 1.1671 | train_OA: 1.0000 | train_AA: 1.0000 | train_Kappa: 1.0000
2024-03-05 18:11:13,589 - Trainlog - INFO - Epoch: 422 | train_loss: 1.1670 | train_OA: 1.0000 | train_AA: 1.0000 | train_Kappa: 1.0000
2024-03-05 18:11:13,639 - Trainlog - INFO - Epoch: 423 | train_loss: 1.1672 | train_OA: 1.0000 | train_AA: 1.0000 | train_Kappa: 1.0000
2024-03-05 18:11:13,690 - Trainlog - INFO - Epoch: 424 | train_loss: 1.1681 | train_OA: 1.0000 | train_AA: 1.0000 | train_Kappa: 1.0000
2024-03-05 18:11:13,739 - Trainlog - INFO - Epoch: 425 | train_loss: 1.1669 | train_OA: 1.0000 | train_AA: 1.0000 | train_Kappa: 1.0000
2024-03-05 18:11:13,789 - Trainlog - INFO - Epoch: 426 | train_loss: 1.1675 | train_OA: 1.0000 | train_AA: 1.0000 | train_Kappa: 1.0000
2024-03-05 18:11:13,839 - Trainlog - INFO - Epoch: 427 | train_loss: 1.1690 | train_OA: 1.0000 | train_AA: 1.0000 | train_Kappa: 1.0000
2024-03-05 18:11:13,890 - Trainlog - INFO - Epoch: 428 | train_loss: 1.1676 | train_OA: 1.0000 | train_AA: 1.0000 | train_Kappa: 1.0000
2024-03-05 18:11:13,940 - Trainlog - INFO - Epoch: 429 | train_loss: 1.1676 | train_OA: 1.0000 | train_AA: 1.0000 | train_Kappa: 1.0000
2024-03-05 18:11:13,989 - Trainlog - INFO - Epoch: 430 | train_loss: 1.1668 | train_OA: 1.0000 | train_AA: 1.0000 | train_Kappa: 1.0000
2024-03-05 18:11:14,039 - Trainlog - INFO - Epoch: 431 | train_loss: 1.1679 | train_OA: 1.0000 | train_AA: 1.0000 | train_Kappa: 1.0000
2024-03-05 18:11:14,089 - Trainlog - INFO - Epoch: 432 | train_loss: 1.1665 | train_OA: 1.0000 | train_AA: 1.0000 | train_Kappa: 1.0000
2024-03-05 18:11:14,142 - Trainlog - INFO - Epoch: 433 | train_loss: 1.1669 | train_OA: 1.0000 | train_AA: 1.0000 | train_Kappa: 1.0000
2024-03-05 18:11:14,192 - Trainlog - INFO - Epoch: 434 | train_loss: 1.1668 | train_OA: 1.0000 | train_AA: 1.0000 | train_Kappa: 1.0000
2024-03-05 18:11:14,241 - Trainlog - INFO - Epoch: 435 | train_loss: 1.1668 | train_OA: 1.0000 | train_AA: 1.0000 | train_Kappa: 1.0000
2024-03-05 18:11:14,291 - Trainlog - INFO - Epoch: 436 | train_loss: 1.1671 | train_OA: 1.0000 | train_AA: 1.0000 | train_Kappa: 1.0000
2024-03-05 18:11:14,341 - Trainlog - INFO - Epoch: 437 | train_loss: 1.1669 | train_OA: 1.0000 | train_AA: 1.0000 | train_Kappa: 1.0000
2024-03-05 18:11:14,392 - Trainlog - INFO - Epoch: 438 | train_loss: 1.1673 | train_OA: 1.0000 | train_AA: 1.0000 | train_Kappa: 1.0000
2024-03-05 18:11:14,442 - Trainlog - INFO - Epoch: 439 | train_loss: 1.1670 | train_OA: 1.0000 | train_AA: 1.0000 | train_Kappa: 1.0000
2024-03-05 18:11:14,492 - Trainlog - INFO - Epoch: 440 | train_loss: 1.1666 | train_OA: 1.0000 | train_AA: 1.0000 | train_Kappa: 1.0000
2024-03-05 18:11:14,541 - Trainlog - INFO - Epoch: 441 | train_loss: 1.1669 | train_OA: 1.0000 | train_AA: 1.0000 | train_Kappa: 1.0000
2024-03-05 18:11:14,592 - Trainlog - INFO - Epoch: 442 | train_loss: 1.1668 | train_OA: 1.0000 | train_AA: 1.0000 | train_Kappa: 1.0000
2024-03-05 18:11:14,643 - Trainlog - INFO - Epoch: 443 | train_loss: 1.1680 | train_OA: 1.0000 | train_AA: 1.0000 | train_Kappa: 1.0000
2024-03-05 18:11:14,693 - Trainlog - INFO - Epoch: 444 | train_loss: 1.1666 | train_OA: 1.0000 | train_AA: 1.0000 | train_Kappa: 1.0000
2024-03-05 18:11:14,744 - Trainlog - INFO - Epoch: 445 | train_loss: 1.1667 | train_OA: 1.0000 | train_AA: 1.0000 | train_Kappa: 1.0000
2024-03-05 18:11:14,794 - Trainlog - INFO - Epoch: 446 | train_loss: 1.1671 | train_OA: 1.0000 | train_AA: 1.0000 | train_Kappa: 1.0000
2024-03-05 18:11:14,844 - Trainlog - INFO - Epoch: 447 | train_loss: 1.1684 | train_OA: 1.0000 | train_AA: 1.0000 | train_Kappa: 1.0000
2024-03-05 18:11:14,895 - Trainlog - INFO - Epoch: 448 | train_loss: 1.1665 | train_OA: 1.0000 | train_AA: 1.0000 | train_Kappa: 1.0000
2024-03-05 18:11:14,945 - Trainlog - INFO - Epoch: 449 | train_loss: 1.1665 | train_OA: 1.0000 | train_AA: 1.0000 | train_Kappa: 1.0000
2024-03-05 18:11:14,994 - Trainlog - INFO - Epoch: 450 | train_loss: 1.1672 | train_OA: 1.0000 | train_AA: 1.0000 | train_Kappa: 1.0000
2024-03-05 18:11:15,044 - Trainlog - INFO - Epoch: 451 | train_loss: 1.1666 | train_OA: 1.0000 | train_AA: 1.0000 | train_Kappa: 1.0000
2024-03-05 18:11:15,094 - Trainlog - INFO - Epoch: 452 | train_loss: 1.1669 | train_OA: 1.0000 | train_AA: 1.0000 | train_Kappa: 1.0000
2024-03-05 18:11:15,145 - Trainlog - INFO - Epoch: 453 | train_loss: 1.1671 | train_OA: 1.0000 | train_AA: 1.0000 | train_Kappa: 1.0000
2024-03-05 18:11:15,195 - Trainlog - INFO - Epoch: 454 | train_loss: 1.1674 | train_OA: 1.0000 | train_AA: 1.0000 | train_Kappa: 1.0000
2024-03-05 18:11:15,245 - Trainlog - INFO - Epoch: 455 | train_loss: 1.1668 | train_OA: 1.0000 | train_AA: 1.0000 | train_Kappa: 1.0000
2024-03-05 18:11:15,295 - Trainlog - INFO - Epoch: 456 | train_loss: 1.1672 | train_OA: 1.0000 | train_AA: 1.0000 | train_Kappa: 1.0000
2024-03-05 18:11:15,345 - Trainlog - INFO - Epoch: 457 | train_loss: 1.1676 | train_OA: 1.0000 | train_AA: 1.0000 | train_Kappa: 1.0000
2024-03-05 18:11:15,395 - Trainlog - INFO - Epoch: 458 | train_loss: 1.1668 | train_OA: 1.0000 | train_AA: 1.0000 | train_Kappa: 1.0000
2024-03-05 18:11:15,445 - Trainlog - INFO - Epoch: 459 | train_loss: 1.1675 | train_OA: 1.0000 | train_AA: 1.0000 | train_Kappa: 1.0000
2024-03-05 18:11:15,495 - Trainlog - INFO - Epoch: 460 | train_loss: 1.1672 | train_OA: 1.0000 | train_AA: 1.0000 | train_Kappa: 1.0000
2024-03-05 18:11:15,545 - Trainlog - INFO - Epoch: 461 | train_loss: 1.1667 | train_OA: 1.0000 | train_AA: 1.0000 | train_Kappa: 1.0000
2024-03-05 18:11:15,595 - Trainlog - INFO - Epoch: 462 | train_loss: 1.1669 | train_OA: 1.0000 | train_AA: 1.0000 | train_Kappa: 1.0000
2024-03-05 18:11:15,646 - Trainlog - INFO - Epoch: 463 | train_loss: 1.1670 | train_OA: 1.0000 | train_AA: 1.0000 | train_Kappa: 1.0000
2024-03-05 18:11:15,696 - Trainlog - INFO - Epoch: 464 | train_loss: 1.1667 | train_OA: 1.0000 | train_AA: 1.0000 | train_Kappa: 1.0000
2024-03-05 18:11:15,747 - Trainlog - INFO - Epoch: 465 | train_loss: 1.1669 | train_OA: 1.0000 | train_AA: 1.0000 | train_Kappa: 1.0000
2024-03-05 18:11:15,797 - Trainlog - INFO - Epoch: 466 | train_loss: 1.1668 | train_OA: 1.0000 | train_AA: 1.0000 | train_Kappa: 1.0000
2024-03-05 18:11:15,847 - Trainlog - INFO - Epoch: 467 | train_loss: 1.1676 | train_OA: 1.0000 | train_AA: 1.0000 | train_Kappa: 1.0000
2024-03-05 18:11:15,898 - Trainlog - INFO - Epoch: 468 | train_loss: 1.1668 | train_OA: 1.0000 | train_AA: 1.0000 | train_Kappa: 1.0000
2024-03-05 18:11:15,948 - Trainlog - INFO - Epoch: 469 | train_loss: 1.1678 | train_OA: 1.0000 | train_AA: 1.0000 | train_Kappa: 1.0000
2024-03-05 18:11:15,999 - Trainlog - INFO - Epoch: 470 | train_loss: 1.1667 | train_OA: 1.0000 | train_AA: 1.0000 | train_Kappa: 1.0000
2024-03-05 18:11:16,049 - Trainlog - INFO - Epoch: 471 | train_loss: 1.1675 | train_OA: 1.0000 | train_AA: 1.0000 | train_Kappa: 1.0000
2024-03-05 18:11:16,099 - Trainlog - INFO - Epoch: 472 | train_loss: 1.1675 | train_OA: 1.0000 | train_AA: 1.0000 | train_Kappa: 1.0000
2024-03-05 18:11:16,150 - Trainlog - INFO - Epoch: 473 | train_loss: 1.1669 | train_OA: 1.0000 | train_AA: 1.0000 | train_Kappa: 1.0000
2024-03-05 18:11:16,200 - Trainlog - INFO - Epoch: 474 | train_loss: 1.1668 | train_OA: 1.0000 | train_AA: 1.0000 | train_Kappa: 1.0000
2024-03-05 18:11:16,250 - Trainlog - INFO - Epoch: 475 | train_loss: 1.1671 | train_OA: 1.0000 | train_AA: 1.0000 | train_Kappa: 1.0000
2024-03-05 18:11:16,300 - Trainlog - INFO - Epoch: 476 | train_loss: 1.1708 | train_OA: 1.0000 | train_AA: 1.0000 | train_Kappa: 1.0000
2024-03-05 18:11:16,349 - Trainlog - INFO - Epoch: 477 | train_loss: 1.1681 | train_OA: 1.0000 | train_AA: 1.0000 | train_Kappa: 1.0000
2024-03-05 18:11:16,400 - Trainlog - INFO - Epoch: 478 | train_loss: 1.1670 | train_OA: 1.0000 | train_AA: 1.0000 | train_Kappa: 1.0000
2024-03-05 18:11:16,450 - Trainlog - INFO - Epoch: 479 | train_loss: 1.1670 | train_OA: 1.0000 | train_AA: 1.0000 | train_Kappa: 1.0000
2024-03-05 18:11:16,499 - Trainlog - INFO - Epoch: 480 | train_loss: 1.1671 | train_OA: 1.0000 | train_AA: 1.0000 | train_Kappa: 1.0000
2024-03-05 18:11:16,549 - Trainlog - INFO - Epoch: 481 | train_loss: 1.1670 | train_OA: 1.0000 | train_AA: 1.0000 | train_Kappa: 1.0000
2024-03-05 18:11:16,600 - Trainlog - INFO - Epoch: 482 | train_loss: 1.1667 | train_OA: 1.0000 | train_AA: 1.0000 | train_Kappa: 1.0000
2024-03-05 18:11:16,650 - Trainlog - INFO - Epoch: 483 | train_loss: 1.1668 | train_OA: 1.0000 | train_AA: 1.0000 | train_Kappa: 1.0000
2024-03-05 18:11:16,700 - Trainlog - INFO - Epoch: 484 | train_loss: 1.1667 | train_OA: 1.0000 | train_AA: 1.0000 | train_Kappa: 1.0000
2024-03-05 18:11:16,750 - Trainlog - INFO - Epoch: 485 | train_loss: 1.1669 | train_OA: 1.0000 | train_AA: 1.0000 | train_Kappa: 1.0000
2024-03-05 18:11:16,799 - Trainlog - INFO - Epoch: 486 | train_loss: 1.1672 | train_OA: 1.0000 | train_AA: 1.0000 | train_Kappa: 1.0000
2024-03-05 18:11:16,850 - Trainlog - INFO - Epoch: 487 | train_loss: 1.1671 | train_OA: 1.0000 | train_AA: 1.0000 | train_Kappa: 1.0000
2024-03-05 18:11:16,900 - Trainlog - INFO - Epoch: 488 | train_loss: 1.1668 | train_OA: 1.0000 | train_AA: 1.0000 | train_Kappa: 1.0000
2024-03-05 18:11:16,950 - Trainlog - INFO - Epoch: 489 | train_loss: 1.1678 | train_OA: 1.0000 | train_AA: 1.0000 | train_Kappa: 1.0000
2024-03-05 18:11:16,999 - Trainlog - INFO - Epoch: 490 | train_loss: 1.1674 | train_OA: 1.0000 | train_AA: 1.0000 | train_Kappa: 1.0000
2024-03-05 18:11:17,049 - Trainlog - INFO - Epoch: 491 | train_loss: 1.1670 | train_OA: 1.0000 | train_AA: 1.0000 | train_Kappa: 1.0000
2024-03-05 18:11:17,099 - Trainlog - INFO - Epoch: 492 | train_loss: 1.1668 | train_OA: 1.0000 | train_AA: 1.0000 | train_Kappa: 1.0000
2024-03-05 18:11:17,149 - Trainlog - INFO - Epoch: 493 | train_loss: 1.1667 | train_OA: 1.0000 | train_AA: 1.0000 | train_Kappa: 1.0000
2024-03-05 18:11:17,199 - Trainlog - INFO - Epoch: 494 | train_loss: 1.1671 | train_OA: 1.0000 | train_AA: 1.0000 | train_Kappa: 1.0000
2024-03-05 18:11:17,249 - Trainlog - INFO - Epoch: 495 | train_loss: 1.1673 | train_OA: 1.0000 | train_AA: 1.0000 | train_Kappa: 1.0000
2024-03-05 18:11:17,298 - Trainlog - INFO - Epoch: 496 | train_loss: 1.1669 | train_OA: 1.0000 | train_AA: 1.0000 | train_Kappa: 1.0000
2024-03-05 18:11:17,349 - Trainlog - INFO - Epoch: 497 | train_loss: 1.1670 | train_OA: 1.0000 | train_AA: 1.0000 | train_Kappa: 1.0000
2024-03-05 18:11:17,399 - Trainlog - INFO - Epoch: 498 | train_loss: 1.1675 | train_OA: 1.0000 | train_AA: 1.0000 | train_Kappa: 1.0000
2024-03-05 18:11:17,449 - Trainlog - INFO - Epoch: 499 | train_loss: 1.1671 | train_OA: 1.0000 | train_AA: 1.0000 | train_Kappa: 1.0000
2024-03-05 18:11:17,498 - Trainlog - INFO - Epoch: 500 | train_loss: 1.1670 | train_OA: 1.0000 | train_AA: 1.0000 | train_Kappa: 1.0000
2024-03-05 18:11:26,086 - Trainlog - INFO - Final records:
2024-03-05 18:11:26,086 - Trainlog - INFO - Maximal Accuracy: 0.822965
2024-03-05 18:11:26,086 - Trainlog - INFO - OA: 0.8230 | AA: 0.7474 | Kappa: 0.7600
2024-03-05 18:11:26,086 - Trainlog - INFO - [0.98116705 0.78263882 0.52597233 0.85385848 0.82342342 0.58707692
 0.67748344]
2024-03-05 18:11:26,087 - Trainlog - INFO - Running Time: 25.37
