2024-02-02 15:38:15,056 - Trainlog - INFO - 

2024-02-02 15:38:15,056 - Trainlog - INFO - ==================================================
2024-02-02 15:38:15,056 - Trainlog - INFO - ==================================================
2024-02-02 15:38:15,056 - Trainlog - INFO - hsi_height=325,hsi_width=220,hsi_band=64
2024-02-02 15:38:15,056 - Trainlog - INFO - lidar_height=325,lidar_width=220,lidar_band=1
2024-02-02 15:38:15,140 - Trainlog - INFO - start training
2024-02-02 15:38:15,600 - Trainlog - INFO - Epoch: 001 | train_loss: 2.3719 | train_OA: 0.2530 | train_AA: 0.2530 | train_Kappa: 0.1783
2024-02-02 15:38:15,793 - Trainlog - INFO - Epoch: 002 | train_loss: 2.3185 | train_OA: 0.4000 | train_AA: 0.4000 | train_Kappa: 0.3400
2024-02-02 15:38:15,986 - Trainlog - INFO - Epoch: 003 | train_loss: 2.2653 | train_OA: 0.4379 | train_AA: 0.4379 | train_Kappa: 0.3817
2024-02-02 15:38:16,178 - Trainlog - INFO - Epoch: 004 | train_loss: 2.2138 | train_OA: 0.5409 | train_AA: 0.5409 | train_Kappa: 0.4950
2024-02-02 15:38:16,369 - Trainlog - INFO - Epoch: 005 | train_loss: 2.1715 | train_OA: 0.5667 | train_AA: 0.5667 | train_Kappa: 0.5233
2024-02-02 15:38:16,561 - Trainlog - INFO - Epoch: 006 | train_loss: 2.1323 | train_OA: 0.5970 | train_AA: 0.5970 | train_Kappa: 0.5567
2024-02-02 15:38:16,755 - Trainlog - INFO - Epoch: 007 | train_loss: 2.0923 | train_OA: 0.6227 | train_AA: 0.6227 | train_Kappa: 0.5850
2024-02-02 15:38:16,949 - Trainlog - INFO - Epoch: 008 | train_loss: 2.0518 | train_OA: 0.6394 | train_AA: 0.6394 | train_Kappa: 0.6033
2024-02-02 15:38:17,143 - Trainlog - INFO - Epoch: 009 | train_loss: 2.0159 | train_OA: 0.6727 | train_AA: 0.6727 | train_Kappa: 0.6400
2024-02-02 15:38:17,335 - Trainlog - INFO - Epoch: 010 | train_loss: 1.9769 | train_OA: 0.6788 | train_AA: 0.6788 | train_Kappa: 0.6467
2024-02-02 15:38:17,528 - Trainlog - INFO - Epoch: 011 | train_loss: 1.9370 | train_OA: 0.7015 | train_AA: 0.7015 | train_Kappa: 0.6717
2024-02-02 15:38:17,720 - Trainlog - INFO - Epoch: 012 | train_loss: 1.9135 | train_OA: 0.7091 | train_AA: 0.7091 | train_Kappa: 0.6800
2024-02-02 15:38:17,914 - Trainlog - INFO - Epoch: 013 | train_loss: 1.8945 | train_OA: 0.7076 | train_AA: 0.7076 | train_Kappa: 0.6783
2024-02-02 15:38:18,108 - Trainlog - INFO - Epoch: 014 | train_loss: 1.8878 | train_OA: 0.6985 | train_AA: 0.6985 | train_Kappa: 0.6683
2024-02-02 15:38:18,300 - Trainlog - INFO - Epoch: 015 | train_loss: 1.8666 | train_OA: 0.7136 | train_AA: 0.7136 | train_Kappa: 0.6850
2024-02-02 15:38:18,491 - Trainlog - INFO - Epoch: 016 | train_loss: 1.8578 | train_OA: 0.7121 | train_AA: 0.7121 | train_Kappa: 0.6833
2024-02-02 15:38:18,686 - Trainlog - INFO - Epoch: 017 | train_loss: 1.8453 | train_OA: 0.7242 | train_AA: 0.7242 | train_Kappa: 0.6967
2024-02-02 15:38:18,878 - Trainlog - INFO - Epoch: 018 | train_loss: 1.8345 | train_OA: 0.7561 | train_AA: 0.7561 | train_Kappa: 0.7317
2024-02-02 15:38:19,071 - Trainlog - INFO - Epoch: 019 | train_loss: 1.8196 | train_OA: 0.7773 | train_AA: 0.7773 | train_Kappa: 0.7550
2024-02-02 15:38:19,264 - Trainlog - INFO - Epoch: 020 | train_loss: 1.8063 | train_OA: 0.7894 | train_AA: 0.7894 | train_Kappa: 0.7683
2024-02-02 15:38:19,457 - Trainlog - INFO - Epoch: 021 | train_loss: 1.7947 | train_OA: 0.7955 | train_AA: 0.7955 | train_Kappa: 0.7750
2024-02-02 15:38:19,649 - Trainlog - INFO - Epoch: 022 | train_loss: 1.7910 | train_OA: 0.7909 | train_AA: 0.7909 | train_Kappa: 0.7700
2024-02-02 15:38:19,842 - Trainlog - INFO - Epoch: 023 | train_loss: 1.7744 | train_OA: 0.7985 | train_AA: 0.7985 | train_Kappa: 0.7783
2024-02-02 15:38:20,034 - Trainlog - INFO - Epoch: 024 | train_loss: 1.7765 | train_OA: 0.7909 | train_AA: 0.7909 | train_Kappa: 0.7700
2024-02-02 15:38:20,228 - Trainlog - INFO - Epoch: 025 | train_loss: 1.7588 | train_OA: 0.8015 | train_AA: 0.8015 | train_Kappa: 0.7817
2024-02-02 15:38:20,420 - Trainlog - INFO - Epoch: 026 | train_loss: 1.7485 | train_OA: 0.8045 | train_AA: 0.8045 | train_Kappa: 0.7850
2024-02-02 15:38:20,613 - Trainlog - INFO - Epoch: 027 | train_loss: 1.7504 | train_OA: 0.8152 | train_AA: 0.8152 | train_Kappa: 0.7967
2024-02-02 15:38:20,807 - Trainlog - INFO - Epoch: 028 | train_loss: 1.7373 | train_OA: 0.8212 | train_AA: 0.8212 | train_Kappa: 0.8033
2024-02-02 15:38:21,003 - Trainlog - INFO - Epoch: 029 | train_loss: 1.7313 | train_OA: 0.8439 | train_AA: 0.8439 | train_Kappa: 0.8283
2024-02-02 15:38:21,195 - Trainlog - INFO - Epoch: 030 | train_loss: 1.7222 | train_OA: 0.8667 | train_AA: 0.8667 | train_Kappa: 0.8533
2024-02-02 15:38:21,413 - Trainlog - INFO - Epoch: 031 | train_loss: 1.7081 | train_OA: 0.8970 | train_AA: 0.8970 | train_Kappa: 0.8867
2024-02-02 15:38:21,606 - Trainlog - INFO - Epoch: 032 | train_loss: 1.6894 | train_OA: 0.9273 | train_AA: 0.9273 | train_Kappa: 0.9200
2024-02-02 15:38:21,800 - Trainlog - INFO - Epoch: 033 | train_loss: 1.6816 | train_OA: 0.9318 | train_AA: 0.9318 | train_Kappa: 0.9250
2024-02-02 15:38:21,994 - Trainlog - INFO - Epoch: 034 | train_loss: 1.6737 | train_OA: 0.9333 | train_AA: 0.9333 | train_Kappa: 0.9267
2024-02-02 15:38:22,188 - Trainlog - INFO - Epoch: 035 | train_loss: 1.6587 | train_OA: 0.9439 | train_AA: 0.9439 | train_Kappa: 0.9383
2024-02-02 15:38:22,381 - Trainlog - INFO - Epoch: 036 | train_loss: 1.6552 | train_OA: 0.9318 | train_AA: 0.9318 | train_Kappa: 0.9250
2024-02-02 15:38:22,575 - Trainlog - INFO - Epoch: 037 | train_loss: 1.6352 | train_OA: 0.9470 | train_AA: 0.9470 | train_Kappa: 0.9417
2024-02-02 15:38:22,769 - Trainlog - INFO - Epoch: 038 | train_loss: 1.6294 | train_OA: 0.9515 | train_AA: 0.9515 | train_Kappa: 0.9467
2024-02-02 15:38:22,962 - Trainlog - INFO - Epoch: 039 | train_loss: 1.6195 | train_OA: 0.9621 | train_AA: 0.9621 | train_Kappa: 0.9583
2024-02-02 15:38:23,155 - Trainlog - INFO - Epoch: 040 | train_loss: 1.6290 | train_OA: 0.9636 | train_AA: 0.9636 | train_Kappa: 0.9600
2024-02-02 15:38:23,348 - Trainlog - INFO - Epoch: 041 | train_loss: 1.6388 | train_OA: 0.9500 | train_AA: 0.9500 | train_Kappa: 0.9450
2024-02-02 15:38:23,540 - Trainlog - INFO - Epoch: 042 | train_loss: 1.6268 | train_OA: 0.9530 | train_AA: 0.9530 | train_Kappa: 0.9483
2024-02-02 15:38:23,734 - Trainlog - INFO - Epoch: 043 | train_loss: 1.6092 | train_OA: 0.9712 | train_AA: 0.9712 | train_Kappa: 0.9683
2024-02-02 15:38:23,926 - Trainlog - INFO - Epoch: 044 | train_loss: 1.5990 | train_OA: 0.9742 | train_AA: 0.9742 | train_Kappa: 0.9717
2024-02-02 15:38:24,118 - Trainlog - INFO - Epoch: 045 | train_loss: 1.5985 | train_OA: 0.9758 | train_AA: 0.9758 | train_Kappa: 0.9733
2024-02-02 15:38:24,311 - Trainlog - INFO - Epoch: 046 | train_loss: 1.5960 | train_OA: 0.9758 | train_AA: 0.9758 | train_Kappa: 0.9733
2024-02-02 15:38:24,503 - Trainlog - INFO - Epoch: 047 | train_loss: 1.5928 | train_OA: 0.9788 | train_AA: 0.9788 | train_Kappa: 0.9767
2024-02-02 15:38:24,695 - Trainlog - INFO - Epoch: 048 | train_loss: 1.5883 | train_OA: 0.9803 | train_AA: 0.9803 | train_Kappa: 0.9783
2024-02-02 15:38:24,888 - Trainlog - INFO - Epoch: 049 | train_loss: 1.5852 | train_OA: 0.9833 | train_AA: 0.9833 | train_Kappa: 0.9817
2024-02-02 15:38:25,081 - Trainlog - INFO - Epoch: 050 | train_loss: 1.5876 | train_OA: 0.9818 | train_AA: 0.9818 | train_Kappa: 0.9800
2024-02-02 15:38:25,275 - Trainlog - INFO - Epoch: 051 | train_loss: 1.5844 | train_OA: 0.9818 | train_AA: 0.9818 | train_Kappa: 0.9800
2024-02-02 15:38:25,468 - Trainlog - INFO - Epoch: 052 | train_loss: 1.5924 | train_OA: 0.9788 | train_AA: 0.9788 | train_Kappa: 0.9767
2024-02-02 15:38:25,661 - Trainlog - INFO - Epoch: 053 | train_loss: 1.5900 | train_OA: 0.9803 | train_AA: 0.9803 | train_Kappa: 0.9783
2024-02-02 15:38:25,854 - Trainlog - INFO - Epoch: 054 | train_loss: 1.5737 | train_OA: 0.9909 | train_AA: 0.9909 | train_Kappa: 0.9900
2024-02-02 15:38:26,047 - Trainlog - INFO - Epoch: 055 | train_loss: 1.5724 | train_OA: 0.9894 | train_AA: 0.9894 | train_Kappa: 0.9883
2024-02-02 15:38:26,240 - Trainlog - INFO - Epoch: 056 | train_loss: 1.5745 | train_OA: 0.9848 | train_AA: 0.9848 | train_Kappa: 0.9833
2024-02-02 15:38:26,437 - Trainlog - INFO - Epoch: 057 | train_loss: 1.5683 | train_OA: 0.9909 | train_AA: 0.9909 | train_Kappa: 0.9900
2024-02-02 15:38:26,631 - Trainlog - INFO - Epoch: 058 | train_loss: 1.5685 | train_OA: 0.9909 | train_AA: 0.9909 | train_Kappa: 0.9900
2024-02-02 15:38:26,823 - Trainlog - INFO - Epoch: 059 | train_loss: 1.5654 | train_OA: 0.9924 | train_AA: 0.9924 | train_Kappa: 0.9917
2024-02-02 15:38:27,015 - Trainlog - INFO - Epoch: 060 | train_loss: 1.5644 | train_OA: 0.9909 | train_AA: 0.9909 | train_Kappa: 0.9900
2024-02-02 15:38:27,208 - Trainlog - INFO - Epoch: 061 | train_loss: 1.5689 | train_OA: 0.9894 | train_AA: 0.9894 | train_Kappa: 0.9883
2024-02-02 15:38:27,399 - Trainlog - INFO - Epoch: 062 | train_loss: 1.5736 | train_OA: 0.9864 | train_AA: 0.9864 | train_Kappa: 0.9850
2024-02-02 15:38:27,592 - Trainlog - INFO - Epoch: 063 | train_loss: 1.5652 | train_OA: 0.9939 | train_AA: 0.9939 | train_Kappa: 0.9933
2024-02-02 15:38:27,786 - Trainlog - INFO - Epoch: 064 | train_loss: 1.5612 | train_OA: 0.9939 | train_AA: 0.9939 | train_Kappa: 0.9933
2024-02-02 15:38:27,978 - Trainlog - INFO - Epoch: 065 | train_loss: 1.5587 | train_OA: 0.9955 | train_AA: 0.9955 | train_Kappa: 0.9950
2024-02-02 15:38:28,169 - Trainlog - INFO - Epoch: 066 | train_loss: 1.5562 | train_OA: 0.9970 | train_AA: 0.9970 | train_Kappa: 0.9967
2024-02-02 15:38:28,361 - Trainlog - INFO - Epoch: 067 | train_loss: 1.5544 | train_OA: 0.9970 | train_AA: 0.9970 | train_Kappa: 0.9967
2024-02-02 15:38:28,553 - Trainlog - INFO - Epoch: 068 | train_loss: 1.5539 | train_OA: 0.9955 | train_AA: 0.9955 | train_Kappa: 0.9950
2024-02-02 15:38:28,746 - Trainlog - INFO - Epoch: 069 | train_loss: 1.5547 | train_OA: 0.9970 | train_AA: 0.9970 | train_Kappa: 0.9967
2024-02-02 15:38:28,942 - Trainlog - INFO - Epoch: 070 | train_loss: 1.5563 | train_OA: 0.9955 | train_AA: 0.9955 | train_Kappa: 0.9950
2024-02-02 15:38:29,137 - Trainlog - INFO - Epoch: 071 | train_loss: 1.5591 | train_OA: 0.9924 | train_AA: 0.9924 | train_Kappa: 0.9917
2024-02-02 15:38:29,330 - Trainlog - INFO - Epoch: 072 | train_loss: 1.5550 | train_OA: 0.9985 | train_AA: 0.9985 | train_Kappa: 0.9983
2024-02-02 15:38:29,525 - Trainlog - INFO - Epoch: 073 | train_loss: 1.5571 | train_OA: 0.9970 | train_AA: 0.9970 | train_Kappa: 0.9967
2024-02-02 15:38:29,717 - Trainlog - INFO - Epoch: 074 | train_loss: 1.5534 | train_OA: 0.9985 | train_AA: 0.9985 | train_Kappa: 0.9983
2024-02-02 15:38:29,913 - Trainlog - INFO - Epoch: 075 | train_loss: 1.5498 | train_OA: 0.9985 | train_AA: 0.9985 | train_Kappa: 0.9983
2024-02-02 15:38:30,106 - Trainlog - INFO - Epoch: 076 | train_loss: 1.5534 | train_OA: 0.9970 | train_AA: 0.9970 | train_Kappa: 0.9967
2024-02-02 15:38:30,301 - Trainlog - INFO - Epoch: 077 | train_loss: 1.5536 | train_OA: 0.9985 | train_AA: 0.9985 | train_Kappa: 0.9983
2024-02-02 15:38:30,493 - Trainlog - INFO - Epoch: 078 | train_loss: 1.5509 | train_OA: 0.9985 | train_AA: 0.9985 | train_Kappa: 0.9983
2024-02-02 15:38:30,687 - Trainlog - INFO - Epoch: 079 | train_loss: 1.5541 | train_OA: 0.9970 | train_AA: 0.9970 | train_Kappa: 0.9967
2024-02-02 15:38:30,881 - Trainlog - INFO - Epoch: 080 | train_loss: 1.5513 | train_OA: 0.9985 | train_AA: 0.9985 | train_Kappa: 0.9983
2024-02-02 15:38:31,075 - Trainlog - INFO - Epoch: 081 | train_loss: 1.5503 | train_OA: 0.9970 | train_AA: 0.9970 | train_Kappa: 0.9967
2024-02-02 15:38:31,268 - Trainlog - INFO - Epoch: 082 | train_loss: 1.5503 | train_OA: 0.9985 | train_AA: 0.9985 | train_Kappa: 0.9983
2024-02-02 15:38:31,462 - Trainlog - INFO - Epoch: 083 | train_loss: 1.5499 | train_OA: 0.9970 | train_AA: 0.9970 | train_Kappa: 0.9967
2024-02-02 15:38:31,655 - Trainlog - INFO - Epoch: 084 | train_loss: 1.5519 | train_OA: 0.9985 | train_AA: 0.9985 | train_Kappa: 0.9983
2024-02-02 15:38:31,850 - Trainlog - INFO - Epoch: 085 | train_loss: 1.5509 | train_OA: 0.9985 | train_AA: 0.9985 | train_Kappa: 0.9983
2024-02-02 15:38:32,043 - Trainlog - INFO - Epoch: 086 | train_loss: 1.5519 | train_OA: 0.9985 | train_AA: 0.9985 | train_Kappa: 0.9983
2024-02-02 15:38:32,238 - Trainlog - INFO - Epoch: 087 | train_loss: 1.5515 | train_OA: 0.9985 | train_AA: 0.9985 | train_Kappa: 0.9983
2024-02-02 15:38:32,435 - Trainlog - INFO - Epoch: 088 | train_loss: 1.5614 | train_OA: 0.9924 | train_AA: 0.9924 | train_Kappa: 0.9917
2024-02-02 15:38:32,633 - Trainlog - INFO - Epoch: 089 | train_loss: 1.5541 | train_OA: 0.9985 | train_AA: 0.9985 | train_Kappa: 0.9983
2024-02-02 15:38:32,826 - Trainlog - INFO - Epoch: 090 | train_loss: 1.5549 | train_OA: 0.9970 | train_AA: 0.9970 | train_Kappa: 0.9967
2024-02-02 15:38:33,020 - Trainlog - INFO - Epoch: 091 | train_loss: 1.5529 | train_OA: 0.9985 | train_AA: 0.9985 | train_Kappa: 0.9983
2024-02-02 15:38:33,218 - Trainlog - INFO - Epoch: 092 | train_loss: 1.5508 | train_OA: 0.9985 | train_AA: 0.9985 | train_Kappa: 0.9983
2024-02-02 15:38:33,413 - Trainlog - INFO - Epoch: 093 | train_loss: 1.5536 | train_OA: 0.9970 | train_AA: 0.9970 | train_Kappa: 0.9967
2024-02-02 15:38:33,607 - Trainlog - INFO - Epoch: 094 | train_loss: 1.5530 | train_OA: 0.9939 | train_AA: 0.9939 | train_Kappa: 0.9933
2024-02-02 15:38:33,801 - Trainlog - INFO - Epoch: 095 | train_loss: 1.5498 | train_OA: 0.9970 | train_AA: 0.9970 | train_Kappa: 0.9967
2024-02-02 15:38:33,993 - Trainlog - INFO - Epoch: 096 | train_loss: 1.5497 | train_OA: 0.9985 | train_AA: 0.9985 | train_Kappa: 0.9983
2024-02-02 15:38:34,187 - Trainlog - INFO - Epoch: 097 | train_loss: 1.5475 | train_OA: 0.9985 | train_AA: 0.9985 | train_Kappa: 0.9983
2024-02-02 15:38:34,381 - Trainlog - INFO - Epoch: 098 | train_loss: 1.5487 | train_OA: 0.9970 | train_AA: 0.9970 | train_Kappa: 0.9967
2024-02-02 15:38:34,572 - Trainlog - INFO - Epoch: 099 | train_loss: 1.5515 | train_OA: 0.9955 | train_AA: 0.9955 | train_Kappa: 0.9950
2024-02-02 15:38:34,762 - Trainlog - INFO - Epoch: 100 | train_loss: 1.5509 | train_OA: 0.9970 | train_AA: 0.9970 | train_Kappa: 0.9967
2024-02-02 15:38:34,956 - Trainlog - INFO - Epoch: 101 | train_loss: 1.5526 | train_OA: 0.9970 | train_AA: 0.9970 | train_Kappa: 0.9967
2024-02-02 15:38:35,149 - Trainlog - INFO - Epoch: 102 | train_loss: 1.5511 | train_OA: 0.9985 | train_AA: 0.9985 | train_Kappa: 0.9983
2024-02-02 15:38:35,345 - Trainlog - INFO - Epoch: 103 | train_loss: 1.5522 | train_OA: 0.9939 | train_AA: 0.9939 | train_Kappa: 0.9933
2024-02-02 15:38:35,538 - Trainlog - INFO - Epoch: 104 | train_loss: 1.5471 | train_OA: 0.9985 | train_AA: 0.9985 | train_Kappa: 0.9983
2024-02-02 15:38:35,735 - Trainlog - INFO - Epoch: 105 | train_loss: 1.5469 | train_OA: 0.9985 | train_AA: 0.9985 | train_Kappa: 0.9983
2024-02-02 15:38:35,929 - Trainlog - INFO - Epoch: 106 | train_loss: 1.5454 | train_OA: 1.0000 | train_AA: 1.0000 | train_Kappa: 1.0000
2024-02-02 15:38:36,124 - Trainlog - INFO - Epoch: 107 | train_loss: 1.5457 | train_OA: 1.0000 | train_AA: 1.0000 | train_Kappa: 1.0000
2024-02-02 15:38:36,318 - Trainlog - INFO - Epoch: 108 | train_loss: 1.5463 | train_OA: 1.0000 | train_AA: 1.0000 | train_Kappa: 1.0000
2024-02-02 15:38:36,511 - Trainlog - INFO - Epoch: 109 | train_loss: 1.5466 | train_OA: 0.9985 | train_AA: 0.9985 | train_Kappa: 0.9983
2024-02-02 15:38:36,705 - Trainlog - INFO - Epoch: 110 | train_loss: 1.5480 | train_OA: 1.0000 | train_AA: 1.0000 | train_Kappa: 1.0000
2024-02-02 15:38:36,899 - Trainlog - INFO - Epoch: 111 | train_loss: 1.5468 | train_OA: 1.0000 | train_AA: 1.0000 | train_Kappa: 1.0000
2024-02-02 15:38:37,097 - Trainlog - INFO - Epoch: 112 | train_loss: 1.5469 | train_OA: 1.0000 | train_AA: 1.0000 | train_Kappa: 1.0000
2024-02-02 15:38:37,294 - Trainlog - INFO - Epoch: 113 | train_loss: 1.5468 | train_OA: 1.0000 | train_AA: 1.0000 | train_Kappa: 1.0000
2024-02-02 15:38:37,487 - Trainlog - INFO - Epoch: 114 | train_loss: 1.5464 | train_OA: 1.0000 | train_AA: 1.0000 | train_Kappa: 1.0000
2024-02-02 15:38:37,680 - Trainlog - INFO - Epoch: 115 | train_loss: 1.5454 | train_OA: 1.0000 | train_AA: 1.0000 | train_Kappa: 1.0000
2024-02-02 15:38:37,873 - Trainlog - INFO - Epoch: 116 | train_loss: 1.5454 | train_OA: 1.0000 | train_AA: 1.0000 | train_Kappa: 1.0000
2024-02-02 15:38:38,067 - Trainlog - INFO - Epoch: 117 | train_loss: 1.5495 | train_OA: 0.9985 | train_AA: 0.9985 | train_Kappa: 0.9983
2024-02-02 15:38:38,260 - Trainlog - INFO - Epoch: 118 | train_loss: 1.5473 | train_OA: 0.9985 | train_AA: 0.9985 | train_Kappa: 0.9983
2024-02-02 15:38:38,455 - Trainlog - INFO - Epoch: 119 | train_loss: 1.5459 | train_OA: 1.0000 | train_AA: 1.0000 | train_Kappa: 1.0000
2024-02-02 15:38:38,648 - Trainlog - INFO - Epoch: 120 | train_loss: 1.5452 | train_OA: 1.0000 | train_AA: 1.0000 | train_Kappa: 1.0000
2024-02-02 15:38:38,841 - Trainlog - INFO - Epoch: 121 | train_loss: 1.5464 | train_OA: 0.9985 | train_AA: 0.9985 | train_Kappa: 0.9983
2024-02-02 15:38:39,033 - Trainlog - INFO - Epoch: 122 | train_loss: 1.5519 | train_OA: 0.9985 | train_AA: 0.9985 | train_Kappa: 0.9983
2024-02-02 15:38:39,228 - Trainlog - INFO - Epoch: 123 | train_loss: 1.5475 | train_OA: 1.0000 | train_AA: 1.0000 | train_Kappa: 1.0000
2024-02-02 15:38:39,420 - Trainlog - INFO - Epoch: 124 | train_loss: 1.5471 | train_OA: 1.0000 | train_AA: 1.0000 | train_Kappa: 1.0000
2024-02-02 15:38:39,614 - Trainlog - INFO - Epoch: 125 | train_loss: 1.5458 | train_OA: 1.0000 | train_AA: 1.0000 | train_Kappa: 1.0000
2024-02-02 15:38:39,808 - Trainlog - INFO - Epoch: 126 | train_loss: 1.5479 | train_OA: 0.9970 | train_AA: 0.9970 | train_Kappa: 0.9967
2024-02-02 15:38:40,003 - Trainlog - INFO - Epoch: 127 | train_loss: 1.5473 | train_OA: 0.9970 | train_AA: 0.9970 | train_Kappa: 0.9967
2024-02-02 15:38:40,197 - Trainlog - INFO - Epoch: 128 | train_loss: 1.5463 | train_OA: 1.0000 | train_AA: 1.0000 | train_Kappa: 1.0000
2024-02-02 15:38:40,395 - Trainlog - INFO - Epoch: 129 | train_loss: 1.5446 | train_OA: 1.0000 | train_AA: 1.0000 | train_Kappa: 1.0000
2024-02-02 15:38:40,589 - Trainlog - INFO - Epoch: 130 | train_loss: 1.5462 | train_OA: 1.0000 | train_AA: 1.0000 | train_Kappa: 1.0000
2024-02-02 15:38:40,784 - Trainlog - INFO - Epoch: 131 | train_loss: 1.5448 | train_OA: 1.0000 | train_AA: 1.0000 | train_Kappa: 1.0000
2024-02-02 15:38:40,979 - Trainlog - INFO - Epoch: 132 | train_loss: 1.5456 | train_OA: 1.0000 | train_AA: 1.0000 | train_Kappa: 1.0000
2024-02-02 15:38:41,173 - Trainlog - INFO - Epoch: 133 | train_loss: 1.5556 | train_OA: 0.9924 | train_AA: 0.9924 | train_Kappa: 0.9917
2024-02-02 15:38:41,366 - Trainlog - INFO - Epoch: 134 | train_loss: 1.5533 | train_OA: 0.9970 | train_AA: 0.9970 | train_Kappa: 0.9967
2024-02-02 15:38:41,560 - Trainlog - INFO - Epoch: 135 | train_loss: 1.5535 | train_OA: 0.9970 | train_AA: 0.9970 | train_Kappa: 0.9967
2024-02-02 15:38:41,752 - Trainlog - INFO - Epoch: 136 | train_loss: 1.5474 | train_OA: 1.0000 | train_AA: 1.0000 | train_Kappa: 1.0000
2024-02-02 15:38:41,947 - Trainlog - INFO - Epoch: 137 | train_loss: 1.5463 | train_OA: 1.0000 | train_AA: 1.0000 | train_Kappa: 1.0000
2024-02-02 15:38:42,140 - Trainlog - INFO - Epoch: 138 | train_loss: 1.5465 | train_OA: 1.0000 | train_AA: 1.0000 | train_Kappa: 1.0000
2024-02-02 15:38:42,335 - Trainlog - INFO - Epoch: 139 | train_loss: 1.5449 | train_OA: 1.0000 | train_AA: 1.0000 | train_Kappa: 1.0000
2024-02-02 15:38:42,526 - Trainlog - INFO - Epoch: 140 | train_loss: 1.5447 | train_OA: 1.0000 | train_AA: 1.0000 | train_Kappa: 1.0000
2024-02-02 15:38:42,721 - Trainlog - INFO - Epoch: 141 | train_loss: 1.5444 | train_OA: 1.0000 | train_AA: 1.0000 | train_Kappa: 1.0000
2024-02-02 15:38:42,913 - Trainlog - INFO - Epoch: 142 | train_loss: 1.5444 | train_OA: 1.0000 | train_AA: 1.0000 | train_Kappa: 1.0000
2024-02-02 15:38:43,107 - Trainlog - INFO - Epoch: 143 | train_loss: 1.5443 | train_OA: 1.0000 | train_AA: 1.0000 | train_Kappa: 1.0000
2024-02-02 15:38:43,299 - Trainlog - INFO - Epoch: 144 | train_loss: 1.5439 | train_OA: 1.0000 | train_AA: 1.0000 | train_Kappa: 1.0000
2024-02-02 15:38:43,493 - Trainlog - INFO - Epoch: 145 | train_loss: 1.5443 | train_OA: 1.0000 | train_AA: 1.0000 | train_Kappa: 1.0000
2024-02-02 15:38:43,684 - Trainlog - INFO - Epoch: 146 | train_loss: 1.5458 | train_OA: 0.9985 | train_AA: 0.9985 | train_Kappa: 0.9983
2024-02-02 15:38:43,878 - Trainlog - INFO - Epoch: 147 | train_loss: 1.5530 | train_OA: 0.9970 | train_AA: 0.9970 | train_Kappa: 0.9967
2024-02-02 15:38:44,069 - Trainlog - INFO - Epoch: 148 | train_loss: 1.5491 | train_OA: 0.9985 | train_AA: 0.9985 | train_Kappa: 0.9983
2024-02-02 15:38:44,262 - Trainlog - INFO - Epoch: 149 | train_loss: 1.5468 | train_OA: 1.0000 | train_AA: 1.0000 | train_Kappa: 1.0000
2024-02-02 15:38:44,456 - Trainlog - INFO - Epoch: 150 | train_loss: 1.5448 | train_OA: 1.0000 | train_AA: 1.0000 | train_Kappa: 1.0000
2024-02-02 15:38:44,649 - Trainlog - INFO - Epoch: 151 | train_loss: 1.5446 | train_OA: 1.0000 | train_AA: 1.0000 | train_Kappa: 1.0000
2024-02-02 15:38:44,843 - Trainlog - INFO - Epoch: 152 | train_loss: 1.5443 | train_OA: 1.0000 | train_AA: 1.0000 | train_Kappa: 1.0000
2024-02-02 15:38:45,036 - Trainlog - INFO - Epoch: 153 | train_loss: 1.5447 | train_OA: 1.0000 | train_AA: 1.0000 | train_Kappa: 1.0000
2024-02-02 15:38:45,230 - Trainlog - INFO - Epoch: 154 | train_loss: 1.5445 | train_OA: 1.0000 | train_AA: 1.0000 | train_Kappa: 1.0000
2024-02-02 15:38:45,422 - Trainlog - INFO - Epoch: 155 | train_loss: 1.5455 | train_OA: 1.0000 | train_AA: 1.0000 | train_Kappa: 1.0000
2024-02-02 15:38:45,615 - Trainlog - INFO - Epoch: 156 | train_loss: 1.5463 | train_OA: 1.0000 | train_AA: 1.0000 | train_Kappa: 1.0000
2024-02-02 15:38:45,808 - Trainlog - INFO - Epoch: 157 | train_loss: 1.5445 | train_OA: 1.0000 | train_AA: 1.0000 | train_Kappa: 1.0000
2024-02-02 15:38:46,000 - Trainlog - INFO - Epoch: 158 | train_loss: 1.5442 | train_OA: 1.0000 | train_AA: 1.0000 | train_Kappa: 1.0000
2024-02-02 15:38:46,195 - Trainlog - INFO - Epoch: 159 | train_loss: 1.5441 | train_OA: 1.0000 | train_AA: 1.0000 | train_Kappa: 1.0000
2024-02-02 15:38:46,387 - Trainlog - INFO - Epoch: 160 | train_loss: 1.5440 | train_OA: 1.0000 | train_AA: 1.0000 | train_Kappa: 1.0000
2024-02-02 15:38:46,580 - Trainlog - INFO - Epoch: 161 | train_loss: 1.5438 | train_OA: 1.0000 | train_AA: 1.0000 | train_Kappa: 1.0000
2024-02-02 15:38:46,771 - Trainlog - INFO - Epoch: 162 | train_loss: 1.5443 | train_OA: 1.0000 | train_AA: 1.0000 | train_Kappa: 1.0000
2024-02-02 15:38:46,965 - Trainlog - INFO - Epoch: 163 | train_loss: 1.5446 | train_OA: 1.0000 | train_AA: 1.0000 | train_Kappa: 1.0000
2024-02-02 15:38:47,157 - Trainlog - INFO - Epoch: 164 | train_loss: 1.5445 | train_OA: 1.0000 | train_AA: 1.0000 | train_Kappa: 1.0000
2024-02-02 15:38:47,352 - Trainlog - INFO - Epoch: 165 | train_loss: 1.5444 | train_OA: 1.0000 | train_AA: 1.0000 | train_Kappa: 1.0000
2024-02-02 15:38:47,544 - Trainlog - INFO - Epoch: 166 | train_loss: 1.5444 | train_OA: 1.0000 | train_AA: 1.0000 | train_Kappa: 1.0000
2024-02-02 15:38:47,738 - Trainlog - INFO - Epoch: 167 | train_loss: 1.5440 | train_OA: 1.0000 | train_AA: 1.0000 | train_Kappa: 1.0000
2024-02-02 15:38:47,929 - Trainlog - INFO - Epoch: 168 | train_loss: 1.5444 | train_OA: 1.0000 | train_AA: 1.0000 | train_Kappa: 1.0000
2024-02-02 15:38:48,123 - Trainlog - INFO - Epoch: 169 | train_loss: 1.5440 | train_OA: 1.0000 | train_AA: 1.0000 | train_Kappa: 1.0000
2024-02-02 15:38:48,316 - Trainlog - INFO - Epoch: 170 | train_loss: 1.5443 | train_OA: 1.0000 | train_AA: 1.0000 | train_Kappa: 1.0000
2024-02-02 15:38:48,509 - Trainlog - INFO - Epoch: 171 | train_loss: 1.5446 | train_OA: 1.0000 | train_AA: 1.0000 | train_Kappa: 1.0000
2024-02-02 15:38:48,702 - Trainlog - INFO - Epoch: 172 | train_loss: 1.5438 | train_OA: 1.0000 | train_AA: 1.0000 | train_Kappa: 1.0000
2024-02-02 15:38:48,895 - Trainlog - INFO - Epoch: 173 | train_loss: 1.5436 | train_OA: 1.0000 | train_AA: 1.0000 | train_Kappa: 1.0000
2024-02-02 15:38:49,088 - Trainlog - INFO - Epoch: 174 | train_loss: 1.5442 | train_OA: 1.0000 | train_AA: 1.0000 | train_Kappa: 1.0000
2024-02-02 15:38:49,281 - Trainlog - INFO - Epoch: 175 | train_loss: 1.5438 | train_OA: 1.0000 | train_AA: 1.0000 | train_Kappa: 1.0000
2024-02-02 15:38:49,473 - Trainlog - INFO - Epoch: 176 | train_loss: 1.5445 | train_OA: 1.0000 | train_AA: 1.0000 | train_Kappa: 1.0000
2024-02-02 15:38:49,666 - Trainlog - INFO - Epoch: 177 | train_loss: 1.5439 | train_OA: 1.0000 | train_AA: 1.0000 | train_Kappa: 1.0000
2024-02-02 15:38:49,860 - Trainlog - INFO - Epoch: 178 | train_loss: 1.5439 | train_OA: 1.0000 | train_AA: 1.0000 | train_Kappa: 1.0000
2024-02-02 15:38:50,054 - Trainlog - INFO - Epoch: 179 | train_loss: 1.5440 | train_OA: 1.0000 | train_AA: 1.0000 | train_Kappa: 1.0000
2024-02-02 15:38:50,246 - Trainlog - INFO - Epoch: 180 | train_loss: 1.5443 | train_OA: 1.0000 | train_AA: 1.0000 | train_Kappa: 1.0000
2024-02-02 15:38:50,438 - Trainlog - INFO - Epoch: 181 | train_loss: 1.5438 | train_OA: 1.0000 | train_AA: 1.0000 | train_Kappa: 1.0000
2024-02-02 15:38:50,630 - Trainlog - INFO - Epoch: 182 | train_loss: 1.5436 | train_OA: 1.0000 | train_AA: 1.0000 | train_Kappa: 1.0000
2024-02-02 15:38:50,822 - Trainlog - INFO - Epoch: 183 | train_loss: 1.5438 | train_OA: 1.0000 | train_AA: 1.0000 | train_Kappa: 1.0000
2024-02-02 15:38:51,027 - Trainlog - INFO - Epoch: 184 | train_loss: 1.5449 | train_OA: 1.0000 | train_AA: 1.0000 | train_Kappa: 1.0000
2024-02-02 15:38:51,219 - Trainlog - INFO - Epoch: 185 | train_loss: 1.5447 | train_OA: 1.0000 | train_AA: 1.0000 | train_Kappa: 1.0000
2024-02-02 15:38:51,412 - Trainlog - INFO - Epoch: 186 | train_loss: 1.5443 | train_OA: 1.0000 | train_AA: 1.0000 | train_Kappa: 1.0000
2024-02-02 15:38:51,604 - Trainlog - INFO - Epoch: 187 | train_loss: 1.5438 | train_OA: 1.0000 | train_AA: 1.0000 | train_Kappa: 1.0000
2024-02-02 15:38:51,797 - Trainlog - INFO - Epoch: 188 | train_loss: 1.5440 | train_OA: 1.0000 | train_AA: 1.0000 | train_Kappa: 1.0000
2024-02-02 15:38:51,991 - Trainlog - INFO - Epoch: 189 | train_loss: 1.5439 | train_OA: 1.0000 | train_AA: 1.0000 | train_Kappa: 1.0000
2024-02-02 15:38:52,184 - Trainlog - INFO - Epoch: 190 | train_loss: 1.5439 | train_OA: 1.0000 | train_AA: 1.0000 | train_Kappa: 1.0000
2024-02-02 15:38:52,373 - Trainlog - INFO - Epoch: 191 | train_loss: 1.5436 | train_OA: 1.0000 | train_AA: 1.0000 | train_Kappa: 1.0000
2024-02-02 15:38:52,580 - Trainlog - INFO - Epoch: 192 | train_loss: 1.5435 | train_OA: 1.0000 | train_AA: 1.0000 | train_Kappa: 1.0000
2024-02-02 15:38:52,774 - Trainlog - INFO - Epoch: 193 | train_loss: 1.5436 | train_OA: 1.0000 | train_AA: 1.0000 | train_Kappa: 1.0000
2024-02-02 15:38:52,966 - Trainlog - INFO - Epoch: 194 | train_loss: 1.5442 | train_OA: 1.0000 | train_AA: 1.0000 | train_Kappa: 1.0000
2024-02-02 15:38:53,158 - Trainlog - INFO - Epoch: 195 | train_loss: 1.5494 | train_OA: 0.9970 | train_AA: 0.9970 | train_Kappa: 0.9967
2024-02-02 15:38:53,351 - Trainlog - INFO - Epoch: 196 | train_loss: 1.5481 | train_OA: 0.9985 | train_AA: 0.9985 | train_Kappa: 0.9983
2024-02-02 15:38:53,544 - Trainlog - INFO - Epoch: 197 | train_loss: 1.5471 | train_OA: 1.0000 | train_AA: 1.0000 | train_Kappa: 1.0000
2024-02-02 15:38:53,738 - Trainlog - INFO - Epoch: 198 | train_loss: 1.5450 | train_OA: 1.0000 | train_AA: 1.0000 | train_Kappa: 1.0000
2024-02-02 15:38:53,930 - Trainlog - INFO - Epoch: 199 | train_loss: 1.5455 | train_OA: 1.0000 | train_AA: 1.0000 | train_Kappa: 1.0000
2024-02-02 15:38:54,124 - Trainlog - INFO - Epoch: 200 | train_loss: 1.5448 | train_OA: 1.0000 | train_AA: 1.0000 | train_Kappa: 1.0000
2024-02-02 15:38:54,317 - Trainlog - INFO - Epoch: 201 | train_loss: 1.5446 | train_OA: 1.0000 | train_AA: 1.0000 | train_Kappa: 1.0000
2024-02-02 15:38:54,510 - Trainlog - INFO - Epoch: 202 | train_loss: 1.5462 | train_OA: 1.0000 | train_AA: 1.0000 | train_Kappa: 1.0000
2024-02-02 15:38:54,704 - Trainlog - INFO - Epoch: 203 | train_loss: 1.5455 | train_OA: 1.0000 | train_AA: 1.0000 | train_Kappa: 1.0000
2024-02-02 15:38:54,898 - Trainlog - INFO - Epoch: 204 | train_loss: 1.5511 | train_OA: 0.9939 | train_AA: 0.9939 | train_Kappa: 0.9933
2024-02-02 15:38:55,092 - Trainlog - INFO - Epoch: 205 | train_loss: 1.5571 | train_OA: 0.9939 | train_AA: 0.9939 | train_Kappa: 0.9933
2024-02-02 15:38:55,284 - Trainlog - INFO - Epoch: 206 | train_loss: 1.5591 | train_OA: 0.9985 | train_AA: 0.9985 | train_Kappa: 0.9983
2024-02-02 15:38:55,477 - Trainlog - INFO - Epoch: 207 | train_loss: 1.5549 | train_OA: 0.9970 | train_AA: 0.9970 | train_Kappa: 0.9967
2024-02-02 15:38:55,673 - Trainlog - INFO - Epoch: 208 | train_loss: 1.5538 | train_OA: 0.9970 | train_AA: 0.9970 | train_Kappa: 0.9967
2024-02-02 15:38:55,866 - Trainlog - INFO - Epoch: 209 | train_loss: 1.5506 | train_OA: 0.9985 | train_AA: 0.9985 | train_Kappa: 0.9983
2024-02-02 15:38:56,060 - Trainlog - INFO - Epoch: 210 | train_loss: 1.5503 | train_OA: 0.9985 | train_AA: 0.9985 | train_Kappa: 0.9983
2024-02-02 15:38:56,253 - Trainlog - INFO - Epoch: 211 | train_loss: 1.5466 | train_OA: 1.0000 | train_AA: 1.0000 | train_Kappa: 1.0000
2024-02-02 15:38:56,447 - Trainlog - INFO - Epoch: 212 | train_loss: 1.5452 | train_OA: 1.0000 | train_AA: 1.0000 | train_Kappa: 1.0000
2024-02-02 15:38:56,639 - Trainlog - INFO - Epoch: 213 | train_loss: 1.5443 | train_OA: 1.0000 | train_AA: 1.0000 | train_Kappa: 1.0000
2024-02-02 15:38:56,834 - Trainlog - INFO - Epoch: 214 | train_loss: 1.5444 | train_OA: 1.0000 | train_AA: 1.0000 | train_Kappa: 1.0000
2024-02-02 15:38:57,025 - Trainlog - INFO - Epoch: 215 | train_loss: 1.5447 | train_OA: 1.0000 | train_AA: 1.0000 | train_Kappa: 1.0000
2024-02-02 15:38:57,219 - Trainlog - INFO - Epoch: 216 | train_loss: 1.5456 | train_OA: 1.0000 | train_AA: 1.0000 | train_Kappa: 1.0000
2024-02-02 15:38:57,411 - Trainlog - INFO - Epoch: 217 | train_loss: 1.5445 | train_OA: 1.0000 | train_AA: 1.0000 | train_Kappa: 1.0000
2024-02-02 15:38:57,605 - Trainlog - INFO - Epoch: 218 | train_loss: 1.5443 | train_OA: 1.0000 | train_AA: 1.0000 | train_Kappa: 1.0000
2024-02-02 15:38:57,799 - Trainlog - INFO - Epoch: 219 | train_loss: 1.5440 | train_OA: 1.0000 | train_AA: 1.0000 | train_Kappa: 1.0000
2024-02-02 15:38:57,993 - Trainlog - INFO - Epoch: 220 | train_loss: 1.5444 | train_OA: 1.0000 | train_AA: 1.0000 | train_Kappa: 1.0000
2024-02-02 15:38:58,187 - Trainlog - INFO - Epoch: 221 | train_loss: 1.5497 | train_OA: 0.9955 | train_AA: 0.9955 | train_Kappa: 0.9950
2024-02-02 15:38:58,381 - Trainlog - INFO - Epoch: 222 | train_loss: 1.5483 | train_OA: 0.9985 | train_AA: 0.9985 | train_Kappa: 0.9983
2024-02-02 15:38:58,573 - Trainlog - INFO - Epoch: 223 | train_loss: 1.5463 | train_OA: 1.0000 | train_AA: 1.0000 | train_Kappa: 1.0000
2024-02-02 15:38:58,766 - Trainlog - INFO - Epoch: 224 | train_loss: 1.5452 | train_OA: 1.0000 | train_AA: 1.0000 | train_Kappa: 1.0000
2024-02-02 15:38:58,959 - Trainlog - INFO - Epoch: 225 | train_loss: 1.5455 | train_OA: 0.9985 | train_AA: 0.9985 | train_Kappa: 0.9983
2024-02-02 15:38:59,154 - Trainlog - INFO - Epoch: 226 | train_loss: 1.5448 | train_OA: 1.0000 | train_AA: 1.0000 | train_Kappa: 1.0000
2024-02-02 15:38:59,347 - Trainlog - INFO - Epoch: 227 | train_loss: 1.5448 | train_OA: 1.0000 | train_AA: 1.0000 | train_Kappa: 1.0000
2024-02-02 15:38:59,542 - Trainlog - INFO - Epoch: 228 | train_loss: 1.5451 | train_OA: 1.0000 | train_AA: 1.0000 | train_Kappa: 1.0000
2024-02-02 15:38:59,736 - Trainlog - INFO - Epoch: 229 | train_loss: 1.5441 | train_OA: 1.0000 | train_AA: 1.0000 | train_Kappa: 1.0000
2024-02-02 15:38:59,930 - Trainlog - INFO - Epoch: 230 | train_loss: 1.5447 | train_OA: 1.0000 | train_AA: 1.0000 | train_Kappa: 1.0000
2024-02-02 15:39:00,124 - Trainlog - INFO - Epoch: 231 | train_loss: 1.5437 | train_OA: 1.0000 | train_AA: 1.0000 | train_Kappa: 1.0000
2024-02-02 15:39:00,319 - Trainlog - INFO - Epoch: 232 | train_loss: 1.5439 | train_OA: 1.0000 | train_AA: 1.0000 | train_Kappa: 1.0000
2024-02-02 15:39:00,512 - Trainlog - INFO - Epoch: 233 | train_loss: 1.5437 | train_OA: 1.0000 | train_AA: 1.0000 | train_Kappa: 1.0000
2024-02-02 15:39:00,706 - Trainlog - INFO - Epoch: 234 | train_loss: 1.5438 | train_OA: 1.0000 | train_AA: 1.0000 | train_Kappa: 1.0000
2024-02-02 15:39:00,897 - Trainlog - INFO - Epoch: 235 | train_loss: 1.5446 | train_OA: 0.9985 | train_AA: 0.9985 | train_Kappa: 0.9983
2024-02-02 15:39:01,092 - Trainlog - INFO - Epoch: 236 | train_loss: 1.5445 | train_OA: 1.0000 | train_AA: 1.0000 | train_Kappa: 1.0000
2024-02-02 15:39:01,284 - Trainlog - INFO - Epoch: 237 | train_loss: 1.5465 | train_OA: 0.9985 | train_AA: 0.9985 | train_Kappa: 0.9983
2024-02-02 15:39:01,478 - Trainlog - INFO - Epoch: 238 | train_loss: 1.5445 | train_OA: 1.0000 | train_AA: 1.0000 | train_Kappa: 1.0000
2024-02-02 15:39:01,672 - Trainlog - INFO - Epoch: 239 | train_loss: 1.5460 | train_OA: 1.0000 | train_AA: 1.0000 | train_Kappa: 1.0000
2024-02-02 15:39:01,865 - Trainlog - INFO - Epoch: 240 | train_loss: 1.5441 | train_OA: 1.0000 | train_AA: 1.0000 | train_Kappa: 1.0000
2024-02-02 15:39:02,058 - Trainlog - INFO - Epoch: 241 | train_loss: 1.5439 | train_OA: 1.0000 | train_AA: 1.0000 | train_Kappa: 1.0000
2024-02-02 15:39:02,251 - Trainlog - INFO - Epoch: 242 | train_loss: 1.5436 | train_OA: 1.0000 | train_AA: 1.0000 | train_Kappa: 1.0000
2024-02-02 15:39:02,443 - Trainlog - INFO - Epoch: 243 | train_loss: 1.5437 | train_OA: 1.0000 | train_AA: 1.0000 | train_Kappa: 1.0000
2024-02-02 15:39:02,637 - Trainlog - INFO - Epoch: 244 | train_loss: 1.5436 | train_OA: 1.0000 | train_AA: 1.0000 | train_Kappa: 1.0000
2024-02-02 15:39:02,829 - Trainlog - INFO - Epoch: 245 | train_loss: 1.5435 | train_OA: 1.0000 | train_AA: 1.0000 | train_Kappa: 1.0000
2024-02-02 15:39:03,024 - Trainlog - INFO - Epoch: 246 | train_loss: 1.5437 | train_OA: 1.0000 | train_AA: 1.0000 | train_Kappa: 1.0000
2024-02-02 15:39:03,216 - Trainlog - INFO - Epoch: 247 | train_loss: 1.5435 | train_OA: 1.0000 | train_AA: 1.0000 | train_Kappa: 1.0000
2024-02-02 15:39:03,408 - Trainlog - INFO - Epoch: 248 | train_loss: 1.5436 | train_OA: 1.0000 | train_AA: 1.0000 | train_Kappa: 1.0000
2024-02-02 15:39:03,602 - Trainlog - INFO - Epoch: 249 | train_loss: 1.5435 | train_OA: 1.0000 | train_AA: 1.0000 | train_Kappa: 1.0000
2024-02-02 15:39:03,794 - Trainlog - INFO - Epoch: 250 | train_loss: 1.5436 | train_OA: 1.0000 | train_AA: 1.0000 | train_Kappa: 1.0000
2024-02-02 15:39:03,985 - Trainlog - INFO - Epoch: 251 | train_loss: 1.5437 | train_OA: 1.0000 | train_AA: 1.0000 | train_Kappa: 1.0000
2024-02-02 15:39:04,178 - Trainlog - INFO - Epoch: 252 | train_loss: 1.5435 | train_OA: 1.0000 | train_AA: 1.0000 | train_Kappa: 1.0000
2024-02-02 15:39:04,371 - Trainlog - INFO - Epoch: 253 | train_loss: 1.5438 | train_OA: 1.0000 | train_AA: 1.0000 | train_Kappa: 1.0000
2024-02-02 15:39:04,564 - Trainlog - INFO - Epoch: 254 | train_loss: 1.5437 | train_OA: 1.0000 | train_AA: 1.0000 | train_Kappa: 1.0000
2024-02-02 15:39:04,757 - Trainlog - INFO - Epoch: 255 | train_loss: 1.5478 | train_OA: 0.9955 | train_AA: 0.9955 | train_Kappa: 0.9950
2024-02-02 15:39:04,950 - Trainlog - INFO - Epoch: 256 | train_loss: 1.5495 | train_OA: 0.9970 | train_AA: 0.9970 | train_Kappa: 0.9967
2024-02-02 15:39:05,143 - Trainlog - INFO - Epoch: 257 | train_loss: 1.5488 | train_OA: 0.9985 | train_AA: 0.9985 | train_Kappa: 0.9983
2024-02-02 15:39:05,337 - Trainlog - INFO - Epoch: 258 | train_loss: 1.5460 | train_OA: 0.9985 | train_AA: 0.9985 | train_Kappa: 0.9983
2024-02-02 15:39:05,530 - Trainlog - INFO - Epoch: 259 | train_loss: 1.5458 | train_OA: 1.0000 | train_AA: 1.0000 | train_Kappa: 1.0000
2024-02-02 15:39:05,723 - Trainlog - INFO - Epoch: 260 | train_loss: 1.5448 | train_OA: 1.0000 | train_AA: 1.0000 | train_Kappa: 1.0000
2024-02-02 15:39:05,916 - Trainlog - INFO - Epoch: 261 | train_loss: 1.5442 | train_OA: 1.0000 | train_AA: 1.0000 | train_Kappa: 1.0000
2024-02-02 15:39:06,109 - Trainlog - INFO - Epoch: 262 | train_loss: 1.5437 | train_OA: 1.0000 | train_AA: 1.0000 | train_Kappa: 1.0000
2024-02-02 15:39:06,305 - Trainlog - INFO - Epoch: 263 | train_loss: 1.5438 | train_OA: 1.0000 | train_AA: 1.0000 | train_Kappa: 1.0000
2024-02-02 15:39:06,518 - Trainlog - INFO - Epoch: 264 | train_loss: 1.5452 | train_OA: 0.9985 | train_AA: 0.9985 | train_Kappa: 0.9983
2024-02-02 15:39:06,711 - Trainlog - INFO - Epoch: 265 | train_loss: 1.5452 | train_OA: 1.0000 | train_AA: 1.0000 | train_Kappa: 1.0000
2024-02-02 15:39:06,905 - Trainlog - INFO - Epoch: 266 | train_loss: 1.5441 | train_OA: 1.0000 | train_AA: 1.0000 | train_Kappa: 1.0000
2024-02-02 15:39:07,098 - Trainlog - INFO - Epoch: 267 | train_loss: 1.5447 | train_OA: 1.0000 | train_AA: 1.0000 | train_Kappa: 1.0000
2024-02-02 15:39:07,291 - Trainlog - INFO - Epoch: 268 | train_loss: 1.5451 | train_OA: 1.0000 | train_AA: 1.0000 | train_Kappa: 1.0000
2024-02-02 15:39:07,482 - Trainlog - INFO - Epoch: 269 | train_loss: 1.5444 | train_OA: 1.0000 | train_AA: 1.0000 | train_Kappa: 1.0000
2024-02-02 15:39:07,677 - Trainlog - INFO - Epoch: 270 | train_loss: 1.5439 | train_OA: 1.0000 | train_AA: 1.0000 | train_Kappa: 1.0000
2024-02-02 15:39:07,869 - Trainlog - INFO - Epoch: 271 | train_loss: 1.5437 | train_OA: 1.0000 | train_AA: 1.0000 | train_Kappa: 1.0000
2024-02-02 15:39:08,064 - Trainlog - INFO - Epoch: 272 | train_loss: 1.5449 | train_OA: 0.9985 | train_AA: 0.9985 | train_Kappa: 0.9983
2024-02-02 15:39:08,257 - Trainlog - INFO - Epoch: 273 | train_loss: 1.5481 | train_OA: 0.9985 | train_AA: 0.9985 | train_Kappa: 0.9983
2024-02-02 15:39:08,465 - Trainlog - INFO - Epoch: 274 | train_loss: 1.5494 | train_OA: 0.9955 | train_AA: 0.9955 | train_Kappa: 0.9950
2024-02-02 15:39:08,658 - Trainlog - INFO - Epoch: 275 | train_loss: 1.5444 | train_OA: 1.0000 | train_AA: 1.0000 | train_Kappa: 1.0000
2024-02-02 15:39:08,850 - Trainlog - INFO - Epoch: 276 | train_loss: 1.5442 | train_OA: 1.0000 | train_AA: 1.0000 | train_Kappa: 1.0000
2024-02-02 15:39:09,041 - Trainlog - INFO - Epoch: 277 | train_loss: 1.5439 | train_OA: 1.0000 | train_AA: 1.0000 | train_Kappa: 1.0000
2024-02-02 15:39:09,233 - Trainlog - INFO - Epoch: 278 | train_loss: 1.5435 | train_OA: 1.0000 | train_AA: 1.0000 | train_Kappa: 1.0000
2024-02-02 15:39:09,424 - Trainlog - INFO - Epoch: 279 | train_loss: 1.5443 | train_OA: 1.0000 | train_AA: 1.0000 | train_Kappa: 1.0000
2024-02-02 15:39:09,619 - Trainlog - INFO - Epoch: 280 | train_loss: 1.5439 | train_OA: 1.0000 | train_AA: 1.0000 | train_Kappa: 1.0000
2024-02-02 15:39:09,813 - Trainlog - INFO - Epoch: 281 | train_loss: 1.5445 | train_OA: 1.0000 | train_AA: 1.0000 | train_Kappa: 1.0000
2024-02-02 15:39:10,006 - Trainlog - INFO - Epoch: 282 | train_loss: 1.5435 | train_OA: 1.0000 | train_AA: 1.0000 | train_Kappa: 1.0000
2024-02-02 15:39:10,199 - Trainlog - INFO - Epoch: 283 | train_loss: 1.5443 | train_OA: 1.0000 | train_AA: 1.0000 | train_Kappa: 1.0000
2024-02-02 15:39:10,394 - Trainlog - INFO - Epoch: 284 | train_loss: 1.5446 | train_OA: 1.0000 | train_AA: 1.0000 | train_Kappa: 1.0000
2024-02-02 15:39:10,586 - Trainlog - INFO - Epoch: 285 | train_loss: 1.5439 | train_OA: 1.0000 | train_AA: 1.0000 | train_Kappa: 1.0000
2024-02-02 15:39:10,780 - Trainlog - INFO - Epoch: 286 | train_loss: 1.5438 | train_OA: 1.0000 | train_AA: 1.0000 | train_Kappa: 1.0000
2024-02-02 15:39:10,972 - Trainlog - INFO - Epoch: 287 | train_loss: 1.5437 | train_OA: 1.0000 | train_AA: 1.0000 | train_Kappa: 1.0000
2024-02-02 15:39:11,168 - Trainlog - INFO - Epoch: 288 | train_loss: 1.5434 | train_OA: 1.0000 | train_AA: 1.0000 | train_Kappa: 1.0000
2024-02-02 15:39:11,361 - Trainlog - INFO - Epoch: 289 | train_loss: 1.5435 | train_OA: 1.0000 | train_AA: 1.0000 | train_Kappa: 1.0000
2024-02-02 15:39:11,554 - Trainlog - INFO - Epoch: 290 | train_loss: 1.5435 | train_OA: 1.0000 | train_AA: 1.0000 | train_Kappa: 1.0000
2024-02-02 15:39:11,748 - Trainlog - INFO - Epoch: 291 | train_loss: 1.5435 | train_OA: 1.0000 | train_AA: 1.0000 | train_Kappa: 1.0000
2024-02-02 15:39:11,942 - Trainlog - INFO - Epoch: 292 | train_loss: 1.5433 | train_OA: 1.0000 | train_AA: 1.0000 | train_Kappa: 1.0000
2024-02-02 15:39:12,135 - Trainlog - INFO - Epoch: 293 | train_loss: 1.5434 | train_OA: 1.0000 | train_AA: 1.0000 | train_Kappa: 1.0000
2024-02-02 15:39:12,328 - Trainlog - INFO - Epoch: 294 | train_loss: 1.5434 | train_OA: 1.0000 | train_AA: 1.0000 | train_Kappa: 1.0000
2024-02-02 15:39:12,521 - Trainlog - INFO - Epoch: 295 | train_loss: 1.5435 | train_OA: 1.0000 | train_AA: 1.0000 | train_Kappa: 1.0000
2024-02-02 15:39:12,715 - Trainlog - INFO - Epoch: 296 | train_loss: 1.5436 | train_OA: 1.0000 | train_AA: 1.0000 | train_Kappa: 1.0000
2024-02-02 15:39:12,908 - Trainlog - INFO - Epoch: 297 | train_loss: 1.5434 | train_OA: 1.0000 | train_AA: 1.0000 | train_Kappa: 1.0000
2024-02-02 15:39:13,102 - Trainlog - INFO - Epoch: 298 | train_loss: 1.5435 | train_OA: 1.0000 | train_AA: 1.0000 | train_Kappa: 1.0000
2024-02-02 15:39:13,297 - Trainlog - INFO - Epoch: 299 | train_loss: 1.5433 | train_OA: 1.0000 | train_AA: 1.0000 | train_Kappa: 1.0000
2024-02-02 15:39:13,492 - Trainlog - INFO - Epoch: 300 | train_loss: 1.5433 | train_OA: 1.0000 | train_AA: 1.0000 | train_Kappa: 1.0000
2024-02-02 15:39:13,684 - Trainlog - INFO - Epoch: 301 | train_loss: 1.5435 | train_OA: 1.0000 | train_AA: 1.0000 | train_Kappa: 1.0000
2024-02-02 15:39:13,877 - Trainlog - INFO - Epoch: 302 | train_loss: 1.5433 | train_OA: 1.0000 | train_AA: 1.0000 | train_Kappa: 1.0000
2024-02-02 15:39:14,070 - Trainlog - INFO - Epoch: 303 | train_loss: 1.5434 | train_OA: 1.0000 | train_AA: 1.0000 | train_Kappa: 1.0000
2024-02-02 15:39:14,265 - Trainlog - INFO - Epoch: 304 | train_loss: 1.5434 | train_OA: 1.0000 | train_AA: 1.0000 | train_Kappa: 1.0000
2024-02-02 15:39:14,459 - Trainlog - INFO - Epoch: 305 | train_loss: 1.5433 | train_OA: 1.0000 | train_AA: 1.0000 | train_Kappa: 1.0000
2024-02-02 15:39:14,651 - Trainlog - INFO - Epoch: 306 | train_loss: 1.5433 | train_OA: 1.0000 | train_AA: 1.0000 | train_Kappa: 1.0000
2024-02-02 15:39:14,842 - Trainlog - INFO - Epoch: 307 | train_loss: 1.5434 | train_OA: 1.0000 | train_AA: 1.0000 | train_Kappa: 1.0000
2024-02-02 15:39:15,035 - Trainlog - INFO - Epoch: 308 | train_loss: 1.5433 | train_OA: 1.0000 | train_AA: 1.0000 | train_Kappa: 1.0000
2024-02-02 15:39:15,228 - Trainlog - INFO - Epoch: 309 | train_loss: 1.5433 | train_OA: 1.0000 | train_AA: 1.0000 | train_Kappa: 1.0000
2024-02-02 15:39:15,420 - Trainlog - INFO - Epoch: 310 | train_loss: 1.5432 | train_OA: 1.0000 | train_AA: 1.0000 | train_Kappa: 1.0000
2024-02-02 15:39:15,612 - Trainlog - INFO - Epoch: 311 | train_loss: 1.5433 | train_OA: 1.0000 | train_AA: 1.0000 | train_Kappa: 1.0000
2024-02-02 15:39:15,805 - Trainlog - INFO - Epoch: 312 | train_loss: 1.5433 | train_OA: 1.0000 | train_AA: 1.0000 | train_Kappa: 1.0000
2024-02-02 15:39:15,996 - Trainlog - INFO - Epoch: 313 | train_loss: 1.5433 | train_OA: 1.0000 | train_AA: 1.0000 | train_Kappa: 1.0000
2024-02-02 15:39:16,190 - Trainlog - INFO - Epoch: 314 | train_loss: 1.5433 | train_OA: 1.0000 | train_AA: 1.0000 | train_Kappa: 1.0000
2024-02-02 15:39:16,382 - Trainlog - INFO - Epoch: 315 | train_loss: 1.5434 | train_OA: 1.0000 | train_AA: 1.0000 | train_Kappa: 1.0000
2024-02-02 15:39:16,576 - Trainlog - INFO - Epoch: 316 | train_loss: 1.5434 | train_OA: 1.0000 | train_AA: 1.0000 | train_Kappa: 1.0000
2024-02-02 15:39:16,768 - Trainlog - INFO - Epoch: 317 | train_loss: 1.5436 | train_OA: 1.0000 | train_AA: 1.0000 | train_Kappa: 1.0000
2024-02-02 15:39:16,960 - Trainlog - INFO - Epoch: 318 | train_loss: 1.5434 | train_OA: 1.0000 | train_AA: 1.0000 | train_Kappa: 1.0000
2024-02-02 15:39:17,153 - Trainlog - INFO - Epoch: 319 | train_loss: 1.5436 | train_OA: 1.0000 | train_AA: 1.0000 | train_Kappa: 1.0000
2024-02-02 15:39:17,347 - Trainlog - INFO - Epoch: 320 | train_loss: 1.5435 | train_OA: 1.0000 | train_AA: 1.0000 | train_Kappa: 1.0000
2024-02-02 15:39:17,540 - Trainlog - INFO - Epoch: 321 | train_loss: 1.5434 | train_OA: 1.0000 | train_AA: 1.0000 | train_Kappa: 1.0000
2024-02-02 15:39:17,734 - Trainlog - INFO - Epoch: 322 | train_loss: 1.5433 | train_OA: 1.0000 | train_AA: 1.0000 | train_Kappa: 1.0000
2024-02-02 15:39:17,928 - Trainlog - INFO - Epoch: 323 | train_loss: 1.5434 | train_OA: 1.0000 | train_AA: 1.0000 | train_Kappa: 1.0000
2024-02-02 15:39:18,123 - Trainlog - INFO - Epoch: 324 | train_loss: 1.5434 | train_OA: 1.0000 | train_AA: 1.0000 | train_Kappa: 1.0000
2024-02-02 15:39:18,316 - Trainlog - INFO - Epoch: 325 | train_loss: 1.5433 | train_OA: 1.0000 | train_AA: 1.0000 | train_Kappa: 1.0000
2024-02-02 15:39:18,510 - Trainlog - INFO - Epoch: 326 | train_loss: 1.5433 | train_OA: 1.0000 | train_AA: 1.0000 | train_Kappa: 1.0000
2024-02-02 15:39:18,703 - Trainlog - INFO - Epoch: 327 | train_loss: 1.5432 | train_OA: 1.0000 | train_AA: 1.0000 | train_Kappa: 1.0000
2024-02-02 15:39:18,896 - Trainlog - INFO - Epoch: 328 | train_loss: 1.5433 | train_OA: 1.0000 | train_AA: 1.0000 | train_Kappa: 1.0000
2024-02-02 15:39:19,088 - Trainlog - INFO - Epoch: 329 | train_loss: 1.5433 | train_OA: 1.0000 | train_AA: 1.0000 | train_Kappa: 1.0000
2024-02-02 15:39:19,281 - Trainlog - INFO - Epoch: 330 | train_loss: 1.5433 | train_OA: 1.0000 | train_AA: 1.0000 | train_Kappa: 1.0000
2024-02-02 15:39:19,472 - Trainlog - INFO - Epoch: 331 | train_loss: 1.5433 | train_OA: 1.0000 | train_AA: 1.0000 | train_Kappa: 1.0000
2024-02-02 15:39:19,665 - Trainlog - INFO - Epoch: 332 | train_loss: 1.5438 | train_OA: 1.0000 | train_AA: 1.0000 | train_Kappa: 1.0000
2024-02-02 15:39:19,856 - Trainlog - INFO - Epoch: 333 | train_loss: 1.5433 | train_OA: 1.0000 | train_AA: 1.0000 | train_Kappa: 1.0000
2024-02-02 15:39:20,049 - Trainlog - INFO - Epoch: 334 | train_loss: 1.5433 | train_OA: 1.0000 | train_AA: 1.0000 | train_Kappa: 1.0000
2024-02-02 15:39:20,241 - Trainlog - INFO - Epoch: 335 | train_loss: 1.5433 | train_OA: 1.0000 | train_AA: 1.0000 | train_Kappa: 1.0000
2024-02-02 15:39:20,433 - Trainlog - INFO - Epoch: 336 | train_loss: 1.5433 | train_OA: 1.0000 | train_AA: 1.0000 | train_Kappa: 1.0000
2024-02-02 15:39:20,626 - Trainlog - INFO - Epoch: 337 | train_loss: 1.5433 | train_OA: 1.0000 | train_AA: 1.0000 | train_Kappa: 1.0000
2024-02-02 15:39:20,819 - Trainlog - INFO - Epoch: 338 | train_loss: 1.5435 | train_OA: 1.0000 | train_AA: 1.0000 | train_Kappa: 1.0000
2024-02-02 15:39:21,011 - Trainlog - INFO - Epoch: 339 | train_loss: 1.5433 | train_OA: 1.0000 | train_AA: 1.0000 | train_Kappa: 1.0000
2024-02-02 15:39:21,221 - Trainlog - INFO - Epoch: 340 | train_loss: 1.5436 | train_OA: 1.0000 | train_AA: 1.0000 | train_Kappa: 1.0000
2024-02-02 15:39:21,412 - Trainlog - INFO - Epoch: 341 | train_loss: 1.5435 | train_OA: 1.0000 | train_AA: 1.0000 | train_Kappa: 1.0000
2024-02-02 15:39:21,605 - Trainlog - INFO - Epoch: 342 | train_loss: 1.5433 | train_OA: 1.0000 | train_AA: 1.0000 | train_Kappa: 1.0000
2024-02-02 15:39:21,797 - Trainlog - INFO - Epoch: 343 | train_loss: 1.5434 | train_OA: 1.0000 | train_AA: 1.0000 | train_Kappa: 1.0000
2024-02-02 15:39:21,991 - Trainlog - INFO - Epoch: 344 | train_loss: 1.5434 | train_OA: 1.0000 | train_AA: 1.0000 | train_Kappa: 1.0000
2024-02-02 15:39:22,186 - Trainlog - INFO - Epoch: 345 | train_loss: 1.5433 | train_OA: 1.0000 | train_AA: 1.0000 | train_Kappa: 1.0000
2024-02-02 15:39:22,379 - Trainlog - INFO - Epoch: 346 | train_loss: 1.5438 | train_OA: 1.0000 | train_AA: 1.0000 | train_Kappa: 1.0000
2024-02-02 15:39:22,572 - Trainlog - INFO - Epoch: 347 | train_loss: 1.5433 | train_OA: 1.0000 | train_AA: 1.0000 | train_Kappa: 1.0000
2024-02-02 15:39:22,766 - Trainlog - INFO - Epoch: 348 | train_loss: 1.5435 | train_OA: 1.0000 | train_AA: 1.0000 | train_Kappa: 1.0000
2024-02-02 15:39:22,957 - Trainlog - INFO - Epoch: 349 | train_loss: 1.5434 | train_OA: 1.0000 | train_AA: 1.0000 | train_Kappa: 1.0000
2024-02-02 15:39:23,152 - Trainlog - INFO - Epoch: 350 | train_loss: 1.5434 | train_OA: 1.0000 | train_AA: 1.0000 | train_Kappa: 1.0000
2024-02-02 15:39:23,344 - Trainlog - INFO - Epoch: 351 | train_loss: 1.5433 | train_OA: 1.0000 | train_AA: 1.0000 | train_Kappa: 1.0000
2024-02-02 15:39:23,540 - Trainlog - INFO - Epoch: 352 | train_loss: 1.5435 | train_OA: 1.0000 | train_AA: 1.0000 | train_Kappa: 1.0000
2024-02-02 15:39:23,733 - Trainlog - INFO - Epoch: 353 | train_loss: 1.5433 | train_OA: 1.0000 | train_AA: 1.0000 | train_Kappa: 1.0000
2024-02-02 15:39:23,929 - Trainlog - INFO - Epoch: 354 | train_loss: 1.5433 | train_OA: 1.0000 | train_AA: 1.0000 | train_Kappa: 1.0000
2024-02-02 15:39:24,124 - Trainlog - INFO - Epoch: 355 | train_loss: 1.5434 | train_OA: 1.0000 | train_AA: 1.0000 | train_Kappa: 1.0000
2024-02-02 15:39:24,317 - Trainlog - INFO - Epoch: 356 | train_loss: 1.5433 | train_OA: 1.0000 | train_AA: 1.0000 | train_Kappa: 1.0000
2024-02-02 15:39:24,509 - Trainlog - INFO - Epoch: 357 | train_loss: 1.5433 | train_OA: 1.0000 | train_AA: 1.0000 | train_Kappa: 1.0000
2024-02-02 15:39:24,703 - Trainlog - INFO - Epoch: 358 | train_loss: 1.5432 | train_OA: 1.0000 | train_AA: 1.0000 | train_Kappa: 1.0000
2024-02-02 15:39:24,896 - Trainlog - INFO - Epoch: 359 | train_loss: 1.5433 | train_OA: 1.0000 | train_AA: 1.0000 | train_Kappa: 1.0000
2024-02-02 15:39:25,095 - Trainlog - INFO - Epoch: 360 | train_loss: 1.5434 | train_OA: 1.0000 | train_AA: 1.0000 | train_Kappa: 1.0000
2024-02-02 15:39:25,286 - Trainlog - INFO - Epoch: 361 | train_loss: 1.5438 | train_OA: 1.0000 | train_AA: 1.0000 | train_Kappa: 1.0000
2024-02-02 15:39:25,479 - Trainlog - INFO - Epoch: 362 | train_loss: 1.5439 | train_OA: 1.0000 | train_AA: 1.0000 | train_Kappa: 1.0000
2024-02-02 15:39:25,673 - Trainlog - INFO - Epoch: 363 | train_loss: 1.5435 | train_OA: 1.0000 | train_AA: 1.0000 | train_Kappa: 1.0000
2024-02-02 15:39:25,866 - Trainlog - INFO - Epoch: 364 | train_loss: 1.5434 | train_OA: 1.0000 | train_AA: 1.0000 | train_Kappa: 1.0000
2024-02-02 15:39:26,059 - Trainlog - INFO - Epoch: 365 | train_loss: 1.5433 | train_OA: 1.0000 | train_AA: 1.0000 | train_Kappa: 1.0000
2024-02-02 15:39:26,253 - Trainlog - INFO - Epoch: 366 | train_loss: 1.5437 | train_OA: 1.0000 | train_AA: 1.0000 | train_Kappa: 1.0000
2024-02-02 15:39:26,445 - Trainlog - INFO - Epoch: 367 | train_loss: 1.5433 | train_OA: 1.0000 | train_AA: 1.0000 | train_Kappa: 1.0000
2024-02-02 15:39:26,641 - Trainlog - INFO - Epoch: 368 | train_loss: 1.5433 | train_OA: 1.0000 | train_AA: 1.0000 | train_Kappa: 1.0000
2024-02-02 15:39:26,833 - Trainlog - INFO - Epoch: 369 | train_loss: 1.5433 | train_OA: 1.0000 | train_AA: 1.0000 | train_Kappa: 1.0000
2024-02-02 15:39:27,028 - Trainlog - INFO - Epoch: 370 | train_loss: 1.5433 | train_OA: 1.0000 | train_AA: 1.0000 | train_Kappa: 1.0000
2024-02-02 15:39:27,221 - Trainlog - INFO - Epoch: 371 | train_loss: 1.5434 | train_OA: 1.0000 | train_AA: 1.0000 | train_Kappa: 1.0000
2024-02-02 15:39:27,417 - Trainlog - INFO - Epoch: 372 | train_loss: 1.5433 | train_OA: 1.0000 | train_AA: 1.0000 | train_Kappa: 1.0000
2024-02-02 15:39:27,611 - Trainlog - INFO - Epoch: 373 | train_loss: 1.5433 | train_OA: 1.0000 | train_AA: 1.0000 | train_Kappa: 1.0000
2024-02-02 15:39:27,805 - Trainlog - INFO - Epoch: 374 | train_loss: 1.5433 | train_OA: 1.0000 | train_AA: 1.0000 | train_Kappa: 1.0000
2024-02-02 15:39:27,998 - Trainlog - INFO - Epoch: 375 | train_loss: 1.5433 | train_OA: 1.0000 | train_AA: 1.0000 | train_Kappa: 1.0000
2024-02-02 15:39:28,193 - Trainlog - INFO - Epoch: 376 | train_loss: 1.5432 | train_OA: 1.0000 | train_AA: 1.0000 | train_Kappa: 1.0000
2024-02-02 15:39:28,385 - Trainlog - INFO - Epoch: 377 | train_loss: 1.5434 | train_OA: 1.0000 | train_AA: 1.0000 | train_Kappa: 1.0000
2024-02-02 15:39:28,581 - Trainlog - INFO - Epoch: 378 | train_loss: 1.5433 | train_OA: 1.0000 | train_AA: 1.0000 | train_Kappa: 1.0000
2024-02-02 15:39:28,772 - Trainlog - INFO - Epoch: 379 | train_loss: 1.5433 | train_OA: 1.0000 | train_AA: 1.0000 | train_Kappa: 1.0000
2024-02-02 15:39:28,966 - Trainlog - INFO - Epoch: 380 | train_loss: 1.5435 | train_OA: 1.0000 | train_AA: 1.0000 | train_Kappa: 1.0000
2024-02-02 15:39:29,157 - Trainlog - INFO - Epoch: 381 | train_loss: 1.5433 | train_OA: 1.0000 | train_AA: 1.0000 | train_Kappa: 1.0000
2024-02-02 15:39:29,349 - Trainlog - INFO - Epoch: 382 | train_loss: 1.5433 | train_OA: 1.0000 | train_AA: 1.0000 | train_Kappa: 1.0000
2024-02-02 15:39:29,542 - Trainlog - INFO - Epoch: 383 | train_loss: 1.5432 | train_OA: 1.0000 | train_AA: 1.0000 | train_Kappa: 1.0000
2024-02-02 15:39:29,734 - Trainlog - INFO - Epoch: 384 | train_loss: 1.5433 | train_OA: 1.0000 | train_AA: 1.0000 | train_Kappa: 1.0000
2024-02-02 15:39:29,926 - Trainlog - INFO - Epoch: 385 | train_loss: 1.5432 | train_OA: 1.0000 | train_AA: 1.0000 | train_Kappa: 1.0000
2024-02-02 15:39:30,120 - Trainlog - INFO - Epoch: 386 | train_loss: 1.5432 | train_OA: 1.0000 | train_AA: 1.0000 | train_Kappa: 1.0000
2024-02-02 15:39:30,317 - Trainlog - INFO - Epoch: 387 | train_loss: 1.5433 | train_OA: 1.0000 | train_AA: 1.0000 | train_Kappa: 1.0000
2024-02-02 15:39:30,511 - Trainlog - INFO - Epoch: 388 | train_loss: 1.5432 | train_OA: 1.0000 | train_AA: 1.0000 | train_Kappa: 1.0000
2024-02-02 15:39:30,703 - Trainlog - INFO - Epoch: 389 | train_loss: 1.5433 | train_OA: 1.0000 | train_AA: 1.0000 | train_Kappa: 1.0000
2024-02-02 15:39:30,896 - Trainlog - INFO - Epoch: 390 | train_loss: 1.5432 | train_OA: 1.0000 | train_AA: 1.0000 | train_Kappa: 1.0000
2024-02-02 15:39:31,088 - Trainlog - INFO - Epoch: 391 | train_loss: 1.5432 | train_OA: 1.0000 | train_AA: 1.0000 | train_Kappa: 1.0000
2024-02-02 15:39:31,280 - Trainlog - INFO - Epoch: 392 | train_loss: 1.5432 | train_OA: 1.0000 | train_AA: 1.0000 | train_Kappa: 1.0000
2024-02-02 15:39:31,473 - Trainlog - INFO - Epoch: 393 | train_loss: 1.5433 | train_OA: 1.0000 | train_AA: 1.0000 | train_Kappa: 1.0000
2024-02-02 15:39:31,668 - Trainlog - INFO - Epoch: 394 | train_loss: 1.5432 | train_OA: 1.0000 | train_AA: 1.0000 | train_Kappa: 1.0000
2024-02-02 15:39:31,862 - Trainlog - INFO - Epoch: 395 | train_loss: 1.5432 | train_OA: 1.0000 | train_AA: 1.0000 | train_Kappa: 1.0000
2024-02-02 15:39:32,055 - Trainlog - INFO - Epoch: 396 | train_loss: 1.5432 | train_OA: 1.0000 | train_AA: 1.0000 | train_Kappa: 1.0000
2024-02-02 15:39:32,247 - Trainlog - INFO - Epoch: 397 | train_loss: 1.5433 | train_OA: 1.0000 | train_AA: 1.0000 | train_Kappa: 1.0000
2024-02-02 15:39:32,439 - Trainlog - INFO - Epoch: 398 | train_loss: 1.5432 | train_OA: 1.0000 | train_AA: 1.0000 | train_Kappa: 1.0000
2024-02-02 15:39:32,633 - Trainlog - INFO - Epoch: 399 | train_loss: 1.5432 | train_OA: 1.0000 | train_AA: 1.0000 | train_Kappa: 1.0000
2024-02-02 15:39:32,829 - Trainlog - INFO - Epoch: 400 | train_loss: 1.5432 | train_OA: 1.0000 | train_AA: 1.0000 | train_Kappa: 1.0000
2024-02-02 15:39:33,021 - Trainlog - INFO - Epoch: 401 | train_loss: 1.5432 | train_OA: 1.0000 | train_AA: 1.0000 | train_Kappa: 1.0000
2024-02-02 15:39:33,254 - Trainlog - INFO - Epoch: 402 | train_loss: 1.5432 | train_OA: 1.0000 | train_AA: 1.0000 | train_Kappa: 1.0000
2024-02-02 15:39:33,447 - Trainlog - INFO - Epoch: 403 | train_loss: 1.5432 | train_OA: 1.0000 | train_AA: 1.0000 | train_Kappa: 1.0000
2024-02-02 15:39:33,640 - Trainlog - INFO - Epoch: 404 | train_loss: 1.5432 | train_OA: 1.0000 | train_AA: 1.0000 | train_Kappa: 1.0000
2024-02-02 15:39:33,861 - Trainlog - INFO - Epoch: 405 | train_loss: 1.5432 | train_OA: 1.0000 | train_AA: 1.0000 | train_Kappa: 1.0000
2024-02-02 15:39:34,057 - Trainlog - INFO - Epoch: 406 | train_loss: 1.5432 | train_OA: 1.0000 | train_AA: 1.0000 | train_Kappa: 1.0000
2024-02-02 15:39:34,251 - Trainlog - INFO - Epoch: 407 | train_loss: 1.5432 | train_OA: 1.0000 | train_AA: 1.0000 | train_Kappa: 1.0000
2024-02-02 15:39:34,501 - Trainlog - INFO - Epoch: 408 | train_loss: 1.5432 | train_OA: 1.0000 | train_AA: 1.0000 | train_Kappa: 1.0000
2024-02-02 15:39:34,692 - Trainlog - INFO - Epoch: 409 | train_loss: 1.5432 | train_OA: 1.0000 | train_AA: 1.0000 | train_Kappa: 1.0000
2024-02-02 15:39:34,884 - Trainlog - INFO - Epoch: 410 | train_loss: 1.5432 | train_OA: 1.0000 | train_AA: 1.0000 | train_Kappa: 1.0000
2024-02-02 15:39:35,078 - Trainlog - INFO - Epoch: 411 | train_loss: 1.5433 | train_OA: 1.0000 | train_AA: 1.0000 | train_Kappa: 1.0000
2024-02-02 15:39:35,272 - Trainlog - INFO - Epoch: 412 | train_loss: 1.5432 | train_OA: 1.0000 | train_AA: 1.0000 | train_Kappa: 1.0000
2024-02-02 15:39:35,464 - Trainlog - INFO - Epoch: 413 | train_loss: 1.5432 | train_OA: 1.0000 | train_AA: 1.0000 | train_Kappa: 1.0000
2024-02-02 15:39:35,658 - Trainlog - INFO - Epoch: 414 | train_loss: 1.5432 | train_OA: 1.0000 | train_AA: 1.0000 | train_Kappa: 1.0000
2024-02-02 15:39:35,850 - Trainlog - INFO - Epoch: 415 | train_loss: 1.5432 | train_OA: 1.0000 | train_AA: 1.0000 | train_Kappa: 1.0000
2024-02-02 15:39:36,046 - Trainlog - INFO - Epoch: 416 | train_loss: 1.5432 | train_OA: 1.0000 | train_AA: 1.0000 | train_Kappa: 1.0000
2024-02-02 15:39:36,238 - Trainlog - INFO - Epoch: 417 | train_loss: 1.5433 | train_OA: 1.0000 | train_AA: 1.0000 | train_Kappa: 1.0000
2024-02-02 15:39:36,431 - Trainlog - INFO - Epoch: 418 | train_loss: 1.5432 | train_OA: 1.0000 | train_AA: 1.0000 | train_Kappa: 1.0000
2024-02-02 15:39:36,623 - Trainlog - INFO - Epoch: 419 | train_loss: 1.5432 | train_OA: 1.0000 | train_AA: 1.0000 | train_Kappa: 1.0000
2024-02-02 15:39:36,816 - Trainlog - INFO - Epoch: 420 | train_loss: 1.5432 | train_OA: 1.0000 | train_AA: 1.0000 | train_Kappa: 1.0000
2024-02-02 15:39:37,009 - Trainlog - INFO - Epoch: 421 | train_loss: 1.5432 | train_OA: 1.0000 | train_AA: 1.0000 | train_Kappa: 1.0000
2024-02-02 15:39:37,201 - Trainlog - INFO - Epoch: 422 | train_loss: 1.5432 | train_OA: 1.0000 | train_AA: 1.0000 | train_Kappa: 1.0000
2024-02-02 15:39:37,393 - Trainlog - INFO - Epoch: 423 | train_loss: 1.5434 | train_OA: 1.0000 | train_AA: 1.0000 | train_Kappa: 1.0000
2024-02-02 15:39:37,586 - Trainlog - INFO - Epoch: 424 | train_loss: 1.5433 | train_OA: 1.0000 | train_AA: 1.0000 | train_Kappa: 1.0000
2024-02-02 15:39:37,779 - Trainlog - INFO - Epoch: 425 | train_loss: 1.5432 | train_OA: 1.0000 | train_AA: 1.0000 | train_Kappa: 1.0000
2024-02-02 15:39:37,973 - Trainlog - INFO - Epoch: 426 | train_loss: 1.5469 | train_OA: 0.9970 | train_AA: 0.9970 | train_Kappa: 0.9967
2024-02-02 15:39:38,165 - Trainlog - INFO - Epoch: 427 | train_loss: 1.5432 | train_OA: 1.0000 | train_AA: 1.0000 | train_Kappa: 1.0000
2024-02-02 15:39:38,357 - Trainlog - INFO - Epoch: 428 | train_loss: 1.5433 | train_OA: 1.0000 | train_AA: 1.0000 | train_Kappa: 1.0000
2024-02-02 15:39:38,549 - Trainlog - INFO - Epoch: 429 | train_loss: 1.5433 | train_OA: 1.0000 | train_AA: 1.0000 | train_Kappa: 1.0000
2024-02-02 15:39:38,743 - Trainlog - INFO - Epoch: 430 | train_loss: 1.5433 | train_OA: 1.0000 | train_AA: 1.0000 | train_Kappa: 1.0000
2024-02-02 15:39:38,936 - Trainlog - INFO - Epoch: 431 | train_loss: 1.5433 | train_OA: 1.0000 | train_AA: 1.0000 | train_Kappa: 1.0000
2024-02-02 15:39:39,130 - Trainlog - INFO - Epoch: 432 | train_loss: 1.5433 | train_OA: 1.0000 | train_AA: 1.0000 | train_Kappa: 1.0000
2024-02-02 15:39:39,321 - Trainlog - INFO - Epoch: 433 | train_loss: 1.5447 | train_OA: 1.0000 | train_AA: 1.0000 | train_Kappa: 1.0000
2024-02-02 15:39:39,514 - Trainlog - INFO - Epoch: 434 | train_loss: 1.5433 | train_OA: 1.0000 | train_AA: 1.0000 | train_Kappa: 1.0000
2024-02-02 15:39:39,706 - Trainlog - INFO - Epoch: 435 | train_loss: 1.5433 | train_OA: 1.0000 | train_AA: 1.0000 | train_Kappa: 1.0000
2024-02-02 15:39:39,899 - Trainlog - INFO - Epoch: 436 | train_loss: 1.5432 | train_OA: 1.0000 | train_AA: 1.0000 | train_Kappa: 1.0000
2024-02-02 15:39:40,092 - Trainlog - INFO - Epoch: 437 | train_loss: 1.5432 | train_OA: 1.0000 | train_AA: 1.0000 | train_Kappa: 1.0000
2024-02-02 15:39:40,286 - Trainlog - INFO - Epoch: 438 | train_loss: 1.5434 | train_OA: 1.0000 | train_AA: 1.0000 | train_Kappa: 1.0000
2024-02-02 15:39:40,480 - Trainlog - INFO - Epoch: 439 | train_loss: 1.5433 | train_OA: 1.0000 | train_AA: 1.0000 | train_Kappa: 1.0000
2024-02-02 15:39:40,674 - Trainlog - INFO - Epoch: 440 | train_loss: 1.5433 | train_OA: 1.0000 | train_AA: 1.0000 | train_Kappa: 1.0000
2024-02-02 15:39:40,865 - Trainlog - INFO - Epoch: 441 | train_loss: 1.5432 | train_OA: 1.0000 | train_AA: 1.0000 | train_Kappa: 1.0000
2024-02-02 15:39:41,059 - Trainlog - INFO - Epoch: 442 | train_loss: 1.5433 | train_OA: 1.0000 | train_AA: 1.0000 | train_Kappa: 1.0000
2024-02-02 15:39:41,251 - Trainlog - INFO - Epoch: 443 | train_loss: 1.5433 | train_OA: 1.0000 | train_AA: 1.0000 | train_Kappa: 1.0000
2024-02-02 15:39:41,446 - Trainlog - INFO - Epoch: 444 | train_loss: 1.5433 | train_OA: 1.0000 | train_AA: 1.0000 | train_Kappa: 1.0000
2024-02-02 15:39:41,638 - Trainlog - INFO - Epoch: 445 | train_loss: 1.5433 | train_OA: 1.0000 | train_AA: 1.0000 | train_Kappa: 1.0000
2024-02-02 15:39:41,831 - Trainlog - INFO - Epoch: 446 | train_loss: 1.5433 | train_OA: 1.0000 | train_AA: 1.0000 | train_Kappa: 1.0000
2024-02-02 15:39:42,021 - Trainlog - INFO - Epoch: 447 | train_loss: 1.5432 | train_OA: 1.0000 | train_AA: 1.0000 | train_Kappa: 1.0000
2024-02-02 15:39:42,214 - Trainlog - INFO - Epoch: 448 | train_loss: 1.5433 | train_OA: 1.0000 | train_AA: 1.0000 | train_Kappa: 1.0000
2024-02-02 15:39:42,406 - Trainlog - INFO - Epoch: 449 | train_loss: 1.5433 | train_OA: 1.0000 | train_AA: 1.0000 | train_Kappa: 1.0000
2024-02-02 15:39:42,601 - Trainlog - INFO - Epoch: 450 | train_loss: 1.5433 | train_OA: 1.0000 | train_AA: 1.0000 | train_Kappa: 1.0000
2024-02-02 15:39:42,793 - Trainlog - INFO - Epoch: 451 | train_loss: 1.5432 | train_OA: 1.0000 | train_AA: 1.0000 | train_Kappa: 1.0000
2024-02-02 15:39:42,986 - Trainlog - INFO - Epoch: 452 | train_loss: 1.5433 | train_OA: 1.0000 | train_AA: 1.0000 | train_Kappa: 1.0000
2024-02-02 15:39:43,178 - Trainlog - INFO - Epoch: 453 | train_loss: 1.5432 | train_OA: 1.0000 | train_AA: 1.0000 | train_Kappa: 1.0000
2024-02-02 15:39:43,370 - Trainlog - INFO - Epoch: 454 | train_loss: 1.5432 | train_OA: 1.0000 | train_AA: 1.0000 | train_Kappa: 1.0000
2024-02-02 15:39:43,563 - Trainlog - INFO - Epoch: 455 | train_loss: 1.5432 | train_OA: 1.0000 | train_AA: 1.0000 | train_Kappa: 1.0000
2024-02-02 15:39:43,756 - Trainlog - INFO - Epoch: 456 | train_loss: 1.5432 | train_OA: 1.0000 | train_AA: 1.0000 | train_Kappa: 1.0000
2024-02-02 15:39:43,948 - Trainlog - INFO - Epoch: 457 | train_loss: 1.5433 | train_OA: 1.0000 | train_AA: 1.0000 | train_Kappa: 1.0000
2024-02-02 15:39:44,142 - Trainlog - INFO - Epoch: 458 | train_loss: 1.5433 | train_OA: 1.0000 | train_AA: 1.0000 | train_Kappa: 1.0000
2024-02-02 15:39:44,334 - Trainlog - INFO - Epoch: 459 | train_loss: 1.5432 | train_OA: 1.0000 | train_AA: 1.0000 | train_Kappa: 1.0000
2024-02-02 15:39:44,527 - Trainlog - INFO - Epoch: 460 | train_loss: 1.5432 | train_OA: 1.0000 | train_AA: 1.0000 | train_Kappa: 1.0000
2024-02-02 15:39:44,720 - Trainlog - INFO - Epoch: 461 | train_loss: 1.5432 | train_OA: 1.0000 | train_AA: 1.0000 | train_Kappa: 1.0000
2024-02-02 15:39:44,913 - Trainlog - INFO - Epoch: 462 | train_loss: 1.5432 | train_OA: 1.0000 | train_AA: 1.0000 | train_Kappa: 1.0000
2024-02-02 15:39:45,105 - Trainlog - INFO - Epoch: 463 | train_loss: 1.5432 | train_OA: 1.0000 | train_AA: 1.0000 | train_Kappa: 1.0000
2024-02-02 15:39:45,298 - Trainlog - INFO - Epoch: 464 | train_loss: 1.5432 | train_OA: 1.0000 | train_AA: 1.0000 | train_Kappa: 1.0000
2024-02-02 15:39:45,491 - Trainlog - INFO - Epoch: 465 | train_loss: 1.5432 | train_OA: 1.0000 | train_AA: 1.0000 | train_Kappa: 1.0000
2024-02-02 15:39:45,685 - Trainlog - INFO - Epoch: 466 | train_loss: 1.5432 | train_OA: 1.0000 | train_AA: 1.0000 | train_Kappa: 1.0000
2024-02-02 15:39:45,877 - Trainlog - INFO - Epoch: 467 | train_loss: 1.5432 | train_OA: 1.0000 | train_AA: 1.0000 | train_Kappa: 1.0000
2024-02-02 15:39:46,070 - Trainlog - INFO - Epoch: 468 | train_loss: 1.5432 | train_OA: 1.0000 | train_AA: 1.0000 | train_Kappa: 1.0000
2024-02-02 15:39:46,262 - Trainlog - INFO - Epoch: 469 | train_loss: 1.5432 | train_OA: 1.0000 | train_AA: 1.0000 | train_Kappa: 1.0000
2024-02-02 15:39:46,456 - Trainlog - INFO - Epoch: 470 | train_loss: 1.5433 | train_OA: 1.0000 | train_AA: 1.0000 | train_Kappa: 1.0000
2024-02-02 15:39:46,650 - Trainlog - INFO - Epoch: 471 | train_loss: 1.5432 | train_OA: 1.0000 | train_AA: 1.0000 | train_Kappa: 1.0000
2024-02-02 15:39:46,843 - Trainlog - INFO - Epoch: 472 | train_loss: 1.5432 | train_OA: 1.0000 | train_AA: 1.0000 | train_Kappa: 1.0000
2024-02-02 15:39:47,038 - Trainlog - INFO - Epoch: 473 | train_loss: 1.5432 | train_OA: 1.0000 | train_AA: 1.0000 | train_Kappa: 1.0000
2024-02-02 15:39:47,233 - Trainlog - INFO - Epoch: 474 | train_loss: 1.5432 | train_OA: 1.0000 | train_AA: 1.0000 | train_Kappa: 1.0000
2024-02-02 15:39:47,427 - Trainlog - INFO - Epoch: 475 | train_loss: 1.5432 | train_OA: 1.0000 | train_AA: 1.0000 | train_Kappa: 1.0000
2024-02-02 15:39:47,621 - Trainlog - INFO - Epoch: 476 | train_loss: 1.5432 | train_OA: 1.0000 | train_AA: 1.0000 | train_Kappa: 1.0000
2024-02-02 15:39:47,813 - Trainlog - INFO - Epoch: 477 | train_loss: 1.5432 | train_OA: 1.0000 | train_AA: 1.0000 | train_Kappa: 1.0000
2024-02-02 15:39:48,007 - Trainlog - INFO - Epoch: 478 | train_loss: 1.5433 | train_OA: 1.0000 | train_AA: 1.0000 | train_Kappa: 1.0000
2024-02-02 15:39:48,200 - Trainlog - INFO - Epoch: 479 | train_loss: 1.5433 | train_OA: 1.0000 | train_AA: 1.0000 | train_Kappa: 1.0000
2024-02-02 15:39:48,395 - Trainlog - INFO - Epoch: 480 | train_loss: 1.5432 | train_OA: 1.0000 | train_AA: 1.0000 | train_Kappa: 1.0000
2024-02-02 15:39:48,590 - Trainlog - INFO - Epoch: 481 | train_loss: 1.5433 | train_OA: 1.0000 | train_AA: 1.0000 | train_Kappa: 1.0000
2024-02-02 15:39:48,785 - Trainlog - INFO - Epoch: 482 | train_loss: 1.5432 | train_OA: 1.0000 | train_AA: 1.0000 | train_Kappa: 1.0000
2024-02-02 15:39:48,981 - Trainlog - INFO - Epoch: 483 | train_loss: 1.5432 | train_OA: 1.0000 | train_AA: 1.0000 | train_Kappa: 1.0000
2024-02-02 15:39:49,175 - Trainlog - INFO - Epoch: 484 | train_loss: 1.5432 | train_OA: 1.0000 | train_AA: 1.0000 | train_Kappa: 1.0000
2024-02-02 15:39:49,366 - Trainlog - INFO - Epoch: 485 | train_loss: 1.5432 | train_OA: 1.0000 | train_AA: 1.0000 | train_Kappa: 1.0000
2024-02-02 15:39:49,564 - Trainlog - INFO - Epoch: 486 | train_loss: 1.5433 | train_OA: 1.0000 | train_AA: 1.0000 | train_Kappa: 1.0000
2024-02-02 15:39:49,759 - Trainlog - INFO - Epoch: 487 | train_loss: 1.5434 | train_OA: 1.0000 | train_AA: 1.0000 | train_Kappa: 1.0000
2024-02-02 15:39:49,954 - Trainlog - INFO - Epoch: 488 | train_loss: 1.5432 | train_OA: 1.0000 | train_AA: 1.0000 | train_Kappa: 1.0000
2024-02-02 15:39:50,146 - Trainlog - INFO - Epoch: 489 | train_loss: 1.5432 | train_OA: 1.0000 | train_AA: 1.0000 | train_Kappa: 1.0000
2024-02-02 15:39:50,339 - Trainlog - INFO - Epoch: 490 | train_loss: 1.5432 | train_OA: 1.0000 | train_AA: 1.0000 | train_Kappa: 1.0000
2024-02-02 15:39:50,533 - Trainlog - INFO - Epoch: 491 | train_loss: 1.5432 | train_OA: 1.0000 | train_AA: 1.0000 | train_Kappa: 1.0000
2024-02-02 15:39:50,726 - Trainlog - INFO - Epoch: 492 | train_loss: 1.5435 | train_OA: 1.0000 | train_AA: 1.0000 | train_Kappa: 1.0000
2024-02-02 15:39:50,918 - Trainlog - INFO - Epoch: 493 | train_loss: 1.5433 | train_OA: 1.0000 | train_AA: 1.0000 | train_Kappa: 1.0000
2024-02-02 15:39:51,112 - Trainlog - INFO - Epoch: 494 | train_loss: 1.5432 | train_OA: 1.0000 | train_AA: 1.0000 | train_Kappa: 1.0000
2024-02-02 15:39:51,307 - Trainlog - INFO - Epoch: 495 | train_loss: 1.5432 | train_OA: 1.0000 | train_AA: 1.0000 | train_Kappa: 1.0000
2024-02-02 15:39:51,504 - Trainlog - INFO - Epoch: 496 | train_loss: 1.5432 | train_OA: 1.0000 | train_AA: 1.0000 | train_Kappa: 1.0000
2024-02-02 15:39:51,696 - Trainlog - INFO - Epoch: 497 | train_loss: 1.5433 | train_OA: 1.0000 | train_AA: 1.0000 | train_Kappa: 1.0000
2024-02-02 15:39:51,890 - Trainlog - INFO - Epoch: 498 | train_loss: 1.5438 | train_OA: 1.0000 | train_AA: 1.0000 | train_Kappa: 1.0000
2024-02-02 15:39:52,083 - Trainlog - INFO - Epoch: 499 | train_loss: 1.5432 | train_OA: 1.0000 | train_AA: 1.0000 | train_Kappa: 1.0000
2024-02-02 15:39:52,278 - Trainlog - INFO - Epoch: 500 | train_loss: 1.5433 | train_OA: 1.0000 | train_AA: 1.0000 | train_Kappa: 1.0000
2024-02-02 15:39:57,819 - Trainlog - INFO - Final records:
2024-02-02 15:39:57,819 - Trainlog - INFO - Maximal Accuracy: 0.881174
2024-02-02 15:39:57,819 - Trainlog - INFO - OA: 0.8812 | AA: 0.8931 | Kappa: 0.8458
2024-02-02 15:39:57,819 - Trainlog - INFO - [0.90602087 0.8327791  0.754764   0.89014723 0.87943262 1.
 0.9249885  0.95873786 0.75622642 0.93495935 0.98564593]
2024-02-02 15:39:57,819 - Trainlog - INFO - Running Time: 97.14
